#
# A fatal error has been detected by the Java Runtime Environment:
#
#  EXCEPTION_ACCESS_VIOLATION (0xc0000005) at pc=0x000000007110b5db, pid=4236, tid=5512
#
# JRE version: OpenJDK Runtime Environment (14.0+36) (build 14+36-1461)
# Java VM: OpenJDK 64-Bit Server VM (14+36-1461, mixed mode, sharing, tiered, compressed oops, g1 gc, windows-amd64)
# Problematic frame:
# C  [jSSC-2.8_x86_64.dll+0xb5db]
#
# No core dump will be written. Minidumps are not enabled by default on client versions of Windows
#
# If you would like to submit a bug report, please visit:
#   https://bugreport.java.com/bugreport/crash.jsp
# The crash happened outside the Java Virtual Machine in native code.
# See problematic frame for where to report the bug.
#

---------------  S U M M A R Y ------------

Command Line: -agentlib:jdwp=transport=dt_socket,address=127.0.0.1:50686,suspend=y,server=n -javaagent:C:\Users\guill\AppData\Local\JetBrains\IntelliJIdea2020.1\captureAgent\debugger-agent.jar -Dfile.encoding=UTF-8 pic.Gui

Host: Intel(R) Core(TM) i9-9880H CPU @ 2.30GHz, 4 cores, 7G,  Windows 10 , 64 bit Build 18362 (10.0.18362.778)
Time: Thu Apr 23 14:47:47 2020 Europe centrale (heure d?été) elapsed time: 64 seconds (0d 0h 1m 4s)

---------------  T H R E A D  ---------------

Current thread (0x0000023684256000):  JavaThread "AWT-EventQueue-0" [_thread_in_native, id=5512, stack(0x00000045f9800000,0x00000045f9900000)]

Stack: [0x00000045f9800000,0x00000045f9900000],  sp=0x00000045f98fdf00,  free space=1015k
Native frames: (J=compiled Java code, j=interpreted, Vv=VM code, C=native code)
C  [jSSC-2.8_x86_64.dll+0xb5db]

Java frames: (J=compiled Java code, j=interpreted, Vv=VM code)
j  jssc.SerialNativeInterface.openPort(Ljava/lang/String;Z)J+0
j  jssc.SerialPort.openPort()Z+65
j  pic.Gui.sendData(I)V+27
j  pic.Gui.lambda$new$0(Ljava/awt/event/ActionEvent;)V+26
j  pic.Gui$$Lambda$133.actionPerformed(Ljava/awt/event/ActionEvent;)V+5
j  javax.swing.AbstractButton.fireActionPerformed(Ljava/awt/event/ActionEvent;)V+84 java.desktop@14
j  javax.swing.AbstractButton$Handler.actionPerformed(Ljava/awt/event/ActionEvent;)V+5 java.desktop@14
j  javax.swing.DefaultButtonModel.fireActionPerformed(Ljava/awt/event/ActionEvent;)V+34 java.desktop@14
j  javax.swing.DefaultButtonModel.setPressed(Z)V+117 java.desktop@14
j  javax.swing.plaf.basic.BasicButtonListener.mouseReleased(Ljava/awt/event/MouseEvent;)V+35 java.desktop@14
j  java.awt.Component.processMouseEvent(Ljava/awt/event/MouseEvent;)V+64 java.desktop@14
j  javax.swing.JComponent.processMouseEvent(Ljava/awt/event/MouseEvent;)V+23 java.desktop@14
J 1311 c1 java.awt.Component.processEvent(Ljava/awt/AWTEvent;)V java.desktop@14 (220 bytes) @ 0x00000236ed4e6fac [0x00000236ed4e6900+0x00000000000006ac]
J 1310 c1 java.awt.Container.processEvent(Ljava/awt/AWTEvent;)V java.desktop@14 (22 bytes) @ 0x00000236ed4e5a0c [0x00000236ed4e5660+0x00000000000003ac]
J 1100 c1 java.awt.Component.dispatchEventImpl(Ljava/awt/AWTEvent;)V java.desktop@14 (777 bytes) @ 0x00000236ed46f15c [0x00000236ed46b620+0x0000000000003b3c]
J 911 c1 java.awt.Container.dispatchEventImpl(Ljava/awt/AWTEvent;)V java.desktop@14 (129 bytes) @ 0x00000236ed3ea73c [0x00000236ed3ea5e0+0x000000000000015c]
J 1329 c1 java.awt.LightweightDispatcher.retargetMouseEvent(Ljava/awt/Component;ILjava/awt/event/MouseEvent;)V java.desktop@14 (372 bytes) @ 0x00000236ed4ef69c [0x00000236ed4ecd80+0x000000000000291c]
J 1084 c1 java.awt.LightweightDispatcher.processMouseEvent(Ljava/awt/event/MouseEvent;)Z java.desktop@14 (265 bytes) @ 0x00000236ed46131c [0x00000236ed460240+0x00000000000010dc]
J 1103 c1 java.awt.LightweightDispatcher.dispatchEvent(Ljava/awt/AWTEvent;)Z java.desktop@14 (73 bytes) @ 0x00000236ed473c24 [0x00000236ed473780+0x00000000000004a4]
J 911 c1 java.awt.Container.dispatchEventImpl(Ljava/awt/AWTEvent;)V java.desktop@14 (129 bytes) @ 0x00000236ed3ea6dc [0x00000236ed3ea5e0+0x00000000000000fc]
J 1007 c1 java.awt.Window.dispatchEventImpl(Ljava/awt/AWTEvent;)V java.desktop@14 (23 bytes) @ 0x00000236ed43a374 [0x00000236ed439d00+0x0000000000000674]
J 913 c1 java.awt.EventQueue.dispatchEventImpl(Ljava/awt/AWTEvent;Ljava/lang/Object;)V java.desktop@14 (136 bytes) @ 0x00000236ed3ec0dc [0x00000236ed3ebba0+0x000000000000053c]
J 916 c1 java.awt.EventQueue$4.run()Ljava/lang/Void; java.desktop@14 (60 bytes) @ 0x00000236ed3f18cc [0x00000236ed3f1780+0x000000000000014c]
J 1242 c1 java.awt.EventQueue$4.run()Ljava/lang/Object; java.desktop@14 (5 bytes) @ 0x00000236ed4bbbdc [0x00000236ed4bbb40+0x000000000000009c]
J 831 c1 java.security.ProtectionDomain$JavaSecurityAccessImpl.doIntersectionPrivilege(Ljava/security/PrivilegedAction;Ljava/security/AccessControlContext;Ljava/security/AccessControlContext;)Ljava/lang/Object; java.base@14 (22 bytes) @ 0x00000236ed3c351c [0x00000236ed3c2fe0+0x000000000000053c]
J 862 c1 java.awt.EventQueue.dispatchEvent(Ljava/awt/AWTEvent;)V java.desktop@14 (80 bytes) @ 0x00000236ed3cfe4c [0x00000236ed3cee00+0x000000000000104c]
J 864 c1 java.awt.EventDispatchThread.pumpOneEventForFilters(I)V java.desktop@14 (113 bytes) @ 0x00000236ed3d206c [0x00000236ed3d18a0+0x00000000000007cc]
j  java.awt.EventDispatchThread.pumpEventsForFilter(ILjava/awt/Conditional;Ljava/awt/EventFilter;)V+35 java.desktop@14
j  java.awt.EventDispatchThread.pumpEventsForHierarchy(ILjava/awt/Conditional;Ljava/awt/Component;)V+11 java.desktop@14
j  java.awt.EventDispatchThread.pumpEvents(ILjava/awt/Conditional;)V+4 java.desktop@14
j  java.awt.EventDispatchThread.pumpEvents(Ljava/awt/Conditional;)V+3 java.desktop@14
j  java.awt.EventDispatchThread.run()V+9 java.desktop@14
v  ~StubRoutines::call_stub

siginfo: EXCEPTION_ACCESS_VIOLATION (0xc0000005), reading address 0xffffffffffe8cff6


Register to memory mapping:

RIP=0x000000007110b5db jSSC-2.8_x86_64.dll
RAX=0xffffffffffe8cff6 is an unknown value
RBX=0x00000045f98fdf70 is pointing into the stack for thread: 0x0000023684256000
RCX=0x00007ffac52bc254 ntdll.dll
RDX=0x0 is NULL
RSP=0x00000045f98fdf00 is pointing into the stack for thread: 0x0000023684256000
RBP=0x00000045f98fe080 is pointing into the stack for thread: 0x0000023684256000
RSI=0x0000023684256310 points into unknown readable memory: a0 2a 4d 7a fa 7f 00 00
RDI=0x00000000000005ac is an unknown value
R8 =0x00000045f98fddf8 is pointing into the stack for thread: 0x0000023684256000
R9 =0x00000045f98fdef0 is pointing into the stack for thread: 0x0000023684256000
R10=0x0 is NULL
R11=0x0000000000000246 is an unknown value
R12=0x00000045f98fe138 is pointing into the stack for thread: 0x0000023684256000
R13=0x00000236ff7fe6d0 points into unknown readable memory: 25 00 5a 00 00 00 00 00
R14=0x00000045f98fe030 is pointing into the stack for thread: 0x0000023684256000
R15=0x0000023684256000 is a thread


Registers:
RAX=0xffffffffffe8cff6, RBX=0x00000045f98fdf70, RCX=0x00007ffac52bc254, RDX=0x0000000000000000
RSP=0x00000045f98fdf00, RBP=0x00000045f98fe080, RSI=0x0000023684256310, RDI=0x00000000000005ac
R8 =0x00000045f98fddf8, R9 =0x00000045f98fdef0, R10=0x0000000000000000, R11=0x0000000000000246
R12=0x00000045f98fe138, R13=0x00000236ff7fe6d0, R14=0x00000045f98fe030, R15=0x0000023684256000
RIP=0x000000007110b5db, EFLAGS=0x0000000000010202

Top of Stack: (sp=0x00000045f98fdf00)
0x00000045f98fdf00:   000002368477a0f0 00000005c525fb91
0x00000045f98fdf10:   000000007110b230 00000236ff7fe630
0x00000045f98fdf20:   00000045f98fe080 0000000000000004
0x00000045f98fdf30:   0000023684256310 00000000000005ac
0x00000045f98fdf40:   00000045f98fe080 0000000071112590
0x00000045f98fdf50:   0000023684256000 00000045f98fe030
0x00000045f98fdf60:   00000236ff7fe6d0 00000045f98fe138
0x00000045f98fdf70:   00000236ff7fe6d0 00007ffac525fb91
0x00000045f98fdf80:   00000045f98fdfb0 00000236e2350000
0x00000045f98fdf90:   00000045f98fe080 0000000000000000
0x00000045f98fdfa0:   0000000071113500 0000000071113be8
0x00000045f98fdfb0:   00000045f98fdfe0 0000000071112641
0x00000045f98fdfc0:   00000045f98fdf50 0000023684256310
0x00000045f98fdfd0:   0000000000000000 0000000000000000
0x00000045f98fdfe0:   00000045f98fe080 0000000071101595
0x00000045f98fdff0:   000000000000001c 0000023600000000 

Instructions: (pc=0x000000007110b5db)
0x000000007110b4db:   48 85 c0 74 bf 44 8b 03 45 85 c0 0f 84 77 ff ff
0x000000007110b4eb:   ff eb 9f 66 90 e8 8b fe ff ff 48 89 05 0c 34 01
0x000000007110b4fb:   00 eb ad 66 90 e8 7b fe ff ff 48 89 05 fc 33 01
0x000000007110b50b:   00 eb 8b e8 8d fe ff ff c7 03 01 00 00 00 e9 6f
0x000000007110b51b:   ff ff ff 66 90 55 48 89 e5 56 53 48 83 ec 20 48
0x000000007110b52b:   8b 05 d7 33 01 00 48 8b 31 48 89 cb 48 85 c0 74
0x000000007110b53b:   56 44 8b 18 45 85 db 78 42 48 8b 05 bd 33 01 00
0x000000007110b54b:   48 85 c0 74 50 44 8b 10 45 85 d2 74 1d 48 89 f1
0x000000007110b55b:   e8 d0 fd ff ff 48 8b 13 48 8d 42 40 48 8b 48 08
0x000000007110b56b:   48 8b 6a 40 48 8b 60 10 ff e1 48 8b 05 9c 33 01
0x000000007110b57b:   00 48 85 c0 74 2d 48 89 30 eb da e8 b5 fe ff ff
0x000000007110b58b:   0f 1f 44 00 00 eb b2 e8 e9 fd ff ff 48 89 05 6a
0x000000007110b59b:   33 01 00 eb 9c e8 db fd ff ff 48 89 05 5c 33 01
0x000000007110b5ab:   00 eb a2 e8 3d fd ff ff 48 89 05 5e 33 01 00 eb
0x000000007110b5bb:   c5 0f 1f 40 00 55 57 56 53 48 83 ec 28 48 8b 05
0x000000007110b5cb:   39 33 01 00 48 89 cb 48 85 c0 0f 84 c5 00 00 00
0x000000007110b5db:   8b 38 85 ff 0f 88 ab 00 00 00 48 8b 05 1c 33 01
0x000000007110b5eb:   00 48 85 c0 0f 84 bc 00 00 00 8b 30 85 f6 74 57
0x000000007110b5fb:   48 8b 05 0e 33 01 00 48 85 c0 0f 84 e5 00 00 00
0x000000007110b60b:   8b 28 48 8b 35 10 5e 01 00 ff d6 89 c7 89 e9 ff
0x000000007110b61b:   15 f4 5e 01 00 89 f9 48 89 c5 ff 15 b9 5e 01 00
0x000000007110b62b:   48 8b 05 de 32 01 00 48 89 2b 48 85 c0 74 46 48
0x000000007110b63b:   89 da 8b 08 ff 15 d7 5e 01 00 85 c0 74 27 48 83
0x000000007110b64b:   c4 28 5b 5e 5f 5d c3 48 8b 05 bf 32 01 00 48 85
0x000000007110b65b:   c0 74 64 48 8b 10 48 89 13 48 89 18 48 83 c4 28
0x000000007110b66b:   5b 5e 5f 5d c3 48 89 f2 48 83 c4 28 5b 5e 5f 5d
0x000000007110b67b:   48 ff e2 66 90 e8 8b fc ff ff 48 89 05 84 32 01
0x000000007110b68b:   00 eb ac 66 90 e8 ab fd ff ff e9 4b ff ff ff 66
0x000000007110b69b:   0f 1f 44 00 00 e8 db fc ff ff 48 89 05 5c 32 01
0x000000007110b6ab:   00 e9 2a ff ff ff e8 ca fc ff ff 48 89 05 4b 32
0x000000007110b6bb:   01 00 e9 33 ff ff ff e8 29 fc ff ff 48 89 05 4a
0x000000007110b6cb:   32 01 00 48 8b 10 48 85 c0 48 89 13 75 8b e8 12 


Stack slot to memory mapping:
stack at sp + 0 slots: 0x000002368477a0f0 points into unknown readable memory: c0 12 52 e2 36 02 00 00
stack at sp + 1 slots: 0x00000005c525fb91 is an unknown value
stack at sp + 2 slots: 0x000000007110b230 jSSC-2.8_x86_64.dll
stack at sp + 3 slots: 0x00000236ff7fe630 points into unknown readable memory: f0 a0 77 84 36 02 00 00
stack at sp + 4 slots: 0x00000045f98fe080 is pointing into the stack for thread: 0x0000023684256000
stack at sp + 5 slots: 0x0000000000000004 is an unknown value
stack at sp + 6 slots: 0x0000023684256310 points into unknown readable memory: a0 2a 4d 7a fa 7f 00 00
stack at sp + 7 slots: 0x00000000000005ac is an unknown value


---------------  P R O C E S S  ---------------

Threads class SMR info:
_java_thread_list=0x00000236842ee020, length=20, elements={
0x00000236e454e000, 0x00000236fed9e000, 0x00000236fed9f000, 0x00000236fedb0000,
0x00000236fedb3800, 0x00000236fedb4800, 0x00000236fedb6800, 0x00000236fedec000,
0x00000236ff768800, 0x00000236fed82800, 0x00000236ff896000, 0x00000236ff904800,
0x00000236ff996800, 0x00000236ff9a1000, 0x0000023684045000, 0x0000023684046000,
0x000002368404b800, 0x0000023684256000, 0x00000236842e9800, 0x0000023684346000
}

Java Threads: ( => current thread )
  0x00000236e454e000 JavaThread "main" [_thread_in_native, id=10988, stack(0x00000045f7f00000,0x00000045f8000000)]
  0x00000236fed9e000 JavaThread "Reference Handler" daemon [_thread_blocked, id=3472, stack(0x00000045f8700000,0x00000045f8800000)]
  0x00000236fed9f000 JavaThread "Finalizer" daemon [_thread_blocked, id=9040, stack(0x00000045f8800000,0x00000045f8900000)]
  0x00000236fedb0000 JavaThread "Signal Dispatcher" daemon [_thread_blocked, id=9812, stack(0x00000045f8900000,0x00000045f8a00000)]
  0x00000236fedb3800 JavaThread "Attach Listener" daemon [_thread_blocked, id=9756, stack(0x00000045f8a00000,0x00000045f8b00000)]
  0x00000236fedb4800 JavaThread "Service Thread" daemon [_thread_blocked, id=7340, stack(0x00000045f8b00000,0x00000045f8c00000)]
  0x00000236fedb6800 JavaThread "C2 CompilerThread0" daemon [_thread_blocked, id=1248, stack(0x00000045f8c00000,0x00000045f8d00000)]
  0x00000236fedec000 JavaThread "C1 CompilerThread0" daemon [_thread_blocked, id=6756, stack(0x00000045f8d00000,0x00000045f8e00000)]
  0x00000236ff768800 JavaThread "Sweeper thread" daemon [_thread_blocked, id=9932, stack(0x00000045f8e00000,0x00000045f8f00000)]
  0x00000236fed82800 JavaThread "Common-Cleaner" daemon [_thread_blocked, id=9264, stack(0x00000045f8f00000,0x00000045f9000000)]
  0x00000236ff896000 JavaThread "JDWP Transport Listener: dt_socket" daemon [_thread_blocked, id=9824, stack(0x00000045f9000000,0x00000045f9100000)]
  0x00000236ff904800 JavaThread "JDWP Event Helper Thread" daemon [_thread_blocked, id=8568, stack(0x00000045f9100000,0x00000045f9200000)]
  0x00000236ff996800 JavaThread "JDWP Command Reader" daemon [_thread_in_native, id=440, stack(0x00000045f9200000,0x00000045f9300000)]
  0x00000236ff9a1000 JavaThread "Notification Thread" daemon [_thread_blocked, id=3284, stack(0x00000045f9300000,0x00000045f9400000)]
  0x0000023684045000 JavaThread "Java2D Disposer" daemon [_thread_blocked, id=3512, stack(0x00000045f9500000,0x00000045f9600000)]
  0x0000023684046000 JavaThread "AWT-Shutdown" [_thread_blocked, id=5788, stack(0x00000045f9600000,0x00000045f9700000)]
  0x000002368404b800 JavaThread "AWT-Windows" daemon [_thread_in_native, id=2632, stack(0x00000045f9700000,0x00000045f9800000)]
=>0x0000023684256000 JavaThread "AWT-EventQueue-0" [_thread_in_native, id=5512, stack(0x00000045f9800000,0x00000045f9900000)]
  0x00000236842e9800 JavaThread "D3D Screen Updater" daemon [_thread_blocked, id=9640, stack(0x00000045f9c00000,0x00000045f9d00000)]
  0x0000023684346000 JavaThread "TimerQueue" daemon [_thread_blocked, id=10636, stack(0x00000045f9d00000,0x00000045f9e00000)]

Other Threads:
  0x00000236fed9b800 VMThread "VM Thread" [stack: 0x00000045f8600000,0x00000045f8700000] [id=6636]
  0x00000236ff9aa800 WatcherThread [stack: 0x00000045f9400000,0x00000045f9500000] [id=3168]
  0x00000236e4591000 GCTaskThread "GC Thread#0" [stack: 0x00000045f8100000,0x00000045f8200000] [id=2896]
  0x000002368446c800 GCTaskThread "GC Thread#1" [stack: 0x00000045f9e00000,0x00000045f9f00000] [id=4428]
  0x00000236ffa46800 GCTaskThread "GC Thread#2" [stack: 0x00000045f9f00000,0x00000045fa000000] [id=5256]
  0x000002368445c000 GCTaskThread "GC Thread#3" [stack: 0x00000045fa000000,0x00000045fa100000] [id=6284]
  0x00000236e45a4800 ConcurrentGCThread "G1 Main Marker" [stack: 0x00000045f8200000,0x00000045f8300000] [id=8096]
  0x00000236e45a5800 ConcurrentGCThread "G1 Conc#0" [stack: 0x00000045f8300000,0x00000045f8400000] [id=5464]
  0x00000236e461e000 ConcurrentGCThread "G1 Refine#0" [stack: 0x00000045f8400000,0x00000045f8500000] [id=8852]
  0x00000236fec10800 ConcurrentGCThread "G1 Young RemSet Sampling" [stack: 0x00000045f8500000,0x00000045f8600000] [id=6928]

Threads with active compile tasks:

VM state:not at safepoint (normal execution)

VM Mutex/Monitor currently owned by a thread: None

Heap address: 0x0000000080400000, size: 2044 MB, Compressed Oops mode: 32-bit
Narrow klass base: 0x0000000800000000, Narrow klass shift: 3
Compressed class space size: 1073741824 Address: 0x0000000800b30000

Heap:
 garbage-first heap   total 131072K, used 4355K [0x0000000080400000, 0x0000000100000000)
  region size 1024K, 5 young (5120K), 2 survivors (2048K)
 Metaspace       used 9232K, capacity 9501K, committed 9600K, reserved 1058816K
  class space    used 1038K, capacity 1138K, committed 1152K, reserved 1048576K
Heap Regions: E=young(eden), S=young(survivor), O=old, HS=humongous(starts), HC=humongous(continues), CS=collection set, F=free, OA=open archive, CA=closed archive, TAMS=top-at-mark-start (previous, next)
|   0|0x0000000080400000, 0x0000000080440e00, 0x0000000080500000| 25%| O|  |TAMS 0x0000000080400000, 0x0000000080400000| Untracked 
|   1|0x0000000080500000, 0x0000000080500000, 0x0000000080600000|  0%| F|  |TAMS 0x0000000080500000, 0x0000000080500000| Untracked 
|   2|0x0000000080600000, 0x0000000080600000, 0x0000000080700000|  0%| F|  |TAMS 0x0000000080600000, 0x0000000080600000| Untracked 
|   3|0x0000000080700000, 0x0000000080700000, 0x0000000080800000|  0%| F|  |TAMS 0x0000000080700000, 0x0000000080700000| Untracked 
|   4|0x0000000080800000, 0x0000000080800000, 0x0000000080900000|  0%| F|  |TAMS 0x0000000080800000, 0x0000000080800000| Untracked 
|   5|0x0000000080900000, 0x0000000080900000, 0x0000000080a00000|  0%| F|  |TAMS 0x0000000080900000, 0x0000000080900000| Untracked 
|   6|0x0000000080a00000, 0x0000000080a00000, 0x0000000080b00000|  0%| F|  |TAMS 0x0000000080a00000, 0x0000000080a00000| Untracked 
|   7|0x0000000080b00000, 0x0000000080b00000, 0x0000000080c00000|  0%| F|  |TAMS 0x0000000080b00000, 0x0000000080b00000| Untracked 
|   8|0x0000000080c00000, 0x0000000080c00000, 0x0000000080d00000|  0%| F|  |TAMS 0x0000000080c00000, 0x0000000080c00000| Untracked 
|   9|0x0000000080d00000, 0x0000000080d00000, 0x0000000080e00000|  0%| F|  |TAMS 0x0000000080d00000, 0x0000000080d00000| Untracked 
|  10|0x0000000080e00000, 0x0000000080e00000, 0x0000000080f00000|  0%| F|  |TAMS 0x0000000080e00000, 0x0000000080e00000| Untracked 
|  11|0x0000000080f00000, 0x0000000080f00000, 0x0000000081000000|  0%| F|  |TAMS 0x0000000080f00000, 0x0000000080f00000| Untracked 
|  12|0x0000000081000000, 0x0000000081000000, 0x0000000081100000|  0%| F|  |TAMS 0x0000000081000000, 0x0000000081000000| Untracked 
|  13|0x0000000081100000, 0x0000000081100000, 0x0000000081200000|  0%| F|  |TAMS 0x0000000081100000, 0x0000000081100000| Untracked 
|  14|0x0000000081200000, 0x0000000081200000, 0x0000000081300000|  0%| F|  |TAMS 0x0000000081200000, 0x0000000081200000| Untracked 
|  15|0x0000000081300000, 0x0000000081300000, 0x0000000081400000|  0%| F|  |TAMS 0x0000000081300000, 0x0000000081300000| Untracked 
|  16|0x0000000081400000, 0x0000000081400000, 0x0000000081500000|  0%| F|  |TAMS 0x0000000081400000, 0x0000000081400000| Untracked 
|  17|0x0000000081500000, 0x0000000081500000, 0x0000000081600000|  0%| F|  |TAMS 0x0000000081500000, 0x0000000081500000| Untracked 
|  18|0x0000000081600000, 0x0000000081600000, 0x0000000081700000|  0%| F|  |TAMS 0x0000000081600000, 0x0000000081600000| Untracked 
|  19|0x0000000081700000, 0x0000000081700000, 0x0000000081800000|  0%| F|  |TAMS 0x0000000081700000, 0x0000000081700000| Untracked 
|  20|0x0000000081800000, 0x0000000081800000, 0x0000000081900000|  0%| F|  |TAMS 0x0000000081800000, 0x0000000081800000| Untracked 
|  21|0x0000000081900000, 0x0000000081900000, 0x0000000081a00000|  0%| F|  |TAMS 0x0000000081900000, 0x0000000081900000| Untracked 
|  22|0x0000000081a00000, 0x0000000081a00000, 0x0000000081b00000|  0%| F|  |TAMS 0x0000000081a00000, 0x0000000081a00000| Untracked 
|  23|0x0000000081b00000, 0x0000000081b00000, 0x0000000081c00000|  0%| F|  |TAMS 0x0000000081b00000, 0x0000000081b00000| Untracked 
|  24|0x0000000081c00000, 0x0000000081c00000, 0x0000000081d00000|  0%| F|  |TAMS 0x0000000081c00000, 0x0000000081c00000| Untracked 
|  25|0x0000000081d00000, 0x0000000081d00000, 0x0000000081e00000|  0%| F|  |TAMS 0x0000000081d00000, 0x0000000081d00000| Untracked 
|  26|0x0000000081e00000, 0x0000000081e00000, 0x0000000081f00000|  0%| F|  |TAMS 0x0000000081e00000, 0x0000000081e00000| Untracked 
|  27|0x0000000081f00000, 0x0000000081f00000, 0x0000000082000000|  0%| F|  |TAMS 0x0000000081f00000, 0x0000000081f00000| Untracked 
|  28|0x0000000082000000, 0x0000000082000000, 0x0000000082100000|  0%| F|  |TAMS 0x0000000082000000, 0x0000000082000000| Untracked 
|  29|0x0000000082100000, 0x0000000082100000, 0x0000000082200000|  0%| F|  |TAMS 0x0000000082100000, 0x0000000082100000| Untracked 
|  30|0x0000000082200000, 0x0000000082200000, 0x0000000082300000|  0%| F|  |TAMS 0x0000000082200000, 0x0000000082200000| Untracked 
|  31|0x0000000082300000, 0x0000000082300000, 0x0000000082400000|  0%| F|  |TAMS 0x0000000082300000, 0x0000000082300000| Untracked 
|  32|0x0000000082400000, 0x0000000082400000, 0x0000000082500000|  0%| F|  |TAMS 0x0000000082400000, 0x0000000082400000| Untracked 
|  33|0x0000000082500000, 0x0000000082500000, 0x0000000082600000|  0%| F|  |TAMS 0x0000000082500000, 0x0000000082500000| Untracked 
|  34|0x0000000082600000, 0x0000000082600000, 0x0000000082700000|  0%| F|  |TAMS 0x0000000082600000, 0x0000000082600000| Untracked 
|  35|0x0000000082700000, 0x0000000082700000, 0x0000000082800000|  0%| F|  |TAMS 0x0000000082700000, 0x0000000082700000| Untracked 
|  36|0x0000000082800000, 0x0000000082800000, 0x0000000082900000|  0%| F|  |TAMS 0x0000000082800000, 0x0000000082800000| Untracked 
|  37|0x0000000082900000, 0x0000000082900000, 0x0000000082a00000|  0%| F|  |TAMS 0x0000000082900000, 0x0000000082900000| Untracked 
|  38|0x0000000082a00000, 0x0000000082a00000, 0x0000000082b00000|  0%| F|  |TAMS 0x0000000082a00000, 0x0000000082a00000| Untracked 
|  39|0x0000000082b00000, 0x0000000082b00000, 0x0000000082c00000|  0%| F|  |TAMS 0x0000000082b00000, 0x0000000082b00000| Untracked 
|  40|0x0000000082c00000, 0x0000000082c00000, 0x0000000082d00000|  0%| F|  |TAMS 0x0000000082c00000, 0x0000000082c00000| Untracked 
|  41|0x0000000082d00000, 0x0000000082d00000, 0x0000000082e00000|  0%| F|  |TAMS 0x0000000082d00000, 0x0000000082d00000| Untracked 
|  42|0x0000000082e00000, 0x0000000082e00000, 0x0000000082f00000|  0%| F|  |TAMS 0x0000000082e00000, 0x0000000082e00000| Untracked 
|  43|0x0000000082f00000, 0x0000000082f00000, 0x0000000083000000|  0%| F|  |TAMS 0x0000000082f00000, 0x0000000082f00000| Untracked 
|  44|0x0000000083000000, 0x0000000083000000, 0x0000000083100000|  0%| F|  |TAMS 0x0000000083000000, 0x0000000083000000| Untracked 
|  45|0x0000000083100000, 0x0000000083100000, 0x0000000083200000|  0%| F|  |TAMS 0x0000000083100000, 0x0000000083100000| Untracked 
|  46|0x0000000083200000, 0x0000000083200000, 0x0000000083300000|  0%| F|  |TAMS 0x0000000083200000, 0x0000000083200000| Untracked 
|  47|0x0000000083300000, 0x0000000083300000, 0x0000000083400000|  0%| F|  |TAMS 0x0000000083300000, 0x0000000083300000| Untracked 
|  48|0x0000000083400000, 0x0000000083400000, 0x0000000083500000|  0%| F|  |TAMS 0x0000000083400000, 0x0000000083400000| Untracked 
|  49|0x0000000083500000, 0x0000000083500000, 0x0000000083600000|  0%| F|  |TAMS 0x0000000083500000, 0x0000000083500000| Untracked 
|  50|0x0000000083600000, 0x0000000083600000, 0x0000000083700000|  0%| F|  |TAMS 0x0000000083600000, 0x0000000083600000| Untracked 
|  51|0x0000000083700000, 0x0000000083700000, 0x0000000083800000|  0%| F|  |TAMS 0x0000000083700000, 0x0000000083700000| Untracked 
|  52|0x0000000083800000, 0x0000000083800000, 0x0000000083900000|  0%| F|  |TAMS 0x0000000083800000, 0x0000000083800000| Untracked 
|  53|0x0000000083900000, 0x0000000083900000, 0x0000000083a00000|  0%| F|  |TAMS 0x0000000083900000, 0x0000000083900000| Untracked 
|  54|0x0000000083a00000, 0x0000000083a00000, 0x0000000083b00000|  0%| F|  |TAMS 0x0000000083a00000, 0x0000000083a00000| Untracked 
|  55|0x0000000083b00000, 0x0000000083b00000, 0x0000000083c00000|  0%| F|  |TAMS 0x0000000083b00000, 0x0000000083b00000| Untracked 
|  56|0x0000000083c00000, 0x0000000083c00000, 0x0000000083d00000|  0%| F|  |TAMS 0x0000000083c00000, 0x0000000083c00000| Untracked 
|  57|0x0000000083d00000, 0x0000000083d00000, 0x0000000083e00000|  0%| F|  |TAMS 0x0000000083d00000, 0x0000000083d00000| Untracked 
|  58|0x0000000083e00000, 0x0000000083e00000, 0x0000000083f00000|  0%| F|  |TAMS 0x0000000083e00000, 0x0000000083e00000| Untracked 
|  59|0x0000000083f00000, 0x0000000083f00000, 0x0000000084000000|  0%| F|  |TAMS 0x0000000083f00000, 0x0000000083f00000| Untracked 
|  60|0x0000000084000000, 0x0000000084000000, 0x0000000084100000|  0%| F|  |TAMS 0x0000000084000000, 0x0000000084000000| Untracked 
|  61|0x0000000084100000, 0x0000000084100000, 0x0000000084200000|  0%| F|  |TAMS 0x0000000084100000, 0x0000000084100000| Untracked 
|  62|0x0000000084200000, 0x0000000084200000, 0x0000000084300000|  0%| F|  |TAMS 0x0000000084200000, 0x0000000084200000| Untracked 
|  63|0x0000000084300000, 0x0000000084300000, 0x0000000084400000|  0%| F|  |TAMS 0x0000000084300000, 0x0000000084300000| Untracked 
|  64|0x0000000084400000, 0x0000000084400000, 0x0000000084500000|  0%| F|  |TAMS 0x0000000084400000, 0x0000000084400000| Untracked 
|  65|0x0000000084500000, 0x0000000084500000, 0x0000000084600000|  0%| F|  |TAMS 0x0000000084500000, 0x0000000084500000| Untracked 
|  66|0x0000000084600000, 0x0000000084600000, 0x0000000084700000|  0%| F|  |TAMS 0x0000000084600000, 0x0000000084600000| Untracked 
|  67|0x0000000084700000, 0x0000000084700000, 0x0000000084800000|  0%| F|  |TAMS 0x0000000084700000, 0x0000000084700000| Untracked 
|  68|0x0000000084800000, 0x0000000084800000, 0x0000000084900000|  0%| F|  |TAMS 0x0000000084800000, 0x0000000084800000| Untracked 
|  69|0x0000000084900000, 0x0000000084900000, 0x0000000084a00000|  0%| F|  |TAMS 0x0000000084900000, 0x0000000084900000| Untracked 
|  70|0x0000000084a00000, 0x0000000084a00000, 0x0000000084b00000|  0%| F|  |TAMS 0x0000000084a00000, 0x0000000084a00000| Untracked 
|  71|0x0000000084b00000, 0x0000000084b00000, 0x0000000084c00000|  0%| F|  |TAMS 0x0000000084b00000, 0x0000000084b00000| Untracked 
|  72|0x0000000084c00000, 0x0000000084c00000, 0x0000000084d00000|  0%| F|  |TAMS 0x0000000084c00000, 0x0000000084c00000| Untracked 
|  73|0x0000000084d00000, 0x0000000084d00000, 0x0000000084e00000|  0%| F|  |TAMS 0x0000000084d00000, 0x0000000084d00000| Untracked 
|  74|0x0000000084e00000, 0x0000000084e00000, 0x0000000084f00000|  0%| F|  |TAMS 0x0000000084e00000, 0x0000000084e00000| Untracked 
|  75|0x0000000084f00000, 0x0000000084f00000, 0x0000000085000000|  0%| F|  |TAMS 0x0000000084f00000, 0x0000000084f00000| Untracked 
|  76|0x0000000085000000, 0x0000000085000000, 0x0000000085100000|  0%| F|  |TAMS 0x0000000085000000, 0x0000000085000000| Untracked 
|  77|0x0000000085100000, 0x0000000085100000, 0x0000000085200000|  0%| F|  |TAMS 0x0000000085100000, 0x0000000085100000| Untracked 
|  78|0x0000000085200000, 0x0000000085200000, 0x0000000085300000|  0%| F|  |TAMS 0x0000000085200000, 0x0000000085200000| Untracked 
|  79|0x0000000085300000, 0x0000000085300000, 0x0000000085400000|  0%| F|  |TAMS 0x0000000085300000, 0x0000000085300000| Untracked 
|  80|0x0000000085400000, 0x0000000085400000, 0x0000000085500000|  0%| F|  |TAMS 0x0000000085400000, 0x0000000085400000| Untracked 
|  81|0x0000000085500000, 0x0000000085500000, 0x0000000085600000|  0%| F|  |TAMS 0x0000000085500000, 0x0000000085500000| Untracked 
|  82|0x0000000085600000, 0x0000000085600000, 0x0000000085700000|  0%| F|  |TAMS 0x0000000085600000, 0x0000000085600000| Untracked 
|  83|0x0000000085700000, 0x0000000085700000, 0x0000000085800000|  0%| F|  |TAMS 0x0000000085700000, 0x0000000085700000| Untracked 
|  84|0x0000000085800000, 0x0000000085800000, 0x0000000085900000|  0%| F|  |TAMS 0x0000000085800000, 0x0000000085800000| Untracked 
|  85|0x0000000085900000, 0x0000000085900000, 0x0000000085a00000|  0%| F|  |TAMS 0x0000000085900000, 0x0000000085900000| Untracked 
|  86|0x0000000085a00000, 0x0000000085a00000, 0x0000000085b00000|  0%| F|  |TAMS 0x0000000085a00000, 0x0000000085a00000| Untracked 
|  87|0x0000000085b00000, 0x0000000085b00000, 0x0000000085c00000|  0%| F|  |TAMS 0x0000000085b00000, 0x0000000085b00000| Untracked 
|  88|0x0000000085c00000, 0x0000000085c00000, 0x0000000085d00000|  0%| F|  |TAMS 0x0000000085c00000, 0x0000000085c00000| Untracked 
|  89|0x0000000085d00000, 0x0000000085d00000, 0x0000000085e00000|  0%| F|  |TAMS 0x0000000085d00000, 0x0000000085d00000| Untracked 
|  90|0x0000000085e00000, 0x0000000085e00000, 0x0000000085f00000|  0%| F|  |TAMS 0x0000000085e00000, 0x0000000085e00000| Untracked 
|  91|0x0000000085f00000, 0x0000000085f00000, 0x0000000086000000|  0%| F|  |TAMS 0x0000000085f00000, 0x0000000085f00000| Untracked 
|  92|0x0000000086000000, 0x0000000086000000, 0x0000000086100000|  0%| F|  |TAMS 0x0000000086000000, 0x0000000086000000| Untracked 
|  93|0x0000000086100000, 0x0000000086100000, 0x0000000086200000|  0%| F|  |TAMS 0x0000000086100000, 0x0000000086100000| Untracked 
|  94|0x0000000086200000, 0x0000000086200000, 0x0000000086300000|  0%| F|  |TAMS 0x0000000086200000, 0x0000000086200000| Untracked 
|  95|0x0000000086300000, 0x0000000086300000, 0x0000000086400000|  0%| F|  |TAMS 0x0000000086300000, 0x0000000086300000| Untracked 
|  96|0x0000000086400000, 0x0000000086400000, 0x0000000086500000|  0%| F|  |TAMS 0x0000000086400000, 0x0000000086400000| Untracked 
|  97|0x0000000086500000, 0x0000000086500000, 0x0000000086600000|  0%| F|  |TAMS 0x0000000086500000, 0x0000000086500000| Untracked 
|  98|0x0000000086600000, 0x0000000086600000, 0x0000000086700000|  0%| F|  |TAMS 0x0000000086600000, 0x0000000086600000| Untracked 
|  99|0x0000000086700000, 0x0000000086700000, 0x0000000086800000|  0%| F|  |TAMS 0x0000000086700000, 0x0000000086700000| Untracked 
| 100|0x0000000086800000, 0x0000000086800000, 0x0000000086900000|  0%| F|  |TAMS 0x0000000086800000, 0x0000000086800000| Untracked 
| 101|0x0000000086900000, 0x0000000086900000, 0x0000000086a00000|  0%| F|  |TAMS 0x0000000086900000, 0x0000000086900000| Untracked 
| 102|0x0000000086a00000, 0x0000000086a00000, 0x0000000086b00000|  0%| F|  |TAMS 0x0000000086a00000, 0x0000000086a00000| Untracked 
| 103|0x0000000086b00000, 0x0000000086b00000, 0x0000000086c00000|  0%| F|  |TAMS 0x0000000086b00000, 0x0000000086b00000| Untracked 
| 104|0x0000000086c00000, 0x0000000086c00000, 0x0000000086d00000|  0%| F|  |TAMS 0x0000000086c00000, 0x0000000086c00000| Untracked 
| 105|0x0000000086d00000, 0x0000000086d00000, 0x0000000086e00000|  0%| F|  |TAMS 0x0000000086d00000, 0x0000000086d00000| Untracked 
| 106|0x0000000086e00000, 0x0000000086e00000, 0x0000000086f00000|  0%| F|  |TAMS 0x0000000086e00000, 0x0000000086e00000| Untracked 
| 107|0x0000000086f00000, 0x0000000086f00000, 0x0000000087000000|  0%| F|  |TAMS 0x0000000086f00000, 0x0000000086f00000| Untracked 
| 108|0x0000000087000000, 0x0000000087000000, 0x0000000087100000|  0%| F|  |TAMS 0x0000000087000000, 0x0000000087000000| Untracked 
| 109|0x0000000087100000, 0x0000000087100000, 0x0000000087200000|  0%| F|  |TAMS 0x0000000087100000, 0x0000000087100000| Untracked 
| 110|0x0000000087200000, 0x0000000087200000, 0x0000000087300000|  0%| F|  |TAMS 0x0000000087200000, 0x0000000087200000| Untracked 
| 111|0x0000000087300000, 0x0000000087300000, 0x0000000087400000|  0%| F|  |TAMS 0x0000000087300000, 0x0000000087300000| Untracked 
| 112|0x0000000087400000, 0x0000000087400000, 0x0000000087500000|  0%| F|  |TAMS 0x0000000087400000, 0x0000000087400000| Untracked 
| 113|0x0000000087500000, 0x0000000087600000, 0x0000000087600000|100%| S|CS|TAMS 0x0000000087500000, 0x0000000087500000| Complete 
| 114|0x0000000087600000, 0x0000000087700000, 0x0000000087700000|100%| S|CS|TAMS 0x0000000087600000, 0x0000000087600000| Complete 
| 115|0x0000000087700000, 0x0000000087700000, 0x0000000087800000|  0%| F|  |TAMS 0x0000000087700000, 0x0000000087700000| Untracked 
| 116|0x0000000087800000, 0x0000000087800000, 0x0000000087900000|  0%| F|  |TAMS 0x0000000087800000, 0x0000000087800000| Untracked 
| 117|0x0000000087900000, 0x0000000087900000, 0x0000000087a00000|  0%| F|  |TAMS 0x0000000087900000, 0x0000000087900000| Untracked 
| 118|0x0000000087a00000, 0x0000000087a00000, 0x0000000087b00000|  0%| F|  |TAMS 0x0000000087a00000, 0x0000000087a00000| Untracked 
| 119|0x0000000087b00000, 0x0000000087b00000, 0x0000000087c00000|  0%| F|  |TAMS 0x0000000087b00000, 0x0000000087b00000| Untracked 
| 120|0x0000000087c00000, 0x0000000087c00000, 0x0000000087d00000|  0%| F|  |TAMS 0x0000000087c00000, 0x0000000087c00000| Untracked 
| 121|0x0000000087d00000, 0x0000000087d00000, 0x0000000087e00000|  0%| F|  |TAMS 0x0000000087d00000, 0x0000000087d00000| Untracked 
| 122|0x0000000087e00000, 0x0000000087e00000, 0x0000000087f00000|  0%| F|  |TAMS 0x0000000087e00000, 0x0000000087e00000| Untracked 
| 123|0x0000000087f00000, 0x0000000087f00000, 0x0000000088000000|  0%| F|  |TAMS 0x0000000087f00000, 0x0000000087f00000| Untracked 
| 124|0x0000000088000000, 0x0000000088000000, 0x0000000088100000|  0%| F|  |TAMS 0x0000000088000000, 0x0000000088000000| Untracked 
| 125|0x0000000088100000, 0x00000000881e2290, 0x0000000088200000| 88%| E|  |TAMS 0x0000000088100000, 0x0000000088100000| Complete 
| 126|0x0000000088200000, 0x0000000088300000, 0x0000000088300000|100%| E|CS|TAMS 0x0000000088200000, 0x0000000088200000| Complete 
| 127|0x0000000088300000, 0x0000000088400000, 0x0000000088400000|100%| E|CS|TAMS 0x0000000088300000, 0x0000000088300000| Complete 

Card table byte_map: [0x00000236fc0e0000,0x00000236fc4e0000] _byte_map_base: 0x00000236fbcde000

Marking Bits (Prev, Next): (CMBitMap*) 0x00000236e45929a8, (CMBitMap*) 0x00000236e45929e8
 Prev Bits: [0x00000236fc8e0000, 0x00000236fe8d0000)
 Next Bits: [0x0000023680000000, 0x0000023681ff0000)

Polling page: 0x00000236e3d20000

Metaspace:

Usage:
  Non-class:      8.17 MB capacity,     8.00 MB ( 98%) used,   147.10 KB (  2%) free+waste,    21.88 KB ( <1%) overhead. 
      Class:      1.11 MB capacity,     1.01 MB ( 91%) used,    85.73 KB (  8%) free+waste,    13.75 KB (  1%) overhead. 
       Both:      9.28 MB capacity,     9.02 MB ( 97%) used,   232.84 KB (  2%) free+waste,    35.63 KB ( <1%) overhead. 

Virtual space:
  Non-class space:       10.00 MB reserved,       8.25 MB ( 83%) committed 
      Class space:        1.00 GB reserved,       1.13 MB ( <1%) committed 
             Both:        1.01 GB reserved,       9.38 MB ( <1%) committed 

Chunk freelists:
   Non-Class:  21.00 KB
       Class:  14.00 KB
        Both:  35.00 KB

MaxMetaspaceSize: 17179869184.00 GB
CompressedClassSpaceSize: 1.00 GB

CodeHeap 'non-profiled nmethods': size=120000Kb used=380Kb max_used=380Kb free=119619Kb
 bounds [0x00000236f47b0000, 0x00000236f4a20000, 0x00000236fbce0000]
CodeHeap 'profiled nmethods': size=120000Kb used=2542Kb max_used=2542Kb free=117457Kb
 bounds [0x00000236ed280000, 0x00000236ed500000, 0x00000236f47b0000]
CodeHeap 'non-nmethods': size=5760Kb used=1378Kb max_used=1397Kb free=4381Kb
 bounds [0x00000236ecce0000, 0x00000236ecf50000, 0x00000236ed280000]
 total_blobs=2388 nmethods=1366 adapters=496
 compilation: enabled
              stopped_count=0, restarted_count=0
 full_count=0

Compilation events (20 events):
Event: 63.676 Thread 0x00000236fedec000 1358       3       java.awt.Window::getBackground (5 bytes)
Event: 63.676 Thread 0x00000236fedec000 nmethod 1358 0x00000236ed4f8f10 code [0x00000236ed4f90c0, 0x00000236ed4f93c8]
Event: 63.954 Thread 0x00000236fedec000 1359       3       java.awt.AWTEvent::copyPrivateDataInto (57 bytes)
Event: 63.954 Thread 0x00000236fedec000 nmethod 1359 0x00000236ed4f9510 code [0x00000236ed4f9720, 0x00000236ed4fa048]
Event: 63.954 Thread 0x00000236fedec000 1360       3       javax.swing.RepaintManager::currentManager (7 bytes)
Event: 63.954 Thread 0x00000236fedec000 nmethod 1360 0x00000236ed4fa310 code [0x00000236ed4fa4c0, 0x00000236ed4fa5f8]
Event: 63.955 Thread 0x00000236fedec000 1361       3       java.awt.geom.AffineTransform::isIdentity (20 bytes)
Event: 63.955 Thread 0x00000236fedec000 nmethod 1361 0x00000236ed4fa690 code [0x00000236ed4fa840, 0x00000236ed4faac8]
Event: 63.956 Thread 0x00000236fedec000 1362       3       java.util.HashMap::clear (50 bytes)
Event: 63.956 Thread 0x00000236fedec000 nmethod 1362 0x00000236ed4fab90 code [0x00000236ed4fad40, 0x00000236ed4fb138]
Event: 64.167 Thread 0x00000236fedec000 1363       1       java.util.LinkedList::size (5 bytes)
Event: 64.167 Thread 0x00000236fedec000 nmethod 1363 0x00000236f480e790 code [0x00000236f480e920, 0x00000236f480e9f8]
Event: 64.167 Thread 0x00000236fedec000 1364       1       javax.swing.AbstractButton::getModel (5 bytes)
Event: 64.167 Thread 0x00000236fedec000 nmethod 1364 0x00000236f480ea90 code [0x00000236f480ec20, 0x00000236f480ecf8]
Event: 64.170 Thread 0x00000236fedec000 1365       3       sun.util.locale.LocaleUtils::isAlpha (30 bytes)
Event: 64.170 Thread 0x00000236fedec000 nmethod 1365 0x00000236ed4fb290 code [0x00000236ed4fb420, 0x00000236ed4fb5f8]
Event: 64.172 Thread 0x00000236fedec000 1366       1       javax.swing.JComponent::getBorder (5 bytes)
Event: 64.172 Thread 0x00000236fedec000 nmethod 1366 0x00000236f480ed90 code [0x00000236f480ef20, 0x00000236f480eff8]
Event: 64.172 Thread 0x00000236fedec000 1367       3       sun.java2d.SunGraphics2D::transformShape (36 bytes)
Event: 64.172 Thread 0x00000236fedec000 nmethod 1367 0x00000236ed4fb690 code [0x00000236ed4fb840, 0x00000236ed4fba78]

GC Heap History (2 events):
Event: 10.234 GC heap before
{Heap before GC invocations=0 (full 0):
 garbage-first heap   total 131072K, used 13312K [0x0000000080400000, 0x0000000100000000)
  region size 1024K, 13 young (13312K), 0 survivors (0K)
 Metaspace       used 8982K, capacity 9245K, committed 9344K, reserved 1056768K
  class space    used 1035K, capacity 1138K, committed 1152K, reserved 1048576K
}
Event: 10.242 GC heap after
{Heap after GC invocations=1 (full 0):
 garbage-first heap   total 131072K, used 2307K [0x0000000080400000, 0x0000000100000000)
  region size 1024K, 2 young (2048K), 2 survivors (2048K)
 Metaspace       used 8982K, capacity 9245K, committed 9344K, reserved 1056768K
  class space    used 1035K, capacity 1138K, committed 1152K, reserved 1048576K
}

Deoptimization events (20 events):
Event: 8.452 Thread 0x0000023684256000 Uncommon trap: trap_request=0xffffffde fr.pc=0x00000236f47f21d0 relative=0x0000000000001150
Event: 8.452 Thread 0x0000023684256000 Uncommon trap: reason=class_check action=maybe_recompile pc=0x00000236f47f21d0 method=java.util.HashMap.putVal(ILjava/lang/Object;Ljava/lang/Object;ZZ)Ljava/lang/Object; @ 91 c2
Event: 8.452 Thread 0x0000023684256000 DEOPT PACKING pc=0x00000236f47f21d0 sp=0x00000045f98fe1a0
Event: 8.452 Thread 0x0000023684256000 DEOPT UNPACKING pc=0x00000236ecd2912f sp=0x00000045f98fe118 mode 2
Event: 8.452 Thread 0x0000023684256000 Uncommon trap: trap_request=0xffffff45 fr.pc=0x00000236f47ddd6c relative=0x000000000000028c
Event: 8.452 Thread 0x0000023684256000 Uncommon trap: reason=unstable_if action=reinterpret pc=0x00000236f47ddd6c method=java.util.HashMap.getNode(ILjava/lang/Object;)Ljava/util/HashMap$Node; @ 62 c2
Event: 8.452 Thread 0x0000023684256000 DEOPT PACKING pc=0x00000236f47ddd6c sp=0x00000045f98fe070
Event: 8.452 Thread 0x0000023684256000 DEOPT UNPACKING pc=0x00000236ecd2912f sp=0x00000045f98fe028 mode 2
Event: 8.453 Thread 0x0000023684256000 Uncommon trap: trap_request=0xffffffde fr.pc=0x00000236f47bee60 relative=0x00000000000001c0
Event: 8.453 Thread 0x0000023684256000 Uncommon trap: reason=class_check action=maybe_recompile pc=0x00000236f47bee60 method=java.lang.String.equals(Ljava/lang/Object;)Z @ 8 c2
Event: 8.453 Thread 0x0000023684256000 DEOPT PACKING pc=0x00000236f47bee60 sp=0x00000045f98fe0e0
Event: 8.453 Thread 0x0000023684256000 DEOPT UNPACKING pc=0x00000236ecd2912f sp=0x00000045f98fe088 mode 2
Event: 8.453 Thread 0x0000023684256000 Uncommon trap: trap_request=0xffffffde fr.pc=0x00000236f47bee60 relative=0x00000000000001c0
Event: 8.453 Thread 0x0000023684256000 Uncommon trap: reason=class_check action=maybe_recompile pc=0x00000236f47bee60 method=java.lang.String.equals(Ljava/lang/Object;)Z @ 8 c2
Event: 8.453 Thread 0x0000023684256000 DEOPT PACKING pc=0x00000236f47bee60 sp=0x00000045f98fe0e0
Event: 8.453 Thread 0x0000023684256000 DEOPT UNPACKING pc=0x00000236ecd2912f sp=0x00000045f98fe088 mode 2
Event: 9.317 Thread 0x0000023684256000 Uncommon trap: trap_request=0xffffff45 fr.pc=0x00000236f47f2d30 relative=0x0000000000000110
Event: 9.317 Thread 0x0000023684256000 Uncommon trap: reason=unstable_if action=reinterpret pc=0x00000236f47f2d30 method=java.awt.Component.inside(II)Z @ 21 c2
Event: 9.317 Thread 0x0000023684256000 DEOPT PACKING pc=0x00000236f47f2d30 sp=0x00000045f98fe280
Event: 9.317 Thread 0x0000023684256000 DEOPT UNPACKING pc=0x00000236ecd2912f sp=0x00000045f98fe148 mode 2

Classes unloaded (0 events):
No events

Classes redefined (0 events):
No events

Internal exceptions (12 events):
Event: 2.095 Thread 0x00000236e454e000 Exception <a 'java/lang/ClassNotFoundException'{0x000000008801b300}: sun/awt/resources/spi/awtProvider> (0x000000008801b300) 
thrown [t:/workspace/open/src/hotspot/share/classfile/systemDictionary.cpp, line 226]
Event: 2.147 Thread 0x00000236e454e000 Exception <a 'java/io/FileNotFoundException'{0x000000008809c758}> (0x000000008809c758) 
thrown [t:/workspace/open/src/hotspot/share/prims/jni.cpp, line 599]
Event: 2.156 Thread 0x00000236e454e000 Exception <a 'java/io/FileNotFoundException'{0x00000000880c4c90}> (0x00000000880c4c90) 
thrown [t:/workspace/open/src/hotspot/share/prims/jni.cpp, line 599]
Event: 2.268 Thread 0x000002368404b800 Exception <a 'java/lang/NoSuchMethodError'{0x0000000087e48ae8}: 'void java.lang.invoke.DirectMethodHandle$Holder.invokeSpecial(java.lang.Object, java.lang.Object)'> (0x0000000087e48ae8) 
thrown [t:/workspace/open/src/hotspot/share/interpreter/linkResolver.cpp, line 766]
Event: 2.304 Thread 0x00000236e454e000 Exception <a 'java/lang/NoSuchMethodError'{0x0000000087d19868}: 'java.lang.Object java.lang.invoke.DirectMethodHandle$Holder.invokeStatic(java.lang.Object, int, java.lang.Object, java.lang.Object, java.lang.Object, java.lang.Object)'> (0x0000000087d19868) 
thrown [t:/workspace/open/src/hotspot/share/interpreter/linkResolver.cpp, line 766]
Event: 2.304 Thread 0x00000236e454e000 Exception <a 'java/lang/NoSuchMethodError'{0x0000000087d20188}: 'java.lang.Object java.lang.invoke.DirectMethodHandle$Holder.invokeStatic(java.lang.Object, int, java.lang.Object, java.lang.Object, java.lang.Object)'> (0x0000000087d20188) 
thrown [t:/workspace/open/src/hotspot/share/interpreter/linkResolver.cpp, line 766]
Event: 2.305 Thread 0x00000236e454e000 Exception <a 'java/lang/NoSuchMethodError'{0x0000000087d239d8}: 'java.lang.Object java.lang.invoke.DirectMethodHandle$Holder.invokeSpecial(java.lang.Object, java.lang.Object, int, java.lang.Object, java.lang.Object, java.lang.Object)'> (0x0000000087d239d8) 
thrown [t:/workspace/open/src/hotspot/share/interpreter/linkResolver.cpp, line 766]
Event: 2.309 Thread 0x00000236e454e000 Exception <a 'java/lang/NoSuchMethodError'{0x0000000087d3a3e0}: 'java.lang.Object java.lang.invoke.DirectMethodHandle$Holder.invokeStatic(java.lang.Object, int, java.lang.Object)'> (0x0000000087d3a3e0) 
thrown [t:/workspace/open/src/hotspot/share/interpreter/linkResolver.cpp, line 766]
Event: 2.342 Thread 0x00000236e454e000 Exception <a 'java/lang/ClassNotFoundException'{0x0000000087c02868}: com/sun/swing/internal/plaf/metal/resources/spi/metalProvider> (0x0000000087c02868) 
thrown [t:/workspace/open/src/hotspot/share/classfile/systemDictionary.cpp, line 226]
Event: 2.344 Thread 0x00000236e454e000 Exception <a 'java/lang/ClassNotFoundException'{0x0000000087c09148}: com/sun/swing/internal/plaf/basic/resources/spi/basicProvider> (0x0000000087c09148) 
thrown [t:/workspace/open/src/hotspot/share/classfile/systemDictionary.cpp, line 226]
Event: 2.640 Thread 0x00000236e454e000 Exception <a 'java/lang/NoSuchMethodError'{0x0000000087ad0a60}: 'void java.lang.invoke.DirectMethodHandle$Holder.invokeStaticInit(java.lang.Object)'> (0x0000000087ad0a60) 
thrown [t:/workspace/open/src/hotspot/share/interpreter/linkResolver.cpp, line 766]
Event: 2.781 Thread 0x00000236e454e000 Exception <a 'java/lang/NoSuchMethodError'{0x0000000087971bd8}: 'java.lang.Object java.lang.invoke.Invokers$Holder.linkToTargetMethod(java.lang.Object, int, java.lang.Object)'> (0x0000000087971bd8) 
thrown [t:/workspace/open/src/hotspot/share/interpreter/linkResolver.cpp, line 766]

Events (20 events):
Event: 12.758 Executing VM operation: HandshakeOneThread
Event: 12.758 Executing VM operation: HandshakeOneThread done
Event: 12.808 Executing VM operation: HandshakeOneThread
Event: 12.808 Executing VM operation: HandshakeOneThread done
Event: 12.857 Executing VM operation: HandshakeOneThread
Event: 12.857 Executing VM operation: HandshakeOneThread done
Event: 15.078 Executing VM operation: HandshakeOneThread
Event: 15.078 Executing VM operation: HandshakeOneThread done
Event: 15.078 Executing VM operation: HandshakeOneThread
Event: 15.078 Executing VM operation: HandshakeOneThread done
Event: 15.078 Executing VM operation: HandshakeOneThread
Event: 15.078 Executing VM operation: HandshakeOneThread done
Event: 15.078 Executing VM operation: BulkRevokeBias
Event: 15.078 Executing VM operation: BulkRevokeBias done
Event: 15.694 loading class javax/swing/text/GapContent$RemoveUndo
Event: 15.695 loading class javax/swing/text/GapContent$RemoveUndo done
Event: 15.859 loading class javax/swing/text/GapContent$UndoPosRef
Event: 15.859 loading class javax/swing/text/GapContent$UndoPosRef done
Event: 63.167 loading class java/awt/KeyboardFocusManager$4
Event: 63.167 loading class java/awt/KeyboardFocusManager$4 done


Dynamic libraries:
0x00007ff707890000 - 0x00007ff70789d000 	C:\Users\guill\.jdks\openjdk-14\bin\java.exe
0x00007ffac5220000 - 0x00007ffac5410000 	C:\Windows\SYSTEM32\ntdll.dll
0x00007ffac3e80000 - 0x00007ffac3f32000 	C:\Windows\System32\KERNEL32.DLL
0x00007ffac2500000 - 0x00007ffac27a3000 	C:\Windows\System32\KERNELBASE.dll
0x00007ffac2400000 - 0x00007ffac24fa000 	C:\Windows\System32\ucrtbase.dll
0x00007ffabb3f0000 - 0x00007ffabb408000 	C:\Users\guill\.jdks\openjdk-14\bin\jli.dll
0x00007ffac4140000 - 0x00007ffac42d4000 	C:\Windows\System32\USER32.dll
0x00007ffac2b00000 - 0x00007ffac2b21000 	C:\Windows\System32\win32u.dll
0x00007ffac3f40000 - 0x00007ffac3f66000 	C:\Windows\System32\GDI32.dll
0x00007ffac2860000 - 0x00007ffac29f4000 	C:\Windows\System32\gdi32full.dll
0x00007ffac2a60000 - 0x00007ffac2afe000 	C:\Windows\System32\msvcp_win.dll
0x00007ffabb390000 - 0x00007ffabb3a5000 	C:\Users\guill\.jdks\openjdk-14\bin\VCRUNTIME140.dll
0x00007ffaaac00000 - 0x00007ffaaae85000 	C:\Windows\WinSxS\amd64_microsoft.windows.common-controls_6595b64144ccf1df_6.0.18362.778_none_e6c6b761130d4fb8\COMCTL32.dll
0x00007ffac3b60000 - 0x00007ffac3bfe000 	C:\Windows\System32\msvcrt.dll
0x00007ffac4360000 - 0x00007ffac4696000 	C:\Windows\System32\combase.dll
0x00007ffac50b0000 - 0x00007ffac51d0000 	C:\Windows\System32\RPCRT4.dll
0x00007ffac2330000 - 0x00007ffac23b0000 	C:\Windows\System32\bcryptPrimitives.dll
0x00007ffac47b0000 - 0x00007ffac47de000 	C:\Windows\System32\IMM32.DLL
0x00007ffa91d40000 - 0x00007ffa91ddb000 	C:\Users\guill\.jdks\openjdk-14\bin\msvcp140.dll
0x00007ffa79b10000 - 0x00007ffa7a62f000 	C:\Users\guill\.jdks\openjdk-14\bin\server\jvm.dll
0x00007ffac3dd0000 - 0x00007ffac3e73000 	C:\Windows\System32\ADVAPI32.dll
0x00007ffac46a0000 - 0x00007ffac4737000 	C:\Windows\System32\sechost.dll
0x00007ffac51d0000 - 0x00007ffac51d8000 	C:\Windows\System32\PSAPI.DLL
0x00007ffab82a0000 - 0x00007ffab82a9000 	C:\Windows\SYSTEM32\WSOCK32.dll
0x00007ffac42f0000 - 0x00007ffac435f000 	C:\Windows\System32\WS2_32.dll
0x00007ffab8520000 - 0x00007ffab8544000 	C:\Windows\SYSTEM32\WINMM.dll
0x00007ffab9380000 - 0x00007ffab938a000 	C:\Windows\SYSTEM32\VERSION.dll
0x00007ffab82b0000 - 0x00007ffab82dd000 	C:\Windows\SYSTEM32\WINMMBASE.dll
0x00007ffac23b0000 - 0x00007ffac23fa000 	C:\Windows\System32\cfgmgr32.dll
0x00007ffac20f0000 - 0x00007ffac2101000 	C:\Windows\System32\kernel.appcore.dll
0x00007ffabb9c0000 - 0x00007ffabb9ca000 	C:\Users\guill\.jdks\openjdk-14\bin\jimage.dll
0x00007ffabc5d0000 - 0x00007ffabc7c4000 	C:\Windows\SYSTEM32\DBGHELP.DLL
0x00007ffabc570000 - 0x00007ffabc59a000 	C:\Windows\SYSTEM32\dbgcore.DLL
0x00007ffaa0800000 - 0x00007ffaa0838000 	C:\Users\guill\.jdks\openjdk-14\bin\jdwp.dll
0x00007ffaabbd0000 - 0x00007ffaabbf5000 	C:\Users\guill\.jdks\openjdk-14\bin\java.dll
0x00007ffabb3e0000 - 0x00007ffabb3ee000 	C:\Users\guill\.jdks\openjdk-14\bin\instrument.dll
0x00007ffabb340000 - 0x00007ffabb357000 	C:\Users\guill\.jdks\openjdk-14\bin\zip.dll
0x00007ffac4860000 - 0x00007ffac4f45000 	C:\Windows\System32\SHELL32.dll
0x00007ffac3c60000 - 0x00007ffac3d09000 	C:\Windows\System32\shcore.dll
0x00007ffac2b50000 - 0x00007ffac32d0000 	C:\Windows\System32\windows.storage.dll
0x00007ffac2110000 - 0x00007ffac2133000 	C:\Windows\System32\profapi.dll
0x00007ffac2140000 - 0x00007ffac218a000 	C:\Windows\System32\powrprof.dll
0x00007ffac20e0000 - 0x00007ffac20f0000 	C:\Windows\System32\UMPDC.dll
0x00007ffac3c00000 - 0x00007ffac3c52000 	C:\Windows\System32\shlwapi.dll
0x00007ffac2b30000 - 0x00007ffac2b47000 	C:\Windows\System32\cryptsp.dll
0x00007ffaabbc0000 - 0x00007ffaabbcb000 	C:\Users\guill\.jdks\openjdk-14\bin\dt_socket.dll
0x00007ffac1600000 - 0x00007ffac163a000 	C:\Windows\SYSTEM32\IPHLPAPI.DLL
0x00007ffac18f0000 - 0x00007ffac1957000 	C:\Windows\system32\mswsock.dll
0x00007ffaab710000 - 0x00007ffaab729000 	C:\Users\guill\.jdks\openjdk-14\bin\net.dll
0x00007ffaba690000 - 0x00007ffaba780000 	C:\Windows\SYSTEM32\WINHTTP.dll
0x00007ffaaa290000 - 0x00007ffaaa2a2000 	C:\Users\guill\.jdks\openjdk-14\bin\nio.dll
0x00007ffa79570000 - 0x00007ffa79707000 	C:\Users\guill\.jdks\openjdk-14\bin\awt.dll
0x00007ffac4050000 - 0x00007ffac4114000 	C:\Windows\System32\OLEAUT32.dll
0x00007ffac0210000 - 0x00007ffac029f000 	C:\Windows\SYSTEM32\apphelp.dll
0x00007ffac0480000 - 0x00007ffac04ad000 	C:\Windows\system32\DWMAPI.DLL
0x00007ffac0390000 - 0x00007ffac0429000 	C:\Windows\system32\uxtheme.dll
0x00007ffac33a0000 - 0x00007ffac34d6000 	C:\Windows\System32\MSCTF.dll
0x00007ffac4f50000 - 0x00007ffac50a7000 	C:\Windows\System32\ole32.dll
0x00007ffa7a630000 - 0x00007ffa7a786000 	C:\Windows\system32\opengl32.dll
0x00007ffa8f5e0000 - 0x00007ffa8f60c000 	C:\Windows\SYSTEM32\GLU32.dll
0x00007ffac0d50000 - 0x00007ffac0d70000 	C:\Windows\SYSTEM32\dxcore.dll
0x00007ffa78670000 - 0x00007ffa78837000 	C:\Windows\system32\d3d9.dll
0x00007ffa9e8a0000 - 0x00007ffa9e8c9000 	C:\Windows\SYSTEM32\prl_umdd.dll
0x00007ffabb380000 - 0x00007ffabb390000 	C:\Users\guill\.jdks\openjdk-14\bin\verify.dll
0x00007ffa7c7e0000 - 0x00007ffa7c862000 	C:\Users\guill\.jdks\openjdk-14\bin\freetype.dll
0x00007ffa79880000 - 0x00007ffa79926000 	C:\Users\guill\.jdks\openjdk-14\bin\fontmanager.dll
0x00007ffac3d10000 - 0x00007ffac3db2000 	C:\Windows\System32\clbcatq.dll
0x00007ffaa7150000 - 0x00007ffaa72ff000 	C:\Windows\SYSTEM32\WindowsCodecs.dll
0x00007ffaa2530000 - 0x00007ffaa256a000 	C:\Windows\system32\dataexchange.dll
0x00007ffabf3b0000 - 0x00007ffabf60b000 	C:\Windows\system32\d3d11.dll
0x00007ffabfa70000 - 0x00007ffabfc4c000 	C:\Windows\system32\dcomp.dll
0x00007ffac0de0000 - 0x00007ffac0ecb000 	C:\Windows\system32\dxgi.dll
0x00007ffac0560000 - 0x00007ffac07ba000 	C:\Windows\system32\twinapi.appcore.dll
0x00007ffac08b0000 - 0x00007ffac08d9000 	C:\Windows\system32\RMCLIENT.dll
0x00007ffaab630000 - 0x00007ffaab6ce000 	C:\Windows\System32\TextInputFramework.dll
0x00007ffaa7880000 - 0x00007ffaa7baa000 	C:\Windows\System32\CoreUIComponents.dll
0x00007ffabfc50000 - 0x00007ffabfd24000 	C:\Windows\System32\CoreMessaging.dll
0x00007ffac1140000 - 0x00007ffac1171000 	C:\Windows\SYSTEM32\ntmarta.dll
0x00007ffabeac0000 - 0x00007ffabec13000 	C:\Windows\SYSTEM32\wintypes.dll
0x0000000071100000 - 0x0000000071125000 	C:\Users\guill\.jssc\windows\jSSC-2.8_x86_64.dll
0x00007ffab8fa0000 - 0x00007ffab9246000 	C:\Windows\System32\iertutil.dll

dbghelp: loaded successfully - version: 4.0.5 - missing functions: none
symbol engine: initialized successfully - sym options: 0x614 - pdb path: .;C:\Users\guill\.jdks\openjdk-14\bin;C:\Windows\SYSTEM32;C:\Windows\WinSxS\amd64_microsoft.windows.common-controls_6595b64144ccf1df_6.0.18362.778_none_e6c6b761130d4fb8;C:\Users\guill\.jdks\openjdk-14\bin\server;C:\Users\guill\.jssc\windows

VM Arguments:
jvm_args: -agentlib:jdwp=transport=dt_socket,address=127.0.0.1:50686,suspend=y,server=n -javaagent:C:\Users\guill\AppData\Local\JetBrains\IntelliJIdea2020.1\captureAgent\debugger-agent.jar -Dfile.encoding=UTF-8 
java_command: pic.Gui
java_class_path (initial): W:\Ephec\ElecDigitalProjet\JavaInterface-Guillaume-Jssc\out\production\JavaInterface;W:\Ephec\ElecDigitalProjet\JavaInterface-Guillaume-Jssc\RXTXcomm.jar;W:\Ephec\ElecDigitalProjet\JavaInterface-Guillaume-Jssc\jssc-2.8.0.jar;C:\Program Files\JetBrains\IntelliJ IDEA 2020.1\lib\idea_rt.jar
Launcher Type: SUN_STANDARD

[Global flags]
     intx CICompilerCount                          = 3                                         {product} {ergonomic}
     uint ConcGCThreads                            = 1                                         {product} {ergonomic}
     uint G1ConcRefinementThreads                  = 4                                         {product} {ergonomic}
   size_t G1HeapRegionSize                         = 1048576                                   {product} {ergonomic}
    uintx GCDrainStackTargetSize                   = 64                                        {product} {ergonomic}
   size_t InitialHeapSize                          = 134217728                                 {product} {ergonomic}
   size_t MarkStackSize                            = 4194304                                   {product} {ergonomic}
   size_t MaxHeapSize                              = 2143289344                                {product} {ergonomic}
   size_t MaxNewSize                               = 1285554176                                {product} {ergonomic}
   size_t MinHeapDeltaBytes                        = 1048576                                   {product} {ergonomic}
   size_t MinHeapSize                              = 8388608                                   {product} {ergonomic}
    uintx NonNMethodCodeHeapSize                   = 5832780                                {pd product} {ergonomic}
    uintx NonProfiledCodeHeapSize                  = 122912730                              {pd product} {ergonomic}
    uintx ProfiledCodeHeapSize                     = 122912730                              {pd product} {ergonomic}
    uintx ReservedCodeCacheSize                    = 251658240                              {pd product} {ergonomic}
     bool SegmentedCodeCache                       = true                                      {product} {ergonomic}
   size_t SoftMaxHeapSize                          = 2143289344                             {manageable} {ergonomic}
     bool UseCompressedClassPointers               = true                                 {lp64_product} {ergonomic}
     bool UseCompressedOops                        = true                                 {lp64_product} {ergonomic}
     bool UseG1GC                                  = true                                      {product} {ergonomic}
     bool UseLargePagesIndividualAllocation        = false                                  {pd product} {ergonomic}

Logging:
Log output configuration:
 #0: stdout all=warning uptime,level,tags
 #1: stderr all=off uptime,level,tags

Environment Variables:
PATH=C:\Program Files (x86)\Common Files\Oracle\Java\javapath;C:\Program Files (x86)\Parallels\Parallels Tools\Applications;C:\Program Files\Microsoft MPI\Bin\;C:\Windows\system32;C:\Windows;C:\Windows\System32\Wbem;C:\Windows\System32\WindowsPowerShell\v1.0\;C:\Windows\System32\OpenSSH\;C:\PROGRA~2\PICC;C:\Program Files (x86)\Microsoft SQL Server\140\Tools\Binn\;C:\Program Files\Microsoft SQL Server\140\Tools\Binn\;C:\Program Files (x86)\Microsoft SQL Server\140\DTS\Binn\;C:\Program Files\Microsoft SQL Server\140\DTS\Binn\;C:\Program Files\Microsoft SQL Server\Client SDK\ODBC\130\Tools\Binn\;C:\Users\guill\AppData\Local\Microsoft\WindowsApps;;C:\Program Files\JetBrains\PyCharm 2019.3.3\bin;
USERNAME=guill
OS=Windows_NT
PROCESSOR_IDENTIFIER=Intel64 Family 6 Model 158 Stepping 13, GenuineIntel



---------------  S Y S T E M  ---------------

OS: Windows 10 , 64 bit Build 18362 (10.0.18362.778)
OS uptime: 0 days 4:05 hours

CPU:total 4 (initial active 4) (4 cores per cpu, 1 threads per core) family 6 model 158 stepping 13, cmov, cx8, fxsr, mmx, sse, sse2, sse3, ssse3, sse4.1, sse4.2, popcnt, avx, avx2, aes, clmul, erms, 3dnowpref, lzcnt, tsc, bmi1, bmi2, adx, fma

Memory: 4k page, system-wide physical 8169M (2541M free)
TotalPageFile size 9449M (AvailPageFile size 2516M)
current process WorkingSet (physical memory assigned to process): 95M, peak: 121M
current process commit charge ("private bytes"): 258M, peak: 276M

vm_info: OpenJDK 64-Bit Server VM (14+36-1461) for windows-amd64 JRE (14+36-1461), built on Feb  6 2020 19:03:18 by "mach5one" with MS VC++ 15.9 (VS2017)

END.
