#
# A fatal error has been detected by the Java Runtime Environment:
#
#  EXCEPTION_ACCESS_VIOLATION (0xc0000005) at pc=0x000000007110b5db, pid=10100, tid=8212
#
# JRE version: OpenJDK Runtime Environment (14.0+36) (build 14+36-1461)
# Java VM: OpenJDK 64-Bit Server VM (14+36-1461, mixed mode, sharing, tiered, compressed oops, g1 gc, windows-amd64)
# Problematic frame:
# C  [jSSC-2.8_x86_64.dll+0xb5db]
#
# No core dump will be written. Minidumps are not enabled by default on client versions of Windows
#
# If you would like to submit a bug report, please visit:
#   https://bugreport.java.com/bugreport/crash.jsp
# The crash happened outside the Java Virtual Machine in native code.
# See problematic frame for where to report the bug.
#

---------------  S U M M A R Y ------------

Command Line: -javaagent:C:\Program Files\JetBrains\IntelliJ IDEA 2020.1\lib\idea_rt.jar=51552:C:\Program Files\JetBrains\IntelliJ IDEA 2020.1\bin -Dfile.encoding=UTF-8 Gui

Host: Intel(R) Core(TM) i9-9880H CPU @ 2.30GHz, 4 cores, 7G,  Windows 10 , 64 bit Build 18362 (10.0.18362.329)
Time: Mon Apr 20 13:49:08 2020 Europe centrale (heure d?été) elapsed time: 7 seconds (0d 0h 0m 7s)

---------------  T H R E A D  ---------------

Current thread (0x0000014007fbb800):  JavaThread "AWT-EventQueue-0" [_thread_in_native, id=8212, stack(0x0000002f12600000,0x0000002f12700000)]

Stack: [0x0000002f12600000,0x0000002f12700000],  sp=0x0000002f126fe1e0,  free space=1016k
Native frames: (J=compiled Java code, j=interpreted, Vv=VM code, C=native code)
C  [jSSC-2.8_x86_64.dll+0xb5db]

Java frames: (J=compiled Java code, j=interpreted, Vv=VM code)
j  jssc.SerialNativeInterface.openPort(Ljava/lang/String;Z)J+0
j  jssc.SerialPort.openPort()Z+65
j  Gui.sendData(I)V+27
j  Gui.lambda$new$0(Ljava/awt/event/ActionEvent;)V+26
j  Gui$$Lambda$138.actionPerformed(Ljava/awt/event/ActionEvent;)V+5
j  javax.swing.AbstractButton.fireActionPerformed(Ljava/awt/event/ActionEvent;)V+84 java.desktop@14
j  javax.swing.AbstractButton$Handler.actionPerformed(Ljava/awt/event/ActionEvent;)V+5 java.desktop@14
j  javax.swing.DefaultButtonModel.fireActionPerformed(Ljava/awt/event/ActionEvent;)V+34 java.desktop@14
j  javax.swing.DefaultButtonModel.setPressed(Z)V+117 java.desktop@14
j  javax.swing.plaf.basic.BasicButtonListener.mouseReleased(Ljava/awt/event/MouseEvent;)V+35 java.desktop@14
j  java.awt.Component.processMouseEvent(Ljava/awt/event/MouseEvent;)V+64 java.desktop@14
j  javax.swing.JComponent.processMouseEvent(Ljava/awt/event/MouseEvent;)V+23 java.desktop@14
j  java.awt.Component.processEvent(Ljava/awt/AWTEvent;)V+81 java.desktop@14
j  java.awt.Container.processEvent(Ljava/awt/AWTEvent;)V+18 java.desktop@14
j  java.awt.Component.dispatchEventImpl(Ljava/awt/AWTEvent;)V+496 java.desktop@14
j  java.awt.Container.dispatchEventImpl(Ljava/awt/AWTEvent;)V+42 java.desktop@14
j  java.awt.Component.dispatchEvent(Ljava/awt/AWTEvent;)V+2 java.desktop@14
j  java.awt.LightweightDispatcher.retargetMouseEvent(Ljava/awt/Component;ILjava/awt/event/MouseEvent;)V+349 java.desktop@14
j  java.awt.LightweightDispatcher.processMouseEvent(Ljava/awt/event/MouseEvent;)Z+155 java.desktop@14
j  java.awt.LightweightDispatcher.dispatchEvent(Ljava/awt/AWTEvent;)Z+50 java.desktop@14
j  java.awt.Container.dispatchEventImpl(Ljava/awt/AWTEvent;)V+12 java.desktop@14
j  java.awt.Window.dispatchEventImpl(Ljava/awt/AWTEvent;)V+19 java.desktop@14
j  java.awt.Component.dispatchEvent(Ljava/awt/AWTEvent;)V+2 java.desktop@14
j  java.awt.EventQueue.dispatchEventImpl(Ljava/awt/AWTEvent;Ljava/lang/Object;)V+41 java.desktop@14
j  java.awt.EventQueue$4.run()Ljava/lang/Void;+32 java.desktop@14
j  java.awt.EventQueue$4.run()Ljava/lang/Object;+1 java.desktop@14
J 705 c1 java.security.AccessController.executePrivileged(Ljava/security/PrivilegedAction;Ljava/security/AccessControlContext;Ljava/lang/Class;)Ljava/lang/Object; java.base@14 (65 bytes) @ 0x000001406c83fd44 [0x000001406c83fbe0+0x0000000000000164]
j  java.security.AccessController.doPrivileged(Ljava/security/PrivilegedAction;Ljava/security/AccessControlContext;)Ljava/lang/Object;+13 java.base@14
j  java.security.ProtectionDomain$JavaSecurityAccessImpl.doIntersectionPrivilege(Ljava/security/PrivilegedAction;Ljava/security/AccessControlContext;Ljava/security/AccessControlContext;)Ljava/lang/Object;+18 java.base@14
j  java.security.ProtectionDomain$JavaSecurityAccessImpl.doIntersectionPrivilege(Ljava/security/PrivilegedAction;Ljava/security/AccessControlContext;)Ljava/lang/Object;+6 java.base@14
j  java.awt.EventQueue$5.run()Ljava/lang/Void;+11 java.desktop@14
j  java.awt.EventQueue$5.run()Ljava/lang/Object;+1 java.desktop@14
J 705 c1 java.security.AccessController.executePrivileged(Ljava/security/PrivilegedAction;Ljava/security/AccessControlContext;Ljava/lang/Class;)Ljava/lang/Object; java.base@14 (65 bytes) @ 0x000001406c83fd44 [0x000001406c83fbe0+0x0000000000000164]
j  java.security.AccessController.doPrivileged(Ljava/security/PrivilegedAction;Ljava/security/AccessControlContext;)Ljava/lang/Object;+13 java.base@14
j  java.security.ProtectionDomain$JavaSecurityAccessImpl.doIntersectionPrivilege(Ljava/security/PrivilegedAction;Ljava/security/AccessControlContext;Ljava/security/AccessControlContext;)Ljava/lang/Object;+18 java.base@14
j  java.awt.EventQueue.dispatchEvent(Ljava/awt/AWTEvent;)V+73 java.desktop@14
j  java.awt.EventDispatchThread.pumpOneEventForFilters(I)V+78 java.desktop@14
j  java.awt.EventDispatchThread.pumpEventsForFilter(ILjava/awt/Conditional;Ljava/awt/EventFilter;)V+35 java.desktop@14
j  java.awt.EventDispatchThread.pumpEventsForHierarchy(ILjava/awt/Conditional;Ljava/awt/Component;)V+11 java.desktop@14
j  java.awt.EventDispatchThread.pumpEvents(ILjava/awt/Conditional;)V+4 java.desktop@14
j  java.awt.EventDispatchThread.pumpEvents(Ljava/awt/Conditional;)V+3 java.desktop@14
j  java.awt.EventDispatchThread.run()V+9 java.desktop@14
v  ~StubRoutines::call_stub

siginfo: EXCEPTION_ACCESS_VIOLATION (0xc0000005), reading address 0x00000000092ba340


Register to memory mapping:

RIP=0x000000007110b5db jSSC-2.8_x86_64.dll
RAX=0x00000000092ba340 is an unknown value
RBX=0x0000002f126fe250 is pointing into the stack for thread: 0x0000014007fbb800
RCX=0x00007ffc98ffc2a4 ntdll.dll
RDX=0x0 is NULL
RSP=0x0000002f126fe1e0 is pointing into the stack for thread: 0x0000014007fbb800
RBP=0x0000002f126fe360 is pointing into the stack for thread: 0x0000014007fbb800
RSI=0x0000014007fbbb10 points into unknown readable memory: a0 2a 96 5a fc 7f 00 00
RDI=0x0000000000000750 is an unknown value
R8 =0x0000002f126fe0d8 is pointing into the stack for thread: 0x0000014007fbb800
R9 =0x0000002f126fe1d0 is pointing into the stack for thread: 0x0000014007fbb800
R10=0x0 is NULL
R11=0x0000000000000246 is an unknown value
R12=0x0000002f126fe418 is pointing into the stack for thread: 0x0000014007fbb800
R13=0x0000014008156590 points into unknown readable memory: 43 4f 4d 32 00 00 00 00
R14=0x0000002f126fe310 is pointing into the stack for thread: 0x0000014007fbb800
R15=0x0000014007fbb800 is a thread


Registers:
RAX=0x00000000092ba340, RBX=0x0000002f126fe250, RCX=0x00007ffc98ffc2a4, RDX=0x0000000000000000
RSP=0x0000002f126fe1e0, RBP=0x0000002f126fe360, RSI=0x0000014007fbbb10, RDI=0x0000000000000750
R8 =0x0000002f126fe0d8, R9 =0x0000002f126fe1d0, R10=0x0000000000000000, R11=0x0000000000000246
R12=0x0000002f126fe418, R13=0x0000014008156590, R14=0x0000002f126fe310, R15=0x0000014007fbb800
RIP=0x000000007110b5db, EFLAGS=0x0000000000010206

Top of Stack: (sp=0x0000002f126fe1e0)
0x0000002f126fe1e0:   0000014008148a20 0000002398f9fc11
0x0000002f126fe1f0:   000000007110b230 0000014008156310
0x0000002f126fe200:   0000002f126fe360 0000000000000004
0x0000002f126fe210:   0000014007fbbb10 0000000000000750
0x0000002f126fe220:   0000002f126fe360 0000000071112590
0x0000002f126fe230:   0000014007fbb800 0000002f126fe310
0x0000002f126fe240:   0000014008156590 0000002f126fe418
0x0000002f126fe250:   0000014008156590 00007ffc98f9fc11
0x0000002f126fe260:   0000002f126fe290 00000140617b0000
0x0000002f126fe270:   0000002f126fe360 0000000000000000
0x0000002f126fe280:   0000000071113500 0000000071113be8
0x0000002f126fe290:   0000002f126fe2c0 0000000071112641
0x0000002f126fe2a0:   0000002f126fe230 0000014007fbbb10
0x0000002f126fe2b0:   0000000000000000 0000000000000000
0x0000002f126fe2c0:   0000002f126fe360 0000000071101595
0x0000002f126fe2d0:   000000000000001c 0000014000000000 

Instructions: (pc=0x000000007110b5db)
0x000000007110b4db:   48 85 c0 74 bf 44 8b 03 45 85 c0 0f 84 77 ff ff
0x000000007110b4eb:   ff eb 9f 66 90 e8 8b fe ff ff 48 89 05 0c 34 01
0x000000007110b4fb:   00 eb ad 66 90 e8 7b fe ff ff 48 89 05 fc 33 01
0x000000007110b50b:   00 eb 8b e8 8d fe ff ff c7 03 01 00 00 00 e9 6f
0x000000007110b51b:   ff ff ff 66 90 55 48 89 e5 56 53 48 83 ec 20 48
0x000000007110b52b:   8b 05 d7 33 01 00 48 8b 31 48 89 cb 48 85 c0 74
0x000000007110b53b:   56 44 8b 18 45 85 db 78 42 48 8b 05 bd 33 01 00
0x000000007110b54b:   48 85 c0 74 50 44 8b 10 45 85 d2 74 1d 48 89 f1
0x000000007110b55b:   e8 d0 fd ff ff 48 8b 13 48 8d 42 40 48 8b 48 08
0x000000007110b56b:   48 8b 6a 40 48 8b 60 10 ff e1 48 8b 05 9c 33 01
0x000000007110b57b:   00 48 85 c0 74 2d 48 89 30 eb da e8 b5 fe ff ff
0x000000007110b58b:   0f 1f 44 00 00 eb b2 e8 e9 fd ff ff 48 89 05 6a
0x000000007110b59b:   33 01 00 eb 9c e8 db fd ff ff 48 89 05 5c 33 01
0x000000007110b5ab:   00 eb a2 e8 3d fd ff ff 48 89 05 5e 33 01 00 eb
0x000000007110b5bb:   c5 0f 1f 40 00 55 57 56 53 48 83 ec 28 48 8b 05
0x000000007110b5cb:   39 33 01 00 48 89 cb 48 85 c0 0f 84 c5 00 00 00
0x000000007110b5db:   8b 38 85 ff 0f 88 ab 00 00 00 48 8b 05 1c 33 01
0x000000007110b5eb:   00 48 85 c0 0f 84 bc 00 00 00 8b 30 85 f6 74 57
0x000000007110b5fb:   48 8b 05 0e 33 01 00 48 85 c0 0f 84 e5 00 00 00
0x000000007110b60b:   8b 28 48 8b 35 10 5e 01 00 ff d6 89 c7 89 e9 ff
0x000000007110b61b:   15 f4 5e 01 00 89 f9 48 89 c5 ff 15 b9 5e 01 00
0x000000007110b62b:   48 8b 05 de 32 01 00 48 89 2b 48 85 c0 74 46 48
0x000000007110b63b:   89 da 8b 08 ff 15 d7 5e 01 00 85 c0 74 27 48 83
0x000000007110b64b:   c4 28 5b 5e 5f 5d c3 48 8b 05 bf 32 01 00 48 85
0x000000007110b65b:   c0 74 64 48 8b 10 48 89 13 48 89 18 48 83 c4 28
0x000000007110b66b:   5b 5e 5f 5d c3 48 89 f2 48 83 c4 28 5b 5e 5f 5d
0x000000007110b67b:   48 ff e2 66 90 e8 8b fc ff ff 48 89 05 84 32 01
0x000000007110b68b:   00 eb ac 66 90 e8 ab fd ff ff e9 4b ff ff ff 66
0x000000007110b69b:   0f 1f 44 00 00 e8 db fc ff ff 48 89 05 5c 32 01
0x000000007110b6ab:   00 e9 2a ff ff ff e8 ca fc ff ff 48 89 05 4b 32
0x000000007110b6bb:   01 00 e9 33 ff ff ff e8 29 fc ff ff 48 89 05 4a
0x000000007110b6cb:   32 01 00 48 8b 10 48 85 c0 48 89 13 75 8b e8 12 


Stack slot to memory mapping:
stack at sp + 0 slots: 0x0000014008148a20 points into unknown readable memory: c0 12 77 61 40 01 00 00
stack at sp + 1 slots: 0x0000002398f9fc11 is an unknown value
stack at sp + 2 slots: 0x000000007110b230 jSSC-2.8_x86_64.dll
stack at sp + 3 slots: 0x0000014008156310 points into unknown readable memory: 20 8a 14 08 40 01 00 00
stack at sp + 4 slots: 0x0000002f126fe360 is pointing into the stack for thread: 0x0000014007fbb800
stack at sp + 5 slots: 0x0000000000000004 is an unknown value
stack at sp + 6 slots: 0x0000014007fbbb10 points into unknown readable memory: a0 2a 96 5a fc 7f 00 00
stack at sp + 7 slots: 0x0000000000000750 is an unknown value


---------------  P R O C E S S  ---------------

Threads class SMR info:
_java_thread_list=0x000001400813b2a0, length=18, elements={
0x00000140639fc800, 0x00000140022af000, 0x00000140022b0000, 0x00000140022c7800,
0x00000140022ca800, 0x00000140022cc000, 0x00000140022ce000, 0x00000140022d2800,
0x0000014002c83000, 0x0000014002292800, 0x0000014002dca000, 0x0000014002dcf000,
0x0000014003011800, 0x0000014002fc0000, 0x0000014003014000, 0x0000014007fbb800,
0x00000140080be000, 0x000001400813e800
}

Java Threads: ( => current thread )
  0x00000140639fc800 JavaThread "main" [_thread_in_native, id=4984, stack(0x0000002f11000000,0x0000002f11100000)]
  0x00000140022af000 JavaThread "Reference Handler" daemon [_thread_blocked, id=10580, stack(0x0000002f11700000,0x0000002f11800000)]
  0x00000140022b0000 JavaThread "Finalizer" daemon [_thread_blocked, id=6032, stack(0x0000002f11800000,0x0000002f11900000)]
  0x00000140022c7800 JavaThread "Signal Dispatcher" daemon [_thread_blocked, id=952, stack(0x0000002f11900000,0x0000002f11a00000)]
  0x00000140022ca800 JavaThread "Attach Listener" daemon [_thread_blocked, id=9984, stack(0x0000002f11a00000,0x0000002f11b00000)]
  0x00000140022cc000 JavaThread "Service Thread" daemon [_thread_blocked, id=4896, stack(0x0000002f11b00000,0x0000002f11c00000)]
  0x00000140022ce000 JavaThread "C2 CompilerThread0" daemon [_thread_blocked, id=8640, stack(0x0000002f11c00000,0x0000002f11d00000)]
  0x00000140022d2800 JavaThread "C1 CompilerThread0" daemon [_thread_blocked, id=3700, stack(0x0000002f11d00000,0x0000002f11e00000)]
  0x0000014002c83000 JavaThread "Sweeper thread" daemon [_thread_blocked, id=5540, stack(0x0000002f11e00000,0x0000002f11f00000)]
  0x0000014002292800 JavaThread "Common-Cleaner" daemon [_thread_blocked, id=6368, stack(0x0000002f11f00000,0x0000002f12000000)]
  0x0000014002dca000 JavaThread "Monitor Ctrl-Break" daemon [_thread_in_native, id=4084, stack(0x0000002f12000000,0x0000002f12100000)]
  0x0000014002dcf000 JavaThread "Notification Thread" daemon [_thread_blocked, id=6504, stack(0x0000002f12100000,0x0000002f12200000)]
  0x0000014003011800 JavaThread "Java2D Disposer" daemon [_thread_blocked, id=6636, stack(0x0000002f12300000,0x0000002f12400000)]
  0x0000014002fc0000 JavaThread "AWT-Shutdown" [_thread_blocked, id=10876, stack(0x0000002f12400000,0x0000002f12500000)]
  0x0000014003014000 JavaThread "AWT-Windows" daemon [_thread_in_native, id=1848, stack(0x0000002f12500000,0x0000002f12600000)]
=>0x0000014007fbb800 JavaThread "AWT-EventQueue-0" [_thread_in_native, id=8212, stack(0x0000002f12600000,0x0000002f12700000)]
  0x00000140080be000 JavaThread "D3D Screen Updater" daemon [_thread_blocked, id=12860, stack(0x0000002f12a00000,0x0000002f12b00000)]
  0x000001400813e800 JavaThread "TimerQueue" daemon [_thread_blocked, id=9020, stack(0x0000002f12b00000,0x0000002f12c00000)]

Other Threads:
  0x00000140022aa800 VMThread "VM Thread" [stack: 0x0000002f11600000,0x0000002f11700000] [id=11716]
  0x0000014002dd0800 WatcherThread [stack: 0x0000002f12200000,0x0000002f12300000] [id=3324]
  0x0000014063a3e000 GCTaskThread "GC Thread#0" [stack: 0x0000002f11100000,0x0000002f11200000] [id=12552]
  0x0000014063a52800 ConcurrentGCThread "G1 Main Marker" [stack: 0x0000002f11200000,0x0000002f11300000] [id=6112]
  0x0000014063a53800 ConcurrentGCThread "G1 Conc#0" [stack: 0x0000002f11300000,0x0000002f11400000] [id=1496]
  0x0000014002120800 ConcurrentGCThread "G1 Refine#0" [stack: 0x0000002f11400000,0x0000002f11500000] [id=10808]
  0x0000014002121800 ConcurrentGCThread "G1 Young RemSet Sampling" [stack: 0x0000002f11500000,0x0000002f11600000] [id=9552]

Threads with active compile tasks:

VM state:not at safepoint (normal execution)

VM Mutex/Monitor currently owned by a thread: None

Heap address: 0x0000000080400000, size: 2044 MB, Compressed Oops mode: 32-bit
Narrow klass base: 0x0000000800000000, Narrow klass shift: 3
Compressed class space size: 1073741824 Address: 0x0000000800b30000

Heap:
 garbage-first heap   total 131072K, used 7168K [0x0000000080400000, 0x0000000100000000)
  region size 1024K, 8 young (8192K), 0 survivors (0K)
 Metaspace       used 8827K, capacity 9094K, committed 9216K, reserved 1056768K
  class space    used 1049K, capacity 1165K, committed 1280K, reserved 1048576K
Heap Regions: E=young(eden), S=young(survivor), O=old, HS=humongous(starts), HC=humongous(continues), CS=collection set, F=free, OA=open archive, CA=closed archive, TAMS=top-at-mark-start (previous, next)
|   0|0x0000000080400000, 0x0000000080400000, 0x0000000080500000|  0%| F|  |TAMS 0x0000000080400000, 0x0000000080400000| Untracked 
|   1|0x0000000080500000, 0x0000000080500000, 0x0000000080600000|  0%| F|  |TAMS 0x0000000080500000, 0x0000000080500000| Untracked 
|   2|0x0000000080600000, 0x0000000080600000, 0x0000000080700000|  0%| F|  |TAMS 0x0000000080600000, 0x0000000080600000| Untracked 
|   3|0x0000000080700000, 0x0000000080700000, 0x0000000080800000|  0%| F|  |TAMS 0x0000000080700000, 0x0000000080700000| Untracked 
|   4|0x0000000080800000, 0x0000000080800000, 0x0000000080900000|  0%| F|  |TAMS 0x0000000080800000, 0x0000000080800000| Untracked 
|   5|0x0000000080900000, 0x0000000080900000, 0x0000000080a00000|  0%| F|  |TAMS 0x0000000080900000, 0x0000000080900000| Untracked 
|   6|0x0000000080a00000, 0x0000000080a00000, 0x0000000080b00000|  0%| F|  |TAMS 0x0000000080a00000, 0x0000000080a00000| Untracked 
|   7|0x0000000080b00000, 0x0000000080b00000, 0x0000000080c00000|  0%| F|  |TAMS 0x0000000080b00000, 0x0000000080b00000| Untracked 
|   8|0x0000000080c00000, 0x0000000080c00000, 0x0000000080d00000|  0%| F|  |TAMS 0x0000000080c00000, 0x0000000080c00000| Untracked 
|   9|0x0000000080d00000, 0x0000000080d00000, 0x0000000080e00000|  0%| F|  |TAMS 0x0000000080d00000, 0x0000000080d00000| Untracked 
|  10|0x0000000080e00000, 0x0000000080e00000, 0x0000000080f00000|  0%| F|  |TAMS 0x0000000080e00000, 0x0000000080e00000| Untracked 
|  11|0x0000000080f00000, 0x0000000080f00000, 0x0000000081000000|  0%| F|  |TAMS 0x0000000080f00000, 0x0000000080f00000| Untracked 
|  12|0x0000000081000000, 0x0000000081000000, 0x0000000081100000|  0%| F|  |TAMS 0x0000000081000000, 0x0000000081000000| Untracked 
|  13|0x0000000081100000, 0x0000000081100000, 0x0000000081200000|  0%| F|  |TAMS 0x0000000081100000, 0x0000000081100000| Untracked 
|  14|0x0000000081200000, 0x0000000081200000, 0x0000000081300000|  0%| F|  |TAMS 0x0000000081200000, 0x0000000081200000| Untracked 
|  15|0x0000000081300000, 0x0000000081300000, 0x0000000081400000|  0%| F|  |TAMS 0x0000000081300000, 0x0000000081300000| Untracked 
|  16|0x0000000081400000, 0x0000000081400000, 0x0000000081500000|  0%| F|  |TAMS 0x0000000081400000, 0x0000000081400000| Untracked 
|  17|0x0000000081500000, 0x0000000081500000, 0x0000000081600000|  0%| F|  |TAMS 0x0000000081500000, 0x0000000081500000| Untracked 
|  18|0x0000000081600000, 0x0000000081600000, 0x0000000081700000|  0%| F|  |TAMS 0x0000000081600000, 0x0000000081600000| Untracked 
|  19|0x0000000081700000, 0x0000000081700000, 0x0000000081800000|  0%| F|  |TAMS 0x0000000081700000, 0x0000000081700000| Untracked 
|  20|0x0000000081800000, 0x0000000081800000, 0x0000000081900000|  0%| F|  |TAMS 0x0000000081800000, 0x0000000081800000| Untracked 
|  21|0x0000000081900000, 0x0000000081900000, 0x0000000081a00000|  0%| F|  |TAMS 0x0000000081900000, 0x0000000081900000| Untracked 
|  22|0x0000000081a00000, 0x0000000081a00000, 0x0000000081b00000|  0%| F|  |TAMS 0x0000000081a00000, 0x0000000081a00000| Untracked 
|  23|0x0000000081b00000, 0x0000000081b00000, 0x0000000081c00000|  0%| F|  |TAMS 0x0000000081b00000, 0x0000000081b00000| Untracked 
|  24|0x0000000081c00000, 0x0000000081c00000, 0x0000000081d00000|  0%| F|  |TAMS 0x0000000081c00000, 0x0000000081c00000| Untracked 
|  25|0x0000000081d00000, 0x0000000081d00000, 0x0000000081e00000|  0%| F|  |TAMS 0x0000000081d00000, 0x0000000081d00000| Untracked 
|  26|0x0000000081e00000, 0x0000000081e00000, 0x0000000081f00000|  0%| F|  |TAMS 0x0000000081e00000, 0x0000000081e00000| Untracked 
|  27|0x0000000081f00000, 0x0000000081f00000, 0x0000000082000000|  0%| F|  |TAMS 0x0000000081f00000, 0x0000000081f00000| Untracked 
|  28|0x0000000082000000, 0x0000000082000000, 0x0000000082100000|  0%| F|  |TAMS 0x0000000082000000, 0x0000000082000000| Untracked 
|  29|0x0000000082100000, 0x0000000082100000, 0x0000000082200000|  0%| F|  |TAMS 0x0000000082100000, 0x0000000082100000| Untracked 
|  30|0x0000000082200000, 0x0000000082200000, 0x0000000082300000|  0%| F|  |TAMS 0x0000000082200000, 0x0000000082200000| Untracked 
|  31|0x0000000082300000, 0x0000000082300000, 0x0000000082400000|  0%| F|  |TAMS 0x0000000082300000, 0x0000000082300000| Untracked 
|  32|0x0000000082400000, 0x0000000082400000, 0x0000000082500000|  0%| F|  |TAMS 0x0000000082400000, 0x0000000082400000| Untracked 
|  33|0x0000000082500000, 0x0000000082500000, 0x0000000082600000|  0%| F|  |TAMS 0x0000000082500000, 0x0000000082500000| Untracked 
|  34|0x0000000082600000, 0x0000000082600000, 0x0000000082700000|  0%| F|  |TAMS 0x0000000082600000, 0x0000000082600000| Untracked 
|  35|0x0000000082700000, 0x0000000082700000, 0x0000000082800000|  0%| F|  |TAMS 0x0000000082700000, 0x0000000082700000| Untracked 
|  36|0x0000000082800000, 0x0000000082800000, 0x0000000082900000|  0%| F|  |TAMS 0x0000000082800000, 0x0000000082800000| Untracked 
|  37|0x0000000082900000, 0x0000000082900000, 0x0000000082a00000|  0%| F|  |TAMS 0x0000000082900000, 0x0000000082900000| Untracked 
|  38|0x0000000082a00000, 0x0000000082a00000, 0x0000000082b00000|  0%| F|  |TAMS 0x0000000082a00000, 0x0000000082a00000| Untracked 
|  39|0x0000000082b00000, 0x0000000082b00000, 0x0000000082c00000|  0%| F|  |TAMS 0x0000000082b00000, 0x0000000082b00000| Untracked 
|  40|0x0000000082c00000, 0x0000000082c00000, 0x0000000082d00000|  0%| F|  |TAMS 0x0000000082c00000, 0x0000000082c00000| Untracked 
|  41|0x0000000082d00000, 0x0000000082d00000, 0x0000000082e00000|  0%| F|  |TAMS 0x0000000082d00000, 0x0000000082d00000| Untracked 
|  42|0x0000000082e00000, 0x0000000082e00000, 0x0000000082f00000|  0%| F|  |TAMS 0x0000000082e00000, 0x0000000082e00000| Untracked 
|  43|0x0000000082f00000, 0x0000000082f00000, 0x0000000083000000|  0%| F|  |TAMS 0x0000000082f00000, 0x0000000082f00000| Untracked 
|  44|0x0000000083000000, 0x0000000083000000, 0x0000000083100000|  0%| F|  |TAMS 0x0000000083000000, 0x0000000083000000| Untracked 
|  45|0x0000000083100000, 0x0000000083100000, 0x0000000083200000|  0%| F|  |TAMS 0x0000000083100000, 0x0000000083100000| Untracked 
|  46|0x0000000083200000, 0x0000000083200000, 0x0000000083300000|  0%| F|  |TAMS 0x0000000083200000, 0x0000000083200000| Untracked 
|  47|0x0000000083300000, 0x0000000083300000, 0x0000000083400000|  0%| F|  |TAMS 0x0000000083300000, 0x0000000083300000| Untracked 
|  48|0x0000000083400000, 0x0000000083400000, 0x0000000083500000|  0%| F|  |TAMS 0x0000000083400000, 0x0000000083400000| Untracked 
|  49|0x0000000083500000, 0x0000000083500000, 0x0000000083600000|  0%| F|  |TAMS 0x0000000083500000, 0x0000000083500000| Untracked 
|  50|0x0000000083600000, 0x0000000083600000, 0x0000000083700000|  0%| F|  |TAMS 0x0000000083600000, 0x0000000083600000| Untracked 
|  51|0x0000000083700000, 0x0000000083700000, 0x0000000083800000|  0%| F|  |TAMS 0x0000000083700000, 0x0000000083700000| Untracked 
|  52|0x0000000083800000, 0x0000000083800000, 0x0000000083900000|  0%| F|  |TAMS 0x0000000083800000, 0x0000000083800000| Untracked 
|  53|0x0000000083900000, 0x0000000083900000, 0x0000000083a00000|  0%| F|  |TAMS 0x0000000083900000, 0x0000000083900000| Untracked 
|  54|0x0000000083a00000, 0x0000000083a00000, 0x0000000083b00000|  0%| F|  |TAMS 0x0000000083a00000, 0x0000000083a00000| Untracked 
|  55|0x0000000083b00000, 0x0000000083b00000, 0x0000000083c00000|  0%| F|  |TAMS 0x0000000083b00000, 0x0000000083b00000| Untracked 
|  56|0x0000000083c00000, 0x0000000083c00000, 0x0000000083d00000|  0%| F|  |TAMS 0x0000000083c00000, 0x0000000083c00000| Untracked 
|  57|0x0000000083d00000, 0x0000000083d00000, 0x0000000083e00000|  0%| F|  |TAMS 0x0000000083d00000, 0x0000000083d00000| Untracked 
|  58|0x0000000083e00000, 0x0000000083e00000, 0x0000000083f00000|  0%| F|  |TAMS 0x0000000083e00000, 0x0000000083e00000| Untracked 
|  59|0x0000000083f00000, 0x0000000083f00000, 0x0000000084000000|  0%| F|  |TAMS 0x0000000083f00000, 0x0000000083f00000| Untracked 
|  60|0x0000000084000000, 0x0000000084000000, 0x0000000084100000|  0%| F|  |TAMS 0x0000000084000000, 0x0000000084000000| Untracked 
|  61|0x0000000084100000, 0x0000000084100000, 0x0000000084200000|  0%| F|  |TAMS 0x0000000084100000, 0x0000000084100000| Untracked 
|  62|0x0000000084200000, 0x0000000084200000, 0x0000000084300000|  0%| F|  |TAMS 0x0000000084200000, 0x0000000084200000| Untracked 
|  63|0x0000000084300000, 0x0000000084300000, 0x0000000084400000|  0%| F|  |TAMS 0x0000000084300000, 0x0000000084300000| Untracked 
|  64|0x0000000084400000, 0x0000000084400000, 0x0000000084500000|  0%| F|  |TAMS 0x0000000084400000, 0x0000000084400000| Untracked 
|  65|0x0000000084500000, 0x0000000084500000, 0x0000000084600000|  0%| F|  |TAMS 0x0000000084500000, 0x0000000084500000| Untracked 
|  66|0x0000000084600000, 0x0000000084600000, 0x0000000084700000|  0%| F|  |TAMS 0x0000000084600000, 0x0000000084600000| Untracked 
|  67|0x0000000084700000, 0x0000000084700000, 0x0000000084800000|  0%| F|  |TAMS 0x0000000084700000, 0x0000000084700000| Untracked 
|  68|0x0000000084800000, 0x0000000084800000, 0x0000000084900000|  0%| F|  |TAMS 0x0000000084800000, 0x0000000084800000| Untracked 
|  69|0x0000000084900000, 0x0000000084900000, 0x0000000084a00000|  0%| F|  |TAMS 0x0000000084900000, 0x0000000084900000| Untracked 
|  70|0x0000000084a00000, 0x0000000084a00000, 0x0000000084b00000|  0%| F|  |TAMS 0x0000000084a00000, 0x0000000084a00000| Untracked 
|  71|0x0000000084b00000, 0x0000000084b00000, 0x0000000084c00000|  0%| F|  |TAMS 0x0000000084b00000, 0x0000000084b00000| Untracked 
|  72|0x0000000084c00000, 0x0000000084c00000, 0x0000000084d00000|  0%| F|  |TAMS 0x0000000084c00000, 0x0000000084c00000| Untracked 
|  73|0x0000000084d00000, 0x0000000084d00000, 0x0000000084e00000|  0%| F|  |TAMS 0x0000000084d00000, 0x0000000084d00000| Untracked 
|  74|0x0000000084e00000, 0x0000000084e00000, 0x0000000084f00000|  0%| F|  |TAMS 0x0000000084e00000, 0x0000000084e00000| Untracked 
|  75|0x0000000084f00000, 0x0000000084f00000, 0x0000000085000000|  0%| F|  |TAMS 0x0000000084f00000, 0x0000000084f00000| Untracked 
|  76|0x0000000085000000, 0x0000000085000000, 0x0000000085100000|  0%| F|  |TAMS 0x0000000085000000, 0x0000000085000000| Untracked 
|  77|0x0000000085100000, 0x0000000085100000, 0x0000000085200000|  0%| F|  |TAMS 0x0000000085100000, 0x0000000085100000| Untracked 
|  78|0x0000000085200000, 0x0000000085200000, 0x0000000085300000|  0%| F|  |TAMS 0x0000000085200000, 0x0000000085200000| Untracked 
|  79|0x0000000085300000, 0x0000000085300000, 0x0000000085400000|  0%| F|  |TAMS 0x0000000085300000, 0x0000000085300000| Untracked 
|  80|0x0000000085400000, 0x0000000085400000, 0x0000000085500000|  0%| F|  |TAMS 0x0000000085400000, 0x0000000085400000| Untracked 
|  81|0x0000000085500000, 0x0000000085500000, 0x0000000085600000|  0%| F|  |TAMS 0x0000000085500000, 0x0000000085500000| Untracked 
|  82|0x0000000085600000, 0x0000000085600000, 0x0000000085700000|  0%| F|  |TAMS 0x0000000085600000, 0x0000000085600000| Untracked 
|  83|0x0000000085700000, 0x0000000085700000, 0x0000000085800000|  0%| F|  |TAMS 0x0000000085700000, 0x0000000085700000| Untracked 
|  84|0x0000000085800000, 0x0000000085800000, 0x0000000085900000|  0%| F|  |TAMS 0x0000000085800000, 0x0000000085800000| Untracked 
|  85|0x0000000085900000, 0x0000000085900000, 0x0000000085a00000|  0%| F|  |TAMS 0x0000000085900000, 0x0000000085900000| Untracked 
|  86|0x0000000085a00000, 0x0000000085a00000, 0x0000000085b00000|  0%| F|  |TAMS 0x0000000085a00000, 0x0000000085a00000| Untracked 
|  87|0x0000000085b00000, 0x0000000085b00000, 0x0000000085c00000|  0%| F|  |TAMS 0x0000000085b00000, 0x0000000085b00000| Untracked 
|  88|0x0000000085c00000, 0x0000000085c00000, 0x0000000085d00000|  0%| F|  |TAMS 0x0000000085c00000, 0x0000000085c00000| Untracked 
|  89|0x0000000085d00000, 0x0000000085d00000, 0x0000000085e00000|  0%| F|  |TAMS 0x0000000085d00000, 0x0000000085d00000| Untracked 
|  90|0x0000000085e00000, 0x0000000085e00000, 0x0000000085f00000|  0%| F|  |TAMS 0x0000000085e00000, 0x0000000085e00000| Untracked 
|  91|0x0000000085f00000, 0x0000000085f00000, 0x0000000086000000|  0%| F|  |TAMS 0x0000000085f00000, 0x0000000085f00000| Untracked 
|  92|0x0000000086000000, 0x0000000086000000, 0x0000000086100000|  0%| F|  |TAMS 0x0000000086000000, 0x0000000086000000| Untracked 
|  93|0x0000000086100000, 0x0000000086100000, 0x0000000086200000|  0%| F|  |TAMS 0x0000000086100000, 0x0000000086100000| Untracked 
|  94|0x0000000086200000, 0x0000000086200000, 0x0000000086300000|  0%| F|  |TAMS 0x0000000086200000, 0x0000000086200000| Untracked 
|  95|0x0000000086300000, 0x0000000086300000, 0x0000000086400000|  0%| F|  |TAMS 0x0000000086300000, 0x0000000086300000| Untracked 
|  96|0x0000000086400000, 0x0000000086400000, 0x0000000086500000|  0%| F|  |TAMS 0x0000000086400000, 0x0000000086400000| Untracked 
|  97|0x0000000086500000, 0x0000000086500000, 0x0000000086600000|  0%| F|  |TAMS 0x0000000086500000, 0x0000000086500000| Untracked 
|  98|0x0000000086600000, 0x0000000086600000, 0x0000000086700000|  0%| F|  |TAMS 0x0000000086600000, 0x0000000086600000| Untracked 
|  99|0x0000000086700000, 0x0000000086700000, 0x0000000086800000|  0%| F|  |TAMS 0x0000000086700000, 0x0000000086700000| Untracked 
| 100|0x0000000086800000, 0x0000000086800000, 0x0000000086900000|  0%| F|  |TAMS 0x0000000086800000, 0x0000000086800000| Untracked 
| 101|0x0000000086900000, 0x0000000086900000, 0x0000000086a00000|  0%| F|  |TAMS 0x0000000086900000, 0x0000000086900000| Untracked 
| 102|0x0000000086a00000, 0x0000000086a00000, 0x0000000086b00000|  0%| F|  |TAMS 0x0000000086a00000, 0x0000000086a00000| Untracked 
| 103|0x0000000086b00000, 0x0000000086b00000, 0x0000000086c00000|  0%| F|  |TAMS 0x0000000086b00000, 0x0000000086b00000| Untracked 
| 104|0x0000000086c00000, 0x0000000086c00000, 0x0000000086d00000|  0%| F|  |TAMS 0x0000000086c00000, 0x0000000086c00000| Untracked 
| 105|0x0000000086d00000, 0x0000000086d00000, 0x0000000086e00000|  0%| F|  |TAMS 0x0000000086d00000, 0x0000000086d00000| Untracked 
| 106|0x0000000086e00000, 0x0000000086e00000, 0x0000000086f00000|  0%| F|  |TAMS 0x0000000086e00000, 0x0000000086e00000| Untracked 
| 107|0x0000000086f00000, 0x0000000086f00000, 0x0000000087000000|  0%| F|  |TAMS 0x0000000086f00000, 0x0000000086f00000| Untracked 
| 108|0x0000000087000000, 0x0000000087000000, 0x0000000087100000|  0%| F|  |TAMS 0x0000000087000000, 0x0000000087000000| Untracked 
| 109|0x0000000087100000, 0x0000000087100000, 0x0000000087200000|  0%| F|  |TAMS 0x0000000087100000, 0x0000000087100000| Untracked 
| 110|0x0000000087200000, 0x0000000087200000, 0x0000000087300000|  0%| F|  |TAMS 0x0000000087200000, 0x0000000087200000| Untracked 
| 111|0x0000000087300000, 0x0000000087300000, 0x0000000087400000|  0%| F|  |TAMS 0x0000000087300000, 0x0000000087300000| Untracked 
| 112|0x0000000087400000, 0x0000000087400000, 0x0000000087500000|  0%| F|  |TAMS 0x0000000087400000, 0x0000000087400000| Untracked 
| 113|0x0000000087500000, 0x0000000087500000, 0x0000000087600000|  0%| F|  |TAMS 0x0000000087500000, 0x0000000087500000| Untracked 
| 114|0x0000000087600000, 0x0000000087600000, 0x0000000087700000|  0%| F|  |TAMS 0x0000000087600000, 0x0000000087600000| Untracked 
| 115|0x0000000087700000, 0x0000000087700000, 0x0000000087800000|  0%| F|  |TAMS 0x0000000087700000, 0x0000000087700000| Untracked 
| 116|0x0000000087800000, 0x0000000087800000, 0x0000000087900000|  0%| F|  |TAMS 0x0000000087800000, 0x0000000087800000| Untracked 
| 117|0x0000000087900000, 0x0000000087900000, 0x0000000087a00000|  0%| F|  |TAMS 0x0000000087900000, 0x0000000087900000| Untracked 
| 118|0x0000000087a00000, 0x0000000087a00000, 0x0000000087b00000|  0%| F|  |TAMS 0x0000000087a00000, 0x0000000087a00000| Untracked 
| 119|0x0000000087b00000, 0x0000000087b00000, 0x0000000087c00000|  0%| F|  |TAMS 0x0000000087b00000, 0x0000000087b00000| Untracked 
| 120|0x0000000087c00000, 0x0000000087c00800, 0x0000000087d00000|  0%| E|  |TAMS 0x0000000087c00000, 0x0000000087c00000| Complete 
| 121|0x0000000087d00000, 0x0000000087e00000, 0x0000000087e00000|100%| E|CS|TAMS 0x0000000087d00000, 0x0000000087d00000| Complete 
| 122|0x0000000087e00000, 0x0000000087f00000, 0x0000000087f00000|100%| E|CS|TAMS 0x0000000087e00000, 0x0000000087e00000| Complete 
| 123|0x0000000087f00000, 0x0000000088000000, 0x0000000088000000|100%| E|CS|TAMS 0x0000000087f00000, 0x0000000087f00000| Complete 
| 124|0x0000000088000000, 0x0000000088100000, 0x0000000088100000|100%| E|CS|TAMS 0x0000000088000000, 0x0000000088000000| Complete 
| 125|0x0000000088100000, 0x0000000088200000, 0x0000000088200000|100%| E|CS|TAMS 0x0000000088100000, 0x0000000088100000| Complete 
| 126|0x0000000088200000, 0x0000000088300000, 0x0000000088300000|100%| E|CS|TAMS 0x0000000088200000, 0x0000000088200000| Complete 
| 127|0x0000000088300000, 0x0000000088400000, 0x0000000088400000|100%| E|CS|TAMS 0x0000000088300000, 0x0000000088300000| Complete 

Card table byte_map: [0x000001407b590000,0x000001407b990000] _byte_map_base: 0x000001407b18e000

Marking Bits (Prev, Next): (CMBitMap*) 0x0000014063a3f878, (CMBitMap*) 0x0000014063a3f8b8
 Prev Bits: [0x000001407bd90000, 0x000001407dd80000)
 Next Bits: [0x000001407dd80000, 0x000001407fd70000)

Polling page: 0x00000140619a0000

Metaspace:

Usage:
  Non-class:      7.74 MB capacity,     7.60 MB ( 98%) used,   129.84 KB (  2%) free+waste,    21.19 KB ( <1%) overhead. 
      Class:      1.14 MB capacity,     1.03 MB ( 90%) used,   101.62 KB (  9%) free+waste,    13.63 KB (  1%) overhead. 
       Both:      8.88 MB capacity,     8.62 MB ( 97%) used,   231.46 KB (  3%) free+waste,    34.81 KB ( <1%) overhead. 

Virtual space:
  Non-class space:        8.00 MB reserved,       7.75 MB ( 97%) committed 
      Class space:        1.00 GB reserved,       1.25 MB ( <1%) committed 
             Both:        1.01 GB reserved,       9.00 MB ( <1%) committed 

Chunk freelists:
   Non-Class:  7.00 KB
       Class:  19.00 KB
        Both:  26.00 KB

MaxMetaspaceSize: 17179869184.00 GB
CompressedClassSpaceSize: 1.00 GB

CodeHeap 'non-profiled nmethods': size=120000Kb used=254Kb max_used=254Kb free=119745Kb
 bounds [0x0000014073c60000, 0x0000014073ed0000, 0x000001407b190000]
CodeHeap 'profiled nmethods': size=120000Kb used=1325Kb max_used=1325Kb free=118674Kb
 bounds [0x000001406c730000, 0x000001406c9a0000, 0x0000014073c60000]
CodeHeap 'non-nmethods': size=5760Kb used=1292Kb max_used=1303Kb free=4468Kb
 bounds [0x000001406c190000, 0x000001406c400000, 0x000001406c730000]
 total_blobs=1856 nmethods=889 adapters=498
 compilation: enabled
              stopped_count=0, restarted_count=0
 full_count=0

Compilation events (20 events):
Event: 6.989 Thread 0x00000140022d2800 nmethod 880 0x000001406c872190 code [0x000001406c872620, 0x000001406c8754e8]
Event: 6.989 Thread 0x00000140022d2800  881       3       sun.font.FontDesignMetrics::getDefaultFrc (53 bytes)
Event: 6.990 Thread 0x00000140022d2800 nmethod 881 0x000001406c876290 code [0x000001406c876520, 0x000001406c877158]
Event: 7.073 Thread 0x00000140022d2800  882       3       java.security.AccessController::checkContext (49 bytes)
Event: 7.074 Thread 0x00000140022d2800 nmethod 882 0x000001406c877510 code [0x000001406c877720, 0x000001406c877d38]
Event: 7.075 Thread 0x00000140022d2800  883       3       jdk.internal.math.FDBigInteger::mult (64 bytes)
Event: 7.075 Thread 0x00000140022d2800 nmethod 883 0x000001406c877f90 code [0x000001406c878140, 0x000001406c8783b8]
Event: 7.075 Thread 0x00000140022d2800  884       3       jdk.internal.math.FDBigInteger::<init> (30 bytes)
Event: 7.075 Thread 0x00000140022d2800 nmethod 884 0x000001406c878590 code [0x000001406c878740, 0x000001406c878968]
Event: 7.079 Thread 0x00000140022d2800  885       3       java.lang.invoke.BoundMethodHandle::bindArgumentL (11 bytes)
Event: 7.079 Thread 0x00000140022d2800 nmethod 885 0x000001406c878a90 code [0x000001406c878c80, 0x000001406c879198]
Event: 7.079 Thread 0x00000140022d2800  886       3       java.lang.invoke.LambdaFormEditor::bindArgumentL (59 bytes)
Event: 7.079 Thread 0x00000140022d2800 nmethod 886 0x000001406c879390 code [0x000001406c879560, 0x000001406c879828]
Event: 7.082 Thread 0x00000140022d2800  887       1       java.nio.DirectByteBuffer::isReadOnly (2 bytes)
Event: 7.082 Thread 0x00000140022d2800 nmethod 887 0x0000014073c9f710 code [0x0000014073c9f8a0, 0x0000014073c9f978]
Event: 7.082 Thread 0x00000140022d2800  888       3       sun.font.FontDesignMetrics::getLatinCharWidth (29 bytes)
Event: 7.082 Thread 0x00000140022d2800 nmethod 888 0x000001406c879990 code [0x000001406c879b60, 0x000001406c879e88]
Event: 7.085 Thread 0x00000140022d2800  889       3       sun.font.FontDesignMetrics$MetricsKey::equals (49 bytes)
Event: 7.085 Thread 0x00000140022d2800 nmethod 889 0x000001406c87a010 code [0x000001406c87a1e0, 0x000001406c87a838]
Event: 7.085 Thread 0x00000140022d2800  890       3       java.awt.Font::equals (131 bytes)

GC Heap History (0 events):
No events

Deoptimization events (20 events):
Event: 5.318 Thread 0x0000014007fbb800 Uncommon trap: trap_request=0xffffffde fr.pc=0x0000014073c6afe0 relative=0x00000000000001c0
Event: 5.318 Thread 0x0000014007fbb800 Uncommon trap: reason=class_check action=maybe_recompile pc=0x0000014073c6afe0 method=java.lang.String.equals(Ljava/lang/Object;)Z @ 8 c2
Event: 5.318 Thread 0x0000014007fbb800 DEOPT PACKING pc=0x0000014073c6afe0 sp=0x0000002f126fe2d0
Event: 5.318 Thread 0x0000014007fbb800 DEOPT UNPACKING pc=0x000001406c1d912f sp=0x0000002f126fe278 mode 2
Event: 5.318 Thread 0x0000014007fbb800 Uncommon trap: trap_request=0xffffffde fr.pc=0x0000014073c6afe0 relative=0x00000000000001c0
Event: 5.318 Thread 0x0000014007fbb800 Uncommon trap: reason=class_check action=maybe_recompile pc=0x0000014073c6afe0 method=java.lang.String.equals(Ljava/lang/Object;)Z @ 8 c2
Event: 5.318 Thread 0x0000014007fbb800 DEOPT PACKING pc=0x0000014073c6afe0 sp=0x0000002f126fe2d0
Event: 5.318 Thread 0x0000014007fbb800 DEOPT UNPACKING pc=0x000001406c1d912f sp=0x0000002f126fe278 mode 2
Event: 5.512 Thread 0x0000014007fbb800 Uncommon trap: trap_request=0xffffff45 fr.pc=0x0000014073c94098 relative=0x0000000000000238
Event: 5.512 Thread 0x0000014007fbb800 Uncommon trap: reason=unstable_if action=reinterpret pc=0x0000014073c94098 method=java.util.HashMap.getNode(ILjava/lang/Object;)Ljava/util/HashMap$Node; @ 62 c2
Event: 5.512 Thread 0x0000014007fbb800 DEOPT PACKING pc=0x0000014073c94098 sp=0x0000002f126fe3b0
Event: 5.512 Thread 0x0000014007fbb800 DEOPT UNPACKING pc=0x000001406c1d912f sp=0x0000002f126fe320 mode 2
Event: 5.512 Thread 0x0000014007fbb800 Uncommon trap: trap_request=0xffffffde fr.pc=0x0000014073c6afe0 relative=0x00000000000001c0
Event: 5.512 Thread 0x0000014007fbb800 Uncommon trap: reason=class_check action=maybe_recompile pc=0x0000014073c6afe0 method=java.lang.String.equals(Ljava/lang/Object;)Z @ 8 c2
Event: 5.512 Thread 0x0000014007fbb800 DEOPT PACKING pc=0x0000014073c6afe0 sp=0x0000002f126fe2d0
Event: 5.512 Thread 0x0000014007fbb800 DEOPT UNPACKING pc=0x000001406c1d912f sp=0x0000002f126fe278 mode 2
Event: 5.512 Thread 0x0000014007fbb800 Uncommon trap: trap_request=0xffffffde fr.pc=0x0000014073c6afe0 relative=0x00000000000001c0
Event: 5.512 Thread 0x0000014007fbb800 Uncommon trap: reason=class_check action=maybe_recompile pc=0x0000014073c6afe0 method=java.lang.String.equals(Ljava/lang/Object;)Z @ 8 c2
Event: 5.512 Thread 0x0000014007fbb800 DEOPT PACKING pc=0x0000014073c6afe0 sp=0x0000002f126fe2d0
Event: 5.512 Thread 0x0000014007fbb800 DEOPT UNPACKING pc=0x000001406c1d912f sp=0x0000002f126fe278 mode 2

Classes unloaded (0 events):
No events

Classes redefined (0 events):
No events

Internal exceptions (12 events):
Event: 1.289 Thread 0x00000140639fc800 Exception <a 'java/lang/ClassNotFoundException'{0x00000000882bf6f0}: sun/awt/resources/spi/awtProvider> (0x00000000882bf6f0) 
thrown [t:/workspace/open/src/hotspot/share/classfile/systemDictionary.cpp, line 226]
Event: 1.381 Thread 0x00000140639fc800 Exception <a 'java/io/FileNotFoundException'{0x000000008800d580}> (0x000000008800d580) 
thrown [t:/workspace/open/src/hotspot/share/prims/jni.cpp, line 599]
Event: 1.403 Thread 0x00000140639fc800 Exception <a 'java/io/FileNotFoundException'{0x0000000088033940}> (0x0000000088033940) 
thrown [t:/workspace/open/src/hotspot/share/prims/jni.cpp, line 599]
Event: 1.458 Thread 0x0000014003014000 Exception <a 'java/lang/NoSuchMethodError'{0x000000008808a7d0}: 'void java.lang.invoke.DirectMethodHandle$Holder.invokeSpecial(java.lang.Object, java.lang.Object)'> (0x000000008808a7d0) 
thrown [t:/workspace/open/src/hotspot/share/interpreter/linkResolver.cpp, line 766]
Event: 1.477 Thread 0x00000140639fc800 Exception <a 'java/lang/NoSuchMethodError'{0x0000000087f12c50}: 'java.lang.Object java.lang.invoke.DirectMethodHandle$Holder.invokeStatic(java.lang.Object, int, java.lang.Object, java.lang.Object, java.lang.Object, java.lang.Object)'> (0x0000000087f12c50) 
thrown [t:/workspace/open/src/hotspot/share/interpreter/linkResolver.cpp, line 766]
Event: 1.478 Thread 0x00000140639fc800 Exception <a 'java/lang/NoSuchMethodError'{0x0000000087f19570}: 'java.lang.Object java.lang.invoke.DirectMethodHandle$Holder.invokeStatic(java.lang.Object, int, java.lang.Object, java.lang.Object, java.lang.Object)'> (0x0000000087f19570) 
thrown [t:/workspace/open/src/hotspot/share/interpreter/linkResolver.cpp, line 766]
Event: 1.478 Thread 0x00000140639fc800 Exception <a 'java/lang/NoSuchMethodError'{0x0000000087f1cdc0}: 'java.lang.Object java.lang.invoke.DirectMethodHandle$Holder.invokeSpecial(java.lang.Object, java.lang.Object, int, java.lang.Object, java.lang.Object, java.lang.Object)'> (0x0000000087f1cdc0) 
thrown [t:/workspace/open/src/hotspot/share/interpreter/linkResolver.cpp, line 766]
Event: 1.480 Thread 0x00000140639fc800 Exception <a 'java/lang/NoSuchMethodError'{0x0000000087f33168}: 'java.lang.Object java.lang.invoke.DirectMethodHandle$Holder.invokeStatic(java.lang.Object, int, java.lang.Object)'> (0x0000000087f33168) 
thrown [t:/workspace/open/src/hotspot/share/interpreter/linkResolver.cpp, line 766]
Event: 1.499 Thread 0x00000140639fc800 Exception <a 'java/lang/ClassNotFoundException'{0x0000000087fd88a0}: com/sun/swing/internal/plaf/metal/resources/spi/metalProvider> (0x0000000087fd88a0) 
thrown [t:/workspace/open/src/hotspot/share/classfile/systemDictionary.cpp, line 226]
Event: 1.500 Thread 0x00000140639fc800 Exception <a 'java/lang/ClassNotFoundException'{0x0000000087fdc6e0}: com/sun/swing/internal/plaf/basic/resources/spi/basicProvider> (0x0000000087fdc6e0) 
thrown [t:/workspace/open/src/hotspot/share/classfile/systemDictionary.cpp, line 226]
Event: 1.675 Thread 0x00000140639fc800 Exception <a 'java/lang/NoSuchMethodError'{0x0000000087e60400}: 'void java.lang.invoke.DirectMethodHandle$Holder.invokeStaticInit(java.lang.Object)'> (0x0000000087e60400) 
thrown [t:/workspace/open/src/hotspot/share/interpreter/linkResolver.cpp, line 766]
Event: 1.744 Thread 0x00000140639fc800 Exception <a 'java/lang/NoSuchMethodError'{0x0000000087ef9148}: 'java.lang.Object java.lang.invoke.Invokers$Holder.linkToTargetMethod(java.lang.Object, int, java.lang.Object)'> (0x0000000087ef9148) 
thrown [t:/workspace/open/src/hotspot/share/interpreter/linkResolver.cpp, line 766]

Events (20 events):
Event: 7.075 Executing VM operation: HandshakeOneThread
Event: 7.075 Executing VM operation: HandshakeOneThread done
Event: 7.076 Executing VM operation: HandshakeOneThread
Event: 7.076 Executing VM operation: HandshakeOneThread done
Event: 7.076 Executing VM operation: HandshakeOneThread
Event: 7.076 Executing VM operation: HandshakeOneThread done
Event: 7.076 Executing VM operation: HandshakeOneThread
Event: 7.076 Executing VM operation: HandshakeOneThread done
Event: 7.078 loading class java/lang/InterruptedException
Event: 7.078 loading class java/lang/InterruptedException done
Event: 7.078 Executing VM operation: HandshakeOneThread
Event: 7.078 Executing VM operation: HandshakeOneThread done
Event: 7.078 loading class java/lang/SecurityException
Event: 7.078 loading class java/lang/SecurityException done
Event: 7.079 Executing VM operation: HandshakeOneThread
Event: 7.079 Executing VM operation: HandshakeOneThread done
Event: 7.079 loading class javax/swing/text/AbstractDocument$ElementEdit
Event: 7.079 loading class javax/swing/text/AbstractDocument$ElementEdit done
Event: 7.085 Executing VM operation: HandshakeOneThread
Event: 7.085 Executing VM operation: HandshakeOneThread done


Dynamic libraries:
0x00007ff6176c0000 - 0x00007ff6176cd000 	C:\Users\guill\.jdks\openjdk-14\bin\java.exe
0x00007ffc98f60000 - 0x00007ffc99150000 	C:\Windows\SYSTEM32\ntdll.dll
0x00007ffc98870000 - 0x00007ffc98922000 	C:\Windows\System32\KERNEL32.DLL
0x00007ffc96d30000 - 0x00007ffc96fd3000 	C:\Windows\System32\KERNELBASE.dll
0x00007ffc960b0000 - 0x00007ffc961aa000 	C:\Windows\System32\ucrtbase.dll
0x00007ffc7ebf0000 - 0x00007ffc7ec08000 	C:\Users\guill\.jdks\openjdk-14\bin\jli.dll
0x00007ffc97f20000 - 0x00007ffc980b4000 	C:\Windows\System32\USER32.dll
0x00007ffc96a80000 - 0x00007ffc96aa1000 	C:\Windows\System32\win32u.dll
0x00007ffc98410000 - 0x00007ffc98436000 	C:\Windows\System32\GDI32.dll
0x00007ffc95f10000 - 0x00007ffc960a4000 	C:\Windows\System32\gdi32full.dll
0x00007ffc961b0000 - 0x00007ffc9624e000 	C:\Windows\System32\msvcp_win.dll
0x00007ffc79c50000 - 0x00007ffc79ed5000 	C:\Windows\WinSxS\amd64_microsoft.windows.common-controls_6595b64144ccf1df_6.0.18362.720_none_e6beb5c51314836b\COMCTL32.dll
0x00007ffc989c0000 - 0x00007ffc98a5e000 	C:\Windows\System32\msvcrt.dll
0x00007ffc980c0000 - 0x00007ffc983f6000 	C:\Windows\System32\combase.dll
0x00007ffc97e00000 - 0x00007ffc97f20000 	C:\Windows\System32\RPCRT4.dll
0x00007ffc96b00000 - 0x00007ffc96b80000 	C:\Windows\System32\bcryptPrimitives.dll
0x00007ffc7eb50000 - 0x00007ffc7eb65000 	C:\Users\guill\.jdks\openjdk-14\bin\VCRUNTIME140.dll
0x00007ffc98ce0000 - 0x00007ffc98d0e000 	C:\Windows\System32\IMM32.DLL
0x00007ffc6f1d0000 - 0x00007ffc6f26b000 	C:\Users\guill\.jdks\openjdk-14\bin\msvcp140.dll
0x00007ffc59fa0000 - 0x00007ffc5aabf000 	C:\Users\guill\.jdks\openjdk-14\bin\server\jvm.dll
0x00007ffc974f0000 - 0x00007ffc97593000 	C:\Windows\System32\ADVAPI32.dll
0x00007ffc97d60000 - 0x00007ffc97df7000 	C:\Windows\System32\sechost.dll
0x00007ffc989b0000 - 0x00007ffc989b8000 	C:\Windows\System32\PSAPI.DLL
0x00007ffc8bf00000 - 0x00007ffc8bf24000 	C:\Windows\SYSTEM32\WINMM.dll
0x00007ffc8c6b0000 - 0x00007ffc8c6ba000 	C:\Windows\SYSTEM32\VERSION.dll
0x00007ffc8bdd0000 - 0x00007ffc8bdfd000 	C:\Windows\SYSTEM32\WINMMBASE.dll
0x00007ffc96ab0000 - 0x00007ffc96afa000 	C:\Windows\System32\cfgmgr32.dll
0x00007ffc8bdc0000 - 0x00007ffc8bdc9000 	C:\Windows\SYSTEM32\WSOCK32.dll
0x00007ffc98a60000 - 0x00007ffc98acf000 	C:\Windows\System32\WS2_32.dll
0x00007ffc95e30000 - 0x00007ffc95e41000 	C:\Windows\System32\kernel.appcore.dll
0x00007ffc94400000 - 0x00007ffc9440a000 	C:\Users\guill\.jdks\openjdk-14\bin\jimage.dll
0x00007ffc8fa90000 - 0x00007ffc8fc84000 	C:\Windows\SYSTEM32\DBGHELP.DLL
0x00007ffc8f9d0000 - 0x00007ffc8f9fa000 	C:\Windows\SYSTEM32\dbgcore.DLL
0x00007ffc93b80000 - 0x00007ffc93b8e000 	C:\Users\guill\.jdks\openjdk-14\bin\instrument.dll
0x00007ffc799a0000 - 0x00007ffc799c5000 	C:\Users\guill\.jdks\openjdk-14\bin\java.dll
0x00007ffc7eb30000 - 0x00007ffc7eb47000 	C:\Users\guill\.jdks\openjdk-14\bin\zip.dll
0x00007ffc975a0000 - 0x00007ffc97c85000 	C:\Windows\System32\SHELL32.dll
0x00007ffc98d10000 - 0x00007ffc98db9000 	C:\Windows\System32\shcore.dll
0x00007ffc96300000 - 0x00007ffc96a80000 	C:\Windows\System32\windows.storage.dll
0x00007ffc95ec0000 - 0x00007ffc95ee3000 	C:\Windows\System32\profapi.dll
0x00007ffc95e70000 - 0x00007ffc95eba000 	C:\Windows\System32\powrprof.dll
0x00007ffc95e20000 - 0x00007ffc95e30000 	C:\Windows\System32\UMPDC.dll
0x00007ffc98440000 - 0x00007ffc98492000 	C:\Windows\System32\shlwapi.dll
0x00007ffc95ef0000 - 0x00007ffc95f07000 	C:\Windows\System32\cryptsp.dll
0x00007ffc7aa60000 - 0x00007ffc7aa79000 	C:\Users\guill\.jdks\openjdk-14\bin\net.dll
0x00007ffc91d80000 - 0x00007ffc91e71000 	C:\Windows\SYSTEM32\WINHTTP.dll
0x00007ffc95630000 - 0x00007ffc95697000 	C:\Windows\system32\mswsock.dll
0x00007ffc79980000 - 0x00007ffc79992000 	C:\Users\guill\.jdks\openjdk-14\bin\nio.dll
0x00007ffc92310000 - 0x00007ffc92320000 	C:\Users\guill\.jdks\openjdk-14\bin\verify.dll
0x00007ffc78390000 - 0x00007ffc783aa000 	C:\Program Files\JetBrains\IntelliJ IDEA 2020.1\bin\breakgen64.dll
0x00007ffc62dd0000 - 0x00007ffc62f67000 	C:\Users\guill\.jdks\openjdk-14\bin\awt.dll
0x00007ffc98ad0000 - 0x00007ffc98b94000 	C:\Windows\System32\OLEAUT32.dll
0x00007ffc94020000 - 0x00007ffc940af000 	C:\Windows\SYSTEM32\apphelp.dll
0x00007ffc946e0000 - 0x00007ffc9470d000 	C:\Windows\system32\DWMAPI.DLL
0x00007ffc940f0000 - 0x00007ffc94189000 	C:\Windows\system32\uxtheme.dll
0x00007ffc98ba0000 - 0x00007ffc98cd6000 	C:\Windows\System32\MSCTF.dll
0x00007ffc98dc0000 - 0x00007ffc98f17000 	C:\Windows\System32\ole32.dll
0x00007ffc59a30000 - 0x00007ffc59b86000 	C:\Windows\system32\opengl32.dll
0x00007ffc7eb00000 - 0x00007ffc7eb2c000 	C:\Windows\SYSTEM32\GLU32.dll
0x00007ffc94a90000 - 0x00007ffc94ab0000 	C:\Windows\SYSTEM32\dxcore.dll
0x00007ffc61180000 - 0x00007ffc61347000 	C:\Windows\system32\d3d9.dll
0x00007ffc715f0000 - 0x00007ffc71619000 	C:\Windows\SYSTEM32\prl_umdd.dll
0x00007ffc6b010000 - 0x00007ffc6b092000 	C:\Users\guill\.jdks\openjdk-14\bin\freetype.dll
0x00007ffc682a0000 - 0x00007ffc68346000 	C:\Users\guill\.jdks\openjdk-14\bin\fontmanager.dll
0x00007ffc97c90000 - 0x00007ffc97d32000 	C:\Windows\System32\clbcatq.dll
0x00007ffc7cc50000 - 0x00007ffc7cdff000 	C:\Windows\SYSTEM32\WindowsCodecs.dll
0x00007ffc7e0d0000 - 0x00007ffc7e10a000 	C:\Windows\system32\dataexchange.dll
0x00007ffc935e0000 - 0x00007ffc937bb000 	C:\Windows\system32\dcomp.dll
0x00007ffc92f00000 - 0x00007ffc9315b000 	C:\Windows\system32\d3d11.dll
0x00007ffc94b20000 - 0x00007ffc94c0b000 	C:\Windows\system32\dxgi.dll
0x00007ffc94190000 - 0x00007ffc943ea000 	C:\Windows\system32\twinapi.appcore.dll
0x00007ffc94510000 - 0x00007ffc94539000 	C:\Windows\system32\RMCLIENT.dll
0x00007ffc93900000 - 0x00007ffc9399e000 	C:\Windows\System32\TextInputFramework.dll
0x00007ffc93df0000 - 0x00007ffc93ec4000 	C:\Windows\System32\CoreMessaging.dll
0x00007ffc7b380000 - 0x00007ffc7b6aa000 	C:\Windows\System32\CoreUIComponents.dll
0x00007ffc927b0000 - 0x00007ffc92903000 	C:\Windows\SYSTEM32\wintypes.dll
0x00007ffc94e80000 - 0x00007ffc94eb1000 	C:\Windows\SYSTEM32\ntmarta.dll
0x0000000071100000 - 0x0000000071125000 	C:\Users\guill\.jssc\windows\jSSC-2.8_x86_64.dll
0x00007ffc8d370000 - 0x00007ffc8d616000 	C:\Windows\System32\iertutil.dll

dbghelp: loaded successfully - version: 4.0.5 - missing functions: none
symbol engine: initialized successfully - sym options: 0x614 - pdb path: .;C:\Users\guill\.jdks\openjdk-14\bin;C:\Windows\SYSTEM32;C:\Windows\WinSxS\amd64_microsoft.windows.common-controls_6595b64144ccf1df_6.0.18362.720_none_e6beb5c51314836b;C:\Users\guill\.jdks\openjdk-14\bin\server;C:\Program Files\JetBrains\IntelliJ IDEA 2020.1\bin;C:\Users\guill\.jssc\windows

VM Arguments:
jvm_args: -javaagent:C:\Program Files\JetBrains\IntelliJ IDEA 2020.1\lib\idea_rt.jar=51552:C:\Program Files\JetBrains\IntelliJ IDEA 2020.1\bin -Dfile.encoding=UTF-8 
java_command: Gui
java_class_path (initial): W:\Ephec\ElecDigitalProjet\JavaInterface-Guillaume\out\production\JavaInterface;W:\Ephec\ElecDigitalProjet\JavaInterface-Guillaume\jssc-2.8.0.jar
Launcher Type: SUN_STANDARD

[Global flags]
     intx CICompilerCount                          = 3                                         {product} {ergonomic}
     uint ConcGCThreads                            = 1                                         {product} {ergonomic}
     uint G1ConcRefinementThreads                  = 4                                         {product} {ergonomic}
   size_t G1HeapRegionSize                         = 1048576                                   {product} {ergonomic}
    uintx GCDrainStackTargetSize                   = 64                                        {product} {ergonomic}
   size_t InitialHeapSize                          = 134217728                                 {product} {ergonomic}
   size_t MarkStackSize                            = 4194304                                   {product} {ergonomic}
   size_t MaxHeapSize                              = 2143289344                                {product} {ergonomic}
   size_t MaxNewSize                               = 1285554176                                {product} {ergonomic}
   size_t MinHeapDeltaBytes                        = 1048576                                   {product} {ergonomic}
   size_t MinHeapSize                              = 8388608                                   {product} {ergonomic}
    uintx NonNMethodCodeHeapSize                   = 5832780                                {pd product} {ergonomic}
    uintx NonProfiledCodeHeapSize                  = 122912730                              {pd product} {ergonomic}
    uintx ProfiledCodeHeapSize                     = 122912730                              {pd product} {ergonomic}
    uintx ReservedCodeCacheSize                    = 251658240                              {pd product} {ergonomic}
     bool SegmentedCodeCache                       = true                                      {product} {ergonomic}
   size_t SoftMaxHeapSize                          = 2143289344                             {manageable} {ergonomic}
     bool UseCompressedClassPointers               = true                                 {lp64_product} {ergonomic}
     bool UseCompressedOops                        = true                                 {lp64_product} {ergonomic}
     bool UseG1GC                                  = true                                      {product} {ergonomic}
     bool UseLargePagesIndividualAllocation        = false                                  {pd product} {ergonomic}

Logging:
Log output configuration:
 #0: stdout all=warning uptime,level,tags
 #1: stderr all=off uptime,level,tags

Environment Variables:
PATH=C:\Program Files (x86)\Common Files\Oracle\Java\javapath;C:\Program Files (x86)\Parallels\Parallels Tools\Applications;C:\Program Files\Microsoft MPI\Bin\;C:\Windows\system32;C:\Windows;C:\Windows\System32\Wbem;C:\Windows\System32\WindowsPowerShell\v1.0\;C:\Windows\System32\OpenSSH\;C:\PROGRA~2\PICC;C:\Program Files (x86)\Microsoft SQL Server\140\Tools\Binn\;C:\Program Files\Microsoft SQL Server\140\Tools\Binn\;C:\Program Files (x86)\Microsoft SQL Server\140\DTS\Binn\;C:\Program Files\Microsoft SQL Server\140\DTS\Binn\;C:\Program Files\Microsoft SQL Server\Client SDK\ODBC\130\Tools\Binn\;C:\Users\guill\AppData\Local\Microsoft\WindowsApps;;C:\Program Files\JetBrains\PyCharm 2019.3.3\bin;
USERNAME=guill
OS=Windows_NT
PROCESSOR_IDENTIFIER=Intel64 Family 6 Model 158 Stepping 13, GenuineIntel



---------------  S Y S T E M  ---------------

OS: Windows 10 , 64 bit Build 18362 (10.0.18362.329)
OS uptime: 8 days 5:10 hours

CPU:total 4 (initial active 4) (4 cores per cpu, 1 threads per core) family 6 model 158 stepping 13, cmov, cx8, fxsr, mmx, sse, sse2, sse3, ssse3, sse4.1, sse4.2, popcnt, avx, avx2, aes, clmul, erms, 3dnowpref, lzcnt, tsc, bmi1, bmi2, adx, fma

Memory: 4k page, system-wide physical 8169M (2791M free)
TotalPageFile size 9449M (AvailPageFile size 3067M)
current process WorkingSet (physical memory assigned to process): 75M, peak: 75M
current process commit charge ("private bytes"): 233M, peak: 233M

vm_info: OpenJDK 64-Bit Server VM (14+36-1461) for windows-amd64 JRE (14+36-1461), built on Feb  6 2020 19:03:18 by "mach5one" with MS VC++ 15.9 (VS2017)

END.
