#
# A fatal error has been detected by the Java Runtime Environment:
#
#  EXCEPTION_ACCESS_VIOLATION (0xc0000005) at pc=0x000000007110b5db, pid=2972, tid=12056
#
# JRE version: OpenJDK Runtime Environment (14.0+36) (build 14+36-1461)
# Java VM: OpenJDK 64-Bit Server VM (14+36-1461, mixed mode, sharing, tiered, compressed oops, g1 gc, windows-amd64)
# Problematic frame:
# C  [jSSC-2.8_x86_64.dll+0xb5db]
#
# No core dump will be written. Minidumps are not enabled by default on client versions of Windows
#
# If you would like to submit a bug report, please visit:
#   https://bugreport.java.com/bugreport/crash.jsp
# The crash happened outside the Java Virtual Machine in native code.
# See problematic frame for where to report the bug.
#

---------------  S U M M A R Y ------------

Command Line: -javaagent:C:\Program Files\JetBrains\IntelliJ IDEA 2020.1\lib\idea_rt.jar=51043:C:\Program Files\JetBrains\IntelliJ IDEA 2020.1\bin -Dfile.encoding=UTF-8 Gui

Host: Intel(R) Core(TM) i9-9880H CPU @ 2.30GHz, 4 cores, 7G,  Windows 10 , 64 bit Build 18362 (10.0.18362.329)
Time: Sun Apr 19 22:05:52 2020 Europe centrale (heure d?été) elapsed time: 10 seconds (0d 0h 0m 10s)

---------------  T H R E A D  ---------------

Current thread (0x0000021642b89000):  JavaThread "AWT-EventQueue-0" [_thread_in_native, id=12056, stack(0x0000006440200000,0x0000006440300000)]

Stack: [0x0000006440200000,0x0000006440300000],  sp=0x00000064402fe0b0,  free space=1016k
Native frames: (J=compiled Java code, j=interpreted, Vv=VM code, C=native code)
C  [jSSC-2.8_x86_64.dll+0xb5db]

Java frames: (J=compiled Java code, j=interpreted, Vv=VM code)
j  jssc.SerialNativeInterface.openPort(Ljava/lang/String;Z)J+0
j  jssc.SerialPort.openPort()Z+65
j  Gui.sendData(I)V+27
j  Gui.lambda$new$0(Ljava/awt/event/ActionEvent;)V+26
j  Gui$$Lambda$135.actionPerformed(Ljava/awt/event/ActionEvent;)V+5
j  javax.swing.AbstractButton.fireActionPerformed(Ljava/awt/event/ActionEvent;)V+84 java.desktop@14
j  javax.swing.AbstractButton$Handler.actionPerformed(Ljava/awt/event/ActionEvent;)V+5 java.desktop@14
j  javax.swing.DefaultButtonModel.fireActionPerformed(Ljava/awt/event/ActionEvent;)V+34 java.desktop@14
j  javax.swing.DefaultButtonModel.setPressed(Z)V+117 java.desktop@14
j  javax.swing.plaf.basic.BasicButtonListener.mouseReleased(Ljava/awt/event/MouseEvent;)V+35 java.desktop@14
j  java.awt.Component.processMouseEvent(Ljava/awt/event/MouseEvent;)V+64 java.desktop@14
j  javax.swing.JComponent.processMouseEvent(Ljava/awt/event/MouseEvent;)V+23 java.desktop@14
j  java.awt.Component.processEvent(Ljava/awt/AWTEvent;)V+81 java.desktop@14
j  java.awt.Container.processEvent(Ljava/awt/AWTEvent;)V+18 java.desktop@14
J 1263 c1 java.awt.Component.dispatchEventImpl(Ljava/awt/AWTEvent;)V java.desktop@14 (777 bytes) @ 0x00000216275753a4 [0x00000216275718a0+0x0000000000003b04]
J 1058 c1 java.awt.Container.dispatchEventImpl(Ljava/awt/AWTEvent;)V java.desktop@14 (129 bytes) @ 0x00000216274e079c [0x00000216274e0640+0x000000000000015c]
J 1057 c1 java.awt.Component.dispatchEvent(Ljava/awt/AWTEvent;)V java.desktop@14 (6 bytes) @ 0x00000216274e0264 [0x00000216274e0140+0x0000000000000124]
j  java.awt.LightweightDispatcher.retargetMouseEvent(Ljava/awt/Component;ILjava/awt/event/MouseEvent;)V+349 java.desktop@14
j  java.awt.LightweightDispatcher.processMouseEvent(Ljava/awt/event/MouseEvent;)Z+155 java.desktop@14
J 1272 c1 java.awt.LightweightDispatcher.dispatchEvent(Ljava/awt/AWTEvent;)Z java.desktop@14 (73 bytes) @ 0x000002162757bda4 [0x000002162757b900+0x00000000000004a4]
J 1058 c1 java.awt.Container.dispatchEventImpl(Ljava/awt/AWTEvent;)V java.desktop@14 (129 bytes) @ 0x00000216274e073c [0x00000216274e0640+0x00000000000000fc]
J 1248 c1 java.awt.Window.dispatchEventImpl(Ljava/awt/AWTEvent;)V java.desktop@14 (23 bytes) @ 0x0000021627569c6c [0x0000021627569600+0x000000000000066c]
J 1203 c1 java.awt.EventQueue.dispatchEventImpl(Ljava/awt/AWTEvent;Ljava/lang/Object;)V java.desktop@14 (136 bytes) @ 0x000002162752f7c4 [0x000002162752f2a0+0x0000000000000524]
J 1202 c1 java.awt.EventQueue$4.run()Ljava/lang/Void; java.desktop@14 (60 bytes) @ 0x000002162752ebcc [0x000002162752ea80+0x000000000000014c]
J 1201 c1 java.awt.EventQueue$4.run()Ljava/lang/Object; java.desktop@14 (5 bytes) @ 0x000002162752e754 [0x000002162752e6c0+0x0000000000000094]
J 813 c1 java.security.ProtectionDomain$JavaSecurityAccessImpl.doIntersectionPrivilege(Ljava/security/PrivilegedAction;Ljava/security/AccessControlContext;Ljava/security/AccessControlContext;)Ljava/lang/Object; java.base@14 (22 bytes) @ 0x0000021627471afc [0x00000216274715e0+0x000000000000051c]
J 957 c1 java.awt.EventQueue.dispatchEvent(Ljava/awt/AWTEvent;)V java.desktop@14 (80 bytes) @ 0x00000216274a5354 [0x00000216274a4360+0x0000000000000ff4]
J 973 c1 java.awt.EventDispatchThread.pumpOneEventForFilters(I)V java.desktop@14 (113 bytes) @ 0x00000216274b1d8c [0x00000216274b1600+0x000000000000078c]
j  java.awt.EventDispatchThread.pumpEventsForFilter(ILjava/awt/Conditional;Ljava/awt/EventFilter;)V+35 java.desktop@14
j  java.awt.EventDispatchThread.pumpEventsForHierarchy(ILjava/awt/Conditional;Ljava/awt/Component;)V+11 java.desktop@14
j  java.awt.EventDispatchThread.pumpEvents(ILjava/awt/Conditional;)V+4 java.desktop@14
j  java.awt.EventDispatchThread.pumpEvents(Ljava/awt/Conditional;)V+3 java.desktop@14
j  java.awt.EventDispatchThread.run()V+9 java.desktop@14
v  ~StubRoutines::call_stub

siginfo: EXCEPTION_ACCESS_VIOLATION (0xc0000005), reading address 0x0000000043dfa356


Register to memory mapping:

RIP=0x000000007110b5db jSSC-2.8_x86_64.dll
RAX=0x0000000043dfa356 is an unknown value
RBX=0x00000064402fe120 is pointing into the stack for thread: 0x0000021642b89000
RCX=0x00007ffc98ffc2a4 ntdll.dll
RDX=0x0 is NULL
RSP=0x00000064402fe0b0 is pointing into the stack for thread: 0x0000021642b89000
RBP=0x00000064402fe230 is pointing into the stack for thread: 0x0000021642b89000
RSI=0x0000021642b89310 points into unknown readable memory: a0 2a 71 47 fc 7f 00 00
RDI=0x000000000000073c is an unknown value
R8 =0x00000064402fdfa8 is pointing into the stack for thread: 0x0000021642b89000
R9 =0x00000064402fe0a0 is pointing into the stack for thread: 0x0000021642b89000
R10=0x0 is NULL
R11=0x0000000000000246 is an unknown value
R12=0x00000064402fe2e8 is pointing into the stack for thread: 0x0000021642b89000
R13=0x000002163d9fa400 points into unknown readable memory: 43 4f 4d 32 00 66 00 00
R14=0x00000064402fe1e0 is pointing into the stack for thread: 0x0000021642b89000
R15=0x0000021642b89000 is a thread


Registers:
RAX=0x0000000043dfa356, RBX=0x00000064402fe120, RCX=0x00007ffc98ffc2a4, RDX=0x0000000000000000
RSP=0x00000064402fe0b0, RBP=0x00000064402fe230, RSI=0x0000021642b89310, RDI=0x000000000000073c
R8 =0x00000064402fdfa8, R9 =0x00000064402fe0a0, R10=0x0000000000000000, R11=0x0000000000000246
R12=0x00000064402fe2e8, R13=0x000002163d9fa400, R14=0x00000064402fe1e0, R15=0x0000021642b89000
RIP=0x000000007110b5db, EFLAGS=0x0000000000010202

Top of Stack: (sp=0x00000064402fe0b0)
0x00000064402fe0b0:   0000021642d28bd0 0000003598f9fc11
0x00000064402fe0c0:   000000007110b230 000002163d9fa060
0x00000064402fe0d0:   00000064402fe230 0000000000000004
0x00000064402fe0e0:   0000021642b89310 000000000000073c
0x00000064402fe0f0:   00000064402fe230 0000000071112590
0x00000064402fe100:   0000021642b89000 00000064402fe1e0
0x00000064402fe110:   000002163d9fa400 00000064402fe2e8
0x00000064402fe120:   000002163d9fa400 00007ffc98f9fc11
0x00000064402fe130:   00000064402fe160 000002161c520000
0x00000064402fe140:   00000064402fe230 0000000000000000
0x00000064402fe150:   0000000071113500 0000000071113be8
0x00000064402fe160:   00000064402fe190 0000000071112641
0x00000064402fe170:   00000064402fe100 0000021642b89310
0x00000064402fe180:   0000000000000000 0000000000000000
0x00000064402fe190:   00000064402fe230 0000000071101595
0x00000064402fe1a0:   000000000000001c 0000021600000000 

Instructions: (pc=0x000000007110b5db)
0x000000007110b4db:   48 85 c0 74 bf 44 8b 03 45 85 c0 0f 84 77 ff ff
0x000000007110b4eb:   ff eb 9f 66 90 e8 8b fe ff ff 48 89 05 0c 34 01
0x000000007110b4fb:   00 eb ad 66 90 e8 7b fe ff ff 48 89 05 fc 33 01
0x000000007110b50b:   00 eb 8b e8 8d fe ff ff c7 03 01 00 00 00 e9 6f
0x000000007110b51b:   ff ff ff 66 90 55 48 89 e5 56 53 48 83 ec 20 48
0x000000007110b52b:   8b 05 d7 33 01 00 48 8b 31 48 89 cb 48 85 c0 74
0x000000007110b53b:   56 44 8b 18 45 85 db 78 42 48 8b 05 bd 33 01 00
0x000000007110b54b:   48 85 c0 74 50 44 8b 10 45 85 d2 74 1d 48 89 f1
0x000000007110b55b:   e8 d0 fd ff ff 48 8b 13 48 8d 42 40 48 8b 48 08
0x000000007110b56b:   48 8b 6a 40 48 8b 60 10 ff e1 48 8b 05 9c 33 01
0x000000007110b57b:   00 48 85 c0 74 2d 48 89 30 eb da e8 b5 fe ff ff
0x000000007110b58b:   0f 1f 44 00 00 eb b2 e8 e9 fd ff ff 48 89 05 6a
0x000000007110b59b:   33 01 00 eb 9c e8 db fd ff ff 48 89 05 5c 33 01
0x000000007110b5ab:   00 eb a2 e8 3d fd ff ff 48 89 05 5e 33 01 00 eb
0x000000007110b5bb:   c5 0f 1f 40 00 55 57 56 53 48 83 ec 28 48 8b 05
0x000000007110b5cb:   39 33 01 00 48 89 cb 48 85 c0 0f 84 c5 00 00 00
0x000000007110b5db:   8b 38 85 ff 0f 88 ab 00 00 00 48 8b 05 1c 33 01
0x000000007110b5eb:   00 48 85 c0 0f 84 bc 00 00 00 8b 30 85 f6 74 57
0x000000007110b5fb:   48 8b 05 0e 33 01 00 48 85 c0 0f 84 e5 00 00 00
0x000000007110b60b:   8b 28 48 8b 35 10 5e 01 00 ff d6 89 c7 89 e9 ff
0x000000007110b61b:   15 f4 5e 01 00 89 f9 48 89 c5 ff 15 b9 5e 01 00
0x000000007110b62b:   48 8b 05 de 32 01 00 48 89 2b 48 85 c0 74 46 48
0x000000007110b63b:   89 da 8b 08 ff 15 d7 5e 01 00 85 c0 74 27 48 83
0x000000007110b64b:   c4 28 5b 5e 5f 5d c3 48 8b 05 bf 32 01 00 48 85
0x000000007110b65b:   c0 74 64 48 8b 10 48 89 13 48 89 18 48 83 c4 28
0x000000007110b66b:   5b 5e 5f 5d c3 48 89 f2 48 83 c4 28 5b 5e 5f 5d
0x000000007110b67b:   48 ff e2 66 90 e8 8b fc ff ff 48 89 05 84 32 01
0x000000007110b68b:   00 eb ac 66 90 e8 ab fd ff ff e9 4b ff ff ff 66
0x000000007110b69b:   0f 1f 44 00 00 e8 db fc ff ff 48 89 05 5c 32 01
0x000000007110b6ab:   00 e9 2a ff ff ff e8 ca fc ff ff 48 89 05 4b 32
0x000000007110b6bb:   01 00 e9 33 ff ff ff e8 29 fc ff ff 48 89 05 4a
0x000000007110b6cb:   32 01 00 48 8b 10 48 85 c0 48 89 13 75 8b e8 12 


Stack slot to memory mapping:
stack at sp + 0 slots: 0x0000021642d28bd0 points into unknown readable memory: 80 13 46 1c 16 02 00 00
stack at sp + 1 slots: 0x0000003598f9fc11 is an unknown value
stack at sp + 2 slots: 0x000000007110b230 jSSC-2.8_x86_64.dll
stack at sp + 3 slots: 0x000002163d9fa060 points into unknown readable memory: d0 8b d2 42 16 02 00 00
stack at sp + 4 slots: 0x00000064402fe230 is pointing into the stack for thread: 0x0000021642b89000
stack at sp + 5 slots: 0x0000000000000004 is an unknown value
stack at sp + 6 slots: 0x0000021642b89310 points into unknown readable memory: a0 2a 71 47 fc 7f 00 00
stack at sp + 7 slots: 0x000000000000073c is an unknown value


---------------  P R O C E S S  ---------------

Threads class SMR info:
_java_thread_list=0x0000021642ce83f0, length=18, elements={
0x000002161e60e800, 0x000002163ce53800, 0x000002163ce54800, 0x000002163ce6b000,
0x000002163ce6e000, 0x000002163ce6f000, 0x000002163ce71000, 0x000002163cead000,
0x000002163d821800, 0x000002163ce32800, 0x000002163da25800, 0x000002163da26000,
0x000002163db57800, 0x000002163db83800, 0x000002163db84800, 0x0000021642b89000,
0x0000021642c99000, 0x0000021642cf1000
}

Java Threads: ( => current thread )
  0x000002161e60e800 JavaThread "main" [_thread_in_native, id=3220, stack(0x000000643ec00000,0x000000643ed00000)]
  0x000002163ce53800 JavaThread "Reference Handler" daemon [_thread_blocked, id=7980, stack(0x000000643f300000,0x000000643f400000)]
  0x000002163ce54800 JavaThread "Finalizer" daemon [_thread_blocked, id=8308, stack(0x000000643f400000,0x000000643f500000)]
  0x000002163ce6b000 JavaThread "Signal Dispatcher" daemon [_thread_blocked, id=12320, stack(0x000000643f500000,0x000000643f600000)]
  0x000002163ce6e000 JavaThread "Attach Listener" daemon [_thread_blocked, id=1056, stack(0x000000643f600000,0x000000643f700000)]
  0x000002163ce6f000 JavaThread "Service Thread" daemon [_thread_blocked, id=11164, stack(0x000000643f700000,0x000000643f800000)]
  0x000002163ce71000 JavaThread "C2 CompilerThread0" daemon [_thread_blocked, id=6880, stack(0x000000643f800000,0x000000643f900000)]
  0x000002163cead000 JavaThread "C1 CompilerThread0" daemon [_thread_blocked, id=4600, stack(0x000000643f900000,0x000000643fa00000)]
  0x000002163d821800 JavaThread "Sweeper thread" daemon [_thread_blocked, id=196, stack(0x000000643fa00000,0x000000643fb00000)]
  0x000002163ce32800 JavaThread "Common-Cleaner" daemon [_thread_blocked, id=10856, stack(0x000000643fb00000,0x000000643fc00000)]
  0x000002163da25800 JavaThread "Monitor Ctrl-Break" daemon [_thread_in_native, id=2988, stack(0x000000643fc00000,0x000000643fd00000)]
  0x000002163da26000 JavaThread "Notification Thread" daemon [_thread_blocked, id=12104, stack(0x000000643fd00000,0x000000643fe00000)]
  0x000002163db57800 JavaThread "Java2D Disposer" daemon [_thread_blocked, id=5976, stack(0x000000643ff00000,0x0000006440000000)]
  0x000002163db83800 JavaThread "AWT-Shutdown" [_thread_blocked, id=5388, stack(0x0000006440000000,0x0000006440100000)]
  0x000002163db84800 JavaThread "AWT-Windows" daemon [_thread_in_native, id=8144, stack(0x0000006440100000,0x0000006440200000)]
=>0x0000021642b89000 JavaThread "AWT-EventQueue-0" [_thread_in_native, id=12056, stack(0x0000006440200000,0x0000006440300000)]
  0x0000021642c99000 JavaThread "D3D Screen Updater" daemon [_thread_blocked, id=6528, stack(0x0000006440600000,0x0000006440700000)]
  0x0000021642cf1000 JavaThread "TimerQueue" daemon [_thread_blocked, id=1668, stack(0x0000006440700000,0x0000006440800000)]

Other Threads:
  0x000002163ce4f800 VMThread "VM Thread" [stack: 0x000000643f200000,0x000000643f300000] [id=1704]
  0x000002163d949000 WatcherThread [stack: 0x000000643fe00000,0x000000643ff00000] [id=6128]
  0x000002161e650000 GCTaskThread "GC Thread#0" [stack: 0x000000643ed00000,0x000000643ee00000] [id=1240]
  0x000002161e664000 ConcurrentGCThread "G1 Main Marker" [stack: 0x000000643ee00000,0x000000643ef00000] [id=10100]
  0x000002161e665800 ConcurrentGCThread "G1 Conc#0" [stack: 0x000000643ef00000,0x000000643f000000] [id=3336]
  0x000002163ccc0800 ConcurrentGCThread "G1 Refine#0" [stack: 0x000000643f000000,0x000000643f100000] [id=2724]
  0x000002161e6dd000 ConcurrentGCThread "G1 Young RemSet Sampling" [stack: 0x000000643f100000,0x000000643f200000] [id=9916]

Threads with active compile tasks:

VM state:not at safepoint (normal execution)

VM Mutex/Monitor currently owned by a thread: None

Heap address: 0x0000000080400000, size: 2044 MB, Compressed Oops mode: 32-bit
Narrow klass base: 0x0000000800000000, Narrow klass shift: 3
Compressed class space size: 1073741824 Address: 0x0000000800b30000

Heap:
 garbage-first heap   total 131072K, used 8192K [0x0000000080400000, 0x0000000100000000)
  region size 1024K, 9 young (9216K), 0 survivors (0K)
 Metaspace       used 9260K, capacity 9502K, committed 9728K, reserved 1058816K
  class space    used 1055K, capacity 1189K, committed 1280K, reserved 1048576K
Heap Regions: E=young(eden), S=young(survivor), O=old, HS=humongous(starts), HC=humongous(continues), CS=collection set, F=free, OA=open archive, CA=closed archive, TAMS=top-at-mark-start (previous, next)
|   0|0x0000000080400000, 0x0000000080400000, 0x0000000080500000|  0%| F|  |TAMS 0x0000000080400000, 0x0000000080400000| Untracked 
|   1|0x0000000080500000, 0x0000000080500000, 0x0000000080600000|  0%| F|  |TAMS 0x0000000080500000, 0x0000000080500000| Untracked 
|   2|0x0000000080600000, 0x0000000080600000, 0x0000000080700000|  0%| F|  |TAMS 0x0000000080600000, 0x0000000080600000| Untracked 
|   3|0x0000000080700000, 0x0000000080700000, 0x0000000080800000|  0%| F|  |TAMS 0x0000000080700000, 0x0000000080700000| Untracked 
|   4|0x0000000080800000, 0x0000000080800000, 0x0000000080900000|  0%| F|  |TAMS 0x0000000080800000, 0x0000000080800000| Untracked 
|   5|0x0000000080900000, 0x0000000080900000, 0x0000000080a00000|  0%| F|  |TAMS 0x0000000080900000, 0x0000000080900000| Untracked 
|   6|0x0000000080a00000, 0x0000000080a00000, 0x0000000080b00000|  0%| F|  |TAMS 0x0000000080a00000, 0x0000000080a00000| Untracked 
|   7|0x0000000080b00000, 0x0000000080b00000, 0x0000000080c00000|  0%| F|  |TAMS 0x0000000080b00000, 0x0000000080b00000| Untracked 
|   8|0x0000000080c00000, 0x0000000080c00000, 0x0000000080d00000|  0%| F|  |TAMS 0x0000000080c00000, 0x0000000080c00000| Untracked 
|   9|0x0000000080d00000, 0x0000000080d00000, 0x0000000080e00000|  0%| F|  |TAMS 0x0000000080d00000, 0x0000000080d00000| Untracked 
|  10|0x0000000080e00000, 0x0000000080e00000, 0x0000000080f00000|  0%| F|  |TAMS 0x0000000080e00000, 0x0000000080e00000| Untracked 
|  11|0x0000000080f00000, 0x0000000080f00000, 0x0000000081000000|  0%| F|  |TAMS 0x0000000080f00000, 0x0000000080f00000| Untracked 
|  12|0x0000000081000000, 0x0000000081000000, 0x0000000081100000|  0%| F|  |TAMS 0x0000000081000000, 0x0000000081000000| Untracked 
|  13|0x0000000081100000, 0x0000000081100000, 0x0000000081200000|  0%| F|  |TAMS 0x0000000081100000, 0x0000000081100000| Untracked 
|  14|0x0000000081200000, 0x0000000081200000, 0x0000000081300000|  0%| F|  |TAMS 0x0000000081200000, 0x0000000081200000| Untracked 
|  15|0x0000000081300000, 0x0000000081300000, 0x0000000081400000|  0%| F|  |TAMS 0x0000000081300000, 0x0000000081300000| Untracked 
|  16|0x0000000081400000, 0x0000000081400000, 0x0000000081500000|  0%| F|  |TAMS 0x0000000081400000, 0x0000000081400000| Untracked 
|  17|0x0000000081500000, 0x0000000081500000, 0x0000000081600000|  0%| F|  |TAMS 0x0000000081500000, 0x0000000081500000| Untracked 
|  18|0x0000000081600000, 0x0000000081600000, 0x0000000081700000|  0%| F|  |TAMS 0x0000000081600000, 0x0000000081600000| Untracked 
|  19|0x0000000081700000, 0x0000000081700000, 0x0000000081800000|  0%| F|  |TAMS 0x0000000081700000, 0x0000000081700000| Untracked 
|  20|0x0000000081800000, 0x0000000081800000, 0x0000000081900000|  0%| F|  |TAMS 0x0000000081800000, 0x0000000081800000| Untracked 
|  21|0x0000000081900000, 0x0000000081900000, 0x0000000081a00000|  0%| F|  |TAMS 0x0000000081900000, 0x0000000081900000| Untracked 
|  22|0x0000000081a00000, 0x0000000081a00000, 0x0000000081b00000|  0%| F|  |TAMS 0x0000000081a00000, 0x0000000081a00000| Untracked 
|  23|0x0000000081b00000, 0x0000000081b00000, 0x0000000081c00000|  0%| F|  |TAMS 0x0000000081b00000, 0x0000000081b00000| Untracked 
|  24|0x0000000081c00000, 0x0000000081c00000, 0x0000000081d00000|  0%| F|  |TAMS 0x0000000081c00000, 0x0000000081c00000| Untracked 
|  25|0x0000000081d00000, 0x0000000081d00000, 0x0000000081e00000|  0%| F|  |TAMS 0x0000000081d00000, 0x0000000081d00000| Untracked 
|  26|0x0000000081e00000, 0x0000000081e00000, 0x0000000081f00000|  0%| F|  |TAMS 0x0000000081e00000, 0x0000000081e00000| Untracked 
|  27|0x0000000081f00000, 0x0000000081f00000, 0x0000000082000000|  0%| F|  |TAMS 0x0000000081f00000, 0x0000000081f00000| Untracked 
|  28|0x0000000082000000, 0x0000000082000000, 0x0000000082100000|  0%| F|  |TAMS 0x0000000082000000, 0x0000000082000000| Untracked 
|  29|0x0000000082100000, 0x0000000082100000, 0x0000000082200000|  0%| F|  |TAMS 0x0000000082100000, 0x0000000082100000| Untracked 
|  30|0x0000000082200000, 0x0000000082200000, 0x0000000082300000|  0%| F|  |TAMS 0x0000000082200000, 0x0000000082200000| Untracked 
|  31|0x0000000082300000, 0x0000000082300000, 0x0000000082400000|  0%| F|  |TAMS 0x0000000082300000, 0x0000000082300000| Untracked 
|  32|0x0000000082400000, 0x0000000082400000, 0x0000000082500000|  0%| F|  |TAMS 0x0000000082400000, 0x0000000082400000| Untracked 
|  33|0x0000000082500000, 0x0000000082500000, 0x0000000082600000|  0%| F|  |TAMS 0x0000000082500000, 0x0000000082500000| Untracked 
|  34|0x0000000082600000, 0x0000000082600000, 0x0000000082700000|  0%| F|  |TAMS 0x0000000082600000, 0x0000000082600000| Untracked 
|  35|0x0000000082700000, 0x0000000082700000, 0x0000000082800000|  0%| F|  |TAMS 0x0000000082700000, 0x0000000082700000| Untracked 
|  36|0x0000000082800000, 0x0000000082800000, 0x0000000082900000|  0%| F|  |TAMS 0x0000000082800000, 0x0000000082800000| Untracked 
|  37|0x0000000082900000, 0x0000000082900000, 0x0000000082a00000|  0%| F|  |TAMS 0x0000000082900000, 0x0000000082900000| Untracked 
|  38|0x0000000082a00000, 0x0000000082a00000, 0x0000000082b00000|  0%| F|  |TAMS 0x0000000082a00000, 0x0000000082a00000| Untracked 
|  39|0x0000000082b00000, 0x0000000082b00000, 0x0000000082c00000|  0%| F|  |TAMS 0x0000000082b00000, 0x0000000082b00000| Untracked 
|  40|0x0000000082c00000, 0x0000000082c00000, 0x0000000082d00000|  0%| F|  |TAMS 0x0000000082c00000, 0x0000000082c00000| Untracked 
|  41|0x0000000082d00000, 0x0000000082d00000, 0x0000000082e00000|  0%| F|  |TAMS 0x0000000082d00000, 0x0000000082d00000| Untracked 
|  42|0x0000000082e00000, 0x0000000082e00000, 0x0000000082f00000|  0%| F|  |TAMS 0x0000000082e00000, 0x0000000082e00000| Untracked 
|  43|0x0000000082f00000, 0x0000000082f00000, 0x0000000083000000|  0%| F|  |TAMS 0x0000000082f00000, 0x0000000082f00000| Untracked 
|  44|0x0000000083000000, 0x0000000083000000, 0x0000000083100000|  0%| F|  |TAMS 0x0000000083000000, 0x0000000083000000| Untracked 
|  45|0x0000000083100000, 0x0000000083100000, 0x0000000083200000|  0%| F|  |TAMS 0x0000000083100000, 0x0000000083100000| Untracked 
|  46|0x0000000083200000, 0x0000000083200000, 0x0000000083300000|  0%| F|  |TAMS 0x0000000083200000, 0x0000000083200000| Untracked 
|  47|0x0000000083300000, 0x0000000083300000, 0x0000000083400000|  0%| F|  |TAMS 0x0000000083300000, 0x0000000083300000| Untracked 
|  48|0x0000000083400000, 0x0000000083400000, 0x0000000083500000|  0%| F|  |TAMS 0x0000000083400000, 0x0000000083400000| Untracked 
|  49|0x0000000083500000, 0x0000000083500000, 0x0000000083600000|  0%| F|  |TAMS 0x0000000083500000, 0x0000000083500000| Untracked 
|  50|0x0000000083600000, 0x0000000083600000, 0x0000000083700000|  0%| F|  |TAMS 0x0000000083600000, 0x0000000083600000| Untracked 
|  51|0x0000000083700000, 0x0000000083700000, 0x0000000083800000|  0%| F|  |TAMS 0x0000000083700000, 0x0000000083700000| Untracked 
|  52|0x0000000083800000, 0x0000000083800000, 0x0000000083900000|  0%| F|  |TAMS 0x0000000083800000, 0x0000000083800000| Untracked 
|  53|0x0000000083900000, 0x0000000083900000, 0x0000000083a00000|  0%| F|  |TAMS 0x0000000083900000, 0x0000000083900000| Untracked 
|  54|0x0000000083a00000, 0x0000000083a00000, 0x0000000083b00000|  0%| F|  |TAMS 0x0000000083a00000, 0x0000000083a00000| Untracked 
|  55|0x0000000083b00000, 0x0000000083b00000, 0x0000000083c00000|  0%| F|  |TAMS 0x0000000083b00000, 0x0000000083b00000| Untracked 
|  56|0x0000000083c00000, 0x0000000083c00000, 0x0000000083d00000|  0%| F|  |TAMS 0x0000000083c00000, 0x0000000083c00000| Untracked 
|  57|0x0000000083d00000, 0x0000000083d00000, 0x0000000083e00000|  0%| F|  |TAMS 0x0000000083d00000, 0x0000000083d00000| Untracked 
|  58|0x0000000083e00000, 0x0000000083e00000, 0x0000000083f00000|  0%| F|  |TAMS 0x0000000083e00000, 0x0000000083e00000| Untracked 
|  59|0x0000000083f00000, 0x0000000083f00000, 0x0000000084000000|  0%| F|  |TAMS 0x0000000083f00000, 0x0000000083f00000| Untracked 
|  60|0x0000000084000000, 0x0000000084000000, 0x0000000084100000|  0%| F|  |TAMS 0x0000000084000000, 0x0000000084000000| Untracked 
|  61|0x0000000084100000, 0x0000000084100000, 0x0000000084200000|  0%| F|  |TAMS 0x0000000084100000, 0x0000000084100000| Untracked 
|  62|0x0000000084200000, 0x0000000084200000, 0x0000000084300000|  0%| F|  |TAMS 0x0000000084200000, 0x0000000084200000| Untracked 
|  63|0x0000000084300000, 0x0000000084300000, 0x0000000084400000|  0%| F|  |TAMS 0x0000000084300000, 0x0000000084300000| Untracked 
|  64|0x0000000084400000, 0x0000000084400000, 0x0000000084500000|  0%| F|  |TAMS 0x0000000084400000, 0x0000000084400000| Untracked 
|  65|0x0000000084500000, 0x0000000084500000, 0x0000000084600000|  0%| F|  |TAMS 0x0000000084500000, 0x0000000084500000| Untracked 
|  66|0x0000000084600000, 0x0000000084600000, 0x0000000084700000|  0%| F|  |TAMS 0x0000000084600000, 0x0000000084600000| Untracked 
|  67|0x0000000084700000, 0x0000000084700000, 0x0000000084800000|  0%| F|  |TAMS 0x0000000084700000, 0x0000000084700000| Untracked 
|  68|0x0000000084800000, 0x0000000084800000, 0x0000000084900000|  0%| F|  |TAMS 0x0000000084800000, 0x0000000084800000| Untracked 
|  69|0x0000000084900000, 0x0000000084900000, 0x0000000084a00000|  0%| F|  |TAMS 0x0000000084900000, 0x0000000084900000| Untracked 
|  70|0x0000000084a00000, 0x0000000084a00000, 0x0000000084b00000|  0%| F|  |TAMS 0x0000000084a00000, 0x0000000084a00000| Untracked 
|  71|0x0000000084b00000, 0x0000000084b00000, 0x0000000084c00000|  0%| F|  |TAMS 0x0000000084b00000, 0x0000000084b00000| Untracked 
|  72|0x0000000084c00000, 0x0000000084c00000, 0x0000000084d00000|  0%| F|  |TAMS 0x0000000084c00000, 0x0000000084c00000| Untracked 
|  73|0x0000000084d00000, 0x0000000084d00000, 0x0000000084e00000|  0%| F|  |TAMS 0x0000000084d00000, 0x0000000084d00000| Untracked 
|  74|0x0000000084e00000, 0x0000000084e00000, 0x0000000084f00000|  0%| F|  |TAMS 0x0000000084e00000, 0x0000000084e00000| Untracked 
|  75|0x0000000084f00000, 0x0000000084f00000, 0x0000000085000000|  0%| F|  |TAMS 0x0000000084f00000, 0x0000000084f00000| Untracked 
|  76|0x0000000085000000, 0x0000000085000000, 0x0000000085100000|  0%| F|  |TAMS 0x0000000085000000, 0x0000000085000000| Untracked 
|  77|0x0000000085100000, 0x0000000085100000, 0x0000000085200000|  0%| F|  |TAMS 0x0000000085100000, 0x0000000085100000| Untracked 
|  78|0x0000000085200000, 0x0000000085200000, 0x0000000085300000|  0%| F|  |TAMS 0x0000000085200000, 0x0000000085200000| Untracked 
|  79|0x0000000085300000, 0x0000000085300000, 0x0000000085400000|  0%| F|  |TAMS 0x0000000085300000, 0x0000000085300000| Untracked 
|  80|0x0000000085400000, 0x0000000085400000, 0x0000000085500000|  0%| F|  |TAMS 0x0000000085400000, 0x0000000085400000| Untracked 
|  81|0x0000000085500000, 0x0000000085500000, 0x0000000085600000|  0%| F|  |TAMS 0x0000000085500000, 0x0000000085500000| Untracked 
|  82|0x0000000085600000, 0x0000000085600000, 0x0000000085700000|  0%| F|  |TAMS 0x0000000085600000, 0x0000000085600000| Untracked 
|  83|0x0000000085700000, 0x0000000085700000, 0x0000000085800000|  0%| F|  |TAMS 0x0000000085700000, 0x0000000085700000| Untracked 
|  84|0x0000000085800000, 0x0000000085800000, 0x0000000085900000|  0%| F|  |TAMS 0x0000000085800000, 0x0000000085800000| Untracked 
|  85|0x0000000085900000, 0x0000000085900000, 0x0000000085a00000|  0%| F|  |TAMS 0x0000000085900000, 0x0000000085900000| Untracked 
|  86|0x0000000085a00000, 0x0000000085a00000, 0x0000000085b00000|  0%| F|  |TAMS 0x0000000085a00000, 0x0000000085a00000| Untracked 
|  87|0x0000000085b00000, 0x0000000085b00000, 0x0000000085c00000|  0%| F|  |TAMS 0x0000000085b00000, 0x0000000085b00000| Untracked 
|  88|0x0000000085c00000, 0x0000000085c00000, 0x0000000085d00000|  0%| F|  |TAMS 0x0000000085c00000, 0x0000000085c00000| Untracked 
|  89|0x0000000085d00000, 0x0000000085d00000, 0x0000000085e00000|  0%| F|  |TAMS 0x0000000085d00000, 0x0000000085d00000| Untracked 
|  90|0x0000000085e00000, 0x0000000085e00000, 0x0000000085f00000|  0%| F|  |TAMS 0x0000000085e00000, 0x0000000085e00000| Untracked 
|  91|0x0000000085f00000, 0x0000000085f00000, 0x0000000086000000|  0%| F|  |TAMS 0x0000000085f00000, 0x0000000085f00000| Untracked 
|  92|0x0000000086000000, 0x0000000086000000, 0x0000000086100000|  0%| F|  |TAMS 0x0000000086000000, 0x0000000086000000| Untracked 
|  93|0x0000000086100000, 0x0000000086100000, 0x0000000086200000|  0%| F|  |TAMS 0x0000000086100000, 0x0000000086100000| Untracked 
|  94|0x0000000086200000, 0x0000000086200000, 0x0000000086300000|  0%| F|  |TAMS 0x0000000086200000, 0x0000000086200000| Untracked 
|  95|0x0000000086300000, 0x0000000086300000, 0x0000000086400000|  0%| F|  |TAMS 0x0000000086300000, 0x0000000086300000| Untracked 
|  96|0x0000000086400000, 0x0000000086400000, 0x0000000086500000|  0%| F|  |TAMS 0x0000000086400000, 0x0000000086400000| Untracked 
|  97|0x0000000086500000, 0x0000000086500000, 0x0000000086600000|  0%| F|  |TAMS 0x0000000086500000, 0x0000000086500000| Untracked 
|  98|0x0000000086600000, 0x0000000086600000, 0x0000000086700000|  0%| F|  |TAMS 0x0000000086600000, 0x0000000086600000| Untracked 
|  99|0x0000000086700000, 0x0000000086700000, 0x0000000086800000|  0%| F|  |TAMS 0x0000000086700000, 0x0000000086700000| Untracked 
| 100|0x0000000086800000, 0x0000000086800000, 0x0000000086900000|  0%| F|  |TAMS 0x0000000086800000, 0x0000000086800000| Untracked 
| 101|0x0000000086900000, 0x0000000086900000, 0x0000000086a00000|  0%| F|  |TAMS 0x0000000086900000, 0x0000000086900000| Untracked 
| 102|0x0000000086a00000, 0x0000000086a00000, 0x0000000086b00000|  0%| F|  |TAMS 0x0000000086a00000, 0x0000000086a00000| Untracked 
| 103|0x0000000086b00000, 0x0000000086b00000, 0x0000000086c00000|  0%| F|  |TAMS 0x0000000086b00000, 0x0000000086b00000| Untracked 
| 104|0x0000000086c00000, 0x0000000086c00000, 0x0000000086d00000|  0%| F|  |TAMS 0x0000000086c00000, 0x0000000086c00000| Untracked 
| 105|0x0000000086d00000, 0x0000000086d00000, 0x0000000086e00000|  0%| F|  |TAMS 0x0000000086d00000, 0x0000000086d00000| Untracked 
| 106|0x0000000086e00000, 0x0000000086e00000, 0x0000000086f00000|  0%| F|  |TAMS 0x0000000086e00000, 0x0000000086e00000| Untracked 
| 107|0x0000000086f00000, 0x0000000086f00000, 0x0000000087000000|  0%| F|  |TAMS 0x0000000086f00000, 0x0000000086f00000| Untracked 
| 108|0x0000000087000000, 0x0000000087000000, 0x0000000087100000|  0%| F|  |TAMS 0x0000000087000000, 0x0000000087000000| Untracked 
| 109|0x0000000087100000, 0x0000000087100000, 0x0000000087200000|  0%| F|  |TAMS 0x0000000087100000, 0x0000000087100000| Untracked 
| 110|0x0000000087200000, 0x0000000087200000, 0x0000000087300000|  0%| F|  |TAMS 0x0000000087200000, 0x0000000087200000| Untracked 
| 111|0x0000000087300000, 0x0000000087300000, 0x0000000087400000|  0%| F|  |TAMS 0x0000000087300000, 0x0000000087300000| Untracked 
| 112|0x0000000087400000, 0x0000000087400000, 0x0000000087500000|  0%| F|  |TAMS 0x0000000087400000, 0x0000000087400000| Untracked 
| 113|0x0000000087500000, 0x0000000087500000, 0x0000000087600000|  0%| F|  |TAMS 0x0000000087500000, 0x0000000087500000| Untracked 
| 114|0x0000000087600000, 0x0000000087600000, 0x0000000087700000|  0%| F|  |TAMS 0x0000000087600000, 0x0000000087600000| Untracked 
| 115|0x0000000087700000, 0x0000000087700000, 0x0000000087800000|  0%| F|  |TAMS 0x0000000087700000, 0x0000000087700000| Untracked 
| 116|0x0000000087800000, 0x0000000087800000, 0x0000000087900000|  0%| F|  |TAMS 0x0000000087800000, 0x0000000087800000| Untracked 
| 117|0x0000000087900000, 0x0000000087900000, 0x0000000087a00000|  0%| F|  |TAMS 0x0000000087900000, 0x0000000087900000| Untracked 
| 118|0x0000000087a00000, 0x0000000087a00000, 0x0000000087b00000|  0%| F|  |TAMS 0x0000000087a00000, 0x0000000087a00000| Untracked 
| 119|0x0000000087b00000, 0x0000000087b43110, 0x0000000087c00000| 26%| E|  |TAMS 0x0000000087b00000, 0x0000000087b00000| Complete 
| 120|0x0000000087c00000, 0x0000000087d00000, 0x0000000087d00000|100%| E|CS|TAMS 0x0000000087c00000, 0x0000000087c00000| Complete 
| 121|0x0000000087d00000, 0x0000000087e00000, 0x0000000087e00000|100%| E|CS|TAMS 0x0000000087d00000, 0x0000000087d00000| Complete 
| 122|0x0000000087e00000, 0x0000000087f00000, 0x0000000087f00000|100%| E|CS|TAMS 0x0000000087e00000, 0x0000000087e00000| Complete 
| 123|0x0000000087f00000, 0x0000000088000000, 0x0000000088000000|100%| E|CS|TAMS 0x0000000087f00000, 0x0000000087f00000| Complete 
| 124|0x0000000088000000, 0x0000000088100000, 0x0000000088100000|100%| E|CS|TAMS 0x0000000088000000, 0x0000000088000000| Complete 
| 125|0x0000000088100000, 0x0000000088200000, 0x0000000088200000|100%| E|CS|TAMS 0x0000000088100000, 0x0000000088100000| Complete 
| 126|0x0000000088200000, 0x0000000088300000, 0x0000000088300000|100%| E|CS|TAMS 0x0000000088200000, 0x0000000088200000| Complete 
| 127|0x0000000088300000, 0x0000000088400000, 0x0000000088400000|100%| E|CS|TAMS 0x0000000088300000, 0x0000000088300000| Complete 

Card table byte_map: [0x00000216361a0000,0x00000216365a0000] _byte_map_base: 0x0000021635d9e000

Marking Bits (Prev, Next): (CMBitMap*) 0x000002161e6516f8, (CMBitMap*) 0x000002161e651738
 Prev Bits: [0x00000216369a0000, 0x0000021638990000)
 Next Bits: [0x0000021638990000, 0x000002163a980000)

Polling page: 0x000002161c4c0000

Metaspace:

Usage:
  Non-class:      8.12 MB capacity,     8.01 MB ( 99%) used,    86.77 KB (  1%) free+waste,    21.56 KB ( <1%) overhead. 
      Class:      1.16 MB capacity,     1.03 MB ( 89%) used,   120.09 KB ( 10%) free+waste,    13.44 KB (  1%) overhead. 
       Both:      9.28 MB capacity,     9.04 MB ( 97%) used,   206.86 KB (  2%) free+waste,    35.00 KB ( <1%) overhead. 

Virtual space:
  Non-class space:       10.00 MB reserved,       8.25 MB ( 83%) committed 
      Class space:        1.00 GB reserved,       1.25 MB ( <1%) committed 
             Both:        1.01 GB reserved,       9.50 MB ( <1%) committed 

Chunk freelists:
   Non-Class:  7.00 KB
       Class:  27.00 KB
        Both:  34.00 KB

MaxMetaspaceSize: 17179869184.00 GB
CompressedClassSpaceSize: 1.00 GB

CodeHeap 'non-profiled nmethods': size=120000Kb used=345Kb max_used=345Kb free=119654Kb
 bounds [0x000002162e870000, 0x000002162eae0000, 0x0000021635da0000]
CodeHeap 'profiled nmethods': size=120000Kb used=2377Kb max_used=2377Kb free=117622Kb
 bounds [0x0000021627340000, 0x00000216275b0000, 0x000002162e870000]
CodeHeap 'non-nmethods': size=5760Kb used=1294Kb max_used=1305Kb free=4465Kb
 bounds [0x0000021626da0000, 0x0000021627010000, 0x0000021627340000]
 total_blobs=2318 nmethods=1321 adapters=499
 compilation: enabled
              stopped_count=0, restarted_count=0
 full_count=0

Compilation events (20 events):
Event: 10.751 Thread 0x000002163cead000 1313       3       java.util.concurrent.locks.AbstractQueuedSynchronizer$Node::getAndUnsetStatus (14 bytes)
Event: 10.751 Thread 0x000002163cead000 nmethod 1313 0x000002162758f490 code [0x000002162758f640, 0x000002162758f918]
Event: 10.751 Thread 0x000002163cead000 1314       3       jdk.internal.misc.Unsafe::getAndBitwiseAndInt (27 bytes)
Event: 10.751 Thread 0x000002163cead000 nmethod 1314 0x000002162758fa90 code [0x000002162758fc40, 0x000002162758fe98]
Event: 10.751 Thread 0x000002163cead000 1315       1       javax.swing.AbstractButton::getText (5 bytes)
Event: 10.751 Thread 0x000002163cead000 nmethod 1315 0x000002162e8c5e90 code [0x000002162e8c6020, 0x000002162e8c60f8]
Event: 10.752 Thread 0x000002163cead000 1316       3       jdk.internal.math.FDBigInteger::mult (64 bytes)
Event: 10.752 Thread 0x000002163cead000 nmethod 1316 0x000002162758ff90 code [0x0000021627590140, 0x00000216275903b8]
Event: 10.752 Thread 0x000002163cead000 1317       3       jdk.internal.math.FDBigInteger::<init> (30 bytes)
Event: 10.752 Thread 0x000002163cead000 nmethod 1317 0x0000021627590590 code [0x0000021627590740, 0x0000021627590968]
Event: 10.752 Thread 0x000002163cead000 1318       3       jdk.internal.math.FDBigInteger::trimLeadingZeros (57 bytes)
Event: 10.752 Thread 0x000002163cead000 nmethod 1318 0x0000021627590a90 code [0x0000021627590c40, 0x0000021627590f58]
Event: 10.755 Thread 0x000002163cead000 1319       3       java.util.Arrays::copyOf (19 bytes)
Event: 10.755 Thread 0x000002163cead000 nmethod 1319 0x0000021627591090 code [0x0000021627591240, 0x0000021627591528]
Event: 10.756 Thread 0x000002163cead000 1320       3       java.lang.invoke.BoundMethodHandle::bindArgumentL (11 bytes)
Event: 10.756 Thread 0x000002163cead000 nmethod 1320 0x0000021627591690 code [0x0000021627591880, 0x0000021627591d98]
Event: 10.756 Thread 0x000002163cead000 1321       3       java.lang.invoke.LambdaFormEditor::bindArgumentL (59 bytes)
Event: 10.757 Thread 0x000002163cead000 nmethod 1321 0x0000021627591f90 code [0x0000021627592160, 0x0000021627592428]
Event: 10.759 Thread 0x000002163cead000 1322       1       java.nio.DirectByteBuffer::isReadOnly (2 bytes)
Event: 10.759 Thread 0x000002163cead000 nmethod 1322 0x000002162e8c6190 code [0x000002162e8c6320, 0x000002162e8c63f8]

GC Heap History (0 events):
No events

Deoptimization events (20 events):
Event: 7.796 Thread 0x0000021642b89000 Uncommon trap: trap_request=0xffffffde fr.pc=0x000002162e87a7e0 relative=0x00000000000001c0
Event: 7.796 Thread 0x0000021642b89000 Uncommon trap: reason=class_check action=maybe_recompile pc=0x000002162e87a7e0 method=java.lang.String.equals(Ljava/lang/Object;)Z @ 8 c2
Event: 7.796 Thread 0x0000021642b89000 DEOPT PACKING pc=0x000002162e87a7e0 sp=0x00000064402fe1a0
Event: 7.796 Thread 0x0000021642b89000 DEOPT UNPACKING pc=0x0000021626de912f sp=0x00000064402fe148 mode 2
Event: 7.796 Thread 0x0000021642b89000 Uncommon trap: trap_request=0xffffffde fr.pc=0x000002162e87a7e0 relative=0x00000000000001c0
Event: 7.796 Thread 0x0000021642b89000 Uncommon trap: reason=class_check action=maybe_recompile pc=0x000002162e87a7e0 method=java.lang.String.equals(Ljava/lang/Object;)Z @ 8 c2
Event: 7.796 Thread 0x0000021642b89000 DEOPT PACKING pc=0x000002162e87a7e0 sp=0x00000064402fe1a0
Event: 7.796 Thread 0x0000021642b89000 DEOPT UNPACKING pc=0x0000021626de912f sp=0x00000064402fe148 mode 2
Event: 9.856 Thread 0x0000021642b89000 Uncommon trap: trap_request=0xffffff45 fr.pc=0x000002162e8b5174 relative=0x0000000000000254
Event: 9.856 Thread 0x0000021642b89000 Uncommon trap: reason=unstable_if action=reinterpret pc=0x000002162e8b5174 method=java.util.HashMap.getNode(ILjava/lang/Object;)Ljava/util/HashMap$Node; @ 62 c2
Event: 9.856 Thread 0x0000021642b89000 DEOPT PACKING pc=0x000002162e8b5174 sp=0x00000064402fe0b0
Event: 9.856 Thread 0x0000021642b89000 DEOPT UNPACKING pc=0x0000021626de912f sp=0x00000064402fdfc0 mode 2
Event: 9.856 Thread 0x0000021642b89000 Uncommon trap: trap_request=0xffffffde fr.pc=0x000002162e8a4230 relative=0x0000000000000c30
Event: 9.856 Thread 0x0000021642b89000 Uncommon trap: reason=class_check action=maybe_recompile pc=0x000002162e8a4230 method=java.util.HashMap.putVal(ILjava/lang/Object;Ljava/lang/Object;ZZ)Ljava/lang/Object; @ 91 c2
Event: 9.856 Thread 0x0000021642b89000 DEOPT PACKING pc=0x000002162e8a4230 sp=0x00000064402fe050
Event: 9.856 Thread 0x0000021642b89000 DEOPT UNPACKING pc=0x0000021626de912f sp=0x00000064402fdf88 mode 2
Event: 9.856 Thread 0x0000021642b89000 Uncommon trap: trap_request=0xffffff45 fr.pc=0x000002162e8a6504 relative=0x0000000000000264
Event: 9.856 Thread 0x0000021642b89000 Uncommon trap: reason=unstable_if action=reinterpret pc=0x000002162e8a6504 method=java.util.HashMap.getNode(ILjava/lang/Object;)Ljava/util/HashMap$Node; @ 62 c2
Event: 9.856 Thread 0x0000021642b89000 DEOPT PACKING pc=0x000002162e8a6504 sp=0x00000064402fdf10
Event: 9.856 Thread 0x0000021642b89000 DEOPT UNPACKING pc=0x0000021626de912f sp=0x00000064402fde98 mode 2

Classes unloaded (0 events):
No events

Classes redefined (0 events):
No events

Internal exceptions (12 events):
Event: 0.174 Thread 0x000002161e60e800 Exception <a 'java/lang/ClassNotFoundException'{0x00000000882c2550}: sun/awt/resources/spi/awtProvider> (0x00000000882c2550) 
thrown [t:/workspace/open/src/hotspot/share/classfile/systemDictionary.cpp, line 226]
Event: 0.194 Thread 0x000002161e60e800 Exception <a 'java/io/FileNotFoundException'{0x000000008814a6c0}> (0x000000008814a6c0) 
thrown [t:/workspace/open/src/hotspot/share/prims/jni.cpp, line 599]
Event: 0.203 Thread 0x000002161e60e800 Exception <a 'java/io/FileNotFoundException'{0x0000000088170a80}> (0x0000000088170a80) 
thrown [t:/workspace/open/src/hotspot/share/prims/jni.cpp, line 599]
Event: 0.376 Thread 0x000002163db84800 Exception <a 'java/lang/NoSuchMethodError'{0x00000000881ce8e8}: 'void java.lang.invoke.DirectMethodHandle$Holder.invokeSpecial(java.lang.Object, java.lang.Object)'> (0x00000000881ce8e8) 
thrown [t:/workspace/open/src/hotspot/share/interpreter/linkResolver.cpp, line 766]
Event: 0.397 Thread 0x000002161e60e800 Exception <a 'java/lang/NoSuchMethodError'{0x0000000088043658}: 'java.lang.Object java.lang.invoke.DirectMethodHandle$Holder.invokeStatic(java.lang.Object, int, java.lang.Object, java.lang.Object, java.lang.Object, java.lang.Object)'> (0x0000000088043658) 
thrown [t:/workspace/open/src/hotspot/share/interpreter/linkResolver.cpp, line 766]
Event: 0.398 Thread 0x000002161e60e800 Exception <a 'java/lang/NoSuchMethodError'{0x0000000088049f78}: 'java.lang.Object java.lang.invoke.DirectMethodHandle$Holder.invokeStatic(java.lang.Object, int, java.lang.Object, java.lang.Object, java.lang.Object)'> (0x0000000088049f78) 
thrown [t:/workspace/open/src/hotspot/share/interpreter/linkResolver.cpp, line 766]
Event: 0.398 Thread 0x000002161e60e800 Exception <a 'java/lang/NoSuchMethodError'{0x000000008804d7c8}: 'java.lang.Object java.lang.invoke.DirectMethodHandle$Holder.invokeSpecial(java.lang.Object, java.lang.Object, int, java.lang.Object, java.lang.Object, java.lang.Object)'> (0x000000008804d7c8) 
thrown [t:/workspace/open/src/hotspot/share/interpreter/linkResolver.cpp, line 766]
Event: 0.400 Thread 0x000002161e60e800 Exception <a 'java/lang/NoSuchMethodError'{0x0000000088063b70}: 'java.lang.Object java.lang.invoke.DirectMethodHandle$Holder.invokeStatic(java.lang.Object, int, java.lang.Object)'> (0x0000000088063b70) 
thrown [t:/workspace/open/src/hotspot/share/interpreter/linkResolver.cpp, line 766]
Event: 0.434 Thread 0x000002161e60e800 Exception <a 'java/lang/ClassNotFoundException'{0x0000000087f095c0}: com/sun/swing/internal/plaf/metal/resources/spi/metalProvider> (0x0000000087f095c0) 
thrown [t:/workspace/open/src/hotspot/share/classfile/systemDictionary.cpp, line 226]
Event: 0.435 Thread 0x000002161e60e800 Exception <a 'java/lang/ClassNotFoundException'{0x0000000087f0d400}: com/sun/swing/internal/plaf/basic/resources/spi/basicProvider> (0x0000000087f0d400) 
thrown [t:/workspace/open/src/hotspot/share/classfile/systemDictionary.cpp, line 226]
Event: 0.529 Thread 0x000002161e60e800 Exception <a 'java/lang/NoSuchMethodError'{0x0000000087fd3918}: 'void java.lang.invoke.DirectMethodHandle$Holder.invokeStaticInit(java.lang.Object)'> (0x0000000087fd3918) 
thrown [t:/workspace/open/src/hotspot/share/interpreter/linkResolver.cpp, line 766]
Event: 0.567 Thread 0x000002161e60e800 Exception <a 'java/lang/NoSuchMethodError'{0x0000000087e2a258}: 'java.lang.Object java.lang.invoke.Invokers$Holder.linkToTargetMethod(java.lang.Object, int, java.lang.Object)'> (0x0000000087e2a258) 
thrown [t:/workspace/open/src/hotspot/share/interpreter/linkResolver.cpp, line 766]

Events (20 events):
Event: 10.753 Executing VM operation: HandshakeOneThread
Event: 10.753 Executing VM operation: HandshakeOneThread done
Event: 10.753 Executing VM operation: HandshakeOneThread
Event: 10.753 Executing VM operation: HandshakeOneThread done
Event: 10.753 Executing VM operation: HandshakeOneThread
Event: 10.753 Executing VM operation: HandshakeOneThread done
Event: 10.753 Executing VM operation: HandshakeOneThread
Event: 10.753 Executing VM operation: HandshakeOneThread done
Event: 10.754 Executing VM operation: HandshakeOneThread
Event: 10.754 Executing VM operation: HandshakeOneThread done
Event: 10.755 loading class java/lang/InterruptedException
Event: 10.755 loading class java/lang/InterruptedException done
Event: 10.755 Executing VM operation: HandshakeOneThread
Event: 10.755 Executing VM operation: HandshakeOneThread done
Event: 10.756 Executing VM operation: HandshakeOneThread
Event: 10.756 Executing VM operation: HandshakeOneThread done
Event: 10.756 loading class java/lang/SecurityException
Event: 10.756 loading class java/lang/SecurityException done
Event: 10.756 loading class javax/swing/text/AbstractDocument$ElementEdit
Event: 10.756 loading class javax/swing/text/AbstractDocument$ElementEdit done


Dynamic libraries:
0x00007ff6176c0000 - 0x00007ff6176cd000 	C:\Users\guill\.jdks\openjdk-14\bin\java.exe
0x00007ffc98f60000 - 0x00007ffc99150000 	C:\Windows\SYSTEM32\ntdll.dll
0x00007ffc98870000 - 0x00007ffc98922000 	C:\Windows\System32\KERNEL32.DLL
0x00007ffc96d30000 - 0x00007ffc96fd3000 	C:\Windows\System32\KERNELBASE.dll
0x00007ffc960b0000 - 0x00007ffc961aa000 	C:\Windows\System32\ucrtbase.dll
0x00007ffc93c80000 - 0x00007ffc93c98000 	C:\Users\guill\.jdks\openjdk-14\bin\jli.dll
0x00007ffc97f20000 - 0x00007ffc980b4000 	C:\Windows\System32\USER32.dll
0x00007ffc96a80000 - 0x00007ffc96aa1000 	C:\Windows\System32\win32u.dll
0x00007ffc98410000 - 0x00007ffc98436000 	C:\Windows\System32\GDI32.dll
0x00007ffc7ec80000 - 0x00007ffc7ec95000 	C:\Users\guill\.jdks\openjdk-14\bin\VCRUNTIME140.dll
0x00007ffc95f10000 - 0x00007ffc960a4000 	C:\Windows\System32\gdi32full.dll
0x00007ffc961b0000 - 0x00007ffc9624e000 	C:\Windows\System32\msvcp_win.dll
0x00007ffc79c50000 - 0x00007ffc79ed5000 	C:\Windows\WinSxS\amd64_microsoft.windows.common-controls_6595b64144ccf1df_6.0.18362.720_none_e6beb5c51314836b\COMCTL32.dll
0x00007ffc989c0000 - 0x00007ffc98a5e000 	C:\Windows\System32\msvcrt.dll
0x00007ffc980c0000 - 0x00007ffc983f6000 	C:\Windows\System32\combase.dll
0x00007ffc97e00000 - 0x00007ffc97f20000 	C:\Windows\System32\RPCRT4.dll
0x00007ffc96b00000 - 0x00007ffc96b80000 	C:\Windows\System32\bcryptPrimitives.dll
0x00007ffc98ce0000 - 0x00007ffc98d0e000 	C:\Windows\System32\IMM32.DLL
0x00007ffc7ebe0000 - 0x00007ffc7ec7b000 	C:\Users\guill\.jdks\openjdk-14\bin\msvcp140.dll
0x00007ffc46d50000 - 0x00007ffc4786f000 	C:\Users\guill\.jdks\openjdk-14\bin\server\jvm.dll
0x00007ffc974f0000 - 0x00007ffc97593000 	C:\Windows\System32\ADVAPI32.dll
0x00007ffc97d60000 - 0x00007ffc97df7000 	C:\Windows\System32\sechost.dll
0x00007ffc989b0000 - 0x00007ffc989b8000 	C:\Windows\System32\PSAPI.DLL
0x00007ffc8bdc0000 - 0x00007ffc8bdc9000 	C:\Windows\SYSTEM32\WSOCK32.dll
0x00007ffc98a60000 - 0x00007ffc98acf000 	C:\Windows\System32\WS2_32.dll
0x00007ffc8bf00000 - 0x00007ffc8bf24000 	C:\Windows\SYSTEM32\WINMM.dll
0x00007ffc8c6b0000 - 0x00007ffc8c6ba000 	C:\Windows\SYSTEM32\VERSION.dll
0x00007ffc8bdd0000 - 0x00007ffc8bdfd000 	C:\Windows\SYSTEM32\WINMMBASE.dll
0x00007ffc96ab0000 - 0x00007ffc96afa000 	C:\Windows\System32\cfgmgr32.dll
0x00007ffc95e30000 - 0x00007ffc95e41000 	C:\Windows\System32\kernel.appcore.dll
0x00007ffc93f50000 - 0x00007ffc93f5a000 	C:\Users\guill\.jdks\openjdk-14\bin\jimage.dll
0x00007ffc8fa90000 - 0x00007ffc8fc84000 	C:\Windows\SYSTEM32\DBGHELP.DLL
0x00007ffc8f9d0000 - 0x00007ffc8f9fa000 	C:\Windows\SYSTEM32\dbgcore.DLL
0x00007ffc929e0000 - 0x00007ffc929ee000 	C:\Users\guill\.jdks\openjdk-14\bin\instrument.dll
0x00007ffc7ebb0000 - 0x00007ffc7ebd5000 	C:\Users\guill\.jdks\openjdk-14\bin\java.dll
0x00007ffc7eb90000 - 0x00007ffc7eba7000 	C:\Users\guill\.jdks\openjdk-14\bin\zip.dll
0x00007ffc975a0000 - 0x00007ffc97c85000 	C:\Windows\System32\SHELL32.dll
0x00007ffc98d10000 - 0x00007ffc98db9000 	C:\Windows\System32\shcore.dll
0x00007ffc96300000 - 0x00007ffc96a80000 	C:\Windows\System32\windows.storage.dll
0x00007ffc95ec0000 - 0x00007ffc95ee3000 	C:\Windows\System32\profapi.dll
0x00007ffc95e70000 - 0x00007ffc95eba000 	C:\Windows\System32\powrprof.dll
0x00007ffc95e20000 - 0x00007ffc95e30000 	C:\Windows\System32\UMPDC.dll
0x00007ffc98440000 - 0x00007ffc98492000 	C:\Windows\System32\shlwapi.dll
0x00007ffc95ef0000 - 0x00007ffc95f07000 	C:\Windows\System32\cryptsp.dll
0x00007ffc7eb70000 - 0x00007ffc7eb89000 	C:\Users\guill\.jdks\openjdk-14\bin\net.dll
0x00007ffc91d80000 - 0x00007ffc91e71000 	C:\Windows\SYSTEM32\WINHTTP.dll
0x00007ffc95630000 - 0x00007ffc95697000 	C:\Windows\system32\mswsock.dll
0x00007ffc7eb50000 - 0x00007ffc7eb62000 	C:\Users\guill\.jdks\openjdk-14\bin\nio.dll
0x00007ffc92080000 - 0x00007ffc92090000 	C:\Users\guill\.jdks\openjdk-14\bin\verify.dll
0x00007ffc7e050000 - 0x00007ffc7e06a000 	C:\Program Files\JetBrains\IntelliJ IDEA 2020.1\bin\breakgen64.dll
0x00007ffc58ba0000 - 0x00007ffc58d37000 	C:\Users\guill\.jdks\openjdk-14\bin\awt.dll
0x00007ffc98ad0000 - 0x00007ffc98b94000 	C:\Windows\System32\OLEAUT32.dll
0x00007ffc94020000 - 0x00007ffc940af000 	C:\Windows\SYSTEM32\apphelp.dll
0x00007ffc946e0000 - 0x00007ffc9470d000 	C:\Windows\system32\DWMAPI.DLL
0x00007ffc940f0000 - 0x00007ffc94189000 	C:\Windows\system32\uxtheme.dll
0x00007ffc98ba0000 - 0x00007ffc98cd6000 	C:\Windows\System32\MSCTF.dll
0x00007ffc98dc0000 - 0x00007ffc98f17000 	C:\Windows\System32\ole32.dll
0x00007ffc50b10000 - 0x00007ffc50c66000 	C:\Windows\system32\opengl32.dll
0x00007ffc68b50000 - 0x00007ffc68b7c000 	C:\Windows\SYSTEM32\GLU32.dll
0x00007ffc94a90000 - 0x00007ffc94ab0000 	C:\Windows\SYSTEM32\dxcore.dll
0x00007ffc56010000 - 0x00007ffc561d7000 	C:\Windows\system32\d3d9.dll
0x00007ffc79250000 - 0x00007ffc79279000 	C:\Windows\SYSTEM32\prl_umdd.dll
0x00007ffc6e1d0000 - 0x00007ffc6e252000 	C:\Users\guill\.jdks\openjdk-14\bin\freetype.dll
0x00007ffc68c80000 - 0x00007ffc68d26000 	C:\Users\guill\.jdks\openjdk-14\bin\fontmanager.dll
0x00007ffc97c90000 - 0x00007ffc97d32000 	C:\Windows\System32\clbcatq.dll
0x00007ffc7cc50000 - 0x00007ffc7cdff000 	C:\Windows\SYSTEM32\WindowsCodecs.dll
0x00007ffc7e0d0000 - 0x00007ffc7e10a000 	C:\Windows\system32\dataexchange.dll
0x00007ffc92f00000 - 0x00007ffc9315b000 	C:\Windows\system32\d3d11.dll
0x00007ffc935e0000 - 0x00007ffc937bb000 	C:\Windows\system32\dcomp.dll
0x00007ffc94b20000 - 0x00007ffc94c0b000 	C:\Windows\system32\dxgi.dll
0x00007ffc94190000 - 0x00007ffc943ea000 	C:\Windows\system32\twinapi.appcore.dll
0x00007ffc94510000 - 0x00007ffc94539000 	C:\Windows\system32\RMCLIENT.dll
0x00007ffc93900000 - 0x00007ffc9399e000 	C:\Windows\System32\TextInputFramework.dll
0x00007ffc7b380000 - 0x00007ffc7b6aa000 	C:\Windows\System32\CoreUIComponents.dll
0x00007ffc93df0000 - 0x00007ffc93ec4000 	C:\Windows\System32\CoreMessaging.dll
0x00007ffc927b0000 - 0x00007ffc92903000 	C:\Windows\SYSTEM32\wintypes.dll
0x00007ffc94e80000 - 0x00007ffc94eb1000 	C:\Windows\SYSTEM32\ntmarta.dll
0x0000000071100000 - 0x0000000071125000 	C:\Users\guill\.jssc\windows\jSSC-2.8_x86_64.dll
0x00007ffc8d370000 - 0x00007ffc8d616000 	C:\Windows\System32\iertutil.dll

dbghelp: loaded successfully - version: 4.0.5 - missing functions: none
symbol engine: initialized successfully - sym options: 0x614 - pdb path: .;C:\Users\guill\.jdks\openjdk-14\bin;C:\Windows\SYSTEM32;C:\Windows\WinSxS\amd64_microsoft.windows.common-controls_6595b64144ccf1df_6.0.18362.720_none_e6beb5c51314836b;C:\Users\guill\.jdks\openjdk-14\bin\server;C:\Program Files\JetBrains\IntelliJ IDEA 2020.1\bin;C:\Users\guill\.jssc\windows

VM Arguments:
jvm_args: -javaagent:C:\Program Files\JetBrains\IntelliJ IDEA 2020.1\lib\idea_rt.jar=51043:C:\Program Files\JetBrains\IntelliJ IDEA 2020.1\bin -Dfile.encoding=UTF-8 
java_command: Gui
java_class_path (initial): W:\Ephec\ElecDigitalProjet\JavaInterface-Guillaume\out\production\JavaInterface;W:\Ephec\ElecDigitalProjet\JavaInterface-Guillaume\jssc-2.8.0.jar
Launcher Type: SUN_STANDARD

[Global flags]
     intx CICompilerCount                          = 3                                         {product} {ergonomic}
     uint ConcGCThreads                            = 1                                         {product} {ergonomic}
     uint G1ConcRefinementThreads                  = 4                                         {product} {ergonomic}
   size_t G1HeapRegionSize                         = 1048576                                   {product} {ergonomic}
    uintx GCDrainStackTargetSize                   = 64                                        {product} {ergonomic}
   size_t InitialHeapSize                          = 134217728                                 {product} {ergonomic}
   size_t MarkStackSize                            = 4194304                                   {product} {ergonomic}
   size_t MaxHeapSize                              = 2143289344                                {product} {ergonomic}
   size_t MaxNewSize                               = 1285554176                                {product} {ergonomic}
   size_t MinHeapDeltaBytes                        = 1048576                                   {product} {ergonomic}
   size_t MinHeapSize                              = 8388608                                   {product} {ergonomic}
    uintx NonNMethodCodeHeapSize                   = 5832780                                {pd product} {ergonomic}
    uintx NonProfiledCodeHeapSize                  = 122912730                              {pd product} {ergonomic}
    uintx ProfiledCodeHeapSize                     = 122912730                              {pd product} {ergonomic}
    uintx ReservedCodeCacheSize                    = 251658240                              {pd product} {ergonomic}
     bool SegmentedCodeCache                       = true                                      {product} {ergonomic}
   size_t SoftMaxHeapSize                          = 2143289344                             {manageable} {ergonomic}
     bool UseCompressedClassPointers               = true                                 {lp64_product} {ergonomic}
     bool UseCompressedOops                        = true                                 {lp64_product} {ergonomic}
     bool UseG1GC                                  = true                                      {product} {ergonomic}
     bool UseLargePagesIndividualAllocation        = false                                  {pd product} {ergonomic}

Logging:
Log output configuration:
 #0: stdout all=warning uptime,level,tags
 #1: stderr all=off uptime,level,tags

Environment Variables:
PATH=C:\Program Files (x86)\Common Files\Oracle\Java\javapath;C:\Program Files (x86)\Parallels\Parallels Tools\Applications;C:\Program Files\Microsoft MPI\Bin\;C:\Windows\system32;C:\Windows;C:\Windows\System32\Wbem;C:\Windows\System32\WindowsPowerShell\v1.0\;C:\Windows\System32\OpenSSH\;C:\PROGRA~2\PICC;C:\Program Files (x86)\Microsoft SQL Server\140\Tools\Binn\;C:\Program Files\Microsoft SQL Server\140\Tools\Binn\;C:\Program Files (x86)\Microsoft SQL Server\140\DTS\Binn\;C:\Program Files\Microsoft SQL Server\140\DTS\Binn\;C:\Program Files\Microsoft SQL Server\Client SDK\ODBC\130\Tools\Binn\;C:\Users\guill\AppData\Local\Microsoft\WindowsApps;;C:\Program Files\JetBrains\PyCharm 2019.3.3\bin;
USERNAME=guill
OS=Windows_NT
PROCESSOR_IDENTIFIER=Intel64 Family 6 Model 158 Stepping 13, GenuineIntel



---------------  S Y S T E M  ---------------

OS: Windows 10 , 64 bit Build 18362 (10.0.18362.329)
OS uptime: 8 days 4:39 hours

CPU:total 4 (initial active 4) (4 cores per cpu, 1 threads per core) family 6 model 158 stepping 13, cmov, cx8, fxsr, mmx, sse, sse2, sse3, ssse3, sse4.1, sse4.2, popcnt, avx, avx2, aes, clmul, erms, 3dnowpref, lzcnt, tsc, bmi1, bmi2, adx, fma

Memory: 4k page, system-wide physical 8169M (2617M free)
TotalPageFile size 9449M (AvailPageFile size 2704M)
current process WorkingSet (physical memory assigned to process): 91M, peak: 143M
current process commit charge ("private bytes"): 252M, peak: 317M

vm_info: OpenJDK 64-Bit Server VM (14+36-1461) for windows-amd64 JRE (14+36-1461), built on Feb  6 2020 19:03:18 by "mach5one" with MS VC++ 15.9 (VS2017)

END.
