#
# A fatal error has been detected by the Java Runtime Environment:
#
#  EXCEPTION_ACCESS_VIOLATION (0xc0000005) at pc=0x0000000180003990, pid=10832, tid=6968
#
# JRE version: Java(TM) SE Runtime Environment (14.0.1+7) (build 14.0.1+7)
# Java VM: Java HotSpot(TM) 64-Bit Server VM (14.0.1+7, mixed mode, sharing, tiered, compressed oops, g1 gc, windows-amd64)
# Problematic frame:
# C  [rxtxSerial.dll+0x3990]
#
# No core dump will be written. Minidumps are not enabled by default on client versions of Windows
#
# If you would like to submit a bug report, please visit:
#   https://bugreport.java.com/bugreport/crash.jsp
# The crash happened outside the Java Virtual Machine in native code.
# See problematic frame for where to report the bug.
#

---------------  S U M M A R Y ------------

Command Line: -javaagent:C:\Program Files\JetBrains\IntelliJ IDEA 2020.1\lib\idea_rt.jar=52708:C:\Program Files\JetBrains\IntelliJ IDEA 2020.1\bin -Dfile.encoding=UTF-8 pic.Gui

Host: Intel(R) Core(TM) i9-9880H CPU @ 2.30GHz, 4 cores, 7G,  Windows 10 , 64 bit Build 18362 (10.0.18362.778)
Time: Mon Apr 27 11:10:41 2020 Europe centrale (heure d?été) elapsed time: 8 seconds (0d 0h 0m 8s)

---------------  T H R E A D  ---------------

Current thread (0x000001ade4372800):  JavaThread "Thread-0" [_thread_in_native, id=6968, stack(0x0000001f16600000,0x0000001f16700000)]

Stack: [0x0000001f16600000,0x0000001f16700000],  sp=0x0000001f166fdd00,  free space=1015k
Native frames: (J=compiled Java code, j=interpreted, Vv=VM code, C=native code)
C  [rxtxSerial.dll+0x3990]

Java frames: (J=compiled Java code, j=interpreted, Vv=VM code)
j  gnu.io.RXTXPort.readArray([BII)I+0
j  gnu.io.RXTXPort$SerialInputStream.read([BII)I+187
j  sun.nio.cs.StreamDecoder.readBytes()I+135 java.base@14.0.1
j  sun.nio.cs.StreamDecoder.implRead([CII)I+112 java.base@14.0.1
j  sun.nio.cs.StreamDecoder.read([CII)I+180 java.base@14.0.1
j  java.io.InputStreamReader.read([CII)I+7 java.base@14.0.1
j  java.io.BufferedReader.fill()V+145 java.base@14.0.1
j  java.io.BufferedReader.readLine(Z)Ljava/lang/String;+44 java.base@14.0.1
j  java.io.BufferedReader.readLine()Ljava/lang/String;+2 java.base@14.0.1
j  pic.Gui$SerialListener.serialEvent(Lgnu/io/SerialPortEvent;)V+35
j  gnu.io.RXTXPort.sendEvent(IZ)Z+382
v  ~StubRoutines::call_stub
j  gnu.io.RXTXPort.eventLoop()V+0
j  gnu.io.RXTXPort$MonitorThread.run()V+12
v  ~StubRoutines::call_stub

siginfo: EXCEPTION_ACCESS_VIOLATION (0xc0000005), reading address 0x00000000166fead8


Register to memory mapping:

RIP=0x0000000180003990 rxtxSerial.dll
RAX=0x00000000166fead0 is an unknown value
RBX=0x0 is NULL
RCX=0x000000018001d4d5 rxtxSerial.dll
RDX=0xfffffffffffff665 is an unknown value
RSP=0x0000001f166fdd00 is pointing into the stack for thread: 0x000001ade4372800
RBP=
[error occurred during error reporting (printing register info), id 0xc0000005, EXCEPTION_ACCESS_VIOLATION (0xc0000005) at pc=0x00007ffa833c1c94]

Registers:
RAX=0x00000000166fead0, RBX=0x0000000000000000, RCX=0x000000018001d4d5, RDX=0xfffffffffffff665
RSP=0x0000001f166fdd00, RBP=0x00000000ffffffff, RSI=0x0000000000000004, RDI=0x0000000000000000
R8 =0x0000000000000002, R9 =0xfffffffffffff63c, R10=0x00007ffa83b7a890, R11=0x8101010101010100
R12=0x00000000166fead0, R13=0x0000000000000001, R14=0x0000000000000004, R15=0x0000000000000000
RIP=0x0000000180003990, EFLAGS=0x0000000000010206

Top of Stack: (sp=0x0000001f166fdd00)
0x0000001f166fdd00:   0000000000000000 0000001f166fded8
0x0000001f166fdd10:   0000000000000004 0000000000000000
0x0000001f166fdd20:   000001ade4372800 00000000ffffffff
0x0000001f166fdd30:   0000000000000001 0000000000000000
0x0000001f166fdd40:   000001ade4372b10 0000000000000004
0x0000001f166fdd50:   0000001f166fded8 000000018000535a
0x0000001f166fdd60:   000001ade45cb300 0000001f166fded8
0x0000001f166fdd70:   0000000000000001 000001ade45cb300
0x0000001f166fdd80:   000001ad00000004 0000001fffffffff
0x0000001f166fdd90:   0000001f166fdee0 0000001f166fdee0
0x0000001f166fdda0:   0000001f166fdea8 00007ffa83459cb7
0x0000001f166fddb0:   0000001f166fddd0 000001ade4372800
0x0000001f166fddc0:   000000000014ab34 00000000000000e3
0x0000001f166fddd0:   000001addebaadf0 00001c0d7d3bf41a
0x0000001f166fdde0:   0000001f166fdee0 000001addebaade8
0x0000001f166fddf0:   0000000000000000 000001adc8689bc0 

Instructions: (pc=0x0000000180003990)
0x0000000180003890:   48 8d 15 0d 9c 01 00 48 2b d3 66 0f 1f 44 00 00
0x00000001800038a0:   0f b6 0b 0f b6 04 13 2b c8 75 07 48 ff c3 85 c0
0x00000001800038b0:   75 ee 48 8b 07 85 c9 48 8b d6 48 8b cf 75 0b ff
0x00000001800038c0:   90 28 03 00 00 48 8b d8 eb 08 ff 90 20 03 00 00
0x00000001800038d0:   8b d8 48 8b 07 48 8b d5 48 8b cf ff 90 b8 00 00
0x00000001800038e0:   00 48 8d 0d ec 9b 01 00 41 b8 02 00 00 00 49 8b
0x00000001800038f0:   d4 e8 2a 6f 00 00 85 c0 75 19 85 db 75 15 e8 71
0x0000000180003900:   6b 00 00 48 8d 15 ce 9b 01 00 48 8d 48 60 e8 e9
0x0000000180003910:   69 00 00 8b c3 48 8b 5c 24 30 48 8b 6c 24 38 48
0x0000000180003920:   8b 74 24 40 48 8b 7c 24 48 48 83 c4 20 41 5c c3
0x0000000180003930:   cc cc cc cc cc cc cc cc cc cc cc cc cc cc cc cc
0x0000000180003940:   48 89 5c 24 08 4c 89 4c 24 20 44 89 44 24 18 55
0x0000000180003950:   56 57 41 54 41 55 41 56 41 57 48 83 ec 20 48 8b
0x0000000180003960:   12 33 db 4c 8d 0d 82 91 01 00 4c 8d 05 9f 91 01
0x0000000180003970:   00 44 8b fb 8b fb e8 95 fe ff ff 8b ac 24 88 00
0x0000000180003980:   00 00 44 8b b4 24 80 00 00 00 4c 63 e0 41 8b f6
0x0000000180003990:   45 8b 6c 24 08 41 89 5c 24 08 85 ed 78 09 ff 15
0x00000001800039a0:   5c 36 01 00 44 8b f8 45 85 f6 7e 4d 0f 1f 40 00
0x00000001800039b0:   8b c7 ff c7 83 f8 14 7d 40 85 ed 78 0d ff 15 3d
0x00000001800039c0:   36 01 00 41 2b c7 3b c5 7d 2f 8b 4c 24 70 48 63
0x00000001800039d0:   d3 44 8b c6 48 03 54 24 78 e8 22 3d 00 00 85 c0
0x00000001800039e0:   78 33 74 06 03 d8 2b f0 eb 0a b9 e8 03 00 00 e8
0x00000001800039f0:   1c 27 00 00 41 3b de 7c b7 8b c3 45 89 6c 24 08
0x0000000180003a00:   48 8b 5c 24 60 48 83 c4 20 41 5f 41 5e 41 5d 41
0x0000000180003a10:   5c 5f 5e 5d c3 e8 62 6d 00 00 83 38 04 74 05 e8
0x0000000180003a20:   58 6d 00 00 83 c8 ff eb d2 cc cc cc cc cc cc cc
0x0000000180003a30:   40 53 48 83 ec 50 83 79 0c 00 48 8b d9 75 08 33
0x0000000180003a40:   c0 48 83 c4 50 5b c3 8b 09 48 8d 54 24 20 e8 91
0x0000000180003a50:   5c 00 00 85 c0 74 0b b8 01 00 00 00 48 83 c4 50
0x0000000180003a60:   5b c3 8b 0b 4c 8d 43 38 ba 59 54 00 00 48 89 7c
0x0000000180003a70:   24 60 e8 49 4e 00 00 85 c0 74 10 b8 01 00 00 00
0x0000000180003a80:   48 8b 7c 24 60 48 83 c4 50 5b c3 83 7b 38 00 74 


Stack slot to memory mapping:
stack at sp + 0 slots: 0x0 is NULL
stack at sp + 1 slots: 0x0000001f166fded8 is pointing into the stack for thread: 0x000001ade4372800
stack at sp + 2 slots: 0x0000000000000004 is an unknown value
stack at sp + 3 slots: 0x0 is NULL
stack at sp + 4 slots: 0x000001ade4372800 is a thread
stack at sp + 5 slots: 
[error occurred during error reporting (inspecting top of stack), id 0xc0000005, EXCEPTION_ACCESS_VIOLATION (0xc0000005) at pc=0x00007ffa833c1c94]


---------------  P R O C E S S  ---------------

Threads class SMR info:
_java_thread_list=0x000001ade454dd30, length=19, elements={
0x000001adde72d800, 0x000001adde72e800, 0x000001adde748800, 0x000001adde74b800,
0x000001adde74d000, 0x000001adde751000, 0x000001adde754000, 0x000001adde75d000,
0x000001adde70d800, 0x000001addf1fb800, 0x000001addf1fc800, 0x000001addf492800,
0x000001addf497000, 0x000001addf49b000, 0x000001ade4372800, 0x000001ade443f800,
0x000001adbfede800, 0x000001addf2b2800, 0x000001ade45af000
}

Java Threads: ( => current thread )
  0x000001adde72d800 JavaThread "Reference Handler" daemon [_thread_blocked, id=14360, stack(0x0000001f15700000,0x0000001f15800000)]
  0x000001adde72e800 JavaThread "Finalizer" daemon [_thread_blocked, id=352, stack(0x0000001f15800000,0x0000001f15900000)]
  0x000001adde748800 JavaThread "Signal Dispatcher" daemon [_thread_blocked, id=15204, stack(0x0000001f15900000,0x0000001f15a00000)]
  0x000001adde74b800 JavaThread "Attach Listener" daemon [_thread_blocked, id=3260, stack(0x0000001f15a00000,0x0000001f15b00000)]
  0x000001adde74d000 JavaThread "Service Thread" daemon [_thread_blocked, id=14376, stack(0x0000001f15b00000,0x0000001f15c00000)]
  0x000001adde751000 JavaThread "C2 CompilerThread0" daemon [_thread_blocked, id=452, stack(0x0000001f15c00000,0x0000001f15d00000)]
  0x000001adde754000 JavaThread "C1 CompilerThread0" daemon [_thread_blocked, id=14404, stack(0x0000001f15d00000,0x0000001f15e00000)]
  0x000001adde75d000 JavaThread "Sweeper thread" daemon [_thread_blocked, id=5696, stack(0x0000001f15e00000,0x0000001f15f00000)]
  0x000001adde70d800 JavaThread "Common-Cleaner" daemon [_thread_blocked, id=15256, stack(0x0000001f15f00000,0x0000001f16000000)]
  0x000001addf1fb800 JavaThread "Monitor Ctrl-Break" daemon [_thread_in_native, id=9384, stack(0x0000001f16000000,0x0000001f16100000)]
  0x000001addf1fc800 JavaThread "Notification Thread" daemon [_thread_blocked, id=15272, stack(0x0000001f16100000,0x0000001f16200000)]
  0x000001addf492800 JavaThread "Java2D Disposer" daemon [_thread_blocked, id=2944, stack(0x0000001f16300000,0x0000001f16400000)]
  0x000001addf497000 JavaThread "AWT-Shutdown" [_thread_blocked, id=12268, stack(0x0000001f16400000,0x0000001f16500000)]
  0x000001addf49b000 JavaThread "AWT-Windows" daemon [_thread_in_native, id=16336, stack(0x0000001f16500000,0x0000001f16600000)]
=>0x000001ade4372800 JavaThread "Thread-0" [_thread_in_native, id=6968, stack(0x0000001f16600000,0x0000001f16700000)]
  0x000001ade443f800 JavaThread "AWT-EventQueue-0" [_thread_blocked, id=12172, stack(0x0000001f16700000,0x0000001f16800000)]
  0x000001adbfede800 JavaThread "DestroyJavaVM" [_thread_blocked, id=3252, stack(0x0000001f14f00000,0x0000001f15000000)]
  0x000001addf2b2800 JavaThread "D3D Screen Updater" daemon [_thread_blocked, id=15756, stack(0x0000001f16c00000,0x0000001f16d00000)]
  0x000001ade45af000 JavaThread "TimerQueue" daemon [_thread_blocked, id=6652, stack(0x0000001f16d00000,0x0000001f16e00000)]

Other Threads:
  0x000001adde72a000 VMThread "VM Thread" [stack: 0x0000001f15600000,0x0000001f15700000] [id=12332]
  0x000001addf256000 WatcherThread [stack: 0x0000001f16200000,0x0000001f16300000] [id=12080]
  0x000001adbff1f800 GCTaskThread "GC Thread#0" [stack: 0x0000001f15100000,0x0000001f15200000] [id=11392]
  0x000001adbff33000 ConcurrentGCThread "G1 Main Marker" [stack: 0x0000001f15200000,0x0000001f15300000] [id=15268]
  0x000001adbff34800 ConcurrentGCThread "G1 Conc#0" [stack: 0x0000001f15300000,0x0000001f15400000] [id=7880]
  0x000001adde5a0800 ConcurrentGCThread "G1 Refine#0" [stack: 0x0000001f15400000,0x0000001f15500000] [id=3176]
  0x000001adbffac000 ConcurrentGCThread "G1 Young RemSet Sampling" [stack: 0x0000001f15500000,0x0000001f15600000] [id=14748]

Threads with active compile tasks:

VM state:not at safepoint (normal execution)

VM Mutex/Monitor currently owned by a thread: None

Heap address: 0x0000000080400000, size: 2044 MB, Compressed Oops mode: 32-bit
Narrow klass base: 0x0000000800000000, Narrow klass shift: 3
Compressed class space size: 1073741824 Address: 0x0000000800b30000

Heap:
 garbage-first heap   total 131072K, used 7168K [0x0000000080400000, 0x0000000100000000)
  region size 1024K, 8 young (8192K), 0 survivors (0K)
 Metaspace       used 8886K, capacity 9088K, committed 9216K, reserved 1056768K
  class space    used 1054K, capacity 1158K, committed 1280K, reserved 1048576K
Heap Regions: E=young(eden), S=young(survivor), O=old, HS=humongous(starts), HC=humongous(continues), CS=collection set, F=free, OA=open archive, CA=closed archive, TAMS=top-at-mark-start (previous, next)
|   0|0x0000000080400000, 0x0000000080400000, 0x0000000080500000|  0%| F|  |TAMS 0x0000000080400000, 0x0000000080400000| Untracked 
|   1|0x0000000080500000, 0x0000000080500000, 0x0000000080600000|  0%| F|  |TAMS 0x0000000080500000, 0x0000000080500000| Untracked 
|   2|0x0000000080600000, 0x0000000080600000, 0x0000000080700000|  0%| F|  |TAMS 0x0000000080600000, 0x0000000080600000| Untracked 
|   3|0x0000000080700000, 0x0000000080700000, 0x0000000080800000|  0%| F|  |TAMS 0x0000000080700000, 0x0000000080700000| Untracked 
|   4|0x0000000080800000, 0x0000000080800000, 0x0000000080900000|  0%| F|  |TAMS 0x0000000080800000, 0x0000000080800000| Untracked 
|   5|0x0000000080900000, 0x0000000080900000, 0x0000000080a00000|  0%| F|  |TAMS 0x0000000080900000, 0x0000000080900000| Untracked 
|   6|0x0000000080a00000, 0x0000000080a00000, 0x0000000080b00000|  0%| F|  |TAMS 0x0000000080a00000, 0x0000000080a00000| Untracked 
|   7|0x0000000080b00000, 0x0000000080b00000, 0x0000000080c00000|  0%| F|  |TAMS 0x0000000080b00000, 0x0000000080b00000| Untracked 
|   8|0x0000000080c00000, 0x0000000080c00000, 0x0000000080d00000|  0%| F|  |TAMS 0x0000000080c00000, 0x0000000080c00000| Untracked 
|   9|0x0000000080d00000, 0x0000000080d00000, 0x0000000080e00000|  0%| F|  |TAMS 0x0000000080d00000, 0x0000000080d00000| Untracked 
|  10|0x0000000080e00000, 0x0000000080e00000, 0x0000000080f00000|  0%| F|  |TAMS 0x0000000080e00000, 0x0000000080e00000| Untracked 
|  11|0x0000000080f00000, 0x0000000080f00000, 0x0000000081000000|  0%| F|  |TAMS 0x0000000080f00000, 0x0000000080f00000| Untracked 
|  12|0x0000000081000000, 0x0000000081000000, 0x0000000081100000|  0%| F|  |TAMS 0x0000000081000000, 0x0000000081000000| Untracked 
|  13|0x0000000081100000, 0x0000000081100000, 0x0000000081200000|  0%| F|  |TAMS 0x0000000081100000, 0x0000000081100000| Untracked 
|  14|0x0000000081200000, 0x0000000081200000, 0x0000000081300000|  0%| F|  |TAMS 0x0000000081200000, 0x0000000081200000| Untracked 
|  15|0x0000000081300000, 0x0000000081300000, 0x0000000081400000|  0%| F|  |TAMS 0x0000000081300000, 0x0000000081300000| Untracked 
|  16|0x0000000081400000, 0x0000000081400000, 0x0000000081500000|  0%| F|  |TAMS 0x0000000081400000, 0x0000000081400000| Untracked 
|  17|0x0000000081500000, 0x0000000081500000, 0x0000000081600000|  0%| F|  |TAMS 0x0000000081500000, 0x0000000081500000| Untracked 
|  18|0x0000000081600000, 0x0000000081600000, 0x0000000081700000|  0%| F|  |TAMS 0x0000000081600000, 0x0000000081600000| Untracked 
|  19|0x0000000081700000, 0x0000000081700000, 0x0000000081800000|  0%| F|  |TAMS 0x0000000081700000, 0x0000000081700000| Untracked 
|  20|0x0000000081800000, 0x0000000081800000, 0x0000000081900000|  0%| F|  |TAMS 0x0000000081800000, 0x0000000081800000| Untracked 
|  21|0x0000000081900000, 0x0000000081900000, 0x0000000081a00000|  0%| F|  |TAMS 0x0000000081900000, 0x0000000081900000| Untracked 
|  22|0x0000000081a00000, 0x0000000081a00000, 0x0000000081b00000|  0%| F|  |TAMS 0x0000000081a00000, 0x0000000081a00000| Untracked 
|  23|0x0000000081b00000, 0x0000000081b00000, 0x0000000081c00000|  0%| F|  |TAMS 0x0000000081b00000, 0x0000000081b00000| Untracked 
|  24|0x0000000081c00000, 0x0000000081c00000, 0x0000000081d00000|  0%| F|  |TAMS 0x0000000081c00000, 0x0000000081c00000| Untracked 
|  25|0x0000000081d00000, 0x0000000081d00000, 0x0000000081e00000|  0%| F|  |TAMS 0x0000000081d00000, 0x0000000081d00000| Untracked 
|  26|0x0000000081e00000, 0x0000000081e00000, 0x0000000081f00000|  0%| F|  |TAMS 0x0000000081e00000, 0x0000000081e00000| Untracked 
|  27|0x0000000081f00000, 0x0000000081f00000, 0x0000000082000000|  0%| F|  |TAMS 0x0000000081f00000, 0x0000000081f00000| Untracked 
|  28|0x0000000082000000, 0x0000000082000000, 0x0000000082100000|  0%| F|  |TAMS 0x0000000082000000, 0x0000000082000000| Untracked 
|  29|0x0000000082100000, 0x0000000082100000, 0x0000000082200000|  0%| F|  |TAMS 0x0000000082100000, 0x0000000082100000| Untracked 
|  30|0x0000000082200000, 0x0000000082200000, 0x0000000082300000|  0%| F|  |TAMS 0x0000000082200000, 0x0000000082200000| Untracked 
|  31|0x0000000082300000, 0x0000000082300000, 0x0000000082400000|  0%| F|  |TAMS 0x0000000082300000, 0x0000000082300000| Untracked 
|  32|0x0000000082400000, 0x0000000082400000, 0x0000000082500000|  0%| F|  |TAMS 0x0000000082400000, 0x0000000082400000| Untracked 
|  33|0x0000000082500000, 0x0000000082500000, 0x0000000082600000|  0%| F|  |TAMS 0x0000000082500000, 0x0000000082500000| Untracked 
|  34|0x0000000082600000, 0x0000000082600000, 0x0000000082700000|  0%| F|  |TAMS 0x0000000082600000, 0x0000000082600000| Untracked 
|  35|0x0000000082700000, 0x0000000082700000, 0x0000000082800000|  0%| F|  |TAMS 0x0000000082700000, 0x0000000082700000| Untracked 
|  36|0x0000000082800000, 0x0000000082800000, 0x0000000082900000|  0%| F|  |TAMS 0x0000000082800000, 0x0000000082800000| Untracked 
|  37|0x0000000082900000, 0x0000000082900000, 0x0000000082a00000|  0%| F|  |TAMS 0x0000000082900000, 0x0000000082900000| Untracked 
|  38|0x0000000082a00000, 0x0000000082a00000, 0x0000000082b00000|  0%| F|  |TAMS 0x0000000082a00000, 0x0000000082a00000| Untracked 
|  39|0x0000000082b00000, 0x0000000082b00000, 0x0000000082c00000|  0%| F|  |TAMS 0x0000000082b00000, 0x0000000082b00000| Untracked 
|  40|0x0000000082c00000, 0x0000000082c00000, 0x0000000082d00000|  0%| F|  |TAMS 0x0000000082c00000, 0x0000000082c00000| Untracked 
|  41|0x0000000082d00000, 0x0000000082d00000, 0x0000000082e00000|  0%| F|  |TAMS 0x0000000082d00000, 0x0000000082d00000| Untracked 
|  42|0x0000000082e00000, 0x0000000082e00000, 0x0000000082f00000|  0%| F|  |TAMS 0x0000000082e00000, 0x0000000082e00000| Untracked 
|  43|0x0000000082f00000, 0x0000000082f00000, 0x0000000083000000|  0%| F|  |TAMS 0x0000000082f00000, 0x0000000082f00000| Untracked 
|  44|0x0000000083000000, 0x0000000083000000, 0x0000000083100000|  0%| F|  |TAMS 0x0000000083000000, 0x0000000083000000| Untracked 
|  45|0x0000000083100000, 0x0000000083100000, 0x0000000083200000|  0%| F|  |TAMS 0x0000000083100000, 0x0000000083100000| Untracked 
|  46|0x0000000083200000, 0x0000000083200000, 0x0000000083300000|  0%| F|  |TAMS 0x0000000083200000, 0x0000000083200000| Untracked 
|  47|0x0000000083300000, 0x0000000083300000, 0x0000000083400000|  0%| F|  |TAMS 0x0000000083300000, 0x0000000083300000| Untracked 
|  48|0x0000000083400000, 0x0000000083400000, 0x0000000083500000|  0%| F|  |TAMS 0x0000000083400000, 0x0000000083400000| Untracked 
|  49|0x0000000083500000, 0x0000000083500000, 0x0000000083600000|  0%| F|  |TAMS 0x0000000083500000, 0x0000000083500000| Untracked 
|  50|0x0000000083600000, 0x0000000083600000, 0x0000000083700000|  0%| F|  |TAMS 0x0000000083600000, 0x0000000083600000| Untracked 
|  51|0x0000000083700000, 0x0000000083700000, 0x0000000083800000|  0%| F|  |TAMS 0x0000000083700000, 0x0000000083700000| Untracked 
|  52|0x0000000083800000, 0x0000000083800000, 0x0000000083900000|  0%| F|  |TAMS 0x0000000083800000, 0x0000000083800000| Untracked 
|  53|0x0000000083900000, 0x0000000083900000, 0x0000000083a00000|  0%| F|  |TAMS 0x0000000083900000, 0x0000000083900000| Untracked 
|  54|0x0000000083a00000, 0x0000000083a00000, 0x0000000083b00000|  0%| F|  |TAMS 0x0000000083a00000, 0x0000000083a00000| Untracked 
|  55|0x0000000083b00000, 0x0000000083b00000, 0x0000000083c00000|  0%| F|  |TAMS 0x0000000083b00000, 0x0000000083b00000| Untracked 
|  56|0x0000000083c00000, 0x0000000083c00000, 0x0000000083d00000|  0%| F|  |TAMS 0x0000000083c00000, 0x0000000083c00000| Untracked 
|  57|0x0000000083d00000, 0x0000000083d00000, 0x0000000083e00000|  0%| F|  |TAMS 0x0000000083d00000, 0x0000000083d00000| Untracked 
|  58|0x0000000083e00000, 0x0000000083e00000, 0x0000000083f00000|  0%| F|  |TAMS 0x0000000083e00000, 0x0000000083e00000| Untracked 
|  59|0x0000000083f00000, 0x0000000083f00000, 0x0000000084000000|  0%| F|  |TAMS 0x0000000083f00000, 0x0000000083f00000| Untracked 
|  60|0x0000000084000000, 0x0000000084000000, 0x0000000084100000|  0%| F|  |TAMS 0x0000000084000000, 0x0000000084000000| Untracked 
|  61|0x0000000084100000, 0x0000000084100000, 0x0000000084200000|  0%| F|  |TAMS 0x0000000084100000, 0x0000000084100000| Untracked 
|  62|0x0000000084200000, 0x0000000084200000, 0x0000000084300000|  0%| F|  |TAMS 0x0000000084200000, 0x0000000084200000| Untracked 
|  63|0x0000000084300000, 0x0000000084300000, 0x0000000084400000|  0%| F|  |TAMS 0x0000000084300000, 0x0000000084300000| Untracked 
|  64|0x0000000084400000, 0x0000000084400000, 0x0000000084500000|  0%| F|  |TAMS 0x0000000084400000, 0x0000000084400000| Untracked 
|  65|0x0000000084500000, 0x0000000084500000, 0x0000000084600000|  0%| F|  |TAMS 0x0000000084500000, 0x0000000084500000| Untracked 
|  66|0x0000000084600000, 0x0000000084600000, 0x0000000084700000|  0%| F|  |TAMS 0x0000000084600000, 0x0000000084600000| Untracked 
|  67|0x0000000084700000, 0x0000000084700000, 0x0000000084800000|  0%| F|  |TAMS 0x0000000084700000, 0x0000000084700000| Untracked 
|  68|0x0000000084800000, 0x0000000084800000, 0x0000000084900000|  0%| F|  |TAMS 0x0000000084800000, 0x0000000084800000| Untracked 
|  69|0x0000000084900000, 0x0000000084900000, 0x0000000084a00000|  0%| F|  |TAMS 0x0000000084900000, 0x0000000084900000| Untracked 
|  70|0x0000000084a00000, 0x0000000084a00000, 0x0000000084b00000|  0%| F|  |TAMS 0x0000000084a00000, 0x0000000084a00000| Untracked 
|  71|0x0000000084b00000, 0x0000000084b00000, 0x0000000084c00000|  0%| F|  |TAMS 0x0000000084b00000, 0x0000000084b00000| Untracked 
|  72|0x0000000084c00000, 0x0000000084c00000, 0x0000000084d00000|  0%| F|  |TAMS 0x0000000084c00000, 0x0000000084c00000| Untracked 
|  73|0x0000000084d00000, 0x0000000084d00000, 0x0000000084e00000|  0%| F|  |TAMS 0x0000000084d00000, 0x0000000084d00000| Untracked 
|  74|0x0000000084e00000, 0x0000000084e00000, 0x0000000084f00000|  0%| F|  |TAMS 0x0000000084e00000, 0x0000000084e00000| Untracked 
|  75|0x0000000084f00000, 0x0000000084f00000, 0x0000000085000000|  0%| F|  |TAMS 0x0000000084f00000, 0x0000000084f00000| Untracked 
|  76|0x0000000085000000, 0x0000000085000000, 0x0000000085100000|  0%| F|  |TAMS 0x0000000085000000, 0x0000000085000000| Untracked 
|  77|0x0000000085100000, 0x0000000085100000, 0x0000000085200000|  0%| F|  |TAMS 0x0000000085100000, 0x0000000085100000| Untracked 
|  78|0x0000000085200000, 0x0000000085200000, 0x0000000085300000|  0%| F|  |TAMS 0x0000000085200000, 0x0000000085200000| Untracked 
|  79|0x0000000085300000, 0x0000000085300000, 0x0000000085400000|  0%| F|  |TAMS 0x0000000085300000, 0x0000000085300000| Untracked 
|  80|0x0000000085400000, 0x0000000085400000, 0x0000000085500000|  0%| F|  |TAMS 0x0000000085400000, 0x0000000085400000| Untracked 
|  81|0x0000000085500000, 0x0000000085500000, 0x0000000085600000|  0%| F|  |TAMS 0x0000000085500000, 0x0000000085500000| Untracked 
|  82|0x0000000085600000, 0x0000000085600000, 0x0000000085700000|  0%| F|  |TAMS 0x0000000085600000, 0x0000000085600000| Untracked 
|  83|0x0000000085700000, 0x0000000085700000, 0x0000000085800000|  0%| F|  |TAMS 0x0000000085700000, 0x0000000085700000| Untracked 
|  84|0x0000000085800000, 0x0000000085800000, 0x0000000085900000|  0%| F|  |TAMS 0x0000000085800000, 0x0000000085800000| Untracked 
|  85|0x0000000085900000, 0x0000000085900000, 0x0000000085a00000|  0%| F|  |TAMS 0x0000000085900000, 0x0000000085900000| Untracked 
|  86|0x0000000085a00000, 0x0000000085a00000, 0x0000000085b00000|  0%| F|  |TAMS 0x0000000085a00000, 0x0000000085a00000| Untracked 
|  87|0x0000000085b00000, 0x0000000085b00000, 0x0000000085c00000|  0%| F|  |TAMS 0x0000000085b00000, 0x0000000085b00000| Untracked 
|  88|0x0000000085c00000, 0x0000000085c00000, 0x0000000085d00000|  0%| F|  |TAMS 0x0000000085c00000, 0x0000000085c00000| Untracked 
|  89|0x0000000085d00000, 0x0000000085d00000, 0x0000000085e00000|  0%| F|  |TAMS 0x0000000085d00000, 0x0000000085d00000| Untracked 
|  90|0x0000000085e00000, 0x0000000085e00000, 0x0000000085f00000|  0%| F|  |TAMS 0x0000000085e00000, 0x0000000085e00000| Untracked 
|  91|0x0000000085f00000, 0x0000000085f00000, 0x0000000086000000|  0%| F|  |TAMS 0x0000000085f00000, 0x0000000085f00000| Untracked 
|  92|0x0000000086000000, 0x0000000086000000, 0x0000000086100000|  0%| F|  |TAMS 0x0000000086000000, 0x0000000086000000| Untracked 
|  93|0x0000000086100000, 0x0000000086100000, 0x0000000086200000|  0%| F|  |TAMS 0x0000000086100000, 0x0000000086100000| Untracked 
|  94|0x0000000086200000, 0x0000000086200000, 0x0000000086300000|  0%| F|  |TAMS 0x0000000086200000, 0x0000000086200000| Untracked 
|  95|0x0000000086300000, 0x0000000086300000, 0x0000000086400000|  0%| F|  |TAMS 0x0000000086300000, 0x0000000086300000| Untracked 
|  96|0x0000000086400000, 0x0000000086400000, 0x0000000086500000|  0%| F|  |TAMS 0x0000000086400000, 0x0000000086400000| Untracked 
|  97|0x0000000086500000, 0x0000000086500000, 0x0000000086600000|  0%| F|  |TAMS 0x0000000086500000, 0x0000000086500000| Untracked 
|  98|0x0000000086600000, 0x0000000086600000, 0x0000000086700000|  0%| F|  |TAMS 0x0000000086600000, 0x0000000086600000| Untracked 
|  99|0x0000000086700000, 0x0000000086700000, 0x0000000086800000|  0%| F|  |TAMS 0x0000000086700000, 0x0000000086700000| Untracked 
| 100|0x0000000086800000, 0x0000000086800000, 0x0000000086900000|  0%| F|  |TAMS 0x0000000086800000, 0x0000000086800000| Untracked 
| 101|0x0000000086900000, 0x0000000086900000, 0x0000000086a00000|  0%| F|  |TAMS 0x0000000086900000, 0x0000000086900000| Untracked 
| 102|0x0000000086a00000, 0x0000000086a00000, 0x0000000086b00000|  0%| F|  |TAMS 0x0000000086a00000, 0x0000000086a00000| Untracked 
| 103|0x0000000086b00000, 0x0000000086b00000, 0x0000000086c00000|  0%| F|  |TAMS 0x0000000086b00000, 0x0000000086b00000| Untracked 
| 104|0x0000000086c00000, 0x0000000086c00000, 0x0000000086d00000|  0%| F|  |TAMS 0x0000000086c00000, 0x0000000086c00000| Untracked 
| 105|0x0000000086d00000, 0x0000000086d00000, 0x0000000086e00000|  0%| F|  |TAMS 0x0000000086d00000, 0x0000000086d00000| Untracked 
| 106|0x0000000086e00000, 0x0000000086e00000, 0x0000000086f00000|  0%| F|  |TAMS 0x0000000086e00000, 0x0000000086e00000| Untracked 
| 107|0x0000000086f00000, 0x0000000086f00000, 0x0000000087000000|  0%| F|  |TAMS 0x0000000086f00000, 0x0000000086f00000| Untracked 
| 108|0x0000000087000000, 0x0000000087000000, 0x0000000087100000|  0%| F|  |TAMS 0x0000000087000000, 0x0000000087000000| Untracked 
| 109|0x0000000087100000, 0x0000000087100000, 0x0000000087200000|  0%| F|  |TAMS 0x0000000087100000, 0x0000000087100000| Untracked 
| 110|0x0000000087200000, 0x0000000087200000, 0x0000000087300000|  0%| F|  |TAMS 0x0000000087200000, 0x0000000087200000| Untracked 
| 111|0x0000000087300000, 0x0000000087300000, 0x0000000087400000|  0%| F|  |TAMS 0x0000000087300000, 0x0000000087300000| Untracked 
| 112|0x0000000087400000, 0x0000000087400000, 0x0000000087500000|  0%| F|  |TAMS 0x0000000087400000, 0x0000000087400000| Untracked 
| 113|0x0000000087500000, 0x0000000087500000, 0x0000000087600000|  0%| F|  |TAMS 0x0000000087500000, 0x0000000087500000| Untracked 
| 114|0x0000000087600000, 0x0000000087600000, 0x0000000087700000|  0%| F|  |TAMS 0x0000000087600000, 0x0000000087600000| Untracked 
| 115|0x0000000087700000, 0x0000000087700000, 0x0000000087800000|  0%| F|  |TAMS 0x0000000087700000, 0x0000000087700000| Untracked 
| 116|0x0000000087800000, 0x0000000087800000, 0x0000000087900000|  0%| F|  |TAMS 0x0000000087800000, 0x0000000087800000| Untracked 
| 117|0x0000000087900000, 0x0000000087900000, 0x0000000087a00000|  0%| F|  |TAMS 0x0000000087900000, 0x0000000087900000| Untracked 
| 118|0x0000000087a00000, 0x0000000087a00000, 0x0000000087b00000|  0%| F|  |TAMS 0x0000000087a00000, 0x0000000087a00000| Untracked 
| 119|0x0000000087b00000, 0x0000000087b00000, 0x0000000087c00000|  0%| F|  |TAMS 0x0000000087b00000, 0x0000000087b00000| Untracked 
| 120|0x0000000087c00000, 0x0000000087c85a18, 0x0000000087d00000| 52%| E|  |TAMS 0x0000000087c00000, 0x0000000087c00000| Complete 
| 121|0x0000000087d00000, 0x0000000087e00000, 0x0000000087e00000|100%| E|CS|TAMS 0x0000000087d00000, 0x0000000087d00000| Complete 
| 122|0x0000000087e00000, 0x0000000087f00000, 0x0000000087f00000|100%| E|CS|TAMS 0x0000000087e00000, 0x0000000087e00000| Complete 
| 123|0x0000000087f00000, 0x0000000088000000, 0x0000000088000000|100%| E|CS|TAMS 0x0000000087f00000, 0x0000000087f00000| Complete 
| 124|0x0000000088000000, 0x0000000088100000, 0x0000000088100000|100%| E|CS|TAMS 0x0000000088000000, 0x0000000088000000| Complete 
| 125|0x0000000088100000, 0x0000000088200000, 0x0000000088200000|100%| E|CS|TAMS 0x0000000088100000, 0x0000000088100000| Complete 
| 126|0x0000000088200000, 0x0000000088300000, 0x0000000088300000|100%| E|CS|TAMS 0x0000000088200000, 0x0000000088200000| Complete 
| 127|0x0000000088300000, 0x0000000088400000, 0x0000000088400000|100%| E|CS|TAMS 0x0000000088300000, 0x0000000088300000| Complete 

Card table byte_map: [0x000001add7a80000,0x000001add7e80000] _byte_map_base: 0x000001add767e000

Marking Bits (Prev, Next): (CMBitMap*) 0x000001adbff20498, (CMBitMap*) 0x000001adbff204d8
 Prev Bits: [0x000001add8280000, 0x000001adda270000)
 Next Bits: [0x000001adda270000, 0x000001addc260000)

Polling page: 0x000001adbf6b0000

Metaspace:

Usage:
  Non-class:      7.74 MB capacity,     7.65 MB ( 99%) used,    77.02 KB ( <1%) free+waste,    21.25 KB ( <1%) overhead. 
      Class:      1.13 MB capacity,     1.03 MB ( 91%) used,    89.73 KB (  8%) free+waste,    13.44 KB (  1%) overhead. 
       Both:      8.88 MB capacity,     8.68 MB ( 98%) used,   166.75 KB (  2%) free+waste,    34.69 KB ( <1%) overhead. 

Virtual space:
  Non-class space:        8.00 MB reserved,       7.75 MB ( 97%) committed 
      Class space:        1.00 GB reserved,       1.25 MB ( <1%) committed 
             Both:        1.01 GB reserved,       9.00 MB ( <1%) committed 

Chunk freelists:
   Non-Class:  6.00 KB
       Class:  26.00 KB
        Both:  32.00 KB

MaxMetaspaceSize: 17179869184.00 GB
CompressedClassSpaceSize: 1.00 GB

CodeHeap 'non-profiled nmethods': size=120000Kb used=273Kb max_used=273Kb free=119726Kb
 bounds [0x000001add0150000, 0x000001add03c0000, 0x000001add7680000]
CodeHeap 'profiled nmethods': size=120000Kb used=1485Kb max_used=1485Kb free=118514Kb
 bounds [0x000001adc8c20000, 0x000001adc8e90000, 0x000001add0150000]
CodeHeap 'non-nmethods': size=5760Kb used=1288Kb max_used=1302Kb free=4472Kb
 bounds [0x000001adc8680000, 0x000001adc88f0000, 0x000001adc8c20000]
 total_blobs=1954 nmethods=980 adapters=493
 compilation: enabled
              stopped_count=0, restarted_count=0
 full_count=0

Compilation events (20 events):
Event: 4.116 Thread 0x000001adde754000  970   !   3       sun.awt.AWTAutoShutdown::notifyThreadBusy (88 bytes)
Event: 4.116 Thread 0x000001adde754000 nmethod 970 0x000001adc8d8fe10 code [0x000001adc8d90000, 0x000001adc8d90758]
Event: 4.116 Thread 0x000001adde754000  971       3       java.awt.Component::dispatchEvent (6 bytes)
Event: 4.116 Thread 0x000001adde754000 nmethod 971 0x000001adc8d90a10 code [0x000001adc8d90bc0, 0x000001adc8d90da8]
Event: 5.629 Thread 0x000001adde754000  972       3       java.awt.event.ComponentEvent::<init> (7 bytes)
Event: 5.629 Thread 0x000001adde754000 nmethod 972 0x000001adc8d90e90 code [0x000001adc8d91040, 0x000001adc8d91188]
Event: 5.630 Thread 0x000001adde754000  974       3       jdk.internal.ref.PhantomCleanable::<init> (49 bytes)
Event: 5.630 Thread 0x000001adde754000 nmethod 974 0x000001adc8d91210 code [0x000001adc8d91460, 0x000001adc8d91fd8]
Event: 5.630 Thread 0x000001adde754000  975   !   3       jdk.internal.ref.PhantomCleanable::insert (53 bytes)
Event: 5.630 Thread 0x000001adde754000 nmethod 975 0x000001adc8d92310 code [0x000001adc8d924c0, 0x000001adc8d92938]
Event: 5.633 Thread 0x000001adde754000  976       3       sun.java2d.pipe.PixelToParallelogramConverter::len (37 bytes)
Event: 5.633 Thread 0x000001adde754000 nmethod 976 0x000001adc8d92a90 code [0x000001adc8d92c40, 0x000001adc8d92e98]
Event: 5.633 Thread 0x000001adde754000  977       1       java.awt.image.ColorModel::getTransparency (5 bytes)
Event: 5.633 Thread 0x000001adde754000 nmethod 977 0x000001add0194010 code [0x000001add01941a0, 0x000001add0194278]
Event: 8.448 Thread 0x000001adde754000  978       1       java.net.URL::getFile (5 bytes)
Event: 8.448 Thread 0x000001adde754000 nmethod 978 0x000001add0194310 code [0x000001add01944a0, 0x000001add0194578]
Event: 8.448 Thread 0x000001adde754000  979       3       jdk.internal.ref.CleanerFactory::cleaner (4 bytes)
Event: 8.448 Thread 0x000001adde754000 nmethod 979 0x000001adc8d92f10 code [0x000001adc8d930a0, 0x000001adc8d93198]
Event: 8.449 Thread 0x000001adde754000  980       3       java.nio.ByteBuffer::<init> (47 bytes)
Event: 8.449 Thread 0x000001adde754000 nmethod 980 0x000001adc8d93210 code [0x000001adc8d933c0, 0x000001adc8d935e8]

GC Heap History (0 events):
No events

Deoptimization events (20 events):
Event: 2.311 Thread 0x000001ade443f800 Uncommon trap: trap_request=0xffffffde fr.pc=0x000001add015a8e0 relative=0x00000000000001c0
Event: 2.311 Thread 0x000001ade443f800 Uncommon trap: reason=class_check action=maybe_recompile pc=0x000001add015a8e0 method=java.lang.String.equals(Ljava/lang/Object;)Z @ 8 c2
Event: 2.311 Thread 0x000001ade443f800 DEOPT PACKING pc=0x000001add015a8e0 sp=0x0000001f167fda00
Event: 2.311 Thread 0x000001ade443f800 DEOPT UNPACKING pc=0x000001adc86c912f sp=0x0000001f167fd9a8 mode 2
Event: 2.371 Thread 0x000001ade443f800 Uncommon trap: trap_request=0xffffff45 fr.pc=0x000001add0183314 relative=0x0000000000000234
Event: 2.371 Thread 0x000001ade443f800 Uncommon trap: reason=unstable_if action=reinterpret pc=0x000001add0183314 method=java.util.HashMap.getNode(ILjava/lang/Object;)Ljava/util/HashMap$Node; @ 62 c2
Event: 2.371 Thread 0x000001ade443f800 DEOPT PACKING pc=0x000001add0183314 sp=0x0000001f167fdae0
Event: 2.371 Thread 0x000001ade443f800 DEOPT UNPACKING pc=0x000001adc86c912f sp=0x0000001f167fda50 mode 2
Event: 2.371 Thread 0x000001ade443f800 Uncommon trap: trap_request=0xffffffde fr.pc=0x000001add01866b0 relative=0x0000000000000c30
Event: 2.371 Thread 0x000001ade443f800 Uncommon trap: reason=class_check action=maybe_recompile pc=0x000001add01866b0 method=java.util.HashMap.putVal(ILjava/lang/Object;Ljava/lang/Object;ZZ)Ljava/lang/Object; @ 91 c2
Event: 2.371 Thread 0x000001ade443f800 DEOPT PACKING pc=0x000001add01866b0 sp=0x0000001f167fdb00
Event: 2.371 Thread 0x000001ade443f800 DEOPT UNPACKING pc=0x000001adc86c912f sp=0x0000001f167fda38 mode 2
Event: 2.372 Thread 0x000001ade443f800 Uncommon trap: trap_request=0xffffffde fr.pc=0x000001add015a8e0 relative=0x00000000000001c0
Event: 2.372 Thread 0x000001ade443f800 Uncommon trap: reason=class_check action=maybe_recompile pc=0x000001add015a8e0 method=java.lang.String.equals(Ljava/lang/Object;)Z @ 8 c2
Event: 2.372 Thread 0x000001ade443f800 DEOPT PACKING pc=0x000001add015a8e0 sp=0x0000001f167fda00
Event: 2.372 Thread 0x000001ade443f800 DEOPT UNPACKING pc=0x000001adc86c912f sp=0x0000001f167fd9a8 mode 2
Event: 2.372 Thread 0x000001ade443f800 Uncommon trap: trap_request=0xffffffde fr.pc=0x000001add015a8e0 relative=0x00000000000001c0
Event: 2.372 Thread 0x000001ade443f800 Uncommon trap: reason=class_check action=maybe_recompile pc=0x000001add015a8e0 method=java.lang.String.equals(Ljava/lang/Object;)Z @ 8 c2
Event: 2.372 Thread 0x000001ade443f800 DEOPT PACKING pc=0x000001add015a8e0 sp=0x0000001f167fda00
Event: 2.372 Thread 0x000001ade443f800 DEOPT UNPACKING pc=0x000001adc86c912f sp=0x0000001f167fd9a8 mode 2

Classes unloaded (0 events):
No events

Classes redefined (0 events):
No events

Internal exceptions (14 events):
Event: 0.159 Thread 0x000001adbfede800 Exception <a 'java/lang/ClassNotFoundException'{0x00000000882c5af8}: sun/awt/resources/spi/awtProvider> (0x00000000882c5af8) 
thrown [./open/src/hotspot/share/classfile/systemDictionary.cpp, line 226]
Event: 0.177 Thread 0x000001adbfede800 Exception <a 'java/io/FileNotFoundException'{0x000000008814d768}> (0x000000008814d768) 
thrown [./open/src/hotspot/share/prims/jni.cpp, line 599]
Event: 0.183 Thread 0x000001adbfede800 Exception <a 'java/io/FileNotFoundException'{0x0000000088173b28}> (0x0000000088173b28) 
thrown [./open/src/hotspot/share/prims/jni.cpp, line 599]
Event: 0.222 Thread 0x000001addf49b000 Exception <a 'java/lang/NoSuchMethodError'{0x00000000881cd4b0}: 'void java.lang.invoke.DirectMethodHandle$Holder.invokeSpecial(java.lang.Object, java.lang.Object)'> (0x00000000881cd4b0) 
thrown [./open/src/hotspot/share/interpreter/linkResolver.cpp, line 766]
Event: 0.243 Thread 0x000001adbfede800 Exception <a 'java/lang/NoSuchMethodError'{0x00000000880483f0}: 'java.lang.Object java.lang.invoke.DirectMethodHandle$Holder.invokeStatic(java.lang.Object, int, java.lang.Object, java.lang.Object, java.lang.Object, java.lang.Object)'> (0x00000000880483f0) 
thrown [./open/src/hotspot/share/interpreter/linkResolver.cpp, line 766]
Event: 0.244 Thread 0x000001adbfede800 Exception <a 'java/lang/NoSuchMethodError'{0x000000008804ed10}: 'java.lang.Object java.lang.invoke.DirectMethodHandle$Holder.invokeStatic(java.lang.Object, int, java.lang.Object, java.lang.Object, java.lang.Object)'> (0x000000008804ed10) 
thrown [./open/src/hotspot/share/interpreter/linkResolver.cpp, line 766]
Event: 0.244 Thread 0x000001adbfede800 Exception <a 'java/lang/NoSuchMethodError'{0x0000000088052560}: 'java.lang.Object java.lang.invoke.DirectMethodHandle$Holder.invokeSpecial(java.lang.Object, java.lang.Object, int, java.lang.Object, java.lang.Object, java.lang.Object)'> (0x0000000088052560) 
thrown [./open/src/hotspot/share/interpreter/linkResolver.cpp, line 766]
Event: 0.247 Thread 0x000001adbfede800 Exception <a 'java/lang/NoSuchMethodError'{0x0000000088068908}: 'java.lang.Object java.lang.invoke.DirectMethodHandle$Holder.invokeStatic(java.lang.Object, int, java.lang.Object)'> (0x0000000088068908) 
thrown [./open/src/hotspot/share/interpreter/linkResolver.cpp, line 766]
Event: 0.265 Thread 0x000001adbfede800 Exception <a 'java/lang/ClassNotFoundException'{0x0000000087f0e488}: com/sun/swing/internal/plaf/metal/resources/spi/metalProvider> (0x0000000087f0e488) 
thrown [./open/src/hotspot/share/classfile/systemDictionary.cpp, line 226]
Event: 0.266 Thread 0x000001adbfede800 Exception <a 'java/lang/ClassNotFoundException'{0x0000000087f12048}: com/sun/swing/internal/plaf/basic/resources/spi/basicProvider> (0x0000000087f12048) 
thrown [./open/src/hotspot/share/classfile/systemDictionary.cpp, line 226]
Event: 0.308 Thread 0x000001adbfede800 Exception <a 'java/io/FileNotFoundException'{0x0000000087f7a6a8}> (0x0000000087f7a6a8) 
thrown [./open/src/hotspot/share/prims/jni.cpp, line 599]
Event: 0.310 Thread 0x000001adbfede800 Exception <a 'java/io/FileNotFoundException'{0x0000000087f8f7c8}> (0x0000000087f8f7c8) 
thrown [./open/src/hotspot/share/prims/jni.cpp, line 599]
Event: 0.388 Thread 0x000001adbfede800 Exception <a 'java/lang/NoSuchMethodError'{0x0000000087e3a2a8}: 'void java.lang.invoke.DirectMethodHandle$Holder.invokeStaticInit(java.lang.Object)'> (0x0000000087e3a2a8) 
thrown [./open/src/hotspot/share/interpreter/linkResolver.cpp, line 766]
Event: 0.412 Thread 0x000001adbfede800 Exception <a 'java/lang/NoSuchMethodError'{0x0000000087ed3438}: 'java.lang.Object java.lang.invoke.Invokers$Holder.linkToTargetMethod(java.lang.Object, int, java.lang.Object)'> (0x0000000087ed3438) 
thrown [./open/src/hotspot/share/interpreter/linkResolver.cpp, line 766]

Events (20 events):
Event: 3.606 loading class java/awt/LightweightDispatcher$2
Event: 3.606 loading class java/awt/LightweightDispatcher$2 done
Event: 8.447 Executing VM operation: HandshakeOneThread
Event: 8.447 Executing VM operation: HandshakeOneThread done
Event: 8.448 Executing VM operation: HandshakeOneThread
Event: 8.448 Executing VM operation: HandshakeOneThread done
Event: 8.448 Executing VM operation: HandshakeOneThread
Event: 8.448 Executing VM operation: HandshakeOneThread done
Event: 8.448 Executing VM operation: HandshakeOneThread
Event: 8.448 Executing VM operation: HandshakeOneThread done
Event: 8.448 Executing VM operation: HandshakeOneThread
Event: 8.448 Executing VM operation: HandshakeOneThread done
Event: 8.448 Executing VM operation: HandshakeOneThread
Event: 8.448 Executing VM operation: HandshakeOneThread done
Event: 8.448 Executing VM operation: HandshakeOneThread
Event: 8.448 Executing VM operation: HandshakeOneThread done
Event: 8.449 Executing VM operation: HandshakeOneThread
Event: 8.449 Executing VM operation: HandshakeOneThread done
Event: 8.449 Executing VM operation: HandshakeOneThread
Event: 8.449 Executing VM operation: HandshakeOneThread done


Dynamic libraries:
0x00007ff786120000 - 0x00007ff78612f000 	C:\Program Files\Java\jdk-14.0.1\bin\java.exe
0x00007ffac5220000 - 0x00007ffac5410000 	C:\Windows\SYSTEM32\ntdll.dll
0x00007ffac3e80000 - 0x00007ffac3f32000 	C:\Windows\System32\KERNEL32.DLL
0x00007ffac2500000 - 0x00007ffac27a3000 	C:\Windows\System32\KERNELBASE.dll
0x00007ffac2400000 - 0x00007ffac24fa000 	C:\Windows\System32\ucrtbase.dll
0x00007ffabec20000 - 0x00007ffabec38000 	C:\Program Files\Java\jdk-14.0.1\bin\jli.dll
0x00007ffac3dd0000 - 0x00007ffac3e73000 	C:\Windows\System32\ADVAPI32.dll
0x00007ffac3b60000 - 0x00007ffac3bfe000 	C:\Windows\System32\msvcrt.dll
0x00007ffac46a0000 - 0x00007ffac4737000 	C:\Windows\System32\sechost.dll
0x00007ffac50b0000 - 0x00007ffac51d0000 	C:\Windows\System32\RPCRT4.dll
0x00007ffac4140000 - 0x00007ffac42d4000 	C:\Windows\System32\USER32.dll
0x00007ffac2b00000 - 0x00007ffac2b21000 	C:\Windows\System32\win32u.dll
0x00007ffac3f40000 - 0x00007ffac3f66000 	C:\Windows\System32\GDI32.dll
0x00007ffac2860000 - 0x00007ffac29f4000 	C:\Windows\System32\gdi32full.dll
0x00007ffac2a60000 - 0x00007ffac2afe000 	C:\Windows\System32\msvcp_win.dll
0x00007ffabea20000 - 0x00007ffabea35000 	C:\Program Files\Java\jdk-14.0.1\bin\VCRUNTIME140.dll
0x00007ffaaac00000 - 0x00007ffaaae85000 	C:\Windows\WinSxS\amd64_microsoft.windows.common-controls_6595b64144ccf1df_6.0.18362.778_none_e6c6b761130d4fb8\COMCTL32.dll
0x00007ffac4360000 - 0x00007ffac4696000 	C:\Windows\System32\combase.dll
0x00007ffac2330000 - 0x00007ffac23b0000 	C:\Windows\System32\bcryptPrimitives.dll
0x00007ffab9380000 - 0x00007ffab938a000 	C:\Windows\SYSTEM32\VERSION.dll
0x00007ffac47b0000 - 0x00007ffac47de000 	C:\Windows\System32\IMM32.DLL
0x00007ffabd290000 - 0x00007ffabd32b000 	C:\Program Files\Java\jdk-14.0.1\bin\msvcp140.dll
0x00007ffa83120000 - 0x00007ffa83c3e000 	C:\Program Files\Java\jdk-14.0.1\bin\server\jvm.dll
0x00007ffac51d0000 - 0x00007ffac51d8000 	C:\Windows\System32\PSAPI.DLL
0x00007ffab82a0000 - 0x00007ffab82a9000 	C:\Windows\SYSTEM32\WSOCK32.dll
0x00007ffac42f0000 - 0x00007ffac435f000 	C:\Windows\System32\WS2_32.dll
0x00007ffab8520000 - 0x00007ffab8544000 	C:\Windows\SYSTEM32\WINMM.dll
0x00007ffab82b0000 - 0x00007ffab82dd000 	C:\Windows\SYSTEM32\WINMMBASE.dll
0x00007ffac23b0000 - 0x00007ffac23fa000 	C:\Windows\System32\cfgmgr32.dll
0x00007ffac20f0000 - 0x00007ffac2101000 	C:\Windows\System32\kernel.appcore.dll
0x00007ffabd880000 - 0x00007ffabd88a000 	C:\Program Files\Java\jdk-14.0.1\bin\jimage.dll
0x00007ffabc5d0000 - 0x00007ffabc7c4000 	C:\Windows\SYSTEM32\DBGHELP.DLL
0x00007ffabc570000 - 0x00007ffabc59a000 	C:\Windows\SYSTEM32\dbgcore.DLL
0x00007ffabd3c0000 - 0x00007ffabd3ce000 	C:\Program Files\Java\jdk-14.0.1\bin\instrument.dll
0x00007ffabd390000 - 0x00007ffabd3b5000 	C:\Program Files\Java\jdk-14.0.1\bin\java.dll
0x00007ffabb570000 - 0x00007ffabb586000 	C:\Program Files\Java\jdk-14.0.1\bin\zip.dll
0x00007ffac4860000 - 0x00007ffac4f45000 	C:\Windows\System32\SHELL32.dll
0x00007ffac3c60000 - 0x00007ffac3d09000 	C:\Windows\System32\shcore.dll
0x00007ffac2b50000 - 0x00007ffac32d0000 	C:\Windows\System32\windows.storage.dll
0x00007ffac2110000 - 0x00007ffac2133000 	C:\Windows\System32\profapi.dll
0x00007ffac2140000 - 0x00007ffac218a000 	C:\Windows\System32\powrprof.dll
0x00007ffac20e0000 - 0x00007ffac20f0000 	C:\Windows\System32\UMPDC.dll
0x00007ffac3c00000 - 0x00007ffac3c52000 	C:\Windows\System32\shlwapi.dll
0x00007ffac2b30000 - 0x00007ffac2b47000 	C:\Windows\System32\cryptsp.dll
0x00007ffabaf70000 - 0x00007ffabaf89000 	C:\Program Files\Java\jdk-14.0.1\bin\net.dll
0x00007ffaba690000 - 0x00007ffaba780000 	C:\Windows\SYSTEM32\WINHTTP.dll
0x00007ffac18f0000 - 0x00007ffac1957000 	C:\Windows\system32\mswsock.dll
0x00007ffaabc30000 - 0x00007ffaabc42000 	C:\Program Files\Java\jdk-14.0.1\bin\nio.dll
0x00007ffabd380000 - 0x00007ffabd390000 	C:\Program Files\Java\jdk-14.0.1\bin\verify.dll
0x00007ffaabba0000 - 0x00007ffaabbba000 	C:\Program Files\JetBrains\IntelliJ IDEA 2020.1\bin\breakgen64.dll
0x00007ffa7f910000 - 0x00007ffa7faa8000 	C:\Program Files\Java\jdk-14.0.1\bin\awt.dll
0x00007ffac4050000 - 0x00007ffac4114000 	C:\Windows\System32\OLEAUT32.dll
0x00007ffac0210000 - 0x00007ffac029f000 	C:\Windows\SYSTEM32\apphelp.dll
0x00007ffac0480000 - 0x00007ffac04ad000 	C:\Windows\system32\DWMAPI.DLL
0x00007ffac0390000 - 0x00007ffac0429000 	C:\Windows\system32\uxtheme.dll
0x00007ffac33a0000 - 0x00007ffac34d6000 	C:\Windows\System32\MSCTF.dll
0x00007ffac4f50000 - 0x00007ffac50a7000 	C:\Windows\System32\ole32.dll
0x0000000180000000 - 0x0000000180025000 	W:\Ephec\ElecDigitalProjet\JavaInterface-Guillaume-RxTx\rxtxSerial.dll
0x00007ffaa1600000 - 0x00007ffaa1756000 	C:\Windows\system32\opengl32.dll
0x00007ffabdc30000 - 0x00007ffabdc5c000 	C:\Windows\SYSTEM32\GLU32.dll
0x00007ffac0d50000 - 0x00007ffac0d70000 	C:\Windows\SYSTEM32\dxcore.dll
0x00007ffa7e670000 - 0x00007ffa7e837000 	C:\Windows\system32\d3d9.dll
0x00007ffaabb70000 - 0x00007ffaabb99000 	C:\Windows\SYSTEM32\prl_umdd.dll
0x00007ffaa0cb0000 - 0x00007ffaa0d32000 	C:\Program Files\Java\jdk-14.0.1\bin\freetype.dll
0x00007ffa8cdb0000 - 0x00007ffa8ce56000 	C:\Program Files\Java\jdk-14.0.1\bin\fontmanager.dll
0x00007ffac3d10000 - 0x00007ffac3db2000 	C:\Windows\System32\clbcatq.dll
0x00007ffaa7150000 - 0x00007ffaa72ff000 	C:\Windows\SYSTEM32\WindowsCodecs.dll
0x00007ffaa2530000 - 0x00007ffaa256a000 	C:\Windows\system32\dataexchange.dll
0x00007ffabf3b0000 - 0x00007ffabf60b000 	C:\Windows\system32\d3d11.dll
0x00007ffabfa70000 - 0x00007ffabfc4c000 	C:\Windows\system32\dcomp.dll
0x00007ffac0de0000 - 0x00007ffac0ecb000 	C:\Windows\system32\dxgi.dll
0x00007ffac0560000 - 0x00007ffac07ba000 	C:\Windows\system32\twinapi.appcore.dll
0x00007ffac08b0000 - 0x00007ffac08d9000 	C:\Windows\system32\RMCLIENT.dll
0x00007ffabb220000 - 0x00007ffabb2be000 	C:\Windows\System32\TextInputFramework.dll
0x00007ffabfc50000 - 0x00007ffabfd24000 	C:\Windows\System32\CoreMessaging.dll
0x00007ffaa7880000 - 0x00007ffaa7baa000 	C:\Windows\System32\CoreUIComponents.dll
0x00007ffac1140000 - 0x00007ffac1171000 	C:\Windows\SYSTEM32\ntmarta.dll
0x00007ffabeac0000 - 0x00007ffabec13000 	C:\Windows\SYSTEM32\wintypes.dll
0x00007ffab8fa0000 - 0x00007ffab9246000 	C:\Windows\System32\iertutil.dll

dbghelp: loaded successfully - version: 4.0.5 - missing functions: none
symbol engine: initialized successfully - sym options: 0x614 - pdb path: .;C:\Program Files\Java\jdk-14.0.1\bin;C:\Windows\SYSTEM32;C:\Windows\WinSxS\amd64_microsoft.windows.common-controls_6595b64144ccf1df_6.0.18362.778_none_e6c6b761130d4fb8;C:\Program Files\Java\jdk-14.0.1\bin\server;C:\Program Files\JetBrains\IntelliJ IDEA 2020.1\bin;W:\Ephec\ElecDigitalProjet\JavaInterface-Guillaume-RxTx

VM Arguments:
jvm_args: -javaagent:C:\Program Files\JetBrains\IntelliJ IDEA 2020.1\lib\idea_rt.jar=52708:C:\Program Files\JetBrains\IntelliJ IDEA 2020.1\bin -Dfile.encoding=UTF-8 
java_command: pic.Gui
java_class_path (initial): W:\Ephec\ElecDigitalProjet\JavaInterface-Guillaume-RxTx\out\production\JavaInterface;W:\Ephec\ElecDigitalProjet\JavaInterface-Guillaume-RxTx\jssc-2.8.0.jar;W:\Ephec\ElecDigitalProjet\JavaInterface-Guillaume-RxTx\RXTXcomm.jar
Launcher Type: SUN_STANDARD

[Global flags]
     intx CICompilerCount                          = 3                                         {product} {ergonomic}
     uint ConcGCThreads                            = 1                                         {product} {ergonomic}
     uint G1ConcRefinementThreads                  = 4                                         {product} {ergonomic}
   size_t G1HeapRegionSize                         = 1048576                                   {product} {ergonomic}
    uintx GCDrainStackTargetSize                   = 64                                        {product} {ergonomic}
   size_t InitialHeapSize                          = 134217728                                 {product} {ergonomic}
   size_t MarkStackSize                            = 4194304                                   {product} {ergonomic}
   size_t MaxHeapSize                              = 2143289344                                {product} {ergonomic}
   size_t MaxNewSize                               = 1285554176                                {product} {ergonomic}
   size_t MinHeapDeltaBytes                        = 1048576                                   {product} {ergonomic}
   size_t MinHeapSize                              = 8388608                                   {product} {ergonomic}
    uintx NonNMethodCodeHeapSize                   = 5832780                                {pd product} {ergonomic}
    uintx NonProfiledCodeHeapSize                  = 122912730                              {pd product} {ergonomic}
    uintx ProfiledCodeHeapSize                     = 122912730                              {pd product} {ergonomic}
    uintx ReservedCodeCacheSize                    = 251658240                              {pd product} {ergonomic}
     bool SegmentedCodeCache                       = true                                      {product} {ergonomic}
   size_t SoftMaxHeapSize                          = 2143289344                             {manageable} {ergonomic}
     bool UseCompressedClassPointers               = true                                 {lp64_product} {ergonomic}
     bool UseCompressedOops                        = true                                 {lp64_product} {ergonomic}
     bool UseG1GC                                  = true                                      {product} {ergonomic}
     bool UseLargePagesIndividualAllocation        = false                                  {pd product} {ergonomic}

Logging:
Log output configuration:
 #0: stdout all=warning uptime,level,tags
 #1: stderr all=off uptime,level,tags

Environment Variables:
PATH=C:\Program Files (x86)\Common Files\Oracle\Java\javapath;C:\Program Files (x86)\Parallels\Parallels Tools\Applications;C:\Program Files\Microsoft MPI\Bin\;C:\Windows\system32;C:\Windows;C:\Windows\System32\Wbem;C:\Windows\System32\WindowsPowerShell\v1.0\;C:\Windows\System32\OpenSSH\;C:\PROGRA~2\PICC;C:\Program Files (x86)\Microsoft SQL Server\140\Tools\Binn\;C:\Program Files\Microsoft SQL Server\140\Tools\Binn\;C:\Program Files (x86)\Microsoft SQL Server\140\DTS\Binn\;C:\Program Files\Microsoft SQL Server\140\DTS\Binn\;C:\Program Files\Microsoft SQL Server\Client SDK\ODBC\130\Tools\Binn\;C:\Users\guill\AppData\Local\Microsoft\WindowsApps;;C:\Program Files\JetBrains\PyCharm 2019.3.3\bin;
USERNAME=guill
OS=Windows_NT
PROCESSOR_IDENTIFIER=Intel64 Family 6 Model 158 Stepping 13, GenuineIntel



---------------  S Y S T E M  ---------------

OS: Windows 10 , 64 bit Build 18362 (10.0.18362.778)
OS uptime: 0 days 11:40 hours

CPU:total 4 (initial active 4) (4 cores per cpu, 1 threads per core) family 6 model 158 stepping 13, cmov, cx8, fxsr, mmx, sse, sse2, sse3, ssse3, sse4.1, sse4.2, popcnt, avx, avx2, aes, clmul, erms, 3dnowpref, lzcnt, tsc, bmi1, bmi2, adx, fma

Memory: 4k page, system-wide physical 8169M (3104M free)
TotalPageFile size 9449M (AvailPageFile size 2376M)
current process WorkingSet (physical memory assigned to process): 75M, peak: 76M
current process commit charge ("private bytes"): 233M, peak: 235M

vm_info: Java HotSpot(TM) 64-Bit Server VM (14.0.1+7) for windows-amd64 JRE (14.0.1+7), built on Mar  5 2020 10:30:14 by "mach5one" with MS VC++ 15.9 (VS2017)

END.
