#
# A fatal error has been detected by the Java Runtime Environment:
#
#  EXCEPTION_ACCESS_VIOLATION (0xc0000005) at pc=0x0000000180005b00, pid=11580, tid=9460
#
# JRE version: Java(TM) SE Runtime Environment (14.0.1+7) (build 14.0.1+7)
# Java VM: Java HotSpot(TM) 64-Bit Server VM (14.0.1+7, mixed mode, sharing, tiered, compressed oops, g1 gc, windows-amd64)
# Problematic frame:
# C  [rxtxSerial.dll+0x5b00]
#
# No core dump will be written. Minidumps are not enabled by default on client versions of Windows
#
# If you would like to submit a bug report, please visit:
#   https://bugreport.java.com/bugreport/crash.jsp
# The crash happened outside the Java Virtual Machine in native code.
# See problematic frame for where to report the bug.
#

---------------  S U M M A R Y ------------

Command Line: -javaagent:C:\Program Files\JetBrains\IntelliJ IDEA 2020.1\lib\idea_rt.jar=52934:C:\Program Files\JetBrains\IntelliJ IDEA 2020.1\bin -Dfile.encoding=UTF-8 pic.Gui

Host: Intel(R) Core(TM) i9-9880H CPU @ 2.30GHz, 4 cores, 7G,  Windows 10 , 64 bit Build 18362 (10.0.18362.778)
Time: Mon Apr 27 12:23:37 2020 Europe centrale (heure d?été) elapsed time: 24 seconds (0d 0h 0m 24s)

---------------  T H R E A D  ---------------

Current thread (0x00000141fd586800):  JavaThread "Thread-0" [_thread_in_native, id=9460, stack(0x0000001c21400000,0x0000001c21500000)]

Stack: [0x0000001c21400000,0x0000001c21500000],  sp=0x0000001c214fe3e0,  free space=1016k
Native frames: (J=compiled Java code, j=interpreted, Vv=VM code, C=native code)
C  [rxtxSerial.dll+0x5b00]

Java frames: (J=compiled Java code, j=interpreted, Vv=VM code)
j  gnu.io.RXTXPort.readArray([BII)I+0
j  gnu.io.RXTXPort$SerialInputStream.read([BII)I+212
j  sun.nio.cs.StreamDecoder.readBytes()I+135 java.base@14.0.1
j  sun.nio.cs.StreamDecoder.implRead([CII)I+112 java.base@14.0.1
j  sun.nio.cs.StreamDecoder.read([CII)I+180 java.base@14.0.1
j  java.io.InputStreamReader.read([CII)I+7 java.base@14.0.1
j  java.io.BufferedReader.fill()V+145 java.base@14.0.1
j  java.io.BufferedReader.readLine(Z)Ljava/lang/String;+44 java.base@14.0.1
j  java.io.BufferedReader.readLine()Ljava/lang/String;+2 java.base@14.0.1
j  pic.Gui$SerialListener.serialEvent(Lgnu/io/SerialPortEvent;)V+35
j  gnu.io.RXTXPort.sendEvent(IZ)Z+382
v  ~StubRoutines::call_stub
j  gnu.io.RXTXPort.eventLoop()V+0
j  gnu.io.RXTXPort$MonitorThread.run()V+12
v  ~StubRoutines::call_stub

siginfo: EXCEPTION_ACCESS_VIOLATION (0xc0000005), reading address 0x00000000214ff1f8


Register to memory mapping:

RIP=0x0000000180005b00 rxtxSerial.dll
RAX=0x0000000000000001 is an unknown value
RBX=0x0 is NULL
RCX=0x000000018001d4d5 rxtxSerial.dll
RDX=0xfffffffffffff665 is an unknown value
RSP=0x0000001c214fe3e0 is pointing into the stack for thread: 0x00000141fd586800
RBP=
[error occurred during error reporting (printing register info), id 0xc0000005, EXCEPTION_ACCESS_VIOLATION (0xc0000005) at pc=0x00007ffa833c1c94]

Registers:
RAX=0x0000000000000001, RBX=0x0000000000000000, RCX=0x000000018001d4d5, RDX=0xfffffffffffff665
RSP=0x0000001c214fe3e0, RBP=0x00000000ffffffff, RSI=0x0000000000000000, RDI=0x00000141fd586b10
R8 =0x0000000000000002, R9 =0xfffffffffffff63c, R10=0x00007ffa83b7a890, R11=0x8101010101010100
R12=0x00000000214ff1f0, R13=0x0000000000000003, R14=0x0000001c214fe5c8, R15=0x0000000000000000
RIP=0x0000000180005b00, EFLAGS=0x0000000000010202

Top of Stack: (sp=0x0000001c214fe3e0)
0x0000001c214fe3e0:   0000000000000000 00000000214ff1f0
0x0000001c214fe3f0:   0000000000000000 00000000000003d8
0x0000001c214fe400:   0000000000000000 0000001c214fe5c8
0x0000001c214fe410:   00000141fc98b3f8 0000000000000001
0x0000001c214fe420:   00000141fd586b10 0000000000000003
0x0000001c214fe430:   ffffffffffffffff 0000000180006211
0x0000001c214fe440:   00000141fd021770 ffffffffffffffff
0x0000001c214fe450:   0000000000000001 00000141fd021770
0x0000001c214fe460:   0000014100000003 00007ffaffffffff
0x0000001c214fe470:   0000001c214fe5d0 0000001c214fe5d0
0x0000001c214fe480:   00000141fd586800 0000001c214fe5d0
0x0000001c214fe490:   0000001c214fe598 00007ffa83459cb7
0x0000001c214fe4a0:   0000001c214fe4c0 00000141fd586800
0x0000001c214fe4b0:   000000000014ab34 00001c0dfb505833
0x0000001c214fe4c0:   00000141fc98b400 00000141fc98b3f8
0x0000001c214fe4d0:   00000141fd586800 0000001c214fe5d0 

Instructions: (pc=0x0000000180005b00)
0x0000000180005a00:   5d c3 cc cc cc cc cc cc cc cc cc cc cc cc cc cc
0x0000000180005a10:   48 89 5c 24 08 4c 89 4c 24 20 44 89 44 24 18 55
0x0000000180005a20:   56 57 41 54 41 55 41 56 41 57 48 83 ec 20 48 8b
0x0000000180005a30:   2a 48 8b 01 33 db 48 8b d5 48 8b f9 44 8b fb 8b
0x0000000180005a40:   f3 ff 90 f8 00 00 00 4c 8d 0d 9e 70 01 00 4c 8b
0x0000000180005a50:   e0 48 8b 07 4c 8d 05 b5 70 01 00 49 8b d4 48 8b
0x0000000180005a60:   cf ff 90 f0 02 00 00 48 8b cf 4c 8b c0 48 85 c0
0x0000000180005a70:   48 8b 07 75 28 ff 90 80 00 00 00 4c 8b 1f 48 8b
0x0000000180005a80:   cf 41 ff 93 88 00 00 00 4c 8b 1f 49 8b d4 48 8b
0x0000000180005a90:   cf 41 ff 93 b8 00 00 00 4c 8b e3 eb 54 48 8b d5
0x0000000180005aa0:   ff 90 20 03 00 00 49 8b d4 48 8b cf 48 63 e8 48
0x0000000180005ab0:   8b 07 ff 90 b8 00 00 00 48 8d 15 51 70 01 00 48
0x0000000180005ac0:   8d 0d 0e 7a 01 00 41 b8 02 00 00 00 e8 6f 62 00
0x0000000180005ad0:   00 85 c0 75 19 85 ed 75 15 e8 c2 5e 00 00 48 8d
0x0000000180005ae0:   15 23 7a 01 00 48 8d 48 60 e8 3a 5d 00 00 4c 8b
0x0000000180005af0:   e5 8b ac 24 88 00 00 00 44 8b ac 24 80 00 00 00
0x0000000180005b00:   45 8b 74 24 08 41 89 5c 24 08 41 8b fd 85 ed 78
0x0000000180005b10:   09 ff 15 e9 14 01 00 44 8b f8 45 85 ed 7e 4a 90
0x0000000180005b20:   8b c6 ff c6 83 f8 14 7d 40 85 ed 78 0d ff 15 cd
0x0000000180005b30:   14 01 00 41 2b c7 3b c5 7d 2f 8b 4c 24 70 48 63
0x0000000180005b40:   d3 44 8b c7 48 03 54 24 78 e8 a2 31 00 00 85 c0
0x0000000180005b50:   78 33 74 06 03 d8 2b f8 eb 0a b9 e8 03 00 00 e8
0x0000000180005b60:   1c 1c 00 00 41 3b dd 7c b7 8b c3 45 89 74 24 08
0x0000000180005b70:   48 8b 5c 24 60 48 83 c4 20 41 5f 41 5e 41 5d 41
0x0000000180005b80:   5c 5f 5e 5d c3 e8 1e 61 00 00 83 38 04 74 05 e8
0x0000000180005b90:   14 61 00 00 83 c8 ff eb d2 cc cc cc cc cc cc cc
0x0000000180005ba0:   40 53 55 56 57 41 54 41 55 48 81 ec b8 00 00 00
0x0000000180005bb0:   48 8b 05 71 85 01 00 48 33 c4 48 89 84 24 a0 00
0x0000000180005bc0:   00 00 48 8b 01 45 8b e9 41 8b f8 48 8b f2 48 8b
0x0000000180005bd0:   d9 ff 90 f8 00 00 00 4c 8b 13 4c 8d 0d 33 6f 01
0x0000000180005be0:   00 4c 8d 05 7c 6f 01 00 48 8b d0 48 8b cb 4c 8b
0x0000000180005bf0:   e0 41 ff 92 f0 02 00 00 33 ed 48 8b cb 4c 8b c0 


Stack slot to memory mapping:
stack at sp + 0 slots: 0x0 is NULL
stack at sp + 1 slots: 0x00000000214ff1f0 is an unknown value
stack at sp + 2 slots: 0x0 is NULL
stack at sp + 3 slots: 0x00000000000003d8 is an unknown value
stack at sp + 4 slots: 0x0 is NULL
stack at sp + 5 slots: 0x0000001c214fe5c8 is pointing into the stack for thread: 0x00000141fd586800
stack at sp + 6 slots: 0x00000141fc98b3f8 is pointing into metadata
stack at sp + 7 slots: 0x0000000000000001 is an unknown value


---------------  P R O C E S S  ---------------

Threads class SMR info:
_java_thread_list=0x00000141fd61f170, length=19, elements={
0x00000141fc50d000, 0x00000141fc50e000, 0x00000141fc526000, 0x00000141fc529000,
0x00000141fc52a800, 0x00000141fc52e800, 0x00000141fcec8800, 0x00000141fced3000,
0x00000141fc4f1000, 0x00000141fd039800, 0x00000141fd03a000, 0x00000141fd224800,
0x00000141fd226800, 0x00000141fd227800, 0x00000141fd586800, 0x00000141fd60d000,
0x00000141eccbc000, 0x00000141fd09e000, 0x00000141fd775800
}

Java Threads: ( => current thread )
  0x00000141fc50d000 JavaThread "Reference Handler" daemon [_thread_blocked, id=15392, stack(0x0000001c20400000,0x0000001c20500000)]
  0x00000141fc50e000 JavaThread "Finalizer" daemon [_thread_blocked, id=10764, stack(0x0000001c20500000,0x0000001c20600000)]
  0x00000141fc526000 JavaThread "Signal Dispatcher" daemon [_thread_blocked, id=7824, stack(0x0000001c20600000,0x0000001c20700000)]
  0x00000141fc529000 JavaThread "Attach Listener" daemon [_thread_blocked, id=13252, stack(0x0000001c20700000,0x0000001c20800000)]
  0x00000141fc52a800 JavaThread "Service Thread" daemon [_thread_blocked, id=11904, stack(0x0000001c20800000,0x0000001c20900000)]
  0x00000141fc52e800 JavaThread "C2 CompilerThread0" daemon [_thread_blocked, id=9300, stack(0x0000001c20900000,0x0000001c20a00000)]
  0x00000141fcec8800 JavaThread "C1 CompilerThread0" daemon [_thread_blocked, id=9988, stack(0x0000001c20a00000,0x0000001c20b00000)]
  0x00000141fced3000 JavaThread "Sweeper thread" daemon [_thread_blocked, id=9844, stack(0x0000001c20b00000,0x0000001c20c00000)]
  0x00000141fc4f1000 JavaThread "Common-Cleaner" daemon [_thread_blocked, id=8240, stack(0x0000001c20c00000,0x0000001c20d00000)]
  0x00000141fd039800 JavaThread "Monitor Ctrl-Break" daemon [_thread_in_native, id=16344, stack(0x0000001c20e00000,0x0000001c20f00000)]
  0x00000141fd03a000 JavaThread "Notification Thread" daemon [_thread_blocked, id=15080, stack(0x0000001c20f00000,0x0000001c21000000)]
  0x00000141fd224800 JavaThread "Java2D Disposer" daemon [_thread_blocked, id=8884, stack(0x0000001c21100000,0x0000001c21200000)]
  0x00000141fd226800 JavaThread "AWT-Shutdown" [_thread_blocked, id=16248, stack(0x0000001c21200000,0x0000001c21300000)]
  0x00000141fd227800 JavaThread "AWT-Windows" daemon [_thread_in_native, id=16324, stack(0x0000001c21300000,0x0000001c21400000)]
=>0x00000141fd586800 JavaThread "Thread-0" [_thread_in_native, id=9460, stack(0x0000001c21400000,0x0000001c21500000)]
  0x00000141fd60d000 JavaThread "AWT-EventQueue-0" [_thread_blocked, id=8536, stack(0x0000001c21500000,0x0000001c21600000)]
  0x00000141eccbc000 JavaThread "DestroyJavaVM" [_thread_blocked, id=4976, stack(0x0000001c1fd00000,0x0000001c1fe00000)]
  0x00000141fd09e000 JavaThread "D3D Screen Updater" daemon [_thread_blocked, id=4564, stack(0x0000001c21900000,0x0000001c21a00000)]
  0x00000141fd775800 JavaThread "TimerQueue" daemon [_thread_blocked, id=11512, stack(0x0000001c21a00000,0x0000001c21b00000)]

Other Threads:
  0x00000141fc509800 VMThread "VM Thread" [stack: 0x0000001c20300000,0x0000001c20400000] [id=2612]
  0x00000141fd092000 WatcherThread [stack: 0x0000001c21000000,0x0000001c21100000] [id=10408]
  0x00000141eccfe000 GCTaskThread "GC Thread#0" [stack: 0x0000001c1fe00000,0x0000001c1ff00000] [id=15816]
  0x00000141ecd11800 ConcurrentGCThread "G1 Main Marker" [stack: 0x0000001c1ff00000,0x0000001c20000000] [id=15056]
  0x00000141ecd13000 ConcurrentGCThread "G1 Conc#0" [stack: 0x0000001c20000000,0x0000001c20100000] [id=13380]
  0x00000141fc380800 ConcurrentGCThread "G1 Refine#0" [stack: 0x0000001c20100000,0x0000001c20200000] [id=14128]
  0x00000141ecd8b000 ConcurrentGCThread "G1 Young RemSet Sampling" [stack: 0x0000001c20200000,0x0000001c20300000] [id=8048]

Threads with active compile tasks:

VM state:not at safepoint (normal execution)

VM Mutex/Monitor currently owned by a thread: None

Heap address: 0x0000000080400000, size: 2044 MB, Compressed Oops mode: 32-bit
Narrow klass base: 0x0000000800000000, Narrow klass shift: 3
Compressed class space size: 1073741824 Address: 0x0000000800b30000

Heap:
 garbage-first heap   total 131072K, used 7168K [0x0000000080400000, 0x0000000100000000)
  region size 1024K, 8 young (8192K), 0 survivors (0K)
 Metaspace       used 8537K, capacity 8808K, committed 8832K, reserved 1056768K
  class space    used 1003K, capacity 1134K, committed 1152K, reserved 1048576K
Heap Regions: E=young(eden), S=young(survivor), O=old, HS=humongous(starts), HC=humongous(continues), CS=collection set, F=free, OA=open archive, CA=closed archive, TAMS=top-at-mark-start (previous, next)
|   0|0x0000000080400000, 0x0000000080400000, 0x0000000080500000|  0%| F|  |TAMS 0x0000000080400000, 0x0000000080400000| Untracked 
|   1|0x0000000080500000, 0x0000000080500000, 0x0000000080600000|  0%| F|  |TAMS 0x0000000080500000, 0x0000000080500000| Untracked 
|   2|0x0000000080600000, 0x0000000080600000, 0x0000000080700000|  0%| F|  |TAMS 0x0000000080600000, 0x0000000080600000| Untracked 
|   3|0x0000000080700000, 0x0000000080700000, 0x0000000080800000|  0%| F|  |TAMS 0x0000000080700000, 0x0000000080700000| Untracked 
|   4|0x0000000080800000, 0x0000000080800000, 0x0000000080900000|  0%| F|  |TAMS 0x0000000080800000, 0x0000000080800000| Untracked 
|   5|0x0000000080900000, 0x0000000080900000, 0x0000000080a00000|  0%| F|  |TAMS 0x0000000080900000, 0x0000000080900000| Untracked 
|   6|0x0000000080a00000, 0x0000000080a00000, 0x0000000080b00000|  0%| F|  |TAMS 0x0000000080a00000, 0x0000000080a00000| Untracked 
|   7|0x0000000080b00000, 0x0000000080b00000, 0x0000000080c00000|  0%| F|  |TAMS 0x0000000080b00000, 0x0000000080b00000| Untracked 
|   8|0x0000000080c00000, 0x0000000080c00000, 0x0000000080d00000|  0%| F|  |TAMS 0x0000000080c00000, 0x0000000080c00000| Untracked 
|   9|0x0000000080d00000, 0x0000000080d00000, 0x0000000080e00000|  0%| F|  |TAMS 0x0000000080d00000, 0x0000000080d00000| Untracked 
|  10|0x0000000080e00000, 0x0000000080e00000, 0x0000000080f00000|  0%| F|  |TAMS 0x0000000080e00000, 0x0000000080e00000| Untracked 
|  11|0x0000000080f00000, 0x0000000080f00000, 0x0000000081000000|  0%| F|  |TAMS 0x0000000080f00000, 0x0000000080f00000| Untracked 
|  12|0x0000000081000000, 0x0000000081000000, 0x0000000081100000|  0%| F|  |TAMS 0x0000000081000000, 0x0000000081000000| Untracked 
|  13|0x0000000081100000, 0x0000000081100000, 0x0000000081200000|  0%| F|  |TAMS 0x0000000081100000, 0x0000000081100000| Untracked 
|  14|0x0000000081200000, 0x0000000081200000, 0x0000000081300000|  0%| F|  |TAMS 0x0000000081200000, 0x0000000081200000| Untracked 
|  15|0x0000000081300000, 0x0000000081300000, 0x0000000081400000|  0%| F|  |TAMS 0x0000000081300000, 0x0000000081300000| Untracked 
|  16|0x0000000081400000, 0x0000000081400000, 0x0000000081500000|  0%| F|  |TAMS 0x0000000081400000, 0x0000000081400000| Untracked 
|  17|0x0000000081500000, 0x0000000081500000, 0x0000000081600000|  0%| F|  |TAMS 0x0000000081500000, 0x0000000081500000| Untracked 
|  18|0x0000000081600000, 0x0000000081600000, 0x0000000081700000|  0%| F|  |TAMS 0x0000000081600000, 0x0000000081600000| Untracked 
|  19|0x0000000081700000, 0x0000000081700000, 0x0000000081800000|  0%| F|  |TAMS 0x0000000081700000, 0x0000000081700000| Untracked 
|  20|0x0000000081800000, 0x0000000081800000, 0x0000000081900000|  0%| F|  |TAMS 0x0000000081800000, 0x0000000081800000| Untracked 
|  21|0x0000000081900000, 0x0000000081900000, 0x0000000081a00000|  0%| F|  |TAMS 0x0000000081900000, 0x0000000081900000| Untracked 
|  22|0x0000000081a00000, 0x0000000081a00000, 0x0000000081b00000|  0%| F|  |TAMS 0x0000000081a00000, 0x0000000081a00000| Untracked 
|  23|0x0000000081b00000, 0x0000000081b00000, 0x0000000081c00000|  0%| F|  |TAMS 0x0000000081b00000, 0x0000000081b00000| Untracked 
|  24|0x0000000081c00000, 0x0000000081c00000, 0x0000000081d00000|  0%| F|  |TAMS 0x0000000081c00000, 0x0000000081c00000| Untracked 
|  25|0x0000000081d00000, 0x0000000081d00000, 0x0000000081e00000|  0%| F|  |TAMS 0x0000000081d00000, 0x0000000081d00000| Untracked 
|  26|0x0000000081e00000, 0x0000000081e00000, 0x0000000081f00000|  0%| F|  |TAMS 0x0000000081e00000, 0x0000000081e00000| Untracked 
|  27|0x0000000081f00000, 0x0000000081f00000, 0x0000000082000000|  0%| F|  |TAMS 0x0000000081f00000, 0x0000000081f00000| Untracked 
|  28|0x0000000082000000, 0x0000000082000000, 0x0000000082100000|  0%| F|  |TAMS 0x0000000082000000, 0x0000000082000000| Untracked 
|  29|0x0000000082100000, 0x0000000082100000, 0x0000000082200000|  0%| F|  |TAMS 0x0000000082100000, 0x0000000082100000| Untracked 
|  30|0x0000000082200000, 0x0000000082200000, 0x0000000082300000|  0%| F|  |TAMS 0x0000000082200000, 0x0000000082200000| Untracked 
|  31|0x0000000082300000, 0x0000000082300000, 0x0000000082400000|  0%| F|  |TAMS 0x0000000082300000, 0x0000000082300000| Untracked 
|  32|0x0000000082400000, 0x0000000082400000, 0x0000000082500000|  0%| F|  |TAMS 0x0000000082400000, 0x0000000082400000| Untracked 
|  33|0x0000000082500000, 0x0000000082500000, 0x0000000082600000|  0%| F|  |TAMS 0x0000000082500000, 0x0000000082500000| Untracked 
|  34|0x0000000082600000, 0x0000000082600000, 0x0000000082700000|  0%| F|  |TAMS 0x0000000082600000, 0x0000000082600000| Untracked 
|  35|0x0000000082700000, 0x0000000082700000, 0x0000000082800000|  0%| F|  |TAMS 0x0000000082700000, 0x0000000082700000| Untracked 
|  36|0x0000000082800000, 0x0000000082800000, 0x0000000082900000|  0%| F|  |TAMS 0x0000000082800000, 0x0000000082800000| Untracked 
|  37|0x0000000082900000, 0x0000000082900000, 0x0000000082a00000|  0%| F|  |TAMS 0x0000000082900000, 0x0000000082900000| Untracked 
|  38|0x0000000082a00000, 0x0000000082a00000, 0x0000000082b00000|  0%| F|  |TAMS 0x0000000082a00000, 0x0000000082a00000| Untracked 
|  39|0x0000000082b00000, 0x0000000082b00000, 0x0000000082c00000|  0%| F|  |TAMS 0x0000000082b00000, 0x0000000082b00000| Untracked 
|  40|0x0000000082c00000, 0x0000000082c00000, 0x0000000082d00000|  0%| F|  |TAMS 0x0000000082c00000, 0x0000000082c00000| Untracked 
|  41|0x0000000082d00000, 0x0000000082d00000, 0x0000000082e00000|  0%| F|  |TAMS 0x0000000082d00000, 0x0000000082d00000| Untracked 
|  42|0x0000000082e00000, 0x0000000082e00000, 0x0000000082f00000|  0%| F|  |TAMS 0x0000000082e00000, 0x0000000082e00000| Untracked 
|  43|0x0000000082f00000, 0x0000000082f00000, 0x0000000083000000|  0%| F|  |TAMS 0x0000000082f00000, 0x0000000082f00000| Untracked 
|  44|0x0000000083000000, 0x0000000083000000, 0x0000000083100000|  0%| F|  |TAMS 0x0000000083000000, 0x0000000083000000| Untracked 
|  45|0x0000000083100000, 0x0000000083100000, 0x0000000083200000|  0%| F|  |TAMS 0x0000000083100000, 0x0000000083100000| Untracked 
|  46|0x0000000083200000, 0x0000000083200000, 0x0000000083300000|  0%| F|  |TAMS 0x0000000083200000, 0x0000000083200000| Untracked 
|  47|0x0000000083300000, 0x0000000083300000, 0x0000000083400000|  0%| F|  |TAMS 0x0000000083300000, 0x0000000083300000| Untracked 
|  48|0x0000000083400000, 0x0000000083400000, 0x0000000083500000|  0%| F|  |TAMS 0x0000000083400000, 0x0000000083400000| Untracked 
|  49|0x0000000083500000, 0x0000000083500000, 0x0000000083600000|  0%| F|  |TAMS 0x0000000083500000, 0x0000000083500000| Untracked 
|  50|0x0000000083600000, 0x0000000083600000, 0x0000000083700000|  0%| F|  |TAMS 0x0000000083600000, 0x0000000083600000| Untracked 
|  51|0x0000000083700000, 0x0000000083700000, 0x0000000083800000|  0%| F|  |TAMS 0x0000000083700000, 0x0000000083700000| Untracked 
|  52|0x0000000083800000, 0x0000000083800000, 0x0000000083900000|  0%| F|  |TAMS 0x0000000083800000, 0x0000000083800000| Untracked 
|  53|0x0000000083900000, 0x0000000083900000, 0x0000000083a00000|  0%| F|  |TAMS 0x0000000083900000, 0x0000000083900000| Untracked 
|  54|0x0000000083a00000, 0x0000000083a00000, 0x0000000083b00000|  0%| F|  |TAMS 0x0000000083a00000, 0x0000000083a00000| Untracked 
|  55|0x0000000083b00000, 0x0000000083b00000, 0x0000000083c00000|  0%| F|  |TAMS 0x0000000083b00000, 0x0000000083b00000| Untracked 
|  56|0x0000000083c00000, 0x0000000083c00000, 0x0000000083d00000|  0%| F|  |TAMS 0x0000000083c00000, 0x0000000083c00000| Untracked 
|  57|0x0000000083d00000, 0x0000000083d00000, 0x0000000083e00000|  0%| F|  |TAMS 0x0000000083d00000, 0x0000000083d00000| Untracked 
|  58|0x0000000083e00000, 0x0000000083e00000, 0x0000000083f00000|  0%| F|  |TAMS 0x0000000083e00000, 0x0000000083e00000| Untracked 
|  59|0x0000000083f00000, 0x0000000083f00000, 0x0000000084000000|  0%| F|  |TAMS 0x0000000083f00000, 0x0000000083f00000| Untracked 
|  60|0x0000000084000000, 0x0000000084000000, 0x0000000084100000|  0%| F|  |TAMS 0x0000000084000000, 0x0000000084000000| Untracked 
|  61|0x0000000084100000, 0x0000000084100000, 0x0000000084200000|  0%| F|  |TAMS 0x0000000084100000, 0x0000000084100000| Untracked 
|  62|0x0000000084200000, 0x0000000084200000, 0x0000000084300000|  0%| F|  |TAMS 0x0000000084200000, 0x0000000084200000| Untracked 
|  63|0x0000000084300000, 0x0000000084300000, 0x0000000084400000|  0%| F|  |TAMS 0x0000000084300000, 0x0000000084300000| Untracked 
|  64|0x0000000084400000, 0x0000000084400000, 0x0000000084500000|  0%| F|  |TAMS 0x0000000084400000, 0x0000000084400000| Untracked 
|  65|0x0000000084500000, 0x0000000084500000, 0x0000000084600000|  0%| F|  |TAMS 0x0000000084500000, 0x0000000084500000| Untracked 
|  66|0x0000000084600000, 0x0000000084600000, 0x0000000084700000|  0%| F|  |TAMS 0x0000000084600000, 0x0000000084600000| Untracked 
|  67|0x0000000084700000, 0x0000000084700000, 0x0000000084800000|  0%| F|  |TAMS 0x0000000084700000, 0x0000000084700000| Untracked 
|  68|0x0000000084800000, 0x0000000084800000, 0x0000000084900000|  0%| F|  |TAMS 0x0000000084800000, 0x0000000084800000| Untracked 
|  69|0x0000000084900000, 0x0000000084900000, 0x0000000084a00000|  0%| F|  |TAMS 0x0000000084900000, 0x0000000084900000| Untracked 
|  70|0x0000000084a00000, 0x0000000084a00000, 0x0000000084b00000|  0%| F|  |TAMS 0x0000000084a00000, 0x0000000084a00000| Untracked 
|  71|0x0000000084b00000, 0x0000000084b00000, 0x0000000084c00000|  0%| F|  |TAMS 0x0000000084b00000, 0x0000000084b00000| Untracked 
|  72|0x0000000084c00000, 0x0000000084c00000, 0x0000000084d00000|  0%| F|  |TAMS 0x0000000084c00000, 0x0000000084c00000| Untracked 
|  73|0x0000000084d00000, 0x0000000084d00000, 0x0000000084e00000|  0%| F|  |TAMS 0x0000000084d00000, 0x0000000084d00000| Untracked 
|  74|0x0000000084e00000, 0x0000000084e00000, 0x0000000084f00000|  0%| F|  |TAMS 0x0000000084e00000, 0x0000000084e00000| Untracked 
|  75|0x0000000084f00000, 0x0000000084f00000, 0x0000000085000000|  0%| F|  |TAMS 0x0000000084f00000, 0x0000000084f00000| Untracked 
|  76|0x0000000085000000, 0x0000000085000000, 0x0000000085100000|  0%| F|  |TAMS 0x0000000085000000, 0x0000000085000000| Untracked 
|  77|0x0000000085100000, 0x0000000085100000, 0x0000000085200000|  0%| F|  |TAMS 0x0000000085100000, 0x0000000085100000| Untracked 
|  78|0x0000000085200000, 0x0000000085200000, 0x0000000085300000|  0%| F|  |TAMS 0x0000000085200000, 0x0000000085200000| Untracked 
|  79|0x0000000085300000, 0x0000000085300000, 0x0000000085400000|  0%| F|  |TAMS 0x0000000085300000, 0x0000000085300000| Untracked 
|  80|0x0000000085400000, 0x0000000085400000, 0x0000000085500000|  0%| F|  |TAMS 0x0000000085400000, 0x0000000085400000| Untracked 
|  81|0x0000000085500000, 0x0000000085500000, 0x0000000085600000|  0%| F|  |TAMS 0x0000000085500000, 0x0000000085500000| Untracked 
|  82|0x0000000085600000, 0x0000000085600000, 0x0000000085700000|  0%| F|  |TAMS 0x0000000085600000, 0x0000000085600000| Untracked 
|  83|0x0000000085700000, 0x0000000085700000, 0x0000000085800000|  0%| F|  |TAMS 0x0000000085700000, 0x0000000085700000| Untracked 
|  84|0x0000000085800000, 0x0000000085800000, 0x0000000085900000|  0%| F|  |TAMS 0x0000000085800000, 0x0000000085800000| Untracked 
|  85|0x0000000085900000, 0x0000000085900000, 0x0000000085a00000|  0%| F|  |TAMS 0x0000000085900000, 0x0000000085900000| Untracked 
|  86|0x0000000085a00000, 0x0000000085a00000, 0x0000000085b00000|  0%| F|  |TAMS 0x0000000085a00000, 0x0000000085a00000| Untracked 
|  87|0x0000000085b00000, 0x0000000085b00000, 0x0000000085c00000|  0%| F|  |TAMS 0x0000000085b00000, 0x0000000085b00000| Untracked 
|  88|0x0000000085c00000, 0x0000000085c00000, 0x0000000085d00000|  0%| F|  |TAMS 0x0000000085c00000, 0x0000000085c00000| Untracked 
|  89|0x0000000085d00000, 0x0000000085d00000, 0x0000000085e00000|  0%| F|  |TAMS 0x0000000085d00000, 0x0000000085d00000| Untracked 
|  90|0x0000000085e00000, 0x0000000085e00000, 0x0000000085f00000|  0%| F|  |TAMS 0x0000000085e00000, 0x0000000085e00000| Untracked 
|  91|0x0000000085f00000, 0x0000000085f00000, 0x0000000086000000|  0%| F|  |TAMS 0x0000000085f00000, 0x0000000085f00000| Untracked 
|  92|0x0000000086000000, 0x0000000086000000, 0x0000000086100000|  0%| F|  |TAMS 0x0000000086000000, 0x0000000086000000| Untracked 
|  93|0x0000000086100000, 0x0000000086100000, 0x0000000086200000|  0%| F|  |TAMS 0x0000000086100000, 0x0000000086100000| Untracked 
|  94|0x0000000086200000, 0x0000000086200000, 0x0000000086300000|  0%| F|  |TAMS 0x0000000086200000, 0x0000000086200000| Untracked 
|  95|0x0000000086300000, 0x0000000086300000, 0x0000000086400000|  0%| F|  |TAMS 0x0000000086300000, 0x0000000086300000| Untracked 
|  96|0x0000000086400000, 0x0000000086400000, 0x0000000086500000|  0%| F|  |TAMS 0x0000000086400000, 0x0000000086400000| Untracked 
|  97|0x0000000086500000, 0x0000000086500000, 0x0000000086600000|  0%| F|  |TAMS 0x0000000086500000, 0x0000000086500000| Untracked 
|  98|0x0000000086600000, 0x0000000086600000, 0x0000000086700000|  0%| F|  |TAMS 0x0000000086600000, 0x0000000086600000| Untracked 
|  99|0x0000000086700000, 0x0000000086700000, 0x0000000086800000|  0%| F|  |TAMS 0x0000000086700000, 0x0000000086700000| Untracked 
| 100|0x0000000086800000, 0x0000000086800000, 0x0000000086900000|  0%| F|  |TAMS 0x0000000086800000, 0x0000000086800000| Untracked 
| 101|0x0000000086900000, 0x0000000086900000, 0x0000000086a00000|  0%| F|  |TAMS 0x0000000086900000, 0x0000000086900000| Untracked 
| 102|0x0000000086a00000, 0x0000000086a00000, 0x0000000086b00000|  0%| F|  |TAMS 0x0000000086a00000, 0x0000000086a00000| Untracked 
| 103|0x0000000086b00000, 0x0000000086b00000, 0x0000000086c00000|  0%| F|  |TAMS 0x0000000086b00000, 0x0000000086b00000| Untracked 
| 104|0x0000000086c00000, 0x0000000086c00000, 0x0000000086d00000|  0%| F|  |TAMS 0x0000000086c00000, 0x0000000086c00000| Untracked 
| 105|0x0000000086d00000, 0x0000000086d00000, 0x0000000086e00000|  0%| F|  |TAMS 0x0000000086d00000, 0x0000000086d00000| Untracked 
| 106|0x0000000086e00000, 0x0000000086e00000, 0x0000000086f00000|  0%| F|  |TAMS 0x0000000086e00000, 0x0000000086e00000| Untracked 
| 107|0x0000000086f00000, 0x0000000086f00000, 0x0000000087000000|  0%| F|  |TAMS 0x0000000086f00000, 0x0000000086f00000| Untracked 
| 108|0x0000000087000000, 0x0000000087000000, 0x0000000087100000|  0%| F|  |TAMS 0x0000000087000000, 0x0000000087000000| Untracked 
| 109|0x0000000087100000, 0x0000000087100000, 0x0000000087200000|  0%| F|  |TAMS 0x0000000087100000, 0x0000000087100000| Untracked 
| 110|0x0000000087200000, 0x0000000087200000, 0x0000000087300000|  0%| F|  |TAMS 0x0000000087200000, 0x0000000087200000| Untracked 
| 111|0x0000000087300000, 0x0000000087300000, 0x0000000087400000|  0%| F|  |TAMS 0x0000000087300000, 0x0000000087300000| Untracked 
| 112|0x0000000087400000, 0x0000000087400000, 0x0000000087500000|  0%| F|  |TAMS 0x0000000087400000, 0x0000000087400000| Untracked 
| 113|0x0000000087500000, 0x0000000087500000, 0x0000000087600000|  0%| F|  |TAMS 0x0000000087500000, 0x0000000087500000| Untracked 
| 114|0x0000000087600000, 0x0000000087600000, 0x0000000087700000|  0%| F|  |TAMS 0x0000000087600000, 0x0000000087600000| Untracked 
| 115|0x0000000087700000, 0x0000000087700000, 0x0000000087800000|  0%| F|  |TAMS 0x0000000087700000, 0x0000000087700000| Untracked 
| 116|0x0000000087800000, 0x0000000087800000, 0x0000000087900000|  0%| F|  |TAMS 0x0000000087800000, 0x0000000087800000| Untracked 
| 117|0x0000000087900000, 0x0000000087900000, 0x0000000087a00000|  0%| F|  |TAMS 0x0000000087900000, 0x0000000087900000| Untracked 
| 118|0x0000000087a00000, 0x0000000087a00000, 0x0000000087b00000|  0%| F|  |TAMS 0x0000000087a00000, 0x0000000087a00000| Untracked 
| 119|0x0000000087b00000, 0x0000000087b00000, 0x0000000087c00000|  0%| F|  |TAMS 0x0000000087b00000, 0x0000000087b00000| Untracked 
| 120|0x0000000087c00000, 0x0000000087c43108, 0x0000000087d00000| 26%| E|  |TAMS 0x0000000087c00000, 0x0000000087c00000| Complete 
| 121|0x0000000087d00000, 0x0000000087e00000, 0x0000000087e00000|100%| E|CS|TAMS 0x0000000087d00000, 0x0000000087d00000| Complete 
| 122|0x0000000087e00000, 0x0000000087f00000, 0x0000000087f00000|100%| E|CS|TAMS 0x0000000087e00000, 0x0000000087e00000| Complete 
| 123|0x0000000087f00000, 0x0000000088000000, 0x0000000088000000|100%| E|CS|TAMS 0x0000000087f00000, 0x0000000087f00000| Complete 
| 124|0x0000000088000000, 0x0000000088100000, 0x0000000088100000|100%| E|CS|TAMS 0x0000000088000000, 0x0000000088000000| Complete 
| 125|0x0000000088100000, 0x0000000088200000, 0x0000000088200000|100%| E|CS|TAMS 0x0000000088100000, 0x0000000088100000| Complete 
| 126|0x0000000088200000, 0x0000000088300000, 0x0000000088300000|100%| E|CS|TAMS 0x0000000088200000, 0x0000000088200000| Complete 
| 127|0x0000000088300000, 0x0000000088400000, 0x0000000088400000|100%| E|CS|TAMS 0x0000000088300000, 0x0000000088300000| Complete 

Card table byte_map: [0x00000141f5860000,0x00000141f5c60000] _byte_map_base: 0x00000141f545e000

Marking Bits (Prev, Next): (CMBitMap*) 0x00000141eccfeee8, (CMBitMap*) 0x00000141eccfef28
 Prev Bits: [0x00000141f6060000, 0x00000141f8050000)
 Next Bits: [0x00000141f8050000, 0x00000141fa040000)

Polling page: 0x00000141eab50000

Metaspace:

Usage:
  Non-class:      7.49 MB capacity,     7.36 MB ( 98%) used,   118.80 KB (  2%) free+waste,    21.00 KB ( <1%) overhead. 
      Class:      1.11 MB capacity,  1003.48 KB ( 88%) used,   116.90 KB ( 10%) free+waste,    13.63 KB (  1%) overhead. 
       Both:      8.60 MB capacity,     8.34 MB ( 97%) used,   235.70 KB (  3%) free+waste,    34.63 KB ( <1%) overhead. 

Virtual space:
  Non-class space:        8.00 MB reserved,       7.50 MB ( 94%) committed 
      Class space:        1.00 GB reserved,       1.13 MB ( <1%) committed 
             Both:        1.01 GB reserved,       8.63 MB ( <1%) committed 

Chunk freelists:
   Non-Class:  6.00 KB
       Class:  18.00 KB
        Both:  24.00 KB

MaxMetaspaceSize: 17179869184.00 GB
CompressedClassSpaceSize: 1.00 GB

CodeHeap 'non-profiled nmethods': size=120000Kb used=236Kb max_used=236Kb free=119763Kb
 bounds [0x0000014187ad0000, 0x0000014187d40000, 0x000001418f000000]
CodeHeap 'profiled nmethods': size=120000Kb used=1240Kb max_used=1240Kb free=118759Kb
 bounds [0x00000141805a0000, 0x0000014180810000, 0x0000014187ad0000]
CodeHeap 'non-nmethods': size=5760Kb used=1285Kb max_used=1301Kb free=4474Kb
 bounds [0x0000014180000000, 0x0000014180270000, 0x00000141805a0000]
 total_blobs=1786 nmethods=824 adapters=491
 compilation: enabled
              stopped_count=0, restarted_count=0
 full_count=0

Compilation events (20 events):
Event: 2.684 Thread 0x00000141fcec8800  813       1       sun.java2d.SurfaceData::getNativeOps (5 bytes)
Event: 2.684 Thread 0x00000141fcec8800 nmethod 813 0x0000014187b09c90 code [0x0000014187b09e20, 0x0000014187b09ef8]
Event: 3.086 Thread 0x00000141fcec8800  814       3       java.security.AccessControlContext::optimize (319 bytes)
Event: 3.088 Thread 0x00000141fcec8800 nmethod 814 0x00000141806d2410 code [0x00000141806d2780, 0x00000141806d3cd8]
Event: 3.088 Thread 0x00000141fcec8800  815       1       java.awt.geom.AffineTransform::getScaleX (5 bytes)
Event: 3.088 Thread 0x00000141fcec8800 nmethod 815 0x0000014187b09f90 code [0x0000014187b0a120, 0x0000014187b0a1f8]
Event: 3.088 Thread 0x00000141fcec8800  816       1       java.awt.geom.Rectangle2D$Double::getWidth (5 bytes)
Event: 3.088 Thread 0x00000141fcec8800 nmethod 816 0x0000014187b0a290 code [0x0000014187b0a420, 0x0000014187b0a4f8]
Event: 3.088 Thread 0x00000141fcec8800  817       1       java.awt.geom.Rectangle2D$Double::getHeight (5 bytes)
Event: 3.088 Thread 0x00000141fcec8800 nmethod 817 0x0000014187b0a590 code [0x0000014187b0a720, 0x0000014187b0a7f8]
Event: 11.146 Thread 0x00000141fcec8800  818       3       java.util.IdentityHashMap::isEmpty (13 bytes)
Event: 11.146 Thread 0x00000141fcec8800 nmethod 818 0x00000141806d4310 code [0x00000141806d44a0, 0x00000141806d4618]
Event: 11.286 Thread 0x00000141fcec8800  819   !   3       sun.awt.AWTAutoShutdown::setToolkitBusy (124 bytes)
Event: 11.286 Thread 0x00000141fcec8800 nmethod 819 0x00000141806d4690 code [0x00000141806d48a0, 0x00000141806d5068]
Event: 20.754 Thread 0x00000141fcec8800  821       3       java.util.ArrayList::toArray (57 bytes)
Event: 20.755 Thread 0x00000141fcec8800 nmethod 821 0x00000141806d5390 code [0x00000141806d5560, 0x00000141806d5b18]
Event: 24.864 Thread 0x00000141fcec8800  823       1       java.net.URL::getFile (5 bytes)
Event: 24.864 Thread 0x00000141fcec8800 nmethod 823 0x0000014187b0b090 code [0x0000014187b0b220, 0x0000014187b0b2f8]
Event: 24.866 Thread 0x00000141fcec8800  824       3       java.nio.ByteBuffer::<init> (47 bytes)
Event: 24.866 Thread 0x00000141fcec8800 nmethod 824 0x00000141806d5c90 code [0x00000141806d5e40, 0x00000141806d6068]

GC Heap History (0 events):
No events

Deoptimization events (8 events):
Event: 0.126 Thread 0x00000141eccbc000 Uncommon trap: trap_request=0xffffff45 fr.pc=0x0000014187addc40 relative=0x0000000000000080
Event: 0.126 Thread 0x00000141eccbc000 Uncommon trap: reason=unstable_if action=reinterpret pc=0x0000014187addc40 method=java.lang.String.isLatin1()Z @ 10 c2
Event: 0.126 Thread 0x00000141eccbc000 DEOPT PACKING pc=0x0000014187addc40 sp=0x0000001c1fdff120
Event: 0.126 Thread 0x00000141eccbc000 DEOPT UNPACKING pc=0x000001418004912f sp=0x0000001c1fdff060 mode 2
Event: 0.374 Thread 0x00000141fd227800 Uncommon trap: trap_request=0xffffff45 fr.pc=0x0000014187add02c relative=0x00000000000009cc
Event: 0.374 Thread 0x00000141fd227800 Uncommon trap: reason=unstable_if action=reinterpret pc=0x0000014187add02c method=java.util.HashMap.putVal(ILjava/lang/Object;Ljava/lang/Object;ZZ)Ljava/lang/Object; @ 181 c2
Event: 0.374 Thread 0x00000141fd227800 DEOPT PACKING pc=0x0000014187add02c sp=0x0000001c213fde10
Event: 0.374 Thread 0x00000141fd227800 DEOPT UNPACKING pc=0x000001418004912f sp=0x0000001c213fdda0 mode 2

Classes unloaded (0 events):
No events

Classes redefined (0 events):
No events

Internal exceptions (14 events):
Event: 0.150 Thread 0x00000141eccbc000 Exception <a 'java/lang/ClassNotFoundException'{0x00000000882c5be0}: sun/awt/resources/spi/awtProvider> (0x00000000882c5be0) 
thrown [./open/src/hotspot/share/classfile/systemDictionary.cpp, line 226]
Event: 0.167 Thread 0x00000141eccbc000 Exception <a 'java/io/FileNotFoundException'{0x000000008814d768}> (0x000000008814d768) 
thrown [./open/src/hotspot/share/prims/jni.cpp, line 599]
Event: 0.174 Thread 0x00000141eccbc000 Exception <a 'java/io/FileNotFoundException'{0x0000000088173b28}> (0x0000000088173b28) 
thrown [./open/src/hotspot/share/prims/jni.cpp, line 599]
Event: 0.215 Thread 0x00000141fd227800 Exception <a 'java/lang/NoSuchMethodError'{0x00000000881cd4b8}: 'void java.lang.invoke.DirectMethodHandle$Holder.invokeSpecial(java.lang.Object, java.lang.Object)'> (0x00000000881cd4b8) 
thrown [./open/src/hotspot/share/interpreter/linkResolver.cpp, line 766]
Event: 0.241 Thread 0x00000141eccbc000 Exception <a 'java/lang/NoSuchMethodError'{0x0000000088046820}: 'java.lang.Object java.lang.invoke.DirectMethodHandle$Holder.invokeStatic(java.lang.Object, int, java.lang.Object, java.lang.Object, java.lang.Object, java.lang.Object)'> (0x0000000088046820) 
thrown [./open/src/hotspot/share/interpreter/linkResolver.cpp, line 766]
Event: 0.242 Thread 0x00000141eccbc000 Exception <a 'java/lang/NoSuchMethodError'{0x000000008804d140}: 'java.lang.Object java.lang.invoke.DirectMethodHandle$Holder.invokeStatic(java.lang.Object, int, java.lang.Object, java.lang.Object, java.lang.Object)'> (0x000000008804d140) 
thrown [./open/src/hotspot/share/interpreter/linkResolver.cpp, line 766]
Event: 0.242 Thread 0x00000141eccbc000 Exception <a 'java/lang/NoSuchMethodError'{0x0000000088050990}: 'java.lang.Object java.lang.invoke.DirectMethodHandle$Holder.invokeSpecial(java.lang.Object, java.lang.Object, int, java.lang.Object, java.lang.Object, java.lang.Object)'> (0x0000000088050990) 
thrown [./open/src/hotspot/share/interpreter/linkResolver.cpp, line 766]
Event: 0.245 Thread 0x00000141eccbc000 Exception <a 'java/lang/NoSuchMethodError'{0x0000000088066d38}: 'java.lang.Object java.lang.invoke.DirectMethodHandle$Holder.invokeStatic(java.lang.Object, int, java.lang.Object)'> (0x0000000088066d38) 
thrown [./open/src/hotspot/share/interpreter/linkResolver.cpp, line 766]
Event: 0.268 Thread 0x00000141eccbc000 Exception <a 'java/lang/ClassNotFoundException'{0x0000000087f0c388}: com/sun/swing/internal/plaf/metal/resources/spi/metalProvider> (0x0000000087f0c388) 
thrown [./open/src/hotspot/share/classfile/systemDictionary.cpp, line 226]
Event: 0.268 Thread 0x00000141eccbc000 Exception <a 'java/lang/ClassNotFoundException'{0x0000000087f0ff48}: com/sun/swing/internal/plaf/basic/resources/spi/basicProvider> (0x0000000087f0ff48) 
thrown [./open/src/hotspot/share/classfile/systemDictionary.cpp, line 226]
Event: 0.313 Thread 0x00000141eccbc000 Exception <a 'java/io/FileNotFoundException'{0x0000000087f7b098}> (0x0000000087f7b098) 
thrown [./open/src/hotspot/share/prims/jni.cpp, line 599]
Event: 0.317 Thread 0x00000141eccbc000 Exception <a 'java/io/FileNotFoundException'{0x0000000087f8d178}> (0x0000000087f8d178) 
thrown [./open/src/hotspot/share/prims/jni.cpp, line 599]
Event: 0.398 Thread 0x00000141eccbc000 Exception <a 'java/lang/NoSuchMethodError'{0x0000000087e37ea8}: 'void java.lang.invoke.DirectMethodHandle$Holder.invokeStaticInit(java.lang.Object)'> (0x0000000087e37ea8) 
thrown [./open/src/hotspot/share/interpreter/linkResolver.cpp, line 766]
Event: 0.424 Thread 0x00000141eccbc000 Exception <a 'java/lang/NoSuchMethodError'{0x0000000087ed0f30}: 'java.lang.Object java.lang.invoke.Invokers$Holder.linkToTargetMethod(java.lang.Object, int, java.lang.Object)'> (0x0000000087ed0f30) 
thrown [./open/src/hotspot/share/interpreter/linkResolver.cpp, line 766]

Events (20 events):
Event: 1.047 loading class javax/swing/Timer$1
Event: 1.048 loading class javax/swing/Timer$1 done
Event: 24.864 Executing VM operation: HandshakeOneThread
Event: 24.864 Executing VM operation: HandshakeOneThread done
Event: 24.865 Executing VM operation: HandshakeOneThread
Event: 24.865 Executing VM operation: HandshakeOneThread done
Event: 24.865 Executing VM operation: HandshakeOneThread
Event: 24.865 Executing VM operation: HandshakeOneThread done
Event: 24.865 Executing VM operation: HandshakeOneThread
Event: 24.865 Executing VM operation: HandshakeOneThread done
Event: 24.865 Executing VM operation: HandshakeOneThread
Event: 24.865 Executing VM operation: HandshakeOneThread done
Event: 24.865 Executing VM operation: HandshakeOneThread
Event: 24.865 Executing VM operation: HandshakeOneThread done
Event: 24.865 Executing VM operation: HandshakeOneThread
Event: 24.865 Executing VM operation: HandshakeOneThread done
Event: 24.865 Executing VM operation: HandshakeOneThread
Event: 24.865 Executing VM operation: HandshakeOneThread done
Event: 24.866 Executing VM operation: HandshakeOneThread
Event: 24.866 Executing VM operation: HandshakeOneThread done


Dynamic libraries:
0x00007ff786120000 - 0x00007ff78612f000 	C:\Program Files\Java\jdk-14.0.1\bin\java.exe
0x00007ffac5220000 - 0x00007ffac5410000 	C:\Windows\SYSTEM32\ntdll.dll
0x00007ffac3e80000 - 0x00007ffac3f32000 	C:\Windows\System32\KERNEL32.DLL
0x00007ffac2500000 - 0x00007ffac27a3000 	C:\Windows\System32\KERNELBASE.dll
0x00007ffac2400000 - 0x00007ffac24fa000 	C:\Windows\System32\ucrtbase.dll
0x00007ffabec20000 - 0x00007ffabec38000 	C:\Program Files\Java\jdk-14.0.1\bin\jli.dll
0x00007ffac3dd0000 - 0x00007ffac3e73000 	C:\Windows\System32\ADVAPI32.dll
0x00007ffac3b60000 - 0x00007ffac3bfe000 	C:\Windows\System32\msvcrt.dll
0x00007ffac46a0000 - 0x00007ffac4737000 	C:\Windows\System32\sechost.dll
0x00007ffac50b0000 - 0x00007ffac51d0000 	C:\Windows\System32\RPCRT4.dll
0x00007ffac4140000 - 0x00007ffac42d4000 	C:\Windows\System32\USER32.dll
0x00007ffac2b00000 - 0x00007ffac2b21000 	C:\Windows\System32\win32u.dll
0x00007ffac3f40000 - 0x00007ffac3f66000 	C:\Windows\System32\GDI32.dll
0x00007ffac2860000 - 0x00007ffac29f4000 	C:\Windows\System32\gdi32full.dll
0x00007ffac2a60000 - 0x00007ffac2afe000 	C:\Windows\System32\msvcp_win.dll
0x00007ffabea20000 - 0x00007ffabea35000 	C:\Program Files\Java\jdk-14.0.1\bin\VCRUNTIME140.dll
0x00007ffaaac00000 - 0x00007ffaaae85000 	C:\Windows\WinSxS\amd64_microsoft.windows.common-controls_6595b64144ccf1df_6.0.18362.778_none_e6c6b761130d4fb8\COMCTL32.dll
0x00007ffac4360000 - 0x00007ffac4696000 	C:\Windows\System32\combase.dll
0x00007ffac2330000 - 0x00007ffac23b0000 	C:\Windows\System32\bcryptPrimitives.dll
0x00007ffab9380000 - 0x00007ffab938a000 	C:\Windows\SYSTEM32\VERSION.dll
0x00007ffac47b0000 - 0x00007ffac47de000 	C:\Windows\System32\IMM32.DLL
0x00007ffabd290000 - 0x00007ffabd32b000 	C:\Program Files\Java\jdk-14.0.1\bin\msvcp140.dll
0x00007ffa83120000 - 0x00007ffa83c3e000 	C:\Program Files\Java\jdk-14.0.1\bin\server\jvm.dll
0x00007ffac51d0000 - 0x00007ffac51d8000 	C:\Windows\System32\PSAPI.DLL
0x00007ffab82a0000 - 0x00007ffab82a9000 	C:\Windows\SYSTEM32\WSOCK32.dll
0x00007ffac42f0000 - 0x00007ffac435f000 	C:\Windows\System32\WS2_32.dll
0x00007ffab8520000 - 0x00007ffab8544000 	C:\Windows\SYSTEM32\WINMM.dll
0x00007ffab82b0000 - 0x00007ffab82dd000 	C:\Windows\SYSTEM32\WINMMBASE.dll
0x00007ffac23b0000 - 0x00007ffac23fa000 	C:\Windows\System32\cfgmgr32.dll
0x00007ffac20f0000 - 0x00007ffac2101000 	C:\Windows\System32\kernel.appcore.dll
0x00007ffabd880000 - 0x00007ffabd88a000 	C:\Program Files\Java\jdk-14.0.1\bin\jimage.dll
0x00007ffabc5d0000 - 0x00007ffabc7c4000 	C:\Windows\SYSTEM32\DBGHELP.DLL
0x00007ffabc570000 - 0x00007ffabc59a000 	C:\Windows\SYSTEM32\dbgcore.DLL
0x00007ffabd580000 - 0x00007ffabd58e000 	C:\Program Files\Java\jdk-14.0.1\bin\instrument.dll
0x00007ffabd3a0000 - 0x00007ffabd3c5000 	C:\Program Files\Java\jdk-14.0.1\bin\java.dll
0x00007ffabd380000 - 0x00007ffabd396000 	C:\Program Files\Java\jdk-14.0.1\bin\zip.dll
0x00007ffac4860000 - 0x00007ffac4f45000 	C:\Windows\System32\SHELL32.dll
0x00007ffac3c60000 - 0x00007ffac3d09000 	C:\Windows\System32\shcore.dll
0x00007ffac2b50000 - 0x00007ffac32d0000 	C:\Windows\System32\windows.storage.dll
0x00007ffac2110000 - 0x00007ffac2133000 	C:\Windows\System32\profapi.dll
0x00007ffac2140000 - 0x00007ffac218a000 	C:\Windows\System32\powrprof.dll
0x00007ffac20e0000 - 0x00007ffac20f0000 	C:\Windows\System32\UMPDC.dll
0x00007ffac3c00000 - 0x00007ffac3c52000 	C:\Windows\System32\shlwapi.dll
0x00007ffac2b30000 - 0x00007ffac2b47000 	C:\Windows\System32\cryptsp.dll
0x00007ffabb570000 - 0x00007ffabb589000 	C:\Program Files\Java\jdk-14.0.1\bin\net.dll
0x00007ffaba690000 - 0x00007ffaba780000 	C:\Windows\SYSTEM32\WINHTTP.dll
0x00007ffac18f0000 - 0x00007ffac1957000 	C:\Windows\system32\mswsock.dll
0x00007ffabaf70000 - 0x00007ffabaf82000 	C:\Program Files\Java\jdk-14.0.1\bin\nio.dll
0x00007ffabb4e0000 - 0x00007ffabb4f0000 	C:\Program Files\Java\jdk-14.0.1\bin\verify.dll
0x00007ffaaf7b0000 - 0x00007ffaaf7ca000 	C:\Program Files\JetBrains\IntelliJ IDEA 2020.1\bin\breakgen64.dll
0x00007ffa9f5e0000 - 0x00007ffa9f778000 	C:\Program Files\Java\jdk-14.0.1\bin\awt.dll
0x00007ffac4050000 - 0x00007ffac4114000 	C:\Windows\System32\OLEAUT32.dll
0x00007ffac0210000 - 0x00007ffac029f000 	C:\Windows\SYSTEM32\apphelp.dll
0x00007ffac0480000 - 0x00007ffac04ad000 	C:\Windows\system32\DWMAPI.DLL
0x00007ffac0390000 - 0x00007ffac0429000 	C:\Windows\system32\uxtheme.dll
0x00007ffac33a0000 - 0x00007ffac34d6000 	C:\Windows\System32\MSCTF.dll
0x00007ffac4f50000 - 0x00007ffac50a7000 	C:\Windows\System32\ole32.dll
0x0000000180000000 - 0x0000000180025000 	W:\Ephec\ElecDigitalProjet\JavaInterface-Guillaume-RxTx\rxtxSerial.dll
0x00007ffaa1600000 - 0x00007ffaa1756000 	C:\Windows\system32\opengl32.dll
0x00007ffabdc30000 - 0x00007ffabdc5c000 	C:\Windows\SYSTEM32\GLU32.dll
0x00007ffac0d50000 - 0x00007ffac0d70000 	C:\Windows\SYSTEM32\dxcore.dll
0x00007ffa870a0000 - 0x00007ffa87267000 	C:\Windows\system32\d3d9.dll
0x00007ffaabb90000 - 0x00007ffaabbb9000 	C:\Windows\SYSTEM32\prl_umdd.dll
0x00007ffaa38a0000 - 0x00007ffaa3922000 	C:\Program Files\Java\jdk-14.0.1\bin\freetype.dll
0x00007ffa8cdb0000 - 0x00007ffa8ce56000 	C:\Program Files\Java\jdk-14.0.1\bin\fontmanager.dll
0x00007ffac3d10000 - 0x00007ffac3db2000 	C:\Windows\System32\clbcatq.dll
0x00007ffaa7150000 - 0x00007ffaa72ff000 	C:\Windows\SYSTEM32\WindowsCodecs.dll
0x00007ffaa2530000 - 0x00007ffaa256a000 	C:\Windows\system32\dataexchange.dll
0x00007ffabf3b0000 - 0x00007ffabf60b000 	C:\Windows\system32\d3d11.dll
0x00007ffabfa70000 - 0x00007ffabfc4c000 	C:\Windows\system32\dcomp.dll
0x00007ffac0de0000 - 0x00007ffac0ecb000 	C:\Windows\system32\dxgi.dll
0x00007ffac0560000 - 0x00007ffac07ba000 	C:\Windows\system32\twinapi.appcore.dll
0x00007ffac08b0000 - 0x00007ffac08d9000 	C:\Windows\system32\RMCLIENT.dll
0x00007ffabb220000 - 0x00007ffabb2be000 	C:\Windows\System32\TextInputFramework.dll
0x00007ffabfc50000 - 0x00007ffabfd24000 	C:\Windows\System32\CoreMessaging.dll
0x00007ffaa7880000 - 0x00007ffaa7baa000 	C:\Windows\System32\CoreUIComponents.dll
0x00007ffabeac0000 - 0x00007ffabec13000 	C:\Windows\SYSTEM32\wintypes.dll
0x00007ffac1140000 - 0x00007ffac1171000 	C:\Windows\SYSTEM32\ntmarta.dll
0x00007ffab8fa0000 - 0x00007ffab9246000 	C:\Windows\System32\iertutil.dll

dbghelp: loaded successfully - version: 4.0.5 - missing functions: none
symbol engine: initialized successfully - sym options: 0x614 - pdb path: .;C:\Program Files\Java\jdk-14.0.1\bin;C:\Windows\SYSTEM32;C:\Windows\WinSxS\amd64_microsoft.windows.common-controls_6595b64144ccf1df_6.0.18362.778_none_e6c6b761130d4fb8;C:\Program Files\Java\jdk-14.0.1\bin\server;C:\Program Files\JetBrains\IntelliJ IDEA 2020.1\bin;W:\Ephec\ElecDigitalProjet\JavaInterface-Guillaume-RxTx

VM Arguments:
jvm_args: -javaagent:C:\Program Files\JetBrains\IntelliJ IDEA 2020.1\lib\idea_rt.jar=52934:C:\Program Files\JetBrains\IntelliJ IDEA 2020.1\bin -Dfile.encoding=UTF-8 
java_command: pic.Gui
java_class_path (initial): W:\Ephec\ElecDigitalProjet\JavaInterface-Guillaume-RxTx\out\production\JavaInterface;W:\Ephec\ElecDigitalProjet\JavaInterface-Guillaume-RxTx\jssc-2.8.0.jar;W:\Ephec\ElecDigitalProjet\JavaInterface-Guillaume-RxTx\RXTXcomm.jar
Launcher Type: SUN_STANDARD

[Global flags]
     intx CICompilerCount                          = 3                                         {product} {ergonomic}
     uint ConcGCThreads                            = 1                                         {product} {ergonomic}
     uint G1ConcRefinementThreads                  = 4                                         {product} {ergonomic}
   size_t G1HeapRegionSize                         = 1048576                                   {product} {ergonomic}
    uintx GCDrainStackTargetSize                   = 64                                        {product} {ergonomic}
   size_t InitialHeapSize                          = 134217728                                 {product} {ergonomic}
   size_t MarkStackSize                            = 4194304                                   {product} {ergonomic}
   size_t MaxHeapSize                              = 2143289344                                {product} {ergonomic}
   size_t MaxNewSize                               = 1285554176                                {product} {ergonomic}
   size_t MinHeapDeltaBytes                        = 1048576                                   {product} {ergonomic}
   size_t MinHeapSize                              = 8388608                                   {product} {ergonomic}
    uintx NonNMethodCodeHeapSize                   = 5832780                                {pd product} {ergonomic}
    uintx NonProfiledCodeHeapSize                  = 122912730                              {pd product} {ergonomic}
    uintx ProfiledCodeHeapSize                     = 122912730                              {pd product} {ergonomic}
    uintx ReservedCodeCacheSize                    = 251658240                              {pd product} {ergonomic}
     bool SegmentedCodeCache                       = true                                      {product} {ergonomic}
   size_t SoftMaxHeapSize                          = 2143289344                             {manageable} {ergonomic}
     bool UseCompressedClassPointers               = true                                 {lp64_product} {ergonomic}
     bool UseCompressedOops                        = true                                 {lp64_product} {ergonomic}
     bool UseG1GC                                  = true                                      {product} {ergonomic}
     bool UseLargePagesIndividualAllocation        = false                                  {pd product} {ergonomic}

Logging:
Log output configuration:
 #0: stdout all=warning uptime,level,tags
 #1: stderr all=off uptime,level,tags

Environment Variables:
PATH=C:\Program Files (x86)\Common Files\Oracle\Java\javapath;C:\Program Files (x86)\Parallels\Parallels Tools\Applications;C:\Program Files\Microsoft MPI\Bin\;C:\Windows\system32;C:\Windows;C:\Windows\System32\Wbem;C:\Windows\System32\WindowsPowerShell\v1.0\;C:\Windows\System32\OpenSSH\;C:\PROGRA~2\PICC;C:\Program Files (x86)\Microsoft SQL Server\140\Tools\Binn\;C:\Program Files\Microsoft SQL Server\140\Tools\Binn\;C:\Program Files (x86)\Microsoft SQL Server\140\DTS\Binn\;C:\Program Files\Microsoft SQL Server\140\DTS\Binn\;C:\Program Files\Microsoft SQL Server\Client SDK\ODBC\130\Tools\Binn\;C:\Users\guill\AppData\Local\Microsoft\WindowsApps;;C:\Program Files\JetBrains\PyCharm 2019.3.3\bin;
USERNAME=guill
OS=Windows_NT
PROCESSOR_IDENTIFIER=Intel64 Family 6 Model 158 Stepping 13, GenuineIntel



---------------  S Y S T E M  ---------------

OS: Windows 10 , 64 bit Build 18362 (10.0.18362.778)
OS uptime: 0 days 12:53 hours

CPU:total 4 (initial active 4) (4 cores per cpu, 1 threads per core) family 6 model 158 stepping 13, cmov, cx8, fxsr, mmx, sse, sse2, sse3, ssse3, sse4.1, sse4.2, popcnt, avx, avx2, aes, clmul, erms, 3dnowpref, lzcnt, tsc, bmi1, bmi2, adx, fma

Memory: 4k page, system-wide physical 8169M (2962M free)
TotalPageFile size 9449M (AvailPageFile size 2559M)
current process WorkingSet (physical memory assigned to process): 71M, peak: 76M
current process commit charge ("private bytes"): 233M, peak: 235M

vm_info: Java HotSpot(TM) 64-Bit Server VM (14.0.1+7) for windows-amd64 JRE (14.0.1+7), built on Mar  5 2020 10:30:14 by "mach5one" with MS VC++ 15.9 (VS2017)

END.
