#
# A fatal error has been detected by the Java Runtime Environment:
#
#  EXCEPTION_ACCESS_VIOLATION (0xc0000005) at pc=0x0000000180005b00, pid=1032, tid=5360
#
# JRE version: Java(TM) SE Runtime Environment (14.0.1+7) (build 14.0.1+7)
# Java VM: Java HotSpot(TM) 64-Bit Server VM (14.0.1+7, mixed mode, sharing, tiered, compressed oops, g1 gc, windows-amd64)
# Problematic frame:
# C  [rxtxSerial.dll+0x5b00]
#
# No core dump will be written. Minidumps are not enabled by default on client versions of Windows
#
# If you would like to submit a bug report, please visit:
#   https://bugreport.java.com/bugreport/crash.jsp
# The crash happened outside the Java Virtual Machine in native code.
# See problematic frame for where to report the bug.
#

---------------  S U M M A R Y ------------

Command Line: -javaagent:C:\Program Files\JetBrains\IntelliJ IDEA 2020.1\lib\idea_rt.jar=49983:C:\Program Files\JetBrains\IntelliJ IDEA 2020.1\bin -Dfile.encoding=UTF-8 pic.Gui

Host: Intel(R) Core(TM) i9-9880H CPU @ 2.30GHz, 4 cores, 7G,  Windows 10 , 64 bit Build 18362 (10.0.18362.778)
Time: Sun May  3 14:19:26 2020 Europe centrale (heure d?été) elapsed time: 1 seconds (0d 0h 0m 1s)

---------------  T H R E A D  ---------------

Current thread (0x0000017fa5a96800):  JavaThread "Thread-0" [_thread_in_native, id=5360, stack(0x0000000e12600000,0x0000000e12700000)]

Stack: [0x0000000e12600000,0x0000000e12700000],  sp=0x0000000e126fdd10,  free space=1015k
Native frames: (J=compiled Java code, j=interpreted, Vv=VM code, C=native code)
C  [rxtxSerial.dll+0x5b00]

Java frames: (J=compiled Java code, j=interpreted, Vv=VM code)
j  gnu.io.RXTXPort.readArray([BII)I+0
j  gnu.io.RXTXPort$SerialInputStream.read([BII)I+212
j  sun.nio.cs.StreamDecoder.readBytes()I+135 java.base@14.0.1
j  sun.nio.cs.StreamDecoder.implRead([CII)I+112 java.base@14.0.1
j  sun.nio.cs.StreamDecoder.read([CII)I+180 java.base@14.0.1
j  java.io.InputStreamReader.read([CII)I+7 java.base@14.0.1
j  java.io.BufferedReader.fill()V+145 java.base@14.0.1
j  java.io.BufferedReader.readLine(Z)Ljava/lang/String;+44 java.base@14.0.1
j  java.io.BufferedReader.readLine()Ljava/lang/String;+2 java.base@14.0.1
j  pic.Gui$SerialListener.serialEvent(Lgnu/io/SerialPortEvent;)V+35
j  gnu.io.RXTXPort.sendEvent(IZ)Z+382
v  ~StubRoutines::call_stub
j  gnu.io.RXTXPort.eventLoop()V+0
j  gnu.io.RXTXPort$MonitorThread.run()V+12
v  ~StubRoutines::call_stub

siginfo: EXCEPTION_ACCESS_VIOLATION (0xc0000005), reading address 0x00000000126feb28


Register to memory mapping:

RIP=0x0000000180005b00 rxtxSerial.dll
RAX=0x0000000000000001 is an unknown value
RBX=0x0 is NULL
RCX=0x000000018001d4d5 rxtxSerial.dll
RDX=0xfffffffffffff665 is an unknown value
RSP=0x0000000e126fdd10 is pointing into the stack for thread: 0x0000017fa5a96800
RBP=
[error occurred during error reporting (printing register info), id 0xc0000005, EXCEPTION_ACCESS_VIOLATION (0xc0000005) at pc=0x00007ffdeb9b1c94]

Registers:
RAX=0x0000000000000001, RBX=0x0000000000000000, RCX=0x000000018001d4d5, RDX=0xfffffffffffff665
RSP=0x0000000e126fdd10, RBP=0x00000000ffffffff, RSI=0x0000000000000000, RDI=0x0000017fa5a96b10
R8 =0x0000000000000002, R9 =0xfffffffffffff63c, R10=0x00007ffdec16a890, R11=0x8101010101010100
R12=0x00000000126feb20, R13=0x0000000000000006, R14=0x0000000e126fdef8, R15=0x0000000000000000
RIP=0x0000000180005b00, EFLAGS=0x0000000000010202

Top of Stack: (sp=0x0000000e126fdd10)
0x0000000e126fdd10:   0000000000000000 00000000126feb20
0x0000000e126fdd20:   0000000000000000 00000000000003d8
0x0000000e126fdd30:   0000000000000000 0000000e126fdef8
0x0000000e126fdd40:   0000017fa519b3f8 0000000000000001
0x0000000e126fdd50:   0000017fa5a96b10 0000000000000006
0x0000000e126fdd60:   ffffffffffffffff 0000000180006211
0x0000000e126fdd70:   0000017faac1dc50 ffffffffffffffff
0x0000000e126fdd80:   0000000000000001 0000017faac1dc50
0x0000000e126fdd90:   0000017f00000006 00007ffdffffffff
0x0000000e126fdda0:   0000000e126fdf00 0000000e126fdf00
0x0000000e126fddb0:   0000017fa5a96800 0000000e126fdf00
0x0000000e126fddc0:   0000000e126fdec8 00007ffdeba49cb7
0x0000000e126fddd0:   0000000e126fddf0 0000017fa5a96800
0x0000000e126fdde0:   000000000014ab34 00002147ec10f1cf
0x0000000e126fddf0:   0000017fa519b400 0000017fa519b3f8
0x0000000e126fde00:   0000017fa5a96800 0000000e126fdf00 

Instructions: (pc=0x0000000180005b00)
0x0000000180005a00:   5d c3 cc cc cc cc cc cc cc cc cc cc cc cc cc cc
0x0000000180005a10:   48 89 5c 24 08 4c 89 4c 24 20 44 89 44 24 18 55
0x0000000180005a20:   56 57 41 54 41 55 41 56 41 57 48 83 ec 20 48 8b
0x0000000180005a30:   2a 48 8b 01 33 db 48 8b d5 48 8b f9 44 8b fb 8b
0x0000000180005a40:   f3 ff 90 f8 00 00 00 4c 8d 0d 9e 70 01 00 4c 8b
0x0000000180005a50:   e0 48 8b 07 4c 8d 05 b5 70 01 00 49 8b d4 48 8b
0x0000000180005a60:   cf ff 90 f0 02 00 00 48 8b cf 4c 8b c0 48 85 c0
0x0000000180005a70:   48 8b 07 75 28 ff 90 80 00 00 00 4c 8b 1f 48 8b
0x0000000180005a80:   cf 41 ff 93 88 00 00 00 4c 8b 1f 49 8b d4 48 8b
0x0000000180005a90:   cf 41 ff 93 b8 00 00 00 4c 8b e3 eb 54 48 8b d5
0x0000000180005aa0:   ff 90 20 03 00 00 49 8b d4 48 8b cf 48 63 e8 48
0x0000000180005ab0:   8b 07 ff 90 b8 00 00 00 48 8d 15 51 70 01 00 48
0x0000000180005ac0:   8d 0d 0e 7a 01 00 41 b8 02 00 00 00 e8 6f 62 00
0x0000000180005ad0:   00 85 c0 75 19 85 ed 75 15 e8 c2 5e 00 00 48 8d
0x0000000180005ae0:   15 23 7a 01 00 48 8d 48 60 e8 3a 5d 00 00 4c 8b
0x0000000180005af0:   e5 8b ac 24 88 00 00 00 44 8b ac 24 80 00 00 00
0x0000000180005b00:   45 8b 74 24 08 41 89 5c 24 08 41 8b fd 85 ed 78
0x0000000180005b10:   09 ff 15 e9 14 01 00 44 8b f8 45 85 ed 7e 4a 90
0x0000000180005b20:   8b c6 ff c6 83 f8 14 7d 40 85 ed 78 0d ff 15 cd
0x0000000180005b30:   14 01 00 41 2b c7 3b c5 7d 2f 8b 4c 24 70 48 63
0x0000000180005b40:   d3 44 8b c7 48 03 54 24 78 e8 a2 31 00 00 85 c0
0x0000000180005b50:   78 33 74 06 03 d8 2b f8 eb 0a b9 e8 03 00 00 e8
0x0000000180005b60:   1c 1c 00 00 41 3b dd 7c b7 8b c3 45 89 74 24 08
0x0000000180005b70:   48 8b 5c 24 60 48 83 c4 20 41 5f 41 5e 41 5d 41
0x0000000180005b80:   5c 5f 5e 5d c3 e8 1e 61 00 00 83 38 04 74 05 e8
0x0000000180005b90:   14 61 00 00 83 c8 ff eb d2 cc cc cc cc cc cc cc
0x0000000180005ba0:   40 53 55 56 57 41 54 41 55 48 81 ec b8 00 00 00
0x0000000180005bb0:   48 8b 05 71 85 01 00 48 33 c4 48 89 84 24 a0 00
0x0000000180005bc0:   00 00 48 8b 01 45 8b e9 41 8b f8 48 8b f2 48 8b
0x0000000180005bd0:   d9 ff 90 f8 00 00 00 4c 8b 13 4c 8d 0d 33 6f 01
0x0000000180005be0:   00 4c 8d 05 7c 6f 01 00 48 8b d0 48 8b cb 4c 8b
0x0000000180005bf0:   e0 41 ff 92 f0 02 00 00 33 ed 48 8b cb 4c 8b c0 


Stack slot to memory mapping:
stack at sp + 0 slots: 0x0 is NULL
stack at sp + 1 slots: 0x00000000126feb20 is an unknown value
stack at sp + 2 slots: 0x0 is NULL
stack at sp + 3 slots: 0x00000000000003d8 is an unknown value
stack at sp + 4 slots: 0x0 is NULL
stack at sp + 5 slots: 0x0000000e126fdef8 is pointing into the stack for thread: 0x0000017fa5a96800
stack at sp + 6 slots: 0x0000017fa519b3f8 is pointing into metadata
stack at sp + 7 slots: 0x0000000000000001 is an unknown value


---------------  P R O C E S S  ---------------

Threads class SMR info:
_java_thread_list=0x0000017faab8e350, length=19, elements={
0x0000017fa4d1d800, 0x0000017fa4d1f000, 0x0000017fa4d30000, 0x0000017fa4d33800,
0x0000017fa4d35800, 0x0000017fa4d37800, 0x0000017fa56e1800, 0x0000017fa56e4000,
0x0000017fa4d01800, 0x0000017fa5823000, 0x0000017fa5823800, 0x0000017fa5a01000,
0x0000017fa5a43800, 0x0000017fa5a50000, 0x0000017fa5a96800, 0x0000017faaa9c800,
0x0000017f864bd800, 0x0000017fa5827000, 0x0000017faac16800
}

Java Threads: ( => current thread )
  0x0000017fa4d1d800 JavaThread "Reference Handler" daemon [_thread_blocked, id=6512, stack(0x0000000e11700000,0x0000000e11800000)]
  0x0000017fa4d1f000 JavaThread "Finalizer" daemon [_thread_blocked, id=4072, stack(0x0000000e11800000,0x0000000e11900000)]
  0x0000017fa4d30000 JavaThread "Signal Dispatcher" daemon [_thread_blocked, id=9744, stack(0x0000000e11900000,0x0000000e11a00000)]
  0x0000017fa4d33800 JavaThread "Attach Listener" daemon [_thread_blocked, id=7500, stack(0x0000000e11a00000,0x0000000e11b00000)]
  0x0000017fa4d35800 JavaThread "Service Thread" daemon [_thread_blocked, id=8564, stack(0x0000000e11b00000,0x0000000e11c00000)]
  0x0000017fa4d37800 JavaThread "C2 CompilerThread0" daemon [_thread_blocked, id=8880, stack(0x0000000e11c00000,0x0000000e11d00000)]
  0x0000017fa56e1800 JavaThread "C1 CompilerThread0" daemon [_thread_blocked, id=5172, stack(0x0000000e11d00000,0x0000000e11e00000)]
  0x0000017fa56e4000 JavaThread "Sweeper thread" daemon [_thread_blocked, id=6748, stack(0x0000000e11e00000,0x0000000e11f00000)]
  0x0000017fa4d01800 JavaThread "Common-Cleaner" daemon [_thread_blocked, id=8144, stack(0x0000000e11f00000,0x0000000e12000000)]
  0x0000017fa5823000 JavaThread "Monitor Ctrl-Break" daemon [_thread_in_native, id=1548, stack(0x0000000e12000000,0x0000000e12100000)]
  0x0000017fa5823800 JavaThread "Notification Thread" daemon [_thread_blocked, id=9420, stack(0x0000000e12100000,0x0000000e12200000)]
  0x0000017fa5a01000 JavaThread "Java2D Disposer" daemon [_thread_blocked, id=4232, stack(0x0000000e12300000,0x0000000e12400000)]
  0x0000017fa5a43800 JavaThread "AWT-Shutdown" [_thread_blocked, id=1712, stack(0x0000000e12400000,0x0000000e12500000)]
  0x0000017fa5a50000 JavaThread "AWT-Windows" daemon [_thread_in_native, id=3496, stack(0x0000000e12500000,0x0000000e12600000)]
=>0x0000017fa5a96800 JavaThread "Thread-0" [_thread_in_native, id=5360, stack(0x0000000e12600000,0x0000000e12700000)]
  0x0000017faaa9c800 JavaThread "AWT-EventQueue-0" [_thread_blocked, id=2436, stack(0x0000000e12700000,0x0000000e12800000)]
  0x0000017f864bd800 JavaThread "DestroyJavaVM" [_thread_blocked, id=10148, stack(0x0000000e11000000,0x0000000e11100000)]
  0x0000017fa5827000 JavaThread "D3D Screen Updater" daemon [_thread_blocked, id=11232, stack(0x0000000e12b00000,0x0000000e12c00000)]
  0x0000017faac16800 JavaThread "TimerQueue" daemon [_thread_blocked, id=11180, stack(0x0000000e12c00000,0x0000000e12d00000)]

Other Threads:
  0x0000017fa4d1a000 VMThread "VM Thread" [stack: 0x0000000e11600000,0x0000000e11700000] [id=6012]
  0x0000017fa5824800 WatcherThread [stack: 0x0000000e12200000,0x0000000e12300000] [id=5520]
  0x0000017f864ff000 GCTaskThread "GC Thread#0" [stack: 0x0000000e11100000,0x0000000e11200000] [id=6928]
  0x0000017f86513000 ConcurrentGCThread "G1 Main Marker" [stack: 0x0000000e11200000,0x0000000e11300000] [id=7596]
  0x0000017f86514800 ConcurrentGCThread "G1 Conc#0" [stack: 0x0000000e11300000,0x0000000e11400000] [id=8484]
  0x0000017fa4b90800 ConcurrentGCThread "G1 Refine#0" [stack: 0x0000000e11400000,0x0000000e11500000] [id=3780]
  0x0000017f8658c800 ConcurrentGCThread "G1 Young RemSet Sampling" [stack: 0x0000000e11500000,0x0000000e11600000] [id=6336]

Threads with active compile tasks:

VM state:not at safepoint (normal execution)

VM Mutex/Monitor currently owned by a thread: None

Heap address: 0x0000000080400000, size: 2044 MB, Compressed Oops mode: 32-bit
Narrow klass base: 0x0000000800000000, Narrow klass shift: 3
Compressed class space size: 1073741824 Address: 0x0000000800b30000

Heap:
 garbage-first heap   total 131072K, used 7168K [0x0000000080400000, 0x0000000100000000)
  region size 1024K, 8 young (8192K), 0 survivors (0K)
 Metaspace       used 8517K, capacity 8795K, committed 8832K, reserved 1056768K
  class space    used 1002K, capacity 1134K, committed 1152K, reserved 1048576K
Heap Regions: E=young(eden), S=young(survivor), O=old, HS=humongous(starts), HC=humongous(continues), CS=collection set, F=free, OA=open archive, CA=closed archive, TAMS=top-at-mark-start (previous, next)
|   0|0x0000000080400000, 0x0000000080400000, 0x0000000080500000|  0%| F|  |TAMS 0x0000000080400000, 0x0000000080400000| Untracked 
|   1|0x0000000080500000, 0x0000000080500000, 0x0000000080600000|  0%| F|  |TAMS 0x0000000080500000, 0x0000000080500000| Untracked 
|   2|0x0000000080600000, 0x0000000080600000, 0x0000000080700000|  0%| F|  |TAMS 0x0000000080600000, 0x0000000080600000| Untracked 
|   3|0x0000000080700000, 0x0000000080700000, 0x0000000080800000|  0%| F|  |TAMS 0x0000000080700000, 0x0000000080700000| Untracked 
|   4|0x0000000080800000, 0x0000000080800000, 0x0000000080900000|  0%| F|  |TAMS 0x0000000080800000, 0x0000000080800000| Untracked 
|   5|0x0000000080900000, 0x0000000080900000, 0x0000000080a00000|  0%| F|  |TAMS 0x0000000080900000, 0x0000000080900000| Untracked 
|   6|0x0000000080a00000, 0x0000000080a00000, 0x0000000080b00000|  0%| F|  |TAMS 0x0000000080a00000, 0x0000000080a00000| Untracked 
|   7|0x0000000080b00000, 0x0000000080b00000, 0x0000000080c00000|  0%| F|  |TAMS 0x0000000080b00000, 0x0000000080b00000| Untracked 
|   8|0x0000000080c00000, 0x0000000080c00000, 0x0000000080d00000|  0%| F|  |TAMS 0x0000000080c00000, 0x0000000080c00000| Untracked 
|   9|0x0000000080d00000, 0x0000000080d00000, 0x0000000080e00000|  0%| F|  |TAMS 0x0000000080d00000, 0x0000000080d00000| Untracked 
|  10|0x0000000080e00000, 0x0000000080e00000, 0x0000000080f00000|  0%| F|  |TAMS 0x0000000080e00000, 0x0000000080e00000| Untracked 
|  11|0x0000000080f00000, 0x0000000080f00000, 0x0000000081000000|  0%| F|  |TAMS 0x0000000080f00000, 0x0000000080f00000| Untracked 
|  12|0x0000000081000000, 0x0000000081000000, 0x0000000081100000|  0%| F|  |TAMS 0x0000000081000000, 0x0000000081000000| Untracked 
|  13|0x0000000081100000, 0x0000000081100000, 0x0000000081200000|  0%| F|  |TAMS 0x0000000081100000, 0x0000000081100000| Untracked 
|  14|0x0000000081200000, 0x0000000081200000, 0x0000000081300000|  0%| F|  |TAMS 0x0000000081200000, 0x0000000081200000| Untracked 
|  15|0x0000000081300000, 0x0000000081300000, 0x0000000081400000|  0%| F|  |TAMS 0x0000000081300000, 0x0000000081300000| Untracked 
|  16|0x0000000081400000, 0x0000000081400000, 0x0000000081500000|  0%| F|  |TAMS 0x0000000081400000, 0x0000000081400000| Untracked 
|  17|0x0000000081500000, 0x0000000081500000, 0x0000000081600000|  0%| F|  |TAMS 0x0000000081500000, 0x0000000081500000| Untracked 
|  18|0x0000000081600000, 0x0000000081600000, 0x0000000081700000|  0%| F|  |TAMS 0x0000000081600000, 0x0000000081600000| Untracked 
|  19|0x0000000081700000, 0x0000000081700000, 0x0000000081800000|  0%| F|  |TAMS 0x0000000081700000, 0x0000000081700000| Untracked 
|  20|0x0000000081800000, 0x0000000081800000, 0x0000000081900000|  0%| F|  |TAMS 0x0000000081800000, 0x0000000081800000| Untracked 
|  21|0x0000000081900000, 0x0000000081900000, 0x0000000081a00000|  0%| F|  |TAMS 0x0000000081900000, 0x0000000081900000| Untracked 
|  22|0x0000000081a00000, 0x0000000081a00000, 0x0000000081b00000|  0%| F|  |TAMS 0x0000000081a00000, 0x0000000081a00000| Untracked 
|  23|0x0000000081b00000, 0x0000000081b00000, 0x0000000081c00000|  0%| F|  |TAMS 0x0000000081b00000, 0x0000000081b00000| Untracked 
|  24|0x0000000081c00000, 0x0000000081c00000, 0x0000000081d00000|  0%| F|  |TAMS 0x0000000081c00000, 0x0000000081c00000| Untracked 
|  25|0x0000000081d00000, 0x0000000081d00000, 0x0000000081e00000|  0%| F|  |TAMS 0x0000000081d00000, 0x0000000081d00000| Untracked 
|  26|0x0000000081e00000, 0x0000000081e00000, 0x0000000081f00000|  0%| F|  |TAMS 0x0000000081e00000, 0x0000000081e00000| Untracked 
|  27|0x0000000081f00000, 0x0000000081f00000, 0x0000000082000000|  0%| F|  |TAMS 0x0000000081f00000, 0x0000000081f00000| Untracked 
|  28|0x0000000082000000, 0x0000000082000000, 0x0000000082100000|  0%| F|  |TAMS 0x0000000082000000, 0x0000000082000000| Untracked 
|  29|0x0000000082100000, 0x0000000082100000, 0x0000000082200000|  0%| F|  |TAMS 0x0000000082100000, 0x0000000082100000| Untracked 
|  30|0x0000000082200000, 0x0000000082200000, 0x0000000082300000|  0%| F|  |TAMS 0x0000000082200000, 0x0000000082200000| Untracked 
|  31|0x0000000082300000, 0x0000000082300000, 0x0000000082400000|  0%| F|  |TAMS 0x0000000082300000, 0x0000000082300000| Untracked 
|  32|0x0000000082400000, 0x0000000082400000, 0x0000000082500000|  0%| F|  |TAMS 0x0000000082400000, 0x0000000082400000| Untracked 
|  33|0x0000000082500000, 0x0000000082500000, 0x0000000082600000|  0%| F|  |TAMS 0x0000000082500000, 0x0000000082500000| Untracked 
|  34|0x0000000082600000, 0x0000000082600000, 0x0000000082700000|  0%| F|  |TAMS 0x0000000082600000, 0x0000000082600000| Untracked 
|  35|0x0000000082700000, 0x0000000082700000, 0x0000000082800000|  0%| F|  |TAMS 0x0000000082700000, 0x0000000082700000| Untracked 
|  36|0x0000000082800000, 0x0000000082800000, 0x0000000082900000|  0%| F|  |TAMS 0x0000000082800000, 0x0000000082800000| Untracked 
|  37|0x0000000082900000, 0x0000000082900000, 0x0000000082a00000|  0%| F|  |TAMS 0x0000000082900000, 0x0000000082900000| Untracked 
|  38|0x0000000082a00000, 0x0000000082a00000, 0x0000000082b00000|  0%| F|  |TAMS 0x0000000082a00000, 0x0000000082a00000| Untracked 
|  39|0x0000000082b00000, 0x0000000082b00000, 0x0000000082c00000|  0%| F|  |TAMS 0x0000000082b00000, 0x0000000082b00000| Untracked 
|  40|0x0000000082c00000, 0x0000000082c00000, 0x0000000082d00000|  0%| F|  |TAMS 0x0000000082c00000, 0x0000000082c00000| Untracked 
|  41|0x0000000082d00000, 0x0000000082d00000, 0x0000000082e00000|  0%| F|  |TAMS 0x0000000082d00000, 0x0000000082d00000| Untracked 
|  42|0x0000000082e00000, 0x0000000082e00000, 0x0000000082f00000|  0%| F|  |TAMS 0x0000000082e00000, 0x0000000082e00000| Untracked 
|  43|0x0000000082f00000, 0x0000000082f00000, 0x0000000083000000|  0%| F|  |TAMS 0x0000000082f00000, 0x0000000082f00000| Untracked 
|  44|0x0000000083000000, 0x0000000083000000, 0x0000000083100000|  0%| F|  |TAMS 0x0000000083000000, 0x0000000083000000| Untracked 
|  45|0x0000000083100000, 0x0000000083100000, 0x0000000083200000|  0%| F|  |TAMS 0x0000000083100000, 0x0000000083100000| Untracked 
|  46|0x0000000083200000, 0x0000000083200000, 0x0000000083300000|  0%| F|  |TAMS 0x0000000083200000, 0x0000000083200000| Untracked 
|  47|0x0000000083300000, 0x0000000083300000, 0x0000000083400000|  0%| F|  |TAMS 0x0000000083300000, 0x0000000083300000| Untracked 
|  48|0x0000000083400000, 0x0000000083400000, 0x0000000083500000|  0%| F|  |TAMS 0x0000000083400000, 0x0000000083400000| Untracked 
|  49|0x0000000083500000, 0x0000000083500000, 0x0000000083600000|  0%| F|  |TAMS 0x0000000083500000, 0x0000000083500000| Untracked 
|  50|0x0000000083600000, 0x0000000083600000, 0x0000000083700000|  0%| F|  |TAMS 0x0000000083600000, 0x0000000083600000| Untracked 
|  51|0x0000000083700000, 0x0000000083700000, 0x0000000083800000|  0%| F|  |TAMS 0x0000000083700000, 0x0000000083700000| Untracked 
|  52|0x0000000083800000, 0x0000000083800000, 0x0000000083900000|  0%| F|  |TAMS 0x0000000083800000, 0x0000000083800000| Untracked 
|  53|0x0000000083900000, 0x0000000083900000, 0x0000000083a00000|  0%| F|  |TAMS 0x0000000083900000, 0x0000000083900000| Untracked 
|  54|0x0000000083a00000, 0x0000000083a00000, 0x0000000083b00000|  0%| F|  |TAMS 0x0000000083a00000, 0x0000000083a00000| Untracked 
|  55|0x0000000083b00000, 0x0000000083b00000, 0x0000000083c00000|  0%| F|  |TAMS 0x0000000083b00000, 0x0000000083b00000| Untracked 
|  56|0x0000000083c00000, 0x0000000083c00000, 0x0000000083d00000|  0%| F|  |TAMS 0x0000000083c00000, 0x0000000083c00000| Untracked 
|  57|0x0000000083d00000, 0x0000000083d00000, 0x0000000083e00000|  0%| F|  |TAMS 0x0000000083d00000, 0x0000000083d00000| Untracked 
|  58|0x0000000083e00000, 0x0000000083e00000, 0x0000000083f00000|  0%| F|  |TAMS 0x0000000083e00000, 0x0000000083e00000| Untracked 
|  59|0x0000000083f00000, 0x0000000083f00000, 0x0000000084000000|  0%| F|  |TAMS 0x0000000083f00000, 0x0000000083f00000| Untracked 
|  60|0x0000000084000000, 0x0000000084000000, 0x0000000084100000|  0%| F|  |TAMS 0x0000000084000000, 0x0000000084000000| Untracked 
|  61|0x0000000084100000, 0x0000000084100000, 0x0000000084200000|  0%| F|  |TAMS 0x0000000084100000, 0x0000000084100000| Untracked 
|  62|0x0000000084200000, 0x0000000084200000, 0x0000000084300000|  0%| F|  |TAMS 0x0000000084200000, 0x0000000084200000| Untracked 
|  63|0x0000000084300000, 0x0000000084300000, 0x0000000084400000|  0%| F|  |TAMS 0x0000000084300000, 0x0000000084300000| Untracked 
|  64|0x0000000084400000, 0x0000000084400000, 0x0000000084500000|  0%| F|  |TAMS 0x0000000084400000, 0x0000000084400000| Untracked 
|  65|0x0000000084500000, 0x0000000084500000, 0x0000000084600000|  0%| F|  |TAMS 0x0000000084500000, 0x0000000084500000| Untracked 
|  66|0x0000000084600000, 0x0000000084600000, 0x0000000084700000|  0%| F|  |TAMS 0x0000000084600000, 0x0000000084600000| Untracked 
|  67|0x0000000084700000, 0x0000000084700000, 0x0000000084800000|  0%| F|  |TAMS 0x0000000084700000, 0x0000000084700000| Untracked 
|  68|0x0000000084800000, 0x0000000084800000, 0x0000000084900000|  0%| F|  |TAMS 0x0000000084800000, 0x0000000084800000| Untracked 
|  69|0x0000000084900000, 0x0000000084900000, 0x0000000084a00000|  0%| F|  |TAMS 0x0000000084900000, 0x0000000084900000| Untracked 
|  70|0x0000000084a00000, 0x0000000084a00000, 0x0000000084b00000|  0%| F|  |TAMS 0x0000000084a00000, 0x0000000084a00000| Untracked 
|  71|0x0000000084b00000, 0x0000000084b00000, 0x0000000084c00000|  0%| F|  |TAMS 0x0000000084b00000, 0x0000000084b00000| Untracked 
|  72|0x0000000084c00000, 0x0000000084c00000, 0x0000000084d00000|  0%| F|  |TAMS 0x0000000084c00000, 0x0000000084c00000| Untracked 
|  73|0x0000000084d00000, 0x0000000084d00000, 0x0000000084e00000|  0%| F|  |TAMS 0x0000000084d00000, 0x0000000084d00000| Untracked 
|  74|0x0000000084e00000, 0x0000000084e00000, 0x0000000084f00000|  0%| F|  |TAMS 0x0000000084e00000, 0x0000000084e00000| Untracked 
|  75|0x0000000084f00000, 0x0000000084f00000, 0x0000000085000000|  0%| F|  |TAMS 0x0000000084f00000, 0x0000000084f00000| Untracked 
|  76|0x0000000085000000, 0x0000000085000000, 0x0000000085100000|  0%| F|  |TAMS 0x0000000085000000, 0x0000000085000000| Untracked 
|  77|0x0000000085100000, 0x0000000085100000, 0x0000000085200000|  0%| F|  |TAMS 0x0000000085100000, 0x0000000085100000| Untracked 
|  78|0x0000000085200000, 0x0000000085200000, 0x0000000085300000|  0%| F|  |TAMS 0x0000000085200000, 0x0000000085200000| Untracked 
|  79|0x0000000085300000, 0x0000000085300000, 0x0000000085400000|  0%| F|  |TAMS 0x0000000085300000, 0x0000000085300000| Untracked 
|  80|0x0000000085400000, 0x0000000085400000, 0x0000000085500000|  0%| F|  |TAMS 0x0000000085400000, 0x0000000085400000| Untracked 
|  81|0x0000000085500000, 0x0000000085500000, 0x0000000085600000|  0%| F|  |TAMS 0x0000000085500000, 0x0000000085500000| Untracked 
|  82|0x0000000085600000, 0x0000000085600000, 0x0000000085700000|  0%| F|  |TAMS 0x0000000085600000, 0x0000000085600000| Untracked 
|  83|0x0000000085700000, 0x0000000085700000, 0x0000000085800000|  0%| F|  |TAMS 0x0000000085700000, 0x0000000085700000| Untracked 
|  84|0x0000000085800000, 0x0000000085800000, 0x0000000085900000|  0%| F|  |TAMS 0x0000000085800000, 0x0000000085800000| Untracked 
|  85|0x0000000085900000, 0x0000000085900000, 0x0000000085a00000|  0%| F|  |TAMS 0x0000000085900000, 0x0000000085900000| Untracked 
|  86|0x0000000085a00000, 0x0000000085a00000, 0x0000000085b00000|  0%| F|  |TAMS 0x0000000085a00000, 0x0000000085a00000| Untracked 
|  87|0x0000000085b00000, 0x0000000085b00000, 0x0000000085c00000|  0%| F|  |TAMS 0x0000000085b00000, 0x0000000085b00000| Untracked 
|  88|0x0000000085c00000, 0x0000000085c00000, 0x0000000085d00000|  0%| F|  |TAMS 0x0000000085c00000, 0x0000000085c00000| Untracked 
|  89|0x0000000085d00000, 0x0000000085d00000, 0x0000000085e00000|  0%| F|  |TAMS 0x0000000085d00000, 0x0000000085d00000| Untracked 
|  90|0x0000000085e00000, 0x0000000085e00000, 0x0000000085f00000|  0%| F|  |TAMS 0x0000000085e00000, 0x0000000085e00000| Untracked 
|  91|0x0000000085f00000, 0x0000000085f00000, 0x0000000086000000|  0%| F|  |TAMS 0x0000000085f00000, 0x0000000085f00000| Untracked 
|  92|0x0000000086000000, 0x0000000086000000, 0x0000000086100000|  0%| F|  |TAMS 0x0000000086000000, 0x0000000086000000| Untracked 
|  93|0x0000000086100000, 0x0000000086100000, 0x0000000086200000|  0%| F|  |TAMS 0x0000000086100000, 0x0000000086100000| Untracked 
|  94|0x0000000086200000, 0x0000000086200000, 0x0000000086300000|  0%| F|  |TAMS 0x0000000086200000, 0x0000000086200000| Untracked 
|  95|0x0000000086300000, 0x0000000086300000, 0x0000000086400000|  0%| F|  |TAMS 0x0000000086300000, 0x0000000086300000| Untracked 
|  96|0x0000000086400000, 0x0000000086400000, 0x0000000086500000|  0%| F|  |TAMS 0x0000000086400000, 0x0000000086400000| Untracked 
|  97|0x0000000086500000, 0x0000000086500000, 0x0000000086600000|  0%| F|  |TAMS 0x0000000086500000, 0x0000000086500000| Untracked 
|  98|0x0000000086600000, 0x0000000086600000, 0x0000000086700000|  0%| F|  |TAMS 0x0000000086600000, 0x0000000086600000| Untracked 
|  99|0x0000000086700000, 0x0000000086700000, 0x0000000086800000|  0%| F|  |TAMS 0x0000000086700000, 0x0000000086700000| Untracked 
| 100|0x0000000086800000, 0x0000000086800000, 0x0000000086900000|  0%| F|  |TAMS 0x0000000086800000, 0x0000000086800000| Untracked 
| 101|0x0000000086900000, 0x0000000086900000, 0x0000000086a00000|  0%| F|  |TAMS 0x0000000086900000, 0x0000000086900000| Untracked 
| 102|0x0000000086a00000, 0x0000000086a00000, 0x0000000086b00000|  0%| F|  |TAMS 0x0000000086a00000, 0x0000000086a00000| Untracked 
| 103|0x0000000086b00000, 0x0000000086b00000, 0x0000000086c00000|  0%| F|  |TAMS 0x0000000086b00000, 0x0000000086b00000| Untracked 
| 104|0x0000000086c00000, 0x0000000086c00000, 0x0000000086d00000|  0%| F|  |TAMS 0x0000000086c00000, 0x0000000086c00000| Untracked 
| 105|0x0000000086d00000, 0x0000000086d00000, 0x0000000086e00000|  0%| F|  |TAMS 0x0000000086d00000, 0x0000000086d00000| Untracked 
| 106|0x0000000086e00000, 0x0000000086e00000, 0x0000000086f00000|  0%| F|  |TAMS 0x0000000086e00000, 0x0000000086e00000| Untracked 
| 107|0x0000000086f00000, 0x0000000086f00000, 0x0000000087000000|  0%| F|  |TAMS 0x0000000086f00000, 0x0000000086f00000| Untracked 
| 108|0x0000000087000000, 0x0000000087000000, 0x0000000087100000|  0%| F|  |TAMS 0x0000000087000000, 0x0000000087000000| Untracked 
| 109|0x0000000087100000, 0x0000000087100000, 0x0000000087200000|  0%| F|  |TAMS 0x0000000087100000, 0x0000000087100000| Untracked 
| 110|0x0000000087200000, 0x0000000087200000, 0x0000000087300000|  0%| F|  |TAMS 0x0000000087200000, 0x0000000087200000| Untracked 
| 111|0x0000000087300000, 0x0000000087300000, 0x0000000087400000|  0%| F|  |TAMS 0x0000000087300000, 0x0000000087300000| Untracked 
| 112|0x0000000087400000, 0x0000000087400000, 0x0000000087500000|  0%| F|  |TAMS 0x0000000087400000, 0x0000000087400000| Untracked 
| 113|0x0000000087500000, 0x0000000087500000, 0x0000000087600000|  0%| F|  |TAMS 0x0000000087500000, 0x0000000087500000| Untracked 
| 114|0x0000000087600000, 0x0000000087600000, 0x0000000087700000|  0%| F|  |TAMS 0x0000000087600000, 0x0000000087600000| Untracked 
| 115|0x0000000087700000, 0x0000000087700000, 0x0000000087800000|  0%| F|  |TAMS 0x0000000087700000, 0x0000000087700000| Untracked 
| 116|0x0000000087800000, 0x0000000087800000, 0x0000000087900000|  0%| F|  |TAMS 0x0000000087800000, 0x0000000087800000| Untracked 
| 117|0x0000000087900000, 0x0000000087900000, 0x0000000087a00000|  0%| F|  |TAMS 0x0000000087900000, 0x0000000087900000| Untracked 
| 118|0x0000000087a00000, 0x0000000087a00000, 0x0000000087b00000|  0%| F|  |TAMS 0x0000000087a00000, 0x0000000087a00000| Untracked 
| 119|0x0000000087b00000, 0x0000000087b00000, 0x0000000087c00000|  0%| F|  |TAMS 0x0000000087b00000, 0x0000000087b00000| Untracked 
| 120|0x0000000087c00000, 0x0000000087c431a8, 0x0000000087d00000| 26%| E|  |TAMS 0x0000000087c00000, 0x0000000087c00000| Complete 
| 121|0x0000000087d00000, 0x0000000087e00000, 0x0000000087e00000|100%| E|CS|TAMS 0x0000000087d00000, 0x0000000087d00000| Complete 
| 122|0x0000000087e00000, 0x0000000087f00000, 0x0000000087f00000|100%| E|CS|TAMS 0x0000000087e00000, 0x0000000087e00000| Complete 
| 123|0x0000000087f00000, 0x0000000088000000, 0x0000000088000000|100%| E|CS|TAMS 0x0000000087f00000, 0x0000000087f00000| Complete 
| 124|0x0000000088000000, 0x0000000088100000, 0x0000000088100000|100%| E|CS|TAMS 0x0000000088000000, 0x0000000088000000| Complete 
| 125|0x0000000088100000, 0x0000000088200000, 0x0000000088200000|100%| E|CS|TAMS 0x0000000088100000, 0x0000000088100000| Complete 
| 126|0x0000000088200000, 0x0000000088300000, 0x0000000088300000|100%| E|CS|TAMS 0x0000000088200000, 0x0000000088200000| Complete 
| 127|0x0000000088300000, 0x0000000088400000, 0x0000000088400000|100%| E|CS|TAMS 0x0000000088300000, 0x0000000088300000| Complete 

Card table byte_map: [0x0000017f9e060000,0x0000017f9e460000] _byte_map_base: 0x0000017f9dc5e000

Marking Bits (Prev, Next): (CMBitMap*) 0x0000017f86500818, (CMBitMap*) 0x0000017f86500858
 Prev Bits: [0x0000017f9e860000, 0x0000017fa0850000)
 Next Bits: [0x0000017fa0850000, 0x0000017fa2840000)

Polling page: 0x0000017f842c0000

Metaspace:

Usage:
  Non-class:      7.48 MB capacity,     7.34 MB ( 98%) used,   125.18 KB (  2%) free+waste,    20.75 KB ( <1%) overhead. 
      Class:      1.11 MB capacity,  1002.84 KB ( 88%) used,   117.53 KB ( 10%) free+waste,    13.63 KB (  1%) overhead. 
       Both:      8.59 MB capacity,     8.32 MB ( 97%) used,   242.71 KB (  3%) free+waste,    34.38 KB ( <1%) overhead. 

Virtual space:
  Non-class space:        8.00 MB reserved,       7.50 MB ( 94%) committed 
      Class space:        1.00 GB reserved,       1.13 MB ( <1%) committed 
             Both:        1.01 GB reserved,       8.63 MB ( <1%) committed 

Chunk freelists:
   Non-Class:  19.00 KB
       Class:  18.00 KB
        Both:  37.00 KB

MaxMetaspaceSize: 17179869184.00 GB
CompressedClassSpaceSize: 1.00 GB

CodeHeap 'non-profiled nmethods': size=120000Kb used=230Kb max_used=230Kb free=119770Kb
 bounds [0x0000017f96730000, 0x0000017f969a0000, 0x0000017f9dc60000]
CodeHeap 'profiled nmethods': size=120000Kb used=1206Kb max_used=1206Kb free=118793Kb
 bounds [0x0000017f8f200000, 0x0000017f8f470000, 0x0000017f96730000]
CodeHeap 'non-nmethods': size=5760Kb used=1285Kb max_used=1298Kb free=4474Kb
 bounds [0x0000017f8ec60000, 0x0000017f8eed0000, 0x0000017f8f200000]
 total_blobs=1761 nmethods=790 adapters=490
 compilation: enabled
              stopped_count=0, restarted_count=0
 full_count=0

Compilation events (20 events):
Event: 1.354 Thread 0x0000017fa4d37800  777       4       java.lang.StringUTF16::compress (50 bytes)
Event: 1.354 Thread 0x0000017fa56e1800  778       3       java.awt.Component::getParent (5 bytes)
Event: 1.354 Thread 0x0000017fa56e1800 nmethod 778 0x0000017f8f32b710 code [0x0000017f8f32b8a0, 0x0000017f8f32b9d8]
Event: 1.357 Thread 0x0000017fa4d37800 nmethod 777 0x0000017f96768490 code [0x0000017f96768640, 0x0000017f96768978]
Event: 1.360 Thread 0x0000017fa56e1800  779       1       javax.swing.text.GapVector::getArray (5 bytes)
Event: 1.360 Thread 0x0000017fa56e1800 nmethod 779 0x0000017f96768a90 code [0x0000017f96768c20, 0x0000017f96768cf8]
Event: 1.365 Thread 0x0000017fa56e1800  780       3       java.lang.Math::ceil (5 bytes)
Event: 1.365 Thread 0x0000017fa56e1800 nmethod 780 0x0000017f8f32ba90 code [0x0000017f8f32bc60, 0x0000017f8f32bde8]
Event: 1.365 Thread 0x0000017fa56e1800  781       3       java.lang.StrictMath::ceil (10 bytes)
Event: 1.365 Thread 0x0000017fa56e1800 nmethod 781 0x0000017f8f32be90 code [0x0000017f8f32c060, 0x0000017f8f32c188]
Event: 1.372 Thread 0x0000017fa56e1800  782       1       java.net.URL::getFile (5 bytes)
Event: 1.372 Thread 0x0000017fa56e1800 nmethod 782 0x0000017f96768d90 code [0x0000017f96768f20, 0x0000017f96768ff8]
Event: 1.385 Thread 0x0000017fa56e1800  783       3       sun.java2d.pipe.RenderBuffer::putFloat (26 bytes)
Event: 1.385 Thread 0x0000017fa56e1800 nmethod 783 0x0000017f8f32c210 code [0x0000017f8f32c3a0, 0x0000017f8f32c558]
Event: 1.385 Thread 0x0000017fa56e1800  785       3       java.lang.Math::floor (5 bytes)
Event: 1.385 Thread 0x0000017fa56e1800 nmethod 785 0x0000017f8f32c690 code [0x0000017f8f32c860, 0x0000017f8f32c9c8]
Event: 1.385 Thread 0x0000017fa56e1800  786       3       java.lang.StrictMath::floor (12 bytes)
Event: 1.385 Thread 0x0000017fa56e1800 nmethod 786 0x0000017f8f32ca90 code [0x0000017f8f32cc60, 0x0000017f8f32cd88]
Event: 1.385 Thread 0x0000017fa56e1800  787       3       sun.java2d.pipe.RenderBuffer::remaining (11 bytes)
Event: 1.385 Thread 0x0000017fa56e1800 nmethod 787 0x0000017f8f32ce10 code [0x0000017f8f32cfa0, 0x0000017f8f32d0d8]

GC Heap History (0 events):
No events

Deoptimization events (8 events):
Event: 0.302 Thread 0x0000017f864bd800 Uncommon trap: trap_request=0xffffff45 fr.pc=0x0000017f9673e340 relative=0x0000000000000080
Event: 0.302 Thread 0x0000017f864bd800 Uncommon trap: reason=unstable_if action=reinterpret pc=0x0000017f9673e340 method=java.lang.String.isLatin1()Z @ 10 c2
Event: 0.302 Thread 0x0000017f864bd800 DEOPT PACKING pc=0x0000017f9673e340 sp=0x0000000e110ff1b0
Event: 0.302 Thread 0x0000017f864bd800 DEOPT UNPACKING pc=0x0000017f8eca912f sp=0x0000000e110ff0f0 mode 2
Event: 0.834 Thread 0x0000017fa5a50000 Uncommon trap: trap_request=0xffffff45 fr.pc=0x0000017f9673d760 relative=0x0000000000000980
Event: 0.834 Thread 0x0000017fa5a50000 Uncommon trap: reason=unstable_if action=reinterpret pc=0x0000017f9673d760 method=java.util.HashMap.putVal(ILjava/lang/Object;Ljava/lang/Object;ZZ)Ljava/lang/Object; @ 181 c2
Event: 0.834 Thread 0x0000017fa5a50000 DEOPT PACKING pc=0x0000017f9673d760 sp=0x0000000e125fdc00
Event: 0.834 Thread 0x0000017fa5a50000 DEOPT UNPACKING pc=0x0000017f8eca912f sp=0x0000000e125fdba0 mode 2

Classes unloaded (0 events):
No events

Classes redefined (0 events):
No events

Internal exceptions (14 events):
Event: 0.335 Thread 0x0000017f864bd800 Exception <a 'java/lang/ClassNotFoundException'{0x00000000882c5bd8}: sun/awt/resources/spi/awtProvider> (0x00000000882c5bd8) 
thrown [./open/src/hotspot/share/classfile/systemDictionary.cpp, line 226]
Event: 0.437 Thread 0x0000017f864bd800 Exception <a 'java/io/FileNotFoundException'{0x000000008814d768}> (0x000000008814d768) 
thrown [./open/src/hotspot/share/prims/jni.cpp, line 599]
Event: 0.444 Thread 0x0000017f864bd800 Exception <a 'java/io/FileNotFoundException'{0x0000000088173b28}> (0x0000000088173b28) 
thrown [./open/src/hotspot/share/prims/jni.cpp, line 599]
Event: 0.625 Thread 0x0000017fa5a50000 Exception <a 'java/lang/NoSuchMethodError'{0x00000000881cd4b8}: 'void java.lang.invoke.DirectMethodHandle$Holder.invokeSpecial(java.lang.Object, java.lang.Object)'> (0x00000000881cd4b8) 
thrown [./open/src/hotspot/share/interpreter/linkResolver.cpp, line 766]
Event: 0.665 Thread 0x0000017f864bd800 Exception <a 'java/lang/NoSuchMethodError'{0x00000000880463f0}: 'java.lang.Object java.lang.invoke.DirectMethodHandle$Holder.invokeStatic(java.lang.Object, int, java.lang.Object, java.lang.Object, java.lang.Object, java.lang.Object)'> (0x00000000880463f0) 
thrown [./open/src/hotspot/share/interpreter/linkResolver.cpp, line 766]
Event: 0.667 Thread 0x0000017f864bd800 Exception <a 'java/lang/NoSuchMethodError'{0x000000008804cd10}: 'java.lang.Object java.lang.invoke.DirectMethodHandle$Holder.invokeStatic(java.lang.Object, int, java.lang.Object, java.lang.Object, java.lang.Object)'> (0x000000008804cd10) 
thrown [./open/src/hotspot/share/interpreter/linkResolver.cpp, line 766]
Event: 0.667 Thread 0x0000017f864bd800 Exception <a 'java/lang/NoSuchMethodError'{0x0000000088050560}: 'java.lang.Object java.lang.invoke.DirectMethodHandle$Holder.invokeSpecial(java.lang.Object, java.lang.Object, int, java.lang.Object, java.lang.Object, java.lang.Object)'> (0x0000000088050560) 
thrown [./open/src/hotspot/share/interpreter/linkResolver.cpp, line 766]
Event: 0.671 Thread 0x0000017f864bd800 Exception <a 'java/lang/NoSuchMethodError'{0x0000000088066908}: 'java.lang.Object java.lang.invoke.DirectMethodHandle$Holder.invokeStatic(java.lang.Object, int, java.lang.Object)'> (0x0000000088066908) 
thrown [./open/src/hotspot/share/interpreter/linkResolver.cpp, line 766]
Event: 0.699 Thread 0x0000017f864bd800 Exception <a 'java/lang/ClassNotFoundException'{0x0000000087f0c518}: com/sun/swing/internal/plaf/metal/resources/spi/metalProvider> (0x0000000087f0c518) 
thrown [./open/src/hotspot/share/classfile/systemDictionary.cpp, line 226]
Event: 0.701 Thread 0x0000017f864bd800 Exception <a 'java/lang/ClassNotFoundException'{0x0000000087f100d8}: com/sun/swing/internal/plaf/basic/resources/spi/basicProvider> (0x0000000087f100d8) 
thrown [./open/src/hotspot/share/classfile/systemDictionary.cpp, line 226]
Event: 0.764 Thread 0x0000017f864bd800 Exception <a 'java/io/FileNotFoundException'{0x0000000087f7b200}> (0x0000000087f7b200) 
thrown [./open/src/hotspot/share/prims/jni.cpp, line 599]
Event: 0.766 Thread 0x0000017f864bd800 Exception <a 'java/io/FileNotFoundException'{0x0000000087f8d2e0}> (0x0000000087f8d2e0) 
thrown [./open/src/hotspot/share/prims/jni.cpp, line 599]
Event: 0.866 Thread 0x0000017f864bd800 Exception <a 'java/lang/NoSuchMethodError'{0x0000000087e38088}: 'void java.lang.invoke.DirectMethodHandle$Holder.invokeStaticInit(java.lang.Object)'> (0x0000000087e38088) 
thrown [./open/src/hotspot/share/interpreter/linkResolver.cpp, line 766]
Event: 0.950 Thread 0x0000017f864bd800 Exception <a 'java/lang/NoSuchMethodError'{0x0000000087ed1160}: 'java.lang.Object java.lang.invoke.Invokers$Holder.linkToTargetMethod(java.lang.Object, int, java.lang.Object)'> (0x0000000087ed1160) 
thrown [./open/src/hotspot/share/interpreter/linkResolver.cpp, line 766]

Events (20 events):
Event: 1.372 Executing VM operation: HandshakeOneThread
Event: 1.372 Executing VM operation: HandshakeOneThread done
Event: 1.374 Executing VM operation: HandshakeOneThread
Event: 1.374 Executing VM operation: HandshakeOneThread done
Event: 1.374 Executing VM operation: HandshakeOneThread
Event: 1.374 Executing VM operation: HandshakeOneThread done
Event: 1.382 Executing VM operation: HandshakeOneThread
Event: 1.382 Executing VM operation: HandshakeOneThread done
Event: 1.382 Executing VM operation: HandshakeOneThread
Event: 1.382 Executing VM operation: HandshakeOneThread done
Event: 1.384 Executing VM operation: HandshakeOneThread
Event: 1.384 Executing VM operation: HandshakeOneThread done
Event: 1.384 Executing VM operation: HandshakeOneThread
Event: 1.384 Executing VM operation: HandshakeOneThread done
Event: 1.384 Executing VM operation: HandshakeOneThread
Event: 1.384 Executing VM operation: HandshakeOneThread done
Event: 1.385 Executing VM operation: HandshakeOneThread
Event: 1.385 Executing VM operation: HandshakeOneThread done
Event: 1.386 loading class java/util/concurrent/locks/AbstractQueuedSynchronizer$ConditionNode
Event: 1.386 loading class java/util/concurrent/ForkJoinPool$ManagedBlocker


Dynamic libraries:
0x00007ff723bb0000 - 0x00007ff723bbf000 	C:\Program Files\Java\jdk-14.0.1\bin\java.exe
0x00007ffe44620000 - 0x00007ffe44810000 	C:\Windows\SYSTEM32\ntdll.dll
0x00007ffe44520000 - 0x00007ffe445d2000 	C:\Windows\System32\KERNEL32.DLL
0x00007ffe41660000 - 0x00007ffe41903000 	C:\Windows\System32\KERNELBASE.dll
0x00007ffe41ab0000 - 0x00007ffe41baa000 	C:\Windows\System32\ucrtbase.dll
0x00007ffe3b6b0000 - 0x00007ffe3b6c8000 	C:\Program Files\Java\jdk-14.0.1\bin\jli.dll
0x00007ffe436a0000 - 0x00007ffe43743000 	C:\Windows\System32\ADVAPI32.dll
0x00007ffe42890000 - 0x00007ffe4292e000 	C:\Windows\System32\msvcrt.dll
0x00007ffe43130000 - 0x00007ffe431c7000 	C:\Windows\System32\sechost.dll
0x00007ffe43ab0000 - 0x00007ffe43bd0000 	C:\Windows\System32\RPCRT4.dll
0x00007ffe43750000 - 0x00007ffe438e4000 	C:\Windows\System32\USER32.dll
0x00007ffe42640000 - 0x00007ffe42661000 	C:\Windows\System32\win32u.dll
0x00007ffe431d0000 - 0x00007ffe431f6000 	C:\Windows\System32\GDI32.dll
0x00007ffe42330000 - 0x00007ffe424c4000 	C:\Windows\System32\gdi32full.dll
0x00007ffe424f0000 - 0x00007ffe4258e000 	C:\Windows\System32\msvcp_win.dll
0x00007ffe3b690000 - 0x00007ffe3b6a5000 	C:\Program Files\Java\jdk-14.0.1\bin\VCRUNTIME140.dll
0x00007ffe29930000 - 0x00007ffe29bb5000 	C:\Windows\WinSxS\amd64_microsoft.windows.common-controls_6595b64144ccf1df_6.0.18362.778_none_e6c6b761130d4fb8\COMCTL32.dll
0x00007ffe429a0000 - 0x00007ffe42cd6000 	C:\Windows\System32\combase.dll
0x00007ffe38b00000 - 0x00007ffe38b0a000 	C:\Windows\SYSTEM32\VERSION.dll
0x00007ffe415e0000 - 0x00007ffe41660000 	C:\Windows\System32\bcryptPrimitives.dll
0x00007ffe43100000 - 0x00007ffe4312e000 	C:\Windows\System32\IMM32.DLL
0x00007ffe2a550000 - 0x00007ffe2a5eb000 	C:\Program Files\Java\jdk-14.0.1\bin\msvcp140.dll
0x00007ffdeb710000 - 0x00007ffdec22e000 	C:\Program Files\Java\jdk-14.0.1\bin\server\jvm.dll
0x00007ffe42880000 - 0x00007ffe42888000 	C:\Windows\System32\PSAPI.DLL
0x00007ffe36b20000 - 0x00007ffe36b29000 	C:\Windows\SYSTEM32\WSOCK32.dll
0x00007ffe43db0000 - 0x00007ffe43e1f000 	C:\Windows\System32\WS2_32.dll
0x00007ffe36e00000 - 0x00007ffe36e24000 	C:\Windows\SYSTEM32\WINMM.dll
0x00007ffe36af0000 - 0x00007ffe36b1d000 	C:\Windows\SYSTEM32\WINMMBASE.dll
0x00007ffe41a60000 - 0x00007ffe41aaa000 	C:\Windows\System32\cfgmgr32.dll
0x00007ffe41540000 - 0x00007ffe41551000 	C:\Windows\System32\kernel.appcore.dll
0x00007ffe3c810000 - 0x00007ffe3c81a000 	C:\Program Files\Java\jdk-14.0.1\bin\jimage.dll
0x00007ffe38870000 - 0x00007ffe38a64000 	C:\Windows\SYSTEM32\DBGHELP.DLL
0x00007ffe38760000 - 0x00007ffe3878a000 	C:\Windows\SYSTEM32\dbgcore.DLL
0x00007ffe3c670000 - 0x00007ffe3c67e000 	C:\Program Files\Java\jdk-14.0.1\bin\instrument.dll
0x00007ffe2e5d0000 - 0x00007ffe2e5f5000 	C:\Program Files\Java\jdk-14.0.1\bin\java.dll
0x00007ffe3b670000 - 0x00007ffe3b686000 	C:\Program Files\Java\jdk-14.0.1\bin\zip.dll
0x00007ffe43e20000 - 0x00007ffe44505000 	C:\Windows\System32\SHELL32.dll
0x00007ffe43bd0000 - 0x00007ffe43c79000 	C:\Windows\System32\shcore.dll
0x00007ffe41bb0000 - 0x00007ffe42330000 	C:\Windows\System32\windows.storage.dll
0x00007ffe414f0000 - 0x00007ffe41513000 	C:\Windows\System32\profapi.dll
0x00007ffe41560000 - 0x00007ffe415aa000 	C:\Windows\System32\powrprof.dll
0x00007ffe414e0000 - 0x00007ffe414f0000 	C:\Windows\System32\UMPDC.dll
0x00007ffe42f50000 - 0x00007ffe42fa2000 	C:\Windows\System32\shlwapi.dll
0x00007ffe424d0000 - 0x00007ffe424e7000 	C:\Windows\System32\cryptsp.dll
0x00007ffe39f70000 - 0x00007ffe39f89000 	C:\Program Files\Java\jdk-14.0.1\bin\net.dll
0x00007ffe3a750000 - 0x00007ffe3a840000 	C:\Windows\SYSTEM32\WINHTTP.dll
0x00007ffe40cf0000 - 0x00007ffe40d57000 	C:\Windows\system32\mswsock.dll
0x00007ffe2e660000 - 0x00007ffe2e672000 	C:\Program Files\Java\jdk-14.0.1\bin\nio.dll
0x00007ffe3a360000 - 0x00007ffe3a370000 	C:\Program Files\Java\jdk-14.0.1\bin\verify.dll
0x00007ffe2acd0000 - 0x00007ffe2acea000 	C:\Program Files\JetBrains\IntelliJ IDEA 2020.1\bin\breakgen64.dll
0x00007ffe2a3b0000 - 0x00007ffe2a548000 	C:\Program Files\Java\jdk-14.0.1\bin\awt.dll
0x00007ffe42d40000 - 0x00007ffe42e04000 	C:\Windows\System32\OLEAUT32.dll
0x00007ffe3f610000 - 0x00007ffe3f69f000 	C:\Windows\SYSTEM32\apphelp.dll
0x00007ffe3fbd0000 - 0x00007ffe3fbfd000 	C:\Windows\system32\DWMAPI.DLL
0x00007ffe3f7b0000 - 0x00007ffe3f849000 	C:\Windows\system32\uxtheme.dll
0x00007ffe42e10000 - 0x00007ffe42f46000 	C:\Windows\System32\MSCTF.dll
0x00007ffe43950000 - 0x00007ffe43aa7000 	C:\Windows\System32\ole32.dll
0x0000000180000000 - 0x0000000180025000 	W:\Ephec\ElecDigitalProjet\JavaInterface-Guillaume-RxTx\rxtxSerial.dll
0x00007ffe2a6a0000 - 0x00007ffe2a7f6000 	C:\Windows\system32\opengl32.dll
0x00007ffe3d2b0000 - 0x00007ffe3d2dc000 	C:\Windows\SYSTEM32\GLU32.dll
0x00007ffe40150000 - 0x00007ffe40170000 	C:\Windows\SYSTEM32\dxcore.dll
0x00007ffe2a1e0000 - 0x00007ffe2a3a7000 	C:\Windows\system32\d3d9.dll
0x00007ffe2aca0000 - 0x00007ffe2acc9000 	C:\Windows\SYSTEM32\prl_umdd.dll
0x00007ffe2a150000 - 0x00007ffe2a1d2000 	C:\Program Files\Java\jdk-14.0.1\bin\freetype.dll
0x00007ffe2a0a0000 - 0x00007ffe2a146000 	C:\Program Files\Java\jdk-14.0.1\bin\fontmanager.dll
0x00007ffe43c80000 - 0x00007ffe43d22000 	C:\Windows\System32\clbcatq.dll
0x00007ffe27660000 - 0x00007ffe2780f000 	C:\Windows\SYSTEM32\WindowsCodecs.dll
0x00007ffe1d1d0000 - 0x00007ffe1d20a000 	C:\Windows\system32\dataexchange.dll
0x00007ffe3e7b0000 - 0x00007ffe3ea0b000 	C:\Windows\system32\d3d11.dll
0x00007ffe3ee70000 - 0x00007ffe3f04c000 	C:\Windows\system32\dcomp.dll
0x00007ffe401e0000 - 0x00007ffe402cb000 	C:\Windows\system32\dxgi.dll
0x00007ffe3f880000 - 0x00007ffe3fada000 	C:\Windows\system32\twinapi.appcore.dll
0x00007ffe3fc00000 - 0x00007ffe3fc29000 	C:\Windows\system32\RMCLIENT.dll
0x00007ffe275c0000 - 0x00007ffe2765e000 	C:\Windows\System32\TextInputFramework.dll
0x00007ffe284c0000 - 0x00007ffe287ea000 	C:\Windows\System32\CoreUIComponents.dll
0x00007ffe3f3d0000 - 0x00007ffe3f4a4000 	C:\Windows\System32\CoreMessaging.dll
0x00007ffe40540000 - 0x00007ffe40571000 	C:\Windows\SYSTEM32\ntmarta.dll
0x00007ffe3d970000 - 0x00007ffe3dac3000 	C:\Windows\SYSTEM32\wintypes.dll
0x00007ffe37770000 - 0x00007ffe37a16000 	C:\Windows\System32\iertutil.dll

dbghelp: loaded successfully - version: 4.0.5 - missing functions: none
symbol engine: initialized successfully - sym options: 0x614 - pdb path: .;C:\Program Files\Java\jdk-14.0.1\bin;C:\Windows\SYSTEM32;C:\Windows\WinSxS\amd64_microsoft.windows.common-controls_6595b64144ccf1df_6.0.18362.778_none_e6c6b761130d4fb8;C:\Program Files\Java\jdk-14.0.1\bin\server;C:\Program Files\JetBrains\IntelliJ IDEA 2020.1\bin;W:\Ephec\ElecDigitalProjet\JavaInterface-Guillaume-RxTx

VM Arguments:
jvm_args: -javaagent:C:\Program Files\JetBrains\IntelliJ IDEA 2020.1\lib\idea_rt.jar=49983:C:\Program Files\JetBrains\IntelliJ IDEA 2020.1\bin -Dfile.encoding=UTF-8 
java_command: pic.Gui
java_class_path (initial): W:\Ephec\ElecDigitalProjet\JavaInterface-Guillaume-RxTx\out\production\JavaInterface;W:\Ephec\ElecDigitalProjet\JavaInterface-Guillaume-RxTx\jssc-2.8.0.jar;W:\Ephec\ElecDigitalProjet\JavaInterface-Guillaume-RxTx\RXTXcomm.jar
Launcher Type: SUN_STANDARD

[Global flags]
     intx CICompilerCount                          = 3                                         {product} {ergonomic}
     uint ConcGCThreads                            = 1                                         {product} {ergonomic}
     uint G1ConcRefinementThreads                  = 4                                         {product} {ergonomic}
   size_t G1HeapRegionSize                         = 1048576                                   {product} {ergonomic}
    uintx GCDrainStackTargetSize                   = 64                                        {product} {ergonomic}
   size_t InitialHeapSize                          = 134217728                                 {product} {ergonomic}
   size_t MarkStackSize                            = 4194304                                   {product} {ergonomic}
   size_t MaxHeapSize                              = 2143289344                                {product} {ergonomic}
   size_t MaxNewSize                               = 1285554176                                {product} {ergonomic}
   size_t MinHeapDeltaBytes                        = 1048576                                   {product} {ergonomic}
   size_t MinHeapSize                              = 8388608                                   {product} {ergonomic}
    uintx NonNMethodCodeHeapSize                   = 5832780                                {pd product} {ergonomic}
    uintx NonProfiledCodeHeapSize                  = 122912730                              {pd product} {ergonomic}
    uintx ProfiledCodeHeapSize                     = 122912730                              {pd product} {ergonomic}
    uintx ReservedCodeCacheSize                    = 251658240                              {pd product} {ergonomic}
     bool SegmentedCodeCache                       = true                                      {product} {ergonomic}
   size_t SoftMaxHeapSize                          = 2143289344                             {manageable} {ergonomic}
     bool UseCompressedClassPointers               = true                                 {lp64_product} {ergonomic}
     bool UseCompressedOops                        = true                                 {lp64_product} {ergonomic}
     bool UseG1GC                                  = true                                      {product} {ergonomic}
     bool UseLargePagesIndividualAllocation        = false                                  {pd product} {ergonomic}

Logging:
Log output configuration:
 #0: stdout all=warning uptime,level,tags
 #1: stderr all=off uptime,level,tags

Environment Variables:
PATH=C:\Program Files (x86)\Common Files\Oracle\Java\javapath;C:\Program Files (x86)\Parallels\Parallels Tools\Applications;C:\Program Files\Microsoft MPI\Bin\;C:\Windows\system32;C:\Windows;C:\Windows\System32\Wbem;C:\Windows\System32\WindowsPowerShell\v1.0\;C:\Windows\System32\OpenSSH\;C:\PROGRA~2\PICC;C:\Program Files (x86)\Microsoft SQL Server\140\Tools\Binn\;C:\Program Files\Microsoft SQL Server\140\Tools\Binn\;C:\Program Files (x86)\Microsoft SQL Server\140\DTS\Binn\;C:\Program Files\Microsoft SQL Server\140\DTS\Binn\;C:\Program Files\Microsoft SQL Server\Client SDK\ODBC\130\Tools\Binn\;C:\Users\guill\AppData\Local\Microsoft\WindowsApps;;C:\Program Files\JetBrains\PyCharm 2020.1\bin;
USERNAME=guill
OS=Windows_NT
PROCESSOR_IDENTIFIER=Intel64 Family 6 Model 158 Stepping 13, GenuineIntel



---------------  S Y S T E M  ---------------

OS: Windows 10 , 64 bit Build 18362 (10.0.18362.778)
OS uptime: 0 days 1:32 hours

CPU:total 4 (initial active 4) (4 cores per cpu, 1 threads per core) family 6 model 158 stepping 13, cmov, cx8, fxsr, mmx, sse, sse2, sse3, ssse3, sse4.1, sse4.2, popcnt, avx, avx2, aes, clmul, erms, 3dnowpref, lzcnt, tsc, bmi1, bmi2, adx, fma

Memory: 4k page, system-wide physical 8169M (3874M free)
TotalPageFile size 9449M (AvailPageFile size 3155M)
current process WorkingSet (physical memory assigned to process): 75M, peak: 75M
current process commit charge ("private bytes"): 234M, peak: 234M

vm_info: Java HotSpot(TM) 64-Bit Server VM (14.0.1+7) for windows-amd64 JRE (14.0.1+7), built on Mar  5 2020 10:30:14 by "mach5one" with MS VC++ 15.9 (VS2017)

END.
