
ROM used:   2112/16384 (6%)
            2112/16384 (6%) including unused fragments

            1.9 Average locations per line
            12.9 Average locations per statement

RAM used:   44/1536 (3%) at main() level
            59/1536 (4%) worst case

Stack used: 7 worst case (6 in main + 1 for interrupts)
Stack size: 31

Lines Stmts  %   Files
----- ----- ---  -----
  190    96  59  main.c
   16     0   0  ..\test\main.h
  766     0   0  C:\Program Files (x86)\PICC\Devices\18F458.h
  163    68  41  LCD420.c
----- -----
 1135   164 Total

Page ROM  %  RAM   Vol Diff  Functions:
---- --- --- ---   --- ----  ----------
0     38   1    1             @delay_ms1
0     30   1    0             @const640
0     60   1    3   463  4.3  lcd_read_byte
0     34   1    1   134  2.2  lcd_send_nibble
0     54   1    3   317  4.3  lcd_send_byte
0     88   2    2   422  4.7  lcd_init
0     52   1    3   321  5.5  lcd_gotoxy
0     44   1    0  2082  8.3  @goto10611
0     72   2    1   308  5.0  lcd_putc
0     50   1    2   187  4.4  RDA_isr
0    126   3    3   273  5.5  outputValueParser
0     66   2    5  2082  8.3  @DIV1616
0     30   1    2    35  1.7  parseDist
0     18   0    0    48  1.1  triggerSonde
0     78   2    1   188  1.7  init_lcd
0     26   1    0  2033  8.3  @const694
0     32   1    2  2082  8.3  @PSTRINGC_663
0     10   0    0             @const696
0    604  14    2  2680  8.3  MAIN
0    222   5    9             @PRINTF_LD_9600_31766_31767
0     10   0    0             @const704
0     40   1    3             @DIV88
0    170   4    6             @PRINTF_D_663
0     12   0    0             @const714
 Inline         0             @cinit1

Program metrics:
    Functions               16
    Statements              164
    Comments                212
    Volume (V)              20573
    Difficulty (D)          83.0
    Effort to implement (E) 1707675
    Time to implement (T)   26 hours, 21 minutes
    Est Delivered Bugs (B)  5
    Cyclomatic Complexity   28
    Maintainability (MI)    66

 Segment     Used  Free
-----------  ----  ----
00000-00002     4  0  
00004-00006     0  4  
00008-00094   142  0  
00096-07FFE  1966  30652  



