CCS PCH C Compiler, Version 5.008, 5967               27-avr.-20 15:48

               Filename:   W:\Ephec\ElecDigitalProjet\ccs\PIC-codeC\main.lst

               ROM used:   2098 bytes (6%)
                           Largest free fragment is 30666
               RAM used:   44 (3%) at main() level
                           59 (4%) worst case
               Stack used: 7 locations (6 in main + 1 for interrupts)
               Stack size: 31

*
0000:  GOTO   05CA
*
0008:  MOVWF  04
000A:  MOVFF  FD8,05
000E:  MOVFF  FE0,06
0012:  MOVLB  0
0014:  MOVFF  FE9,0C
0018:  MOVFF  FEA,07
001C:  MOVFF  FE1,08
0020:  MOVFF  FE2,09
0024:  MOVFF  FD9,0A
0028:  MOVFF  FDA,0B
002C:  MOVFF  FF3,12
0030:  MOVFF  FF4,13
0034:  MOVFF  FFA,14
0038:  MOVFF  00,0E
003C:  MOVFF  01,0F
0040:  MOVFF  02,10
0044:  MOVFF  03,11
0048:  BTFSS  F9D.5
004A:  GOTO   0054
004E:  BTFSC  F9E.5
0050:  GOTO   00B4
0054:  MOVFF  0E,00
0058:  MOVFF  0F,01
005C:  MOVFF  10,02
0060:  MOVFF  11,03
0064:  MOVFF  0C,FE9
0068:  MOVFF  07,FEA
006C:  BSF    07.7
006E:  MOVFF  08,FE1
0072:  MOVFF  09,FE2
0076:  MOVFF  0A,FD9
007A:  MOVFF  0B,FDA
007E:  MOVFF  12,FF3
0082:  MOVFF  13,FF4
0086:  MOVFF  14,FFA
008A:  MOVF   04,W
008C:  MOVFF  06,FE0
0090:  MOVFF  05,FD8
0094:  RETFIE 0
.................... #include <main.h> 
.................... #include <18F458.h> 
.................... //////// Standard Header file for the PIC18F458 device //////////////// 
.................... #device PIC18F458 
0096:  MOVFF  FF2,0D
009A:  BCF    FF2.7
009C:  CLRF   FF7
009E:  ADDLW  B0
00A0:  MOVWF  FF6
00A2:  MOVLW  00
00A4:  ADDWFC FF7,F
00A6:  TBLRD*+
00A8:  MOVF   FF5,W
00AA:  BTFSC  0D.7
00AC:  BSF    FF2.7
00AE:  RETURN 0
00B0:  DATA 28,0C
00B2:  DATA 01,06
*
00E6:  DATA 50,72
00E8:  DATA 6F,6A
00EA:  DATA 65,74
00EC:  DATA 20,45
00EE:  DATA 6C,65
00F0:  DATA 63,74
00F2:  DATA 72,6F
00F4:  DATA 6E,69
00F6:  DATA 71,75
00F8:  DATA 65,20
00FA:  DATA 32,30
00FC:  DATA 32,30
00FE:  DATA 20,00
0100:  DATA 47,72
0102:  DATA 6F,75
0104:  DATA 70,65
0106:  DATA 20,33
0108:  DATA 00,00
010A:  DATA 4D,69
010C:  DATA 6E,56
010E:  DATA 61,6C
0110:  DATA 3A,20
0112:  DATA 00,00
0114:  DATA 44,69
0116:  DATA 73,74
0118:  DATA 61,6E
011A:  DATA 63,65
011C:  DATA 3A,20
011E:  DATA 00,00
*
0266:  MOVFF  FF2,0D
026A:  BCF    FF2.7
026C:  ADDWF  FE8,W
026E:  CLRF   FF7
0270:  RLCF   FF7,F
0272:  ADDLW  8B
0274:  MOVWF  FF6
0276:  MOVLW  02
0278:  ADDWFC FF7,F
027A:  TBLRD*-
027C:  MOVF   FF5,W
027E:  MOVWF  FFA
0280:  TBLRD*
0282:  MOVF   FF5,W
0284:  BTFSC  0D.7
0286:  BSF    FF2.7
0288:  MOVWF  FF9
028A:  DATA 40,02
028C:  DATA 46,02
028E:  DATA 4C,02
0290:  DATA 52,02
*
02DA:  TBLRD*+
02DC:  MOVF   FF5,F
02DE:  BZ    02F8
02E0:  MOVFF  FF6,2A
02E4:  MOVFF  FF7,2B
02E8:  MOVFF  FF5,30
02EC:  RCALL  0292
02EE:  MOVFF  2A,FF6
02F2:  MOVFF  2B,FF7
02F6:  BRA    02DA
02F8:  RETURN 0
*
035A:  CLRF   01
035C:  CLRF   02
035E:  CLRF   00
0360:  CLRF   03
0362:  MOVF   30,W
0364:  BNZ   036A
0366:  MOVF   2F,W
0368:  BZ    039A
036A:  MOVLW  10
036C:  MOVWF  31
036E:  BCF    FD8.0
0370:  RLCF   2D,F
0372:  RLCF   2E,F
0374:  RLCF   00,F
0376:  RLCF   03,F
0378:  MOVF   30,W
037A:  SUBWF  03,W
037C:  BNZ   0382
037E:  MOVF   2F,W
0380:  SUBWF  00,W
0382:  BNC   0392
0384:  MOVF   2F,W
0386:  SUBWF  00,F
0388:  BTFSS  FD8.0
038A:  DECF   03,F
038C:  MOVF   30,W
038E:  SUBWF  03,F
0390:  BSF    FD8.0
0392:  RLCF   01,F
0394:  RLCF   02,F
0396:  DECFSZ 31,F
0398:  BRA    036E
039A:  RETURN 0
039C:  MOVFF  FEA,32
03A0:  MOVFF  FE9,31
03A4:  BTFSS  2B.7
03A6:  BRA    03B8
03A8:  BSF    31.7
03AA:  BTFSS  31.4
03AC:  INCF   31,F
03AE:  COMF   2A,F
03B0:  COMF   2B,F
03B2:  INCF   2A,F
03B4:  BTFSC  FD8.2
03B6:  INCF   2B,F
03B8:  SWAPF  2B,W
03BA:  IORLW  F0
03BC:  MOVWF  2D
03BE:  ADDWF  2D,F
03C0:  ADDLW  E2
03C2:  MOVWF  2E
03C4:  ADDLW  32
03C6:  MOVWF  30
03C8:  MOVF   2B,W
03CA:  ANDLW  0F
03CC:  ADDWF  2E,F
03CE:  ADDWF  2E,F
03D0:  ADDWF  30,F
03D2:  ADDLW  E9
03D4:  MOVWF  2F
03D6:  ADDWF  2F,F
03D8:  ADDWF  2F,F
03DA:  SWAPF  2A,W
03DC:  ANDLW  0F
03DE:  ADDWF  2F,F
03E0:  ADDWF  30,F
03E2:  RLCF   2F,F
03E4:  RLCF   30,F
03E6:  COMF   30,F
03E8:  RLCF   30,F
03EA:  MOVF   2A,W
03EC:  ANDLW  0F
03EE:  ADDWF  30,F
03F0:  RLCF   2D,F
03F2:  MOVLW  07
03F4:  MOVWF  2C
03F6:  MOVLW  0A
03F8:  DECF   2F,F
03FA:  ADDWF  30,F
03FC:  BNC   03F8
03FE:  DECF   2E,F
0400:  ADDWF  2F,F
0402:  BNC   03FE
0404:  DECF   2D,F
0406:  ADDWF  2E,F
0408:  BNC   0404
040A:  DECF   2C,F
040C:  ADDWF  2D,F
040E:  BNC   040A
0410:  CLRF   FEA
0412:  MOVLW  2C
0414:  MOVWF  FE9
0416:  MOVLW  07
0418:  ANDWF  31,W
041A:  BCF    31.6
041C:  DECF   FE9,F
041E:  ANDWF  31,W
0420:  BNZ   0430
0422:  BTFSC  31.4
0424:  INCF   FE9,F
0426:  BTFSC  31.4
0428:  BRA    0430
042A:  MOVLW  20
042C:  MOVWF  00
042E:  BRA    0468
0430:  ADDWF  FE9,F
0432:  MOVLW  30
0434:  SUBWF  FE9,W
0436:  BTFSC  FD8.2
0438:  BSF    31.6
043A:  MOVF   FEF,W
043C:  MOVWF  00
043E:  BNZ   0450
0440:  BTFSC  31.6
0442:  BRA    0450
0444:  BTFSC  31.4
0446:  BRA    0470
0448:  BTFSC  31.3
044A:  BRA    0450
044C:  MOVLW  20
044E:  BRA    0466
0450:  BTFSS  31.7
0452:  BRA    0460
0454:  MOVLW  2D
0456:  MOVWF  00
0458:  MOVF   FED,W
045A:  BCF    31.6
045C:  BCF    31.7
045E:  BRA    0468
0460:  BSF    31.3
0462:  BCF    31.4
0464:  MOVLW  30
0466:  ADDWF  00,F
0468:  MOVF   00,W
046A:  BTFSS  F9E.4
046C:  BRA    046A
046E:  MOVWF  FAD
0470:  MOVF   FEE,W
0472:  BTFSS  31.6
0474:  BRA    0432
0476:  GOTO   0674 (RETURN)
047A:  MOVF   31,W
047C:  CLRF   01
047E:  SUBWF  30,W
0480:  BC    0488
0482:  MOVFF  30,00
0486:  BRA    04A0
0488:  CLRF   00
048A:  MOVLW  08
048C:  MOVWF  32
048E:  RLCF   30,F
0490:  RLCF   00,F
0492:  MOVF   31,W
0494:  SUBWF  00,W
0496:  BTFSC  FD8.0
0498:  MOVWF  00
049A:  RLCF   01,F
049C:  DECFSZ 32,F
049E:  BRA    048E
04A0:  RETURN 0
04A2:  MOVLW  20
04A4:  BTFSS  2B.4
04A6:  MOVLW  30
04A8:  MOVWF  2C
04AA:  MOVFF  2A,00
04AE:  BTFSS  2A.7
04B0:  BRA    04C2
04B2:  COMF   00,F
04B4:  INCF   00,F
04B6:  MOVFF  00,2A
04BA:  MOVLW  2D
04BC:  MOVWF  2C
04BE:  BSF    2B.7
04C0:  BSF    2B.0
04C2:  MOVF   01,W
04C4:  MOVFF  2A,30
04C8:  MOVLW  64
04CA:  MOVWF  31
04CC:  RCALL  047A
04CE:  MOVFF  00,2A
04D2:  MOVLW  30
04D4:  ADDWF  01,W
04D6:  MOVWF  2D
04D8:  MOVFF  2A,30
04DC:  MOVLW  0A
04DE:  MOVWF  31
04E0:  RCALL  047A
04E2:  MOVLW  30
04E4:  ADDWF  00,W
04E6:  MOVWF  2F
04E8:  MOVLW  30
04EA:  ADDWF  01,W
04EC:  MOVWF  2E
04EE:  MOVFF  2C,00
04F2:  MOVLW  30
04F4:  SUBWF  2D,W
04F6:  BZ    0500
04F8:  BSF    2B.1
04FA:  BTFSC  2B.7
04FC:  BSF    2B.2
04FE:  BRA    0524
0500:  MOVFF  2C,2D
0504:  MOVLW  20
0506:  MOVWF  2C
0508:  MOVLW  30
050A:  SUBWF  2E,W
050C:  BZ    0516
050E:  BSF    2B.0
0510:  BTFSC  2B.7
0512:  BSF    2B.1
0514:  BRA    0524
0516:  BTFSS  FD8.2
0518:  BSF    2B.0
051A:  BNZ   0524
051C:  MOVFF  2D,2E
0520:  MOVLW  20
0522:  MOVWF  2D
0524:  BTFSC  2B.2
0526:  BRA    0532
0528:  BTFSC  2B.1
052A:  BRA    0538
052C:  BTFSC  2B.0
052E:  BRA    053E
0530:  BRA    0544
0532:  MOVFF  2C,30
0536:  RCALL  0292
0538:  MOVFF  2D,30
053C:  RCALL  0292
053E:  MOVFF  2E,30
0542:  RCALL  0292
0544:  MOVFF  2F,30
0548:  RCALL  0292
054A:  RETURN 0
....................  
.................... #list 
....................  
.................... #device ADC=16 
....................  
.................... #FUSES NOWDT                    //No Watch Dog Timer 
.................... #FUSES WDT128                   //Watch Dog Timer uses 1:128 Postscale 
.................... #FUSES NOBROWNOUT               //No brownout reset 
.................... #FUSES NOLVP                    //No low voltage prgming, B3(PIC16) or B5(PIC18) used for I/O 
....................  
.................... #use delay(crystal=20MHz) 
*
0120:  CLRF   FEA
0122:  MOVLW  31
0124:  MOVWF  FE9
0126:  MOVF   FEF,W
0128:  BZ    0144
012A:  MOVLW  06
012C:  MOVWF  01
012E:  CLRF   00
0130:  DECFSZ 00,F
0132:  BRA    0130
0134:  DECFSZ 01,F
0136:  BRA    012E
0138:  MOVLW  7B
013A:  MOVWF  00
013C:  DECFSZ 00,F
013E:  BRA    013C
0140:  DECFSZ FEF,F
0142:  BRA    012A
0144:  RETURN 0
.................... #use rs232(baud=9600,parity=N,xmit=0,rcv=0,bits=8,stream=PORT1) 
....................  
.................... #define LED PIN_None 
.................... #define DELAY 1000 
....................  
....................  
....................  
.................... #include "LCD420.c" 
.................... /////////////////////////////////////////////////////////////////////////////////////////////// 
.................... ////                             LCD420.C                                                  //// 
.................... ////            Driver for common 4x20 LCD modules  (Fonction de haut niveau )             //// 
.................... ////                                                                                       //// 
.................... ////  lcd_init()   Must be called before any other function.                               //// 
.................... ////                                                                                       //// 
.................... ////  lcd_putc(c)  Will display c on the next position of the LCD.                         //// 
.................... ////                     The following have special meaning:                               //// 
.................... ////                      \f  Clear display                                                //// 
.................... ////                      \n  Go to start of second line                                   //// 
.................... ////                      \b  Move back one position                                       //// 
.................... ////                                                                                       //// 
.................... ////  lcd_gotoxy(x,y) Set write position on LCD (upper left is 1,1 -> 20,4)                //// 
.................... ////                                                                                       //// 
.................... ////  lcd_getc(x,y)   Returns character at position x,y on LCD                             //// 
.................... ////                                                                                       //// 
.................... /////////////////////////////////////////////////////////////////////////////////////////////// 
.................... ////        (C) Copyright 1996,1997 Custom Computer Services                               //// 
.................... //// This source code may only be used by licensed users of the CCS C                      //// 
.................... //// compiler.  This source code may only be distributed to other                          //// 
.................... //// licensed users of the CCS C compiler.  No other use, reproduction                     //// 
.................... //// or distribution is permitted without written permission.                              //// 
.................... //// Derivative programs created using this software in object code                        //// 
.................... //// form are not restricted in any way.                                                   //// 
.................... /////////////////////////////////////////////////////////////////////////////////////////////// 
....................  
.................... // As defined in the following structure the pin connection is as follows: 
.................... //     B0  enable 
.................... //     B1  rs 
.................... //     B2  rw 
.................... //     B4  D4 
.................... //     B5  D5 
.................... //     B6  D6 
.................... //     B7  D7 
.................... // 
.................... //   LCD pins D0-D3 are not used and PIC B3 is not used. 
....................  
.................... struct lcd_pin_map {                 // This structure is overlayed ( Mettre dans l'ordre de poid faible ? fort ) 
....................            int     data : 4;         // be pin B0. 
....................            BOOLEAN rs;               // access to the LCD pins. 
....................            BOOLEAN rw;               // The bits are allocated from 
....................            BOOLEAN enable;           // on to an I/O port to gain 
....................            BOOLEAN unused;           // low order up.  ENABLE will 
....................  
....................         } lcd; 
....................  
.................... #byte lcd = 0xF83                        // This puts the entire structure ( se trouve ? la page 47 du datasheet dans "SPECIAL FUNCTION REGISTER MAP" ) 
....................                                          // on to port B (at address 6) 
....................  
.................... #define lcd_type 2           // 0=5x7, 1=5x10, 2=2 lines 
....................  
....................  
.................... BYTE const LCD_INIT_STRING[4] = {0x20 | (lcd_type << 2), 0xc, 1, 6}; 
....................                              // These bytes need to be sent to the LCD 
....................                              // to start it up. 
....................  
....................  
....................                              // The following are used for setting 
....................                              // the I/O port direction register. 
....................  
.................... struct lcd_pin_map const LCD_WRITE = {0,0,0,0,0}; // For write mode all pins are out 
.................... struct lcd_pin_map const LCD_READ = {15,0,0,0,0}; // For read mode data pins are in  ( 15 car les 4 bits du lcd doivent etre ? l'?tat haut et du cot? gauche car d?plac? en premiere ligne dans struct ) 
....................  
....................  
.................... BYTE lcdline; 
....................  
.................... BYTE lcd_read_byte() {  // Fonction de bas niveau 
....................       BYTE low,high; 
....................  
....................       set_tris_d(LCD_READ); 
*
0168:  MOVLW  0F
016A:  MOVWF  F95
....................       lcd.rw = 1; 
016C:  BSF    F83.5
....................       delay_cycles(1); 
016E:  NOP   
....................       lcd.enable = 1; 
0170:  BSF    F83.6
....................       delay_cycles(1); 
0172:  NOP   
....................       high = lcd.data; 
0174:  MOVF   F83,W
0176:  ANDLW  0F
0178:  MOVWF  37
....................       lcd.enable = 0; 
017A:  BCF    F83.6
....................       delay_cycles(1); 
017C:  NOP   
....................       lcd.enable = 1; 
017E:  BSF    F83.6
....................       delay_us(1); 
0180:  BRA    0182
0182:  BRA    0184
0184:  NOP   
....................       low = lcd.data; 
0186:  MOVF   F83,W
0188:  ANDLW  0F
018A:  MOVWF  36
....................       lcd.enable = 0; 
018C:  BCF    F83.6
....................       set_tris_d(LCD_WRITE); 
018E:  MOVLW  00
0190:  MOVWF  F95
....................       return( (high<<4) | low); 
0192:  SWAPF  37,W
0194:  MOVWF  00
0196:  MOVLW  F0
0198:  ANDWF  00,F
019A:  MOVF   00,W
019C:  IORWF  36,W
019E:  MOVWF  01
01A0:  GOTO   01A8 (RETURN)
.................... } 
....................  
....................  
.................... void lcd_send_nibble( BYTE n ) {  // Fonction de bas niveau 
....................       lcd.data = n; 
*
0146:  MOVF   37,W
0148:  ANDLW  0F
014A:  MOVWF  00
014C:  MOVLW  F0
014E:  ANDWF  F83,W
0150:  IORWF  00,W
0152:  MOVWF  F83
....................       delay_cycles(1); 
0154:  NOP   
....................       lcd.enable = 1; 
0156:  BSF    F83.6
....................       delay_us(2); 
0158:  MOVLW  02
015A:  MOVWF  00
015C:  DECFSZ 00,F
015E:  BRA    015C
0160:  BRA    0162
0162:  NOP   
....................       lcd.enable = 0; 
0164:  BCF    F83.6
0166:  RETURN 0
.................... } 
....................  
....................  
.................... void lcd_send_byte( BYTE address, BYTE n ) {  // Fonction de bas niveau 
....................  
....................       lcd.rs = 0; 
*
01A4:  BCF    F83.4
....................       while ( bit_test(lcd_read_byte(),7) ) ; 
01A6:  BRA    0168
01A8:  MOVFF  01,36
01AC:  BTFSC  01.7
01AE:  BRA    01A6
....................       lcd.rs = address; 
01B0:  BTFSS  34.0
01B2:  BCF    F83.4
01B4:  BTFSC  34.0
01B6:  BSF    F83.4
....................       delay_cycles(1); 
01B8:  NOP   
....................       lcd.rw = 0; 
01BA:  BCF    F83.5
....................       delay_cycles(1); 
01BC:  NOP   
....................       lcd.enable = 0; 
01BE:  BCF    F83.6
....................       lcd_send_nibble(n >> 4); 
01C0:  SWAPF  35,W
01C2:  MOVWF  36
01C4:  MOVLW  0F
01C6:  ANDWF  36,F
01C8:  MOVFF  36,37
01CC:  RCALL  0146
....................       lcd_send_nibble(n & 0xf); 
01CE:  MOVF   35,W
01D0:  ANDLW  0F
01D2:  MOVWF  36
01D4:  MOVWF  37
01D6:  RCALL  0146
01D8:  RETURN 0
.................... } 
....................  
....................  
.................... void lcd_init() { 
....................     BYTE i; 
....................  
....................     set_tris_d(LCD_WRITE); 
01DA:  MOVLW  00
01DC:  MOVWF  F95
....................     lcd.rs = 0; 
01DE:  BCF    F83.4
....................     lcd.rw = 0; 
01E0:  BCF    F83.5
....................     lcd.enable = 0; 
01E2:  BCF    F83.6
....................     delay_ms(15); 
01E4:  MOVLW  0F
01E6:  MOVWF  31
01E8:  RCALL  0120
....................     for(i=1;i<=3;++i) { 
01EA:  MOVLW  01
01EC:  MOVWF  2A
01EE:  MOVF   2A,W
01F0:  SUBLW  03
01F2:  BNC   0204
....................        lcd_send_nibble(3); 
01F4:  MOVLW  03
01F6:  MOVWF  37
01F8:  RCALL  0146
....................        delay_ms(5); 
01FA:  MOVLW  05
01FC:  MOVWF  31
01FE:  RCALL  0120
0200:  INCF   2A,F
0202:  BRA    01EE
....................     } 
....................     lcd_send_nibble(2); 
0204:  MOVLW  02
0206:  MOVWF  37
0208:  RCALL  0146
....................     for(i=0;i<=3;++i) 
020A:  CLRF   2A
020C:  MOVF   2A,W
020E:  SUBLW  03
0210:  BNC   022E
....................        lcd_send_byte(0, LCD_INIT_STRING[i]); 
0212:  CLRF   03
0214:  MOVF   2A,W
0216:  MOVFF  FF2,2B
021A:  BCF    FF2.7
021C:  RCALL  0096
021E:  BTFSC  2B.7
0220:  BSF    FF2.7
0222:  MOVWF  2B
0224:  CLRF   34
0226:  MOVWF  35
0228:  RCALL  01A4
022A:  INCF   2A,F
022C:  BRA    020C
022E:  GOTO   0622 (RETURN)
.................... } 
....................  
....................  
.................... void lcd_gotoxy( BYTE x, BYTE y) { 
....................    BYTE address; 
....................  
....................    switch(y) { 
0232:  MOVLW  01
0234:  SUBWF  32,W
0236:  ADDLW  FC
0238:  BC    0256
023A:  ADDLW  04
023C:  GOTO   0266
....................      case 1 : address=0x80;break; 
0240:  MOVLW  80
0242:  MOVWF  33
0244:  BRA    0256
....................      case 2 : address=0xc0;break; 
0246:  MOVLW  C0
0248:  MOVWF  33
024A:  BRA    0256
....................      case 3 : address=0x94;break; 
024C:  MOVLW  94
024E:  MOVWF  33
0250:  BRA    0256
....................      case 4 : address=0xd4;break; 
0252:  MOVLW  D4
0254:  MOVWF  33
....................    } 
....................    address+=x-1; 
0256:  MOVLW  01
0258:  SUBWF  31,W
025A:  ADDWF  33,F
....................    lcd_send_byte(0,address); 
025C:  CLRF   34
025E:  MOVFF  33,35
0262:  RCALL  01A4
0264:  RETURN 0
.................... } 
....................  
.................... void lcd_putc( char c) { 
....................    switch (c) { 
*
0292:  MOVF   30,W
0294:  XORLW  0C
0296:  BZ    02A2
0298:  XORLW  06
029A:  BZ    02B6
029C:  XORLW  02
029E:  BZ    02C4
02A0:  BRA    02CE
....................      case '\f'   : lcd_send_byte(0,1); 
02A2:  CLRF   34
02A4:  MOVLW  01
02A6:  MOVWF  35
02A8:  RCALL  01A4
....................                    lcdline=1; 
02AA:  MOVLW  01
02AC:  MOVWF  16
....................                    delay_ms(2); 
02AE:  MOVLW  02
02B0:  MOVWF  31
02B2:  RCALL  0120
....................                                            break; 
02B4:  BRA    02D8
....................      case '\n'   : lcd_gotoxy(1,++lcdline);        break; 
02B6:  INCF   16,F
02B8:  MOVLW  01
02BA:  MOVWF  31
02BC:  MOVFF  16,32
02C0:  RCALL  0232
02C2:  BRA    02D8
....................      case '\b'   : lcd_send_byte(0,0x10);  break; 
02C4:  CLRF   34
02C6:  MOVLW  10
02C8:  MOVWF  35
02CA:  RCALL  01A4
02CC:  BRA    02D8
....................      default     : lcd_send_byte(1,c);     break; 
02CE:  MOVLW  01
02D0:  MOVWF  34
02D2:  MOVFF  30,35
02D6:  RCALL  01A4
....................    } 
02D8:  RETURN 0
.................... } 
....................  
.................... char lcd_getc( BYTE x, BYTE y) { 
....................    char value; 
....................  
....................     lcd_gotoxy(x,y); 
....................     lcd.rs=1; 
....................     value = lcd_read_byte(); 
....................     lcd.rs=0; 
....................     return(value); 
.................... } 
....................  
....................  
.................... #use fast_io(C) 
....................  
.................... #use rs232(baud=9600, parity=N, xmit=PIN_C6, rcv=PIN_C7) 
....................  
.................... #define trigger pin_C0 
.................... #define echo pin_C1 
.................... #define dot pin_E2 
.................... #define RX pin_C7 
.................... #define TX pin_C6 
.................... #define GREEN pin_E0 
.................... #define RED pin_E1 
....................  
.................... #int_TIMER1 
....................  
.................... int16 time, distance, x, i, minVal; 
.................... boolean flag=0; 
.................... char buffer[4]; 
.................... int j=0; 
.................... int8 c,d,u; 
....................  
.................... #INT_RDA 
.................... void RDA_isr(void) { 
....................   buffer[j]=getc(); 
*
00B4:  CLRF   03
00B6:  MOVF   26,W
00B8:  ADDLW  22
00BA:  MOVWF  FE9
00BC:  MOVLW  00
00BE:  ADDWFC 03,W
00C0:  MOVWF  FEA
00C2:  BTFSS  F9E.5
00C4:  BRA    00C2
00C6:  MOVFF  FAE,FEF
....................   if(buffer[0]=='!' && flag==0) { 
00CA:  MOVF   22,W
00CC:  SUBLW  21
00CE:  BNZ   00E0
00D0:  BTFSC  21.0
00D2:  BRA    00E0
....................     j++; 
00D4:  INCF   26,F
....................     if(j>=4) { 
00D6:  MOVF   26,W
00D8:  SUBLW  03
00DA:  BC    00E0
....................       j=0; 
00DC:  CLRF   26
....................       flag=1; 
00DE:  BSF    21.0
....................     } 
....................   } 
00E0:  BCF    F9E.5
00E2:  GOTO   0054
.................... } 
....................  
.................... /* 
.................... * transofmation de la valeur en valeur base 16 
.................... */ 
.................... int16 outputValueParser(int16 value){ 
*
054C:  CLRF   2C
....................    int output = 0; 
....................    if (value < 10) { output = value;} 
054E:  MOVF   2B,F
0550:  BNZ   055E
0552:  MOVF   2A,W
0554:  SUBLW  09
0556:  BNC   055E
0558:  MOVFF  2A,2C
055C:  BRA    05BC
....................    else { 
....................     x = value; 
055E:  MOVFF  2B,1C
0562:  MOVFF  2A,1B
....................     x = x % 10; 
0566:  MOVFF  1C,2E
056A:  MOVFF  1B,2D
056E:  CLRF   30
0570:  MOVLW  0A
0572:  MOVWF  2F
0574:  RCALL  035A
0576:  MOVFF  00,1B
057A:  MOVFF  03,1C
....................     i = value; 
057E:  MOVFF  2B,1E
0582:  MOVFF  2A,1D
....................     i = i/10; 
0586:  MOVFF  1E,2E
058A:  MOVFF  1D,2D
058E:  CLRF   30
0590:  MOVLW  0A
0592:  MOVWF  2F
0594:  RCALL  035A
0596:  MOVFF  02,1E
059A:  MOVFF  01,1D
....................  
....................     output = x + i*16; 
059E:  RLCF   1D,W
05A0:  MOVWF  02
05A2:  RLCF   1E,W
05A4:  MOVWF  03
05A6:  RLCF   02,F
05A8:  RLCF   03,F
05AA:  RLCF   02,F
05AC:  RLCF   03,F
05AE:  RLCF   02,F
05B0:  RLCF   03,F
05B2:  MOVLW  F0
05B4:  ANDWF  02,F
05B6:  MOVF   02,W
05B8:  ADDWF  1B,W
05BA:  MOVWF  2C
....................    } 
....................    return output; 
05BC:  CLRF   03
05BE:  MOVFF  2C,01
05C2:  MOVFF  03,02
05C6:  GOTO   081E (RETURN)
.................... } 
....................  
.................... /* 
.................... * trigger de la sonde 
.................... */ 
.................... void triggerSonde(){ 
....................    output_high(trigger); 
*
0348:  BSF    F8B.0
....................    delay_us(10); 
034A:  MOVLW  10
034C:  MOVWF  00
034E:  DECFSZ 00,F
0350:  BRA    034E
0352:  NOP   
....................    output_low(trigger); 
0354:  BCF    F8B.0
0356:  GOTO   0630 (RETURN)
.................... } 
....................  
.................... /* 
.................... * Fonctione d'initalisation du LCD 
.................... */ 
.................... void init_lcd(){ 
....................    delay_ms(100); 
*
02FA:  MOVLW  64
02FC:  MOVWF  31
02FE:  RCALL  0120
....................    lcd_putc('\f'); 
0300:  MOVLW  0C
0302:  MOVWF  30
0304:  RCALL  0292
....................    lcd_gotoxy(1,1); 
0306:  MOVLW  01
0308:  MOVWF  31
030A:  MOVWF  32
030C:  RCALL  0232
....................    printf(lcd_putc,"Projet Electronique 2020 "); 
030E:  MOVLW  E6
0310:  MOVWF  FF6
0312:  MOVLW  00
0314:  MOVWF  FF7
0316:  RCALL  02DA
....................    delay_ms(500); 
0318:  MOVLW  02
031A:  MOVWF  2A
031C:  MOVLW  FA
031E:  MOVWF  31
0320:  RCALL  0120
0322:  DECFSZ 2A,F
0324:  BRA    031C
....................    printf(lcd_putc,"Groupe 3"); 
0326:  MOVLW  00
0328:  MOVWF  FF6
032A:  MOVLW  01
032C:  MOVWF  FF7
032E:  RCALL  02DA
....................    delay_ms(500); 
0330:  MOVLW  02
0332:  MOVWF  2A
0334:  MOVLW  FA
0336:  MOVWF  31
0338:  RCALL  0120
033A:  DECFSZ 2A,F
033C:  BRA    0334
....................    lcd_putc('\f'); 
033E:  MOVLW  0C
0340:  MOVWF  30
0342:  RCALL  0292
0344:  GOTO   0624 (RETURN)
.................... } 
....................  
....................  
.................... /* 
.................... * fonction principale 
.................... */ 
.................... void main() 
*
05CA:  CLRF   FF8
05CC:  BCF    FD0.7
05CE:  BSF    07.7
05D0:  BSF    00.0
05D2:  MOVLW  81
05D4:  MOVWF  FAF
05D6:  MOVLW  A6
05D8:  MOVWF  FAC
05DA:  MOVLW  90
05DC:  MOVWF  FAB
05DE:  BCF    21.0
05E0:  CLRF   26
05E2:  BSF    FC1.0
05E4:  BSF    FC1.1
05E6:  BSF    FC1.2
05E8:  BCF    FC1.3
05EA:  MOVLW  07
05EC:  MOVWF  FB4
.................... { 
....................    setup_low_volt_detect(FALSE); 
05EE:  CLRF   FD2
....................    set_tris_c(0b01000010); // set RC1 as input (ECHO) 
05F0:  MOVLW  42
05F2:  MOVWF  F94
....................  
....................    setup_spi(FALSE); 
05F4:  CLRF   FC6
....................    setup_wdt(WDT_OFF); 
05F6:  BCF    FD1.0
....................    setup_timer_1( T1_INTERNAL | T1_DIV_BY_1  ); 
05F8:  MOVLW  85
05FA:  MOVWF  FCD
....................    setup_comparator(NC_NC_NC_NC); 
05FC:  MOVLW  07
05FE:  MOVWF  FB4
0600:  MOVF   F95,W
0602:  MOVWF  F95
0604:  MOVF   F96,W
0606:  MOVWF  F96
0608:  MOVLW  10
060A:  MOVWF  00
060C:  DECFSZ 00,F
060E:  BRA    060C
0610:  NOP   
0612:  MOVF   FB4,W
0614:  BCF    FA1.6
....................    setup_vref(FALSE); 
0616:  CLRF   FB5
....................  
....................    enable_interrupts(INT_RDA); // interuption sur réception port RS232 
0618:  BSF    F9D.5
....................    enable_interrupts(GLOBAL); 
061A:  MOVLW  C0
061C:  IORWF  FF2,F
....................    setup_oscillator(False); 
061E:  CLRF   FD3
....................  
....................    lcd_init(); 
0620:  BRA    01DA
....................    init_lcd(); 
0622:  BRA    02FA
....................  
....................    while(true) 
....................    { 
....................  
....................    // setup des valeurs 
....................    time = 0; 
0624:  CLRF   18
0626:  CLRF   17
....................  
....................    // recuperation minValue envoye par JAVA 
....................    minVal = 100; 
0628:  CLRF   20
062A:  MOVLW  64
062C:  MOVWF  1F
....................  
....................    // dï¿½clanchement de la sonde 
....................    triggerSonde(); 
062E:  BRA    0348
....................  
....................    // recuperation valeur temps de la sonde 
....................    while(input(echo) == 0){} // attente debut 
0630:  BTFSS  F82.1
0632:  BRA    0630
....................    set_timer1(0); 
0634:  CLRF   FCF
0636:  CLRF   FCE
....................    while(input(echo) == 1){} // attente fin  
0638:  BTFSC  F82.1
063A:  BRA    0638
....................    time = get_timer1(); 
063C:  MOVF   FCE,W
063E:  MOVWF  17
0640:  MOVFF  FCF,18
....................  
....................    // temps => distance 
....................    distance = time/285; 
0644:  MOVFF  18,2E
0648:  MOVFF  17,2D
064C:  MOVLW  01
064E:  MOVWF  30
0650:  MOVLW  1D
0652:  MOVWF  2F
0654:  RCALL  035A
0656:  MOVFF  02,1A
065A:  MOVFF  01,19
....................     
....................    // envoie distance ici java 
....................    printf(" %ld", distance); 
065E:  MOVLW  20
0660:  BTFSS  F9E.4
0662:  BRA    0660
0664:  MOVWF  FAD
0666:  MOVLW  10
0668:  MOVWF  FE9
066A:  MOVFF  1A,2B
066E:  MOVFF  19,2A
0672:  BRA    039C
....................    printf("\n"); 
0674:  MOVLW  0A
0676:  BTFSS  F9E.4
0678:  BRA    0676
067A:  MOVWF  FAD
....................  
....................    // si données recu depuis java sur RS232 > interuption INT_RSA 
....................    if(flag==1){ 
067C:  BTFSS  21.0
067E:  BRA    06AA
....................      flag=0; 
0680:  BCF    21.0
....................      c=buffer[1]-48; 
0682:  MOVLW  30
0684:  SUBWF  23,W
0686:  MOVWF  27
....................      d=buffer[2]-48; 
0688:  MOVLW  30
068A:  SUBWF  24,W
068C:  MOVWF  28
....................      u=buffer[3]-48; 
068E:  MOVLW  30
0690:  SUBWF  25,W
0692:  MOVWF  29
....................      minVal=(int16) (c*100+d*10+u); 
0694:  MOVF   27,W
0696:  MULLW  64
0698:  MOVFF  FF3,2A
069C:  MOVF   28,W
069E:  MULLW  0A
06A0:  MOVF   FF3,W
06A2:  ADDWF  2A,W
06A4:  ADDWF  29,W
06A6:  CLRF   20
06A8:  MOVWF  1F
....................    } 
....................     
....................    // création valeurs LCD MINvalue 
....................    c = minVal/100; 
06AA:  MOVFF  20,2E
06AE:  MOVFF  1F,2D
06B2:  CLRF   30
06B4:  MOVLW  64
06B6:  MOVWF  2F
06B8:  RCALL  035A
06BA:  MOVFF  01,27
....................    d = (minVal-(c*100))/10; 
06BE:  MOVF   27,W
06C0:  MULLW  64
06C2:  MOVF   FF3,W
06C4:  SUBWF  1F,W
06C6:  MOVWF  2A
06C8:  MOVLW  00
06CA:  SUBWFB 20,W
06CC:  MOVWF  2B
06CE:  MOVWF  2E
06D0:  MOVFF  2A,2D
06D4:  CLRF   30
06D6:  MOVLW  0A
06D8:  MOVWF  2F
06DA:  RCALL  035A
06DC:  MOVFF  01,28
....................    u = (minVal-(c*100))-(d*10); 
06E0:  MOVF   27,W
06E2:  MULLW  64
06E4:  MOVF   FF3,W
06E6:  SUBWF  1F,W
06E8:  MOVWF  2A
06EA:  MOVLW  00
06EC:  SUBWFB 20,W
06EE:  MOVF   28,W
06F0:  MULLW  0A
06F2:  MOVF   FF3,W
06F4:  SUBWF  2A,W
06F6:  MOVWF  29
....................    // Affichage MinValue LCD 
....................    lcd_gotoxy(3,1); 
06F8:  MOVLW  03
06FA:  MOVWF  31
06FC:  MOVLW  01
06FE:  MOVWF  32
0700:  RCALL  0232
....................    printf(lcd_putc, "MinVal: "); 
0702:  MOVLW  0A
0704:  MOVWF  FF6
0706:  MOVLW  01
0708:  MOVWF  FF7
070A:  RCALL  02DA
....................    printf(lcd_putc, "%d", c); 
070C:  MOVFF  27,2A
0710:  MOVLW  18
0712:  MOVWF  2B
0714:  RCALL  04A2
....................    printf(lcd_putc, "%d", d); 
0716:  MOVFF  28,2A
071A:  MOVLW  18
071C:  MOVWF  2B
071E:  RCALL  04A2
....................    printf(lcd_putc, "%d", u); 
0720:  MOVFF  29,2A
0724:  MOVLW  18
0726:  MOVWF  2B
0728:  RCALL  04A2
....................    // créeation valeurs Distance LCD 
....................    c = distance/100; 
072A:  MOVFF  1A,2E
072E:  MOVFF  19,2D
0732:  CLRF   30
0734:  MOVLW  64
0736:  MOVWF  2F
0738:  RCALL  035A
073A:  MOVFF  01,27
....................    d = (distance-(c*100))/10; 
073E:  MOVF   27,W
0740:  MULLW  64
0742:  MOVF   FF3,W
0744:  SUBWF  19,W
0746:  MOVWF  2A
0748:  MOVLW  00
074A:  SUBWFB 1A,W
074C:  MOVWF  2B
074E:  MOVWF  2E
0750:  MOVFF  2A,2D
0754:  CLRF   30
0756:  MOVLW  0A
0758:  MOVWF  2F
075A:  RCALL  035A
075C:  MOVFF  01,28
....................    u = (distance-(c*100))-(d*10); 
0760:  MOVF   27,W
0762:  MULLW  64
0764:  MOVF   FF3,W
0766:  SUBWF  19,W
0768:  MOVWF  2A
076A:  MOVLW  00
076C:  SUBWFB 1A,W
076E:  MOVF   28,W
0770:  MULLW  0A
0772:  MOVF   FF3,W
0774:  SUBWF  2A,W
0776:  MOVWF  29
....................    // affichage distance LCD 
....................    lcd_gotoxy(3,3); 
0778:  MOVLW  03
077A:  MOVWF  31
077C:  MOVWF  32
077E:  RCALL  0232
....................    printf(lcd_putc, "Distance: "); 
0780:  MOVLW  14
0782:  MOVWF  FF6
0784:  MOVLW  01
0786:  MOVWF  FF7
0788:  RCALL  02DA
....................    printf(lcd_putc, "%d", c); 
078A:  MOVFF  27,2A
078E:  MOVLW  18
0790:  MOVWF  2B
0792:  RCALL  04A2
....................    printf(lcd_putc, "%d", d); 
0794:  MOVFF  28,2A
0798:  MOVLW  18
079A:  MOVWF  2B
079C:  RCALL  04A2
....................    printf(lcd_putc, "%d", u); 
079E:  MOVFF  29,2A
07A2:  MOVLW  18
07A4:  MOVWF  2B
07A6:  RCALL  04A2
....................  
....................    // vï¿½rification borne minVal 
....................    if (distance < minVal){ 
07A8:  MOVF   1A,W
07AA:  SUBWF  20,W
07AC:  BNC   07D0
07AE:  BNZ   07B6
07B0:  MOVF   1F,W
07B2:  SUBWF  19,W
07B4:  BC    07D0
....................       // allumer red => trop proche 
....................       printf("1\n"); 
07B6:  MOVLW  31
07B8:  BTFSS  F9E.4
07BA:  BRA    07B8
07BC:  MOVWF  FAD
07BE:  MOVLW  0A
07C0:  BTFSS  F9E.4
07C2:  BRA    07C0
07C4:  MOVWF  FAD
....................       output_high(RED); 
07C6:  BCF    F96.1
07C8:  BSF    F8D.1
....................       output_low(GREEN); 
07CA:  BCF    F96.0
07CC:  BCF    F8D.0
....................    } 
07CE:  BRA    07E8
....................    else { 
....................       // allumer green => OK 
....................       printf("2\n"); 
07D0:  MOVLW  32
07D2:  BTFSS  F9E.4
07D4:  BRA    07D2
07D6:  MOVWF  FAD
07D8:  MOVLW  0A
07DA:  BTFSS  F9E.4
07DC:  BRA    07DA
07DE:  MOVWF  FAD
....................       output_high(GREEN); 
07E0:  BCF    F96.0
07E2:  BSF    F8D.0
....................       output_low(RED); 
07E4:  BCF    F96.1
07E6:  BCF    F8D.1
....................    } 
....................  
....................    // gestion du point si > que 100 !> cm -> m 
....................    if(distance > 99){ 
07E8:  MOVF   1A,F
07EA:  BNZ   07F2
07EC:  MOVF   19,W
07EE:  SUBLW  63
07F0:  BC    0810
....................       distance = distance / 10; 
07F2:  MOVFF  1A,2E
07F6:  MOVFF  19,2D
07FA:  CLRF   30
07FC:  MOVLW  0A
07FE:  MOVWF  2F
0800:  RCALL  035A
0802:  MOVFF  02,1A
0806:  MOVFF  01,19
....................       output_high(dot); 
080A:  BCF    F96.2
080C:  BSF    F8D.2
....................    } 
080E:  BRA    0814
....................    else { 
....................       output_low(dot); 
0810:  BCF    F96.2
0812:  BCF    F8D.2
....................    } 
....................  
....................    // affichage sur 7seg de la distance 
....................    output_b(outputValueParser(distance)); 
0814:  MOVFF  1A,2B
0818:  MOVFF  19,2A
081C:  BRA    054C
081E:  CLRF   F93
0820:  MOVFF  01,F8A
....................  
....................  
....................    // attente pour eviter spam 
....................    delay_ms(500); 
0824:  MOVLW  02
0826:  MOVWF  2A
0828:  MOVLW  FA
082A:  MOVWF  31
082C:  RCALL  0120
082E:  DECFSZ 2A,F
0830:  BRA    0828
0832:  BRA    0624
....................    } 
....................  
.................... } 
0834:  SLEEP 

Configuration Fuses:
   Word  1: 2200   HS NOOSCSEN
   Word  2: 0E0C   PUT NOBROWNOUT BORV25 NOWDT WDT128
   Word  3: 0000  
   Word  4: 0081   STVREN NOLVP NODEBUG
   Word  5: C00F   NOPROTECT NOCPB NOCPD
   Word  6: E00F   NOWRT NOWRTC NOWRTB NOWRTD
   Word  7: 400F   NOEBTR NOEBTRB
